[0.028s] Invoking command in '/root/ws/tutorial/ros2_ws6/build/ros2_control_demo_example_8': AMENT_PREFIX_PATH=/root/ws/tutorial/ros2_ws6/install:${AMENT_PREFIX_PATH} CMAKE_PREFIX_PATH=/root/ws/tutorial/ros2_ws6/install:/opt/ros/jazzy/opt/gz_sim_vendor:/opt/ros/jazzy/opt/gz_sensors_vendor:/opt/ros/jazzy/opt/gz_physics_vendor:/opt/ros/jazzy/opt/gz_gui_vendor:/opt/ros/jazzy/opt/gz_transport_vendor:/opt/ros/jazzy/opt/gz_rendering_vendor:/opt/ros/jazzy/opt/gz_plugin_vendor:/opt/ros/jazzy/opt/gz_fuel_tools_vendor:/opt/ros/jazzy/opt/gz_msgs_vendor:/opt/ros/jazzy/opt/gz_common_vendor:/opt/ros/jazzy/opt/gz_ogre_next_vendor:/opt/ros/jazzy/opt/gz_dartsim_vendor:/opt/ros/jazzy/opt/sdformat_vendor:/opt/ros/jazzy/opt/gz_math_vendor:/opt/ros/jazzy/opt/gz_utils_vendor:/opt/ros/jazzy/opt/gz_tools_vendor:/opt/ros/jazzy/opt/gz_cmake_vendor:/opt/ros/jazzy /usr/bin/cmake /root/ws/tutorial/ros2_ws6/src/ros2_control_demos/example_8 -DCMAKE_INSTALL_PREFIX=/root/ws/tutorial/ros2_ws6/install
[0.122s] -- The CXX compiler identification is GNU 13.3.0
[0.143s] -- Detecting CXX compiler ABI info
[0.273s] -- Detecting CXX compiler ABI info - done
[0.285s] -- Check for working CXX compiler: /usr/bin/c++ - skipped
[0.285s] -- Detecting CXX compile features
[0.286s] -- Detecting CXX compile features - done
[0.292s] -- Found ros2_control_cmake: 0.3.0 (/opt/ros/jazzy/share/ros2_control_cmake/cmake)
[0.292s] -- Compiler warnings enabled for GNU
[0.292s] -- Detected GCC Version: 13.3.0 (Major: 13, Minor: 3)
[0.297s] -- Found controller_manager: 4.39.2 (/opt/ros/jazzy/share/controller_manager/cmake)
[0.521s] -- Found Python3: /usr/bin/python3 (found version "3.12.3") found components: Interpreter 
[0.797s] -- Found rosidl_generator_c: 4.6.6 (/opt/ros/jazzy/share/rosidl_generator_c/cmake)
[0.826s] -- Found rosidl_generator_cpp: 4.6.6 (/opt/ros/jazzy/share/rosidl_generator_cpp/cmake)
[0.861s] -- Using all available rosidl_typesupport_c: rosidl_typesupport_fastrtps_c;rosidl_typesupport_introspection_c
[0.888s] -- Using all available rosidl_typesupport_cpp: rosidl_typesupport_fastrtps_cpp;rosidl_typesupport_introspection_cpp
[1.032s] -- Found rmw_implementation_cmake: 7.3.2 (/opt/ros/jazzy/share/rmw_implementation_cmake/cmake)
[1.039s] -- Found rmw_fastrtps_cpp: 8.4.3 (/opt/ros/jazzy/share/rmw_fastrtps_cpp/cmake)
[1.283s] -- Found OpenSSL: /usr/lib/x86_64-linux-gnu/libcrypto.so (found version "3.0.13")  
[1.325s] -- Found FastRTPS: /opt/ros/jazzy/include (Required is at least version "2.13") 
[1.375s] -- Using RMW implementation 'rmw_fastrtps_cpp' as default
[2.578s] -- Found transmission_interface: 4.39.2 (/opt/ros/jazzy/share/transmission_interface/cmake)
[2.602s] -- Found ament_cmake_pytest: 2.5.4 (/opt/ros/jazzy/share/ament_cmake_pytest/cmake)
[3.202s] -- Found ament_cmake_ros: 0.12.0 (/opt/ros/jazzy/share/ament_cmake_ros/cmake)
[3.221s] -- Found launch_testing_ament_cmake: 3.4.7 (/opt/ros/jazzy/share/launch_testing_ament_cmake/cmake)
[3.230s] -- Found python_cmake_module: 0.11.1 (/opt/ros/jazzy/share/python_cmake_module/cmake)
[3.400s] -- Found PythonExtra: /usr/bin/python3  
[3.531s] -- Configuring done (3.5s)
[3.598s] -- Generating done (0.0s)
[3.612s] -- Build files have been written to: /root/ws/tutorial/ros2_ws6/build/ros2_control_demo_example_8
[3.646s] Invoked command in '/root/ws/tutorial/ros2_ws6/build/ros2_control_demo_example_8' returned '0': AMENT_PREFIX_PATH=/root/ws/tutorial/ros2_ws6/install:${AMENT_PREFIX_PATH} CMAKE_PREFIX_PATH=/root/ws/tutorial/ros2_ws6/install:/opt/ros/jazzy/opt/gz_sim_vendor:/opt/ros/jazzy/opt/gz_sensors_vendor:/opt/ros/jazzy/opt/gz_physics_vendor:/opt/ros/jazzy/opt/gz_gui_vendor:/opt/ros/jazzy/opt/gz_transport_vendor:/opt/ros/jazzy/opt/gz_rendering_vendor:/opt/ros/jazzy/opt/gz_plugin_vendor:/opt/ros/jazzy/opt/gz_fuel_tools_vendor:/opt/ros/jazzy/opt/gz_msgs_vendor:/opt/ros/jazzy/opt/gz_common_vendor:/opt/ros/jazzy/opt/gz_ogre_next_vendor:/opt/ros/jazzy/opt/gz_dartsim_vendor:/opt/ros/jazzy/opt/sdformat_vendor:/opt/ros/jazzy/opt/gz_math_vendor:/opt/ros/jazzy/opt/gz_utils_vendor:/opt/ros/jazzy/opt/gz_tools_vendor:/opt/ros/jazzy/opt/gz_cmake_vendor:/opt/ros/jazzy /usr/bin/cmake /root/ws/tutorial/ros2_ws6/src/ros2_control_demos/example_8 -DCMAKE_INSTALL_PREFIX=/root/ws/tutorial/ros2_ws6/install
[3.647s] Invoking command in '/root/ws/tutorial/ros2_ws6/build/ros2_control_demo_example_8': AMENT_PREFIX_PATH=/root/ws/tutorial/ros2_ws6/install:${AMENT_PREFIX_PATH} CMAKE_PREFIX_PATH=/root/ws/tutorial/ros2_ws6/install:/opt/ros/jazzy/opt/gz_sim_vendor:/opt/ros/jazzy/opt/gz_sensors_vendor:/opt/ros/jazzy/opt/gz_physics_vendor:/opt/ros/jazzy/opt/gz_gui_vendor:/opt/ros/jazzy/opt/gz_transport_vendor:/opt/ros/jazzy/opt/gz_rendering_vendor:/opt/ros/jazzy/opt/gz_plugin_vendor:/opt/ros/jazzy/opt/gz_fuel_tools_vendor:/opt/ros/jazzy/opt/gz_msgs_vendor:/opt/ros/jazzy/opt/gz_common_vendor:/opt/ros/jazzy/opt/gz_ogre_next_vendor:/opt/ros/jazzy/opt/gz_dartsim_vendor:/opt/ros/jazzy/opt/sdformat_vendor:/opt/ros/jazzy/opt/gz_math_vendor:/opt/ros/jazzy/opt/gz_utils_vendor:/opt/ros/jazzy/opt/gz_tools_vendor:/opt/ros/jazzy/opt/gz_cmake_vendor:/opt/ros/jazzy /usr/bin/cmake --build /root/ws/tutorial/ros2_ws6/build/ros2_control_demo_example_8 -- -j6 -l6
[3.726s] [ 50%] [32mBuilding CXX object CMakeFiles/ros2_control_demo_example_8.dir/hardware/rrbot_transmissions_system_position_only.cpp.o[0m
[10.423s] [100%] [32m[1mLinking CXX shared library libros2_control_demo_example_8.so[0m
[10.684s] [100%] Built target ros2_control_demo_example_8
[10.698s] Invoked command in '/root/ws/tutorial/ros2_ws6/build/ros2_control_demo_example_8' returned '0': AMENT_PREFIX_PATH=/root/ws/tutorial/ros2_ws6/install:${AMENT_PREFIX_PATH} CMAKE_PREFIX_PATH=/root/ws/tutorial/ros2_ws6/install:/opt/ros/jazzy/opt/gz_sim_vendor:/opt/ros/jazzy/opt/gz_sensors_vendor:/opt/ros/jazzy/opt/gz_physics_vendor:/opt/ros/jazzy/opt/gz_gui_vendor:/opt/ros/jazzy/opt/gz_transport_vendor:/opt/ros/jazzy/opt/gz_rendering_vendor:/opt/ros/jazzy/opt/gz_plugin_vendor:/opt/ros/jazzy/opt/gz_fuel_tools_vendor:/opt/ros/jazzy/opt/gz_msgs_vendor:/opt/ros/jazzy/opt/gz_common_vendor:/opt/ros/jazzy/opt/gz_ogre_next_vendor:/opt/ros/jazzy/opt/gz_dartsim_vendor:/opt/ros/jazzy/opt/sdformat_vendor:/opt/ros/jazzy/opt/gz_math_vendor:/opt/ros/jazzy/opt/gz_utils_vendor:/opt/ros/jazzy/opt/gz_tools_vendor:/opt/ros/jazzy/opt/gz_cmake_vendor:/opt/ros/jazzy /usr/bin/cmake --build /root/ws/tutorial/ros2_ws6/build/ros2_control_demo_example_8 -- -j6 -l6
[10.699s] Invoking command in '/root/ws/tutorial/ros2_ws6/build/ros2_control_demo_example_8': AMENT_PREFIX_PATH=/root/ws/tutorial/ros2_ws6/install:${AMENT_PREFIX_PATH} CMAKE_PREFIX_PATH=/root/ws/tutorial/ros2_ws6/install:/opt/ros/jazzy/opt/gz_sim_vendor:/opt/ros/jazzy/opt/gz_sensors_vendor:/opt/ros/jazzy/opt/gz_physics_vendor:/opt/ros/jazzy/opt/gz_gui_vendor:/opt/ros/jazzy/opt/gz_transport_vendor:/opt/ros/jazzy/opt/gz_rendering_vendor:/opt/ros/jazzy/opt/gz_plugin_vendor:/opt/ros/jazzy/opt/gz_fuel_tools_vendor:/opt/ros/jazzy/opt/gz_msgs_vendor:/opt/ros/jazzy/opt/gz_common_vendor:/opt/ros/jazzy/opt/gz_ogre_next_vendor:/opt/ros/jazzy/opt/gz_dartsim_vendor:/opt/ros/jazzy/opt/sdformat_vendor:/opt/ros/jazzy/opt/gz_math_vendor:/opt/ros/jazzy/opt/gz_utils_vendor:/opt/ros/jazzy/opt/gz_tools_vendor:/opt/ros/jazzy/opt/gz_cmake_vendor:/opt/ros/jazzy /usr/bin/cmake --install /root/ws/tutorial/ros2_ws6/build/ros2_control_demo_example_8
[10.710s] -- Install configuration: ""
[10.710s] -- Installing: /root/ws/tutorial/ros2_ws6/install/share/ros2_control_demo_example_8/ros2_control_demo_example_8.xml
[10.710s] -- Installing: /root/ws/tutorial/ros2_ws6/install/include/ros2_control_demo_example_8
[10.710s] -- Installing: /root/ws/tutorial/ros2_ws6/install/include/ros2_control_demo_example_8/ros2_control_demo_example_8
[10.710s] -- Installing: /root/ws/tutorial/ros2_ws6/install/include/ros2_control_demo_example_8/ros2_control_demo_example_8/rrbot_transmissions_system_position_only.hpp
[10.710s] -- Installing: /root/ws/tutorial/ros2_ws6/install/share/ros2_control_demo_example_8/launch
[10.710s] -- Installing: /root/ws/tutorial/ros2_ws6/install/share/ros2_control_demo_example_8/launch/view_robot.launch.py
[10.711s] -- Installing: /root/ws/tutorial/ros2_ws6/install/share/ros2_control_demo_example_8/ros2_control
[10.711s] -- Installing: /root/ws/tutorial/ros2_ws6/install/share/ros2_control_demo_example_8/ros2_control/rrbot_transmissions_system_position_only.ros2_control.xacro
[10.711s] -- Installing: /root/ws/tutorial/ros2_ws6/install/share/ros2_control_demo_example_8/urdf
[10.711s] -- Installing: /root/ws/tutorial/ros2_ws6/install/share/ros2_control_demo_example_8/urdf/rrbot_transmissions_system_position_only.urdf.xacro
[10.711s] -- Up-to-date: /root/ws/tutorial/ros2_ws6/install/share/ros2_control_demo_example_8/launch
[10.711s] -- Installing: /root/ws/tutorial/ros2_ws6/install/share/ros2_control_demo_example_8/launch/test_forward_position_controller.launch.py
[10.711s] -- Installing: /root/ws/tutorial/ros2_ws6/install/share/ros2_control_demo_example_8/launch/rrbot_transmissions_system_position_only.launch.py
[10.711s] -- Installing: /root/ws/tutorial/ros2_ws6/install/share/ros2_control_demo_example_8/config
[10.711s] -- Installing: /root/ws/tutorial/ros2_ws6/install/share/ros2_control_demo_example_8/config/rrbot_controllers.yaml
[10.711s] -- Installing: /root/ws/tutorial/ros2_ws6/install/share/ros2_control_demo_example_8/config/rrbot_forward_position_publisher.yaml
[10.711s] -- Installing: /root/ws/tutorial/ros2_ws6/install/lib/libros2_control_demo_example_8.so
[10.713s] -- Set non-toolchain portion of runtime path of "/root/ws/tutorial/ros2_ws6/install/lib/libros2_control_demo_example_8.so" to ""
[10.713s] -- Installing: /root/ws/tutorial/ros2_ws6/install/share/ros2_control_demo_example_8/environment/library_path.sh
[10.713s] -- Installing: /root/ws/tutorial/ros2_ws6/install/share/ros2_control_demo_example_8/environment/library_path.dsv
[10.714s] -- Installing: /root/ws/tutorial/ros2_ws6/install/share/ament_index/resource_index/package_run_dependencies/ros2_control_demo_example_8
[10.714s] -- Installing: /root/ws/tutorial/ros2_ws6/install/share/ament_index/resource_index/parent_prefix_path/ros2_control_demo_example_8
[10.714s] -- Installing: /root/ws/tutorial/ros2_ws6/install/share/ros2_control_demo_example_8/environment/ament_prefix_path.sh
[10.714s] -- Installing: /root/ws/tutorial/ros2_ws6/install/share/ros2_control_demo_example_8/environment/ament_prefix_path.dsv
[10.714s] -- Installing: /root/ws/tutorial/ros2_ws6/install/share/ros2_control_demo_example_8/environment/path.sh
[10.714s] -- Installing: /root/ws/tutorial/ros2_ws6/install/share/ros2_control_demo_example_8/environment/path.dsv
[10.715s] -- Installing: /root/ws/tutorial/ros2_ws6/install/share/ros2_control_demo_example_8/local_setup.bash
[10.715s] -- Installing: /root/ws/tutorial/ros2_ws6/install/share/ros2_control_demo_example_8/local_setup.sh
[10.715s] -- Installing: /root/ws/tutorial/ros2_ws6/install/share/ros2_control_demo_example_8/local_setup.zsh
[10.715s] -- Installing: /root/ws/tutorial/ros2_ws6/install/share/ros2_control_demo_example_8/local_setup.dsv
[10.715s] -- Installing: /root/ws/tutorial/ros2_ws6/install/share/ros2_control_demo_example_8/package.dsv
[10.715s] -- Installing: /root/ws/tutorial/ros2_ws6/install/share/ament_index/resource_index/packages/ros2_control_demo_example_8
[10.715s] -- Installing: /root/ws/tutorial/ros2_ws6/install/share/ament_index/resource_index/hardware_interface__pluginlib__plugin/ros2_control_demo_example_8
[10.716s] -- Installing: /root/ws/tutorial/ros2_ws6/install/share/ros2_control_demo_example_8/cmake/export_ros2_control_demo_example_8Export.cmake
[10.716s] -- Installing: /root/ws/tutorial/ros2_ws6/install/share/ros2_control_demo_example_8/cmake/export_ros2_control_demo_example_8Export-noconfig.cmake
[10.716s] -- Installing: /root/ws/tutorial/ros2_ws6/install/share/ros2_control_demo_example_8/cmake/ament_cmake_export_targets-extras.cmake
[10.716s] -- Installing: /root/ws/tutorial/ros2_ws6/install/share/ros2_control_demo_example_8/cmake/ament_cmake_export_dependencies-extras.cmake
[10.716s] -- Installing: /root/ws/tutorial/ros2_ws6/install/share/ros2_control_demo_example_8/cmake/ros2_control_demo_example_8Config.cmake
[10.716s] -- Installing: /root/ws/tutorial/ros2_ws6/install/share/ros2_control_demo_example_8/cmake/ros2_control_demo_example_8Config-version.cmake
[10.716s] -- Installing: /root/ws/tutorial/ros2_ws6/install/share/ros2_control_demo_example_8/package.xml
[10.718s] Invoked command in '/root/ws/tutorial/ros2_ws6/build/ros2_control_demo_example_8' returned '0': AMENT_PREFIX_PATH=/root/ws/tutorial/ros2_ws6/install:${AMENT_PREFIX_PATH} CMAKE_PREFIX_PATH=/root/ws/tutorial/ros2_ws6/install:/opt/ros/jazzy/opt/gz_sim_vendor:/opt/ros/jazzy/opt/gz_sensors_vendor:/opt/ros/jazzy/opt/gz_physics_vendor:/opt/ros/jazzy/opt/gz_gui_vendor:/opt/ros/jazzy/opt/gz_transport_vendor:/opt/ros/jazzy/opt/gz_rendering_vendor:/opt/ros/jazzy/opt/gz_plugin_vendor:/opt/ros/jazzy/opt/gz_fuel_tools_vendor:/opt/ros/jazzy/opt/gz_msgs_vendor:/opt/ros/jazzy/opt/gz_common_vendor:/opt/ros/jazzy/opt/gz_ogre_next_vendor:/opt/ros/jazzy/opt/gz_dartsim_vendor:/opt/ros/jazzy/opt/sdformat_vendor:/opt/ros/jazzy/opt/gz_math_vendor:/opt/ros/jazzy/opt/gz_utils_vendor:/opt/ros/jazzy/opt/gz_tools_vendor:/opt/ros/jazzy/opt/gz_cmake_vendor:/opt/ros/jazzy /usr/bin/cmake --install /root/ws/tutorial/ros2_ws6/build/ros2_control_demo_example_8
