[0.024s] Invoking command in '/root/ws/tutorial/ros2_ws6/build/ros2_control_demo_example_1': AMENT_PREFIX_PATH=/root/ws/tutorial/ros2_ws6/install:${AMENT_PREFIX_PATH} CMAKE_PREFIX_PATH=/root/ws/tutorial/ros2_ws6/install:/opt/ros/jazzy/opt/gz_sim_vendor:/opt/ros/jazzy/opt/gz_sensors_vendor:/opt/ros/jazzy/opt/gz_physics_vendor:/opt/ros/jazzy/opt/gz_gui_vendor:/opt/ros/jazzy/opt/gz_transport_vendor:/opt/ros/jazzy/opt/gz_rendering_vendor:/opt/ros/jazzy/opt/gz_plugin_vendor:/opt/ros/jazzy/opt/gz_fuel_tools_vendor:/opt/ros/jazzy/opt/gz_msgs_vendor:/opt/ros/jazzy/opt/gz_common_vendor:/opt/ros/jazzy/opt/gz_ogre_next_vendor:/opt/ros/jazzy/opt/gz_dartsim_vendor:/opt/ros/jazzy/opt/sdformat_vendor:/opt/ros/jazzy/opt/gz_math_vendor:/opt/ros/jazzy/opt/gz_utils_vendor:/opt/ros/jazzy/opt/gz_tools_vendor:/opt/ros/jazzy/opt/gz_cmake_vendor:/opt/ros/jazzy /usr/bin/cmake /root/ws/tutorial/ros2_ws6/src/ros2_control_demos/example_1 -DCMAKE_INSTALL_PREFIX=/root/ws/tutorial/ros2_ws6/install
[0.109s] -- The CXX compiler identification is GNU 13.3.0
[0.129s] -- Detecting CXX compiler ABI info
[0.273s] -- Detecting CXX compiler ABI info - done
[0.287s] -- Check for working CXX compiler: /usr/bin/c++ - skipped
[0.289s] -- Detecting CXX compile features
[0.289s] -- Detecting CXX compile features - done
[0.295s] -- Found ros2_control_cmake: 0.3.0 (/opt/ros/jazzy/share/ros2_control_cmake/cmake)
[0.295s] -- Compiler warnings enabled for GNU
[0.295s] -- Detected GCC Version: 13.3.0 (Major: 13, Minor: 3)
[0.302s] -- Found controller_manager: 4.39.2 (/opt/ros/jazzy/share/controller_manager/cmake)
[0.501s] -- Found Python3: /usr/bin/python3 (found version "3.12.3") found components: Interpreter 
[0.788s] -- Found rosidl_generator_c: 4.6.6 (/opt/ros/jazzy/share/rosidl_generator_c/cmake)
[0.823s] -- Found rosidl_generator_cpp: 4.6.6 (/opt/ros/jazzy/share/rosidl_generator_cpp/cmake)
[0.864s] -- Using all available rosidl_typesupport_c: rosidl_typesupport_fastrtps_c;rosidl_typesupport_introspection_c
[0.905s] -- Using all available rosidl_typesupport_cpp: rosidl_typesupport_fastrtps_cpp;rosidl_typesupport_introspection_cpp
[1.065s] -- Found rmw_implementation_cmake: 7.3.2 (/opt/ros/jazzy/share/rmw_implementation_cmake/cmake)
[1.079s] -- Found rmw_fastrtps_cpp: 8.4.3 (/opt/ros/jazzy/share/rmw_fastrtps_cpp/cmake)
[1.218s] -- Found OpenSSL: /usr/lib/x86_64-linux-gnu/libcrypto.so (found version "3.0.13")  
[1.244s] -- Found FastRTPS: /opt/ros/jazzy/include (Required is at least version "2.13") 
[1.271s] -- Using RMW implementation 'rmw_fastrtps_cpp' as default
[2.320s] -- Found ament_cmake_pytest: 2.5.4 (/opt/ros/jazzy/share/ament_cmake_pytest/cmake)
[2.826s] -- Found ament_cmake_ros: 0.12.0 (/opt/ros/jazzy/share/ament_cmake_ros/cmake)
[2.849s] -- Found launch_testing_ament_cmake: 3.4.7 (/opt/ros/jazzy/share/launch_testing_ament_cmake/cmake)
[2.860s] -- Found python_cmake_module: 0.11.1 (/opt/ros/jazzy/share/python_cmake_module/cmake)
[3.023s] -- Found PythonExtra: /usr/bin/python3  
[3.151s] -- Configuring done (3.1s)
[3.195s] -- Generating done (0.0s)
[3.202s] -- Build files have been written to: /root/ws/tutorial/ros2_ws6/build/ros2_control_demo_example_1
[3.229s] Invoked command in '/root/ws/tutorial/ros2_ws6/build/ros2_control_demo_example_1' returned '0': AMENT_PREFIX_PATH=/root/ws/tutorial/ros2_ws6/install:${AMENT_PREFIX_PATH} CMAKE_PREFIX_PATH=/root/ws/tutorial/ros2_ws6/install:/opt/ros/jazzy/opt/gz_sim_vendor:/opt/ros/jazzy/opt/gz_sensors_vendor:/opt/ros/jazzy/opt/gz_physics_vendor:/opt/ros/jazzy/opt/gz_gui_vendor:/opt/ros/jazzy/opt/gz_transport_vendor:/opt/ros/jazzy/opt/gz_rendering_vendor:/opt/ros/jazzy/opt/gz_plugin_vendor:/opt/ros/jazzy/opt/gz_fuel_tools_vendor:/opt/ros/jazzy/opt/gz_msgs_vendor:/opt/ros/jazzy/opt/gz_common_vendor:/opt/ros/jazzy/opt/gz_ogre_next_vendor:/opt/ros/jazzy/opt/gz_dartsim_vendor:/opt/ros/jazzy/opt/sdformat_vendor:/opt/ros/jazzy/opt/gz_math_vendor:/opt/ros/jazzy/opt/gz_utils_vendor:/opt/ros/jazzy/opt/gz_tools_vendor:/opt/ros/jazzy/opt/gz_cmake_vendor:/opt/ros/jazzy /usr/bin/cmake /root/ws/tutorial/ros2_ws6/src/ros2_control_demos/example_1 -DCMAKE_INSTALL_PREFIX=/root/ws/tutorial/ros2_ws6/install
[3.229s] Invoking command in '/root/ws/tutorial/ros2_ws6/build/ros2_control_demo_example_1': AMENT_PREFIX_PATH=/root/ws/tutorial/ros2_ws6/install:${AMENT_PREFIX_PATH} CMAKE_PREFIX_PATH=/root/ws/tutorial/ros2_ws6/install:/opt/ros/jazzy/opt/gz_sim_vendor:/opt/ros/jazzy/opt/gz_sensors_vendor:/opt/ros/jazzy/opt/gz_physics_vendor:/opt/ros/jazzy/opt/gz_gui_vendor:/opt/ros/jazzy/opt/gz_transport_vendor:/opt/ros/jazzy/opt/gz_rendering_vendor:/opt/ros/jazzy/opt/gz_plugin_vendor:/opt/ros/jazzy/opt/gz_fuel_tools_vendor:/opt/ros/jazzy/opt/gz_msgs_vendor:/opt/ros/jazzy/opt/gz_common_vendor:/opt/ros/jazzy/opt/gz_ogre_next_vendor:/opt/ros/jazzy/opt/gz_dartsim_vendor:/opt/ros/jazzy/opt/sdformat_vendor:/opt/ros/jazzy/opt/gz_math_vendor:/opt/ros/jazzy/opt/gz_utils_vendor:/opt/ros/jazzy/opt/gz_tools_vendor:/opt/ros/jazzy/opt/gz_cmake_vendor:/opt/ros/jazzy /usr/bin/cmake --build /root/ws/tutorial/ros2_ws6/build/ros2_control_demo_example_1 -- -j6 -l6
[3.299s] [ 50%] [32mBuilding CXX object CMakeFiles/ros2_control_demo_example_1.dir/hardware/rrbot.cpp.o[0m
[13.317s] [100%] [32m[1mLinking CXX shared library libros2_control_demo_example_1.so[0m
[13.598s] [100%] Built target ros2_control_demo_example_1
[13.621s] Invoked command in '/root/ws/tutorial/ros2_ws6/build/ros2_control_demo_example_1' returned '0': AMENT_PREFIX_PATH=/root/ws/tutorial/ros2_ws6/install:${AMENT_PREFIX_PATH} CMAKE_PREFIX_PATH=/root/ws/tutorial/ros2_ws6/install:/opt/ros/jazzy/opt/gz_sim_vendor:/opt/ros/jazzy/opt/gz_sensors_vendor:/opt/ros/jazzy/opt/gz_physics_vendor:/opt/ros/jazzy/opt/gz_gui_vendor:/opt/ros/jazzy/opt/gz_transport_vendor:/opt/ros/jazzy/opt/gz_rendering_vendor:/opt/ros/jazzy/opt/gz_plugin_vendor:/opt/ros/jazzy/opt/gz_fuel_tools_vendor:/opt/ros/jazzy/opt/gz_msgs_vendor:/opt/ros/jazzy/opt/gz_common_vendor:/opt/ros/jazzy/opt/gz_ogre_next_vendor:/opt/ros/jazzy/opt/gz_dartsim_vendor:/opt/ros/jazzy/opt/sdformat_vendor:/opt/ros/jazzy/opt/gz_math_vendor:/opt/ros/jazzy/opt/gz_utils_vendor:/opt/ros/jazzy/opt/gz_tools_vendor:/opt/ros/jazzy/opt/gz_cmake_vendor:/opt/ros/jazzy /usr/bin/cmake --build /root/ws/tutorial/ros2_ws6/build/ros2_control_demo_example_1 -- -j6 -l6
[13.621s] Invoking command in '/root/ws/tutorial/ros2_ws6/build/ros2_control_demo_example_1': AMENT_PREFIX_PATH=/root/ws/tutorial/ros2_ws6/install:${AMENT_PREFIX_PATH} CMAKE_PREFIX_PATH=/root/ws/tutorial/ros2_ws6/install:/opt/ros/jazzy/opt/gz_sim_vendor:/opt/ros/jazzy/opt/gz_sensors_vendor:/opt/ros/jazzy/opt/gz_physics_vendor:/opt/ros/jazzy/opt/gz_gui_vendor:/opt/ros/jazzy/opt/gz_transport_vendor:/opt/ros/jazzy/opt/gz_rendering_vendor:/opt/ros/jazzy/opt/gz_plugin_vendor:/opt/ros/jazzy/opt/gz_fuel_tools_vendor:/opt/ros/jazzy/opt/gz_msgs_vendor:/opt/ros/jazzy/opt/gz_common_vendor:/opt/ros/jazzy/opt/gz_ogre_next_vendor:/opt/ros/jazzy/opt/gz_dartsim_vendor:/opt/ros/jazzy/opt/sdformat_vendor:/opt/ros/jazzy/opt/gz_math_vendor:/opt/ros/jazzy/opt/gz_utils_vendor:/opt/ros/jazzy/opt/gz_tools_vendor:/opt/ros/jazzy/opt/gz_cmake_vendor:/opt/ros/jazzy /usr/bin/cmake --install /root/ws/tutorial/ros2_ws6/build/ros2_control_demo_example_1
[13.625s] -- Install configuration: ""
[13.625s] -- Installing: /root/ws/tutorial/ros2_ws6/install/share/ros2_control_demo_example_1/ros2_control_demo_example_1.xml
[13.625s] -- Installing: /root/ws/tutorial/ros2_ws6/install/include/ros2_control_demo_example_1
[13.625s] -- Installing: /root/ws/tutorial/ros2_ws6/install/include/ros2_control_demo_example_1/ros2_control_demo_example_1
[13.625s] -- Installing: /root/ws/tutorial/ros2_ws6/install/include/ros2_control_demo_example_1/ros2_control_demo_example_1/rrbot.hpp
[13.625s] -- Installing: /root/ws/tutorial/ros2_ws6/install/share/ros2_control_demo_example_1/launch
[13.625s] -- Installing: /root/ws/tutorial/ros2_ws6/install/share/ros2_control_demo_example_1/launch/view_robot.launch.py
[13.626s] -- Installing: /root/ws/tutorial/ros2_ws6/install/share/ros2_control_demo_example_1/ros2_control
[13.626s] -- Installing: /root/ws/tutorial/ros2_ws6/install/share/ros2_control_demo_example_1/ros2_control/rrbot.ros2_control.xacro
[13.626s] -- Installing: /root/ws/tutorial/ros2_ws6/install/share/ros2_control_demo_example_1/urdf
[13.626s] -- Installing: /root/ws/tutorial/ros2_ws6/install/share/ros2_control_demo_example_1/urdf/rrbot.urdf.xacro
[13.626s] -- Up-to-date: /root/ws/tutorial/ros2_ws6/install/share/ros2_control_demo_example_1/launch
[13.626s] -- Installing: /root/ws/tutorial/ros2_ws6/install/share/ros2_control_demo_example_1/launch/rrbot.launch.py
[13.626s] -- Installing: /root/ws/tutorial/ros2_ws6/install/share/ros2_control_demo_example_1/launch/test_forward_position_controller.launch.py
[13.628s] -- Installing: /root/ws/tutorial/ros2_ws6/install/share/ros2_control_demo_example_1/launch/test_joint_trajectory_controller.launch.py
[13.628s] -- Installing: /root/ws/tutorial/ros2_ws6/install/share/ros2_control_demo_example_1/config
[13.628s] -- Installing: /root/ws/tutorial/ros2_ws6/install/share/ros2_control_demo_example_1/config/rrbot_jtc.yaml
[13.628s] -- Installing: /root/ws/tutorial/ros2_ws6/install/share/ros2_control_demo_example_1/config/rrbot_joint_trajectory_publisher.yaml
[13.628s] -- Installing: /root/ws/tutorial/ros2_ws6/install/share/ros2_control_demo_example_1/config/rrbot_controllers.yaml
[13.628s] -- Installing: /root/ws/tutorial/ros2_ws6/install/share/ros2_control_demo_example_1/config/rrbot_forward_position_publisher.yaml
[13.628s] -- Installing: /root/ws/tutorial/ros2_ws6/install/lib/libros2_control_demo_example_1.so
[13.629s] -- Set non-toolchain portion of runtime path of "/root/ws/tutorial/ros2_ws6/install/lib/libros2_control_demo_example_1.so" to ""
[13.629s] -- Installing: /root/ws/tutorial/ros2_ws6/install/share/ros2_control_demo_example_1/environment/library_path.sh
[13.629s] -- Installing: /root/ws/tutorial/ros2_ws6/install/share/ros2_control_demo_example_1/environment/library_path.dsv
[13.629s] -- Installing: /root/ws/tutorial/ros2_ws6/install/share/ament_index/resource_index/package_run_dependencies/ros2_control_demo_example_1
[13.629s] -- Installing: /root/ws/tutorial/ros2_ws6/install/share/ament_index/resource_index/parent_prefix_path/ros2_control_demo_example_1
[13.629s] -- Installing: /root/ws/tutorial/ros2_ws6/install/share/ros2_control_demo_example_1/environment/ament_prefix_path.sh
[13.629s] -- Installing: /root/ws/tutorial/ros2_ws6/install/share/ros2_control_demo_example_1/environment/ament_prefix_path.dsv
[13.629s] -- Installing: /root/ws/tutorial/ros2_ws6/install/share/ros2_control_demo_example_1/environment/path.sh
[13.630s] -- Installing: /root/ws/tutorial/ros2_ws6/install/share/ros2_control_demo_example_1/environment/path.dsv
[13.630s] -- Installing: /root/ws/tutorial/ros2_ws6/install/share/ros2_control_demo_example_1/local_setup.bash
[13.630s] -- Installing: /root/ws/tutorial/ros2_ws6/install/share/ros2_control_demo_example_1/local_setup.sh
[13.630s] -- Installing: /root/ws/tutorial/ros2_ws6/install/share/ros2_control_demo_example_1/local_setup.zsh
[13.630s] -- Installing: /root/ws/tutorial/ros2_ws6/install/share/ros2_control_demo_example_1/local_setup.dsv
[13.630s] -- Installing: /root/ws/tutorial/ros2_ws6/install/share/ros2_control_demo_example_1/package.dsv
[13.632s] -- Installing: /root/ws/tutorial/ros2_ws6/install/share/ament_index/resource_index/packages/ros2_control_demo_example_1
[13.632s] -- Installing: /root/ws/tutorial/ros2_ws6/install/share/ament_index/resource_index/hardware_interface__pluginlib__plugin/ros2_control_demo_example_1
[13.632s] -- Installing: /root/ws/tutorial/ros2_ws6/install/share/ros2_control_demo_example_1/cmake/export_ros2_control_demo_example_1Export.cmake
[13.632s] -- Installing: /root/ws/tutorial/ros2_ws6/install/share/ros2_control_demo_example_1/cmake/export_ros2_control_demo_example_1Export-noconfig.cmake
[13.633s] -- Installing: /root/ws/tutorial/ros2_ws6/install/share/ros2_control_demo_example_1/cmake/ament_cmake_export_targets-extras.cmake
[13.633s] -- Installing: /root/ws/tutorial/ros2_ws6/install/share/ros2_control_demo_example_1/cmake/ament_cmake_export_dependencies-extras.cmake
[13.633s] -- Installing: /root/ws/tutorial/ros2_ws6/install/share/ros2_control_demo_example_1/cmake/ros2_control_demo_example_1Config.cmake
[13.633s] -- Installing: /root/ws/tutorial/ros2_ws6/install/share/ros2_control_demo_example_1/cmake/ros2_control_demo_example_1Config-version.cmake
[13.633s] -- Installing: /root/ws/tutorial/ros2_ws6/install/share/ros2_control_demo_example_1/package.xml
[13.647s] Invoked command in '/root/ws/tutorial/ros2_ws6/build/ros2_control_demo_example_1' returned '0': AMENT_PREFIX_PATH=/root/ws/tutorial/ros2_ws6/install:${AMENT_PREFIX_PATH} CMAKE_PREFIX_PATH=/root/ws/tutorial/ros2_ws6/install:/opt/ros/jazzy/opt/gz_sim_vendor:/opt/ros/jazzy/opt/gz_sensors_vendor:/opt/ros/jazzy/opt/gz_physics_vendor:/opt/ros/jazzy/opt/gz_gui_vendor:/opt/ros/jazzy/opt/gz_transport_vendor:/opt/ros/jazzy/opt/gz_rendering_vendor:/opt/ros/jazzy/opt/gz_plugin_vendor:/opt/ros/jazzy/opt/gz_fuel_tools_vendor:/opt/ros/jazzy/opt/gz_msgs_vendor:/opt/ros/jazzy/opt/gz_common_vendor:/opt/ros/jazzy/opt/gz_ogre_next_vendor:/opt/ros/jazzy/opt/gz_dartsim_vendor:/opt/ros/jazzy/opt/sdformat_vendor:/opt/ros/jazzy/opt/gz_math_vendor:/opt/ros/jazzy/opt/gz_utils_vendor:/opt/ros/jazzy/opt/gz_tools_vendor:/opt/ros/jazzy/opt/gz_cmake_vendor:/opt/ros/jazzy /usr/bin/cmake --install /root/ws/tutorial/ros2_ws6/build/ros2_control_demo_example_1
