[0.000000] (-) TimerEvent: {}
[0.000235] (-) JobUnselected: {'identifier': 'action_tutorials_cpp'}
[0.000390] (-) JobUnselected: {'identifier': 'action_tutorials_interfaces'}
[0.000452] (-) JobUnselected: {'identifier': 'action_tutorials_py'}
[0.000487] (-) JobUnselected: {'identifier': 'composition'}
[0.000503] (-) JobUnselected: {'identifier': 'cpp_srvcli'}
[0.000531] (-) JobUnselected: {'identifier': 'demo_nodes_cpp'}
[0.000557] (-) JobUnselected: {'identifier': 'demo_nodes_cpp_native'}
[0.000570] (-) JobUnselected: {'identifier': 'demo_nodes_py'}
[0.000582] (-) JobUnselected: {'identifier': 'dummy_map_server'}
[0.000595] (-) JobUnselected: {'identifier': 'dummy_robot_bringup'}
[0.000607] (-) JobUnselected: {'identifier': 'dummy_sensors'}
[0.000620] (-) JobUnselected: {'identifier': 'examples_rclcpp_async_client'}
[0.000632] (-) JobUnselected: {'identifier': 'examples_rclcpp_cbg_executor'}
[0.000645] (-) JobUnselected: {'identifier': 'examples_rclcpp_minimal_action_client'}
[0.000657] (-) JobUnselected: {'identifier': 'examples_rclcpp_minimal_action_server'}
[0.000669] (-) JobUnselected: {'identifier': 'examples_rclcpp_minimal_client'}
[0.000681] (-) JobUnselected: {'identifier': 'examples_rclcpp_minimal_composition'}
[0.000693] (-) JobUnselected: {'identifier': 'examples_rclcpp_minimal_publisher'}
[0.000706] (-) JobUnselected: {'identifier': 'examples_rclcpp_minimal_service'}
[0.000728] (-) JobUnselected: {'identifier': 'examples_rclcpp_minimal_subscriber'}
[0.000741] (-) JobUnselected: {'identifier': 'examples_rclcpp_minimal_timer'}
[0.000753] (-) JobUnselected: {'identifier': 'examples_rclcpp_multithreaded_executor'}
[0.000765] (-) JobUnselected: {'identifier': 'examples_rclcpp_wait_set'}
[0.000778] (-) JobUnselected: {'identifier': 'examples_rclpy_executors'}
[0.000790] (-) JobUnselected: {'identifier': 'examples_rclpy_guard_conditions'}
[0.000802] (-) JobUnselected: {'identifier': 'examples_rclpy_minimal_action_client'}
[0.000814] (-) JobUnselected: {'identifier': 'examples_rclpy_minimal_action_server'}
[0.000827] (-) JobUnselected: {'identifier': 'examples_rclpy_minimal_client'}
[0.000839] (-) JobUnselected: {'identifier': 'examples_rclpy_minimal_publisher'}
[0.000851] (-) JobUnselected: {'identifier': 'examples_rclpy_minimal_service'}
[0.000864] (-) JobUnselected: {'identifier': 'examples_rclpy_minimal_subscriber'}
[0.000876] (-) JobUnselected: {'identifier': 'examples_rclpy_pointcloud_publisher'}
[0.000888] (-) JobUnselected: {'identifier': 'image_tools'}
[0.000900] (-) JobUnselected: {'identifier': 'intra_process_demo'}
[0.000913] (-) JobUnselected: {'identifier': 'launch_testing_examples'}
[0.000925] (-) JobUnselected: {'identifier': 'lifecycle'}
[0.000937] (-) JobUnselected: {'identifier': 'lifecycle_py'}
[0.000949] (-) JobUnselected: {'identifier': 'logging_demo'}
[0.000961] (-) JobUnselected: {'identifier': 'more_interfaces'}
[0.000973] (-) JobUnselected: {'identifier': 'pendulum_control'}
[0.000985] (-) JobUnselected: {'identifier': 'pendulum_msgs'}
[0.000997] (-) JobUnselected: {'identifier': 'quality_of_service_demo_cpp'}
[0.001009] (-) JobUnselected: {'identifier': 'quality_of_service_demo_py'}
[0.001022] (-) JobUnselected: {'identifier': 'rascl_clock'}
[0.001034] (-) JobUnselected: {'identifier': 'ros2_control_demo_description'}
[0.001046] (-) JobUnselected: {'identifier': 'ros2_control_demo_example_1'}
[0.001058] (-) JobUnselected: {'identifier': 'ros2_control_demo_example_10'}
[0.001070] (-) JobUnselected: {'identifier': 'ros2_control_demo_example_11'}
[0.001082] (-) JobUnselected: {'identifier': 'ros2_control_demo_example_12'}
[0.001094] (-) JobUnselected: {'identifier': 'ros2_control_demo_example_13'}
[0.001106] (-) JobUnselected: {'identifier': 'ros2_control_demo_example_14'}
[0.001118] (-) JobUnselected: {'identifier': 'ros2_control_demo_example_15'}
[0.001130] (-) JobUnselected: {'identifier': 'ros2_control_demo_example_16'}
[0.001142] (-) JobUnselected: {'identifier': 'ros2_control_demo_example_17'}
[0.001187] (-) JobUnselected: {'identifier': 'ros2_control_demo_example_2'}
[0.001214] (-) JobUnselected: {'identifier': 'ros2_control_demo_example_3'}
[0.001236] (-) JobUnselected: {'identifier': 'ros2_control_demo_example_4'}
[0.001249] (-) JobUnselected: {'identifier': 'ros2_control_demo_example_5'}
[0.001261] (-) JobUnselected: {'identifier': 'ros2_control_demo_example_6'}
[0.001273] (-) JobUnselected: {'identifier': 'ros2_control_demo_example_7'}
[0.001285] (-) JobUnselected: {'identifier': 'ros2_control_demo_example_8'}
[0.001297] (-) JobUnselected: {'identifier': 'ros2_control_demo_example_9'}
[0.001308] (-) JobUnselected: {'identifier': 'ros2_control_demos'}
[0.001320] (-) JobUnselected: {'identifier': 'topic_monitor'}
[0.001333] (-) JobUnselected: {'identifier': 'topic_statistics_demo'}
[0.001346] (-) EventReactorShutdown: {}
