[2.176s] Invoking command in '/root/ws/tutorial/ros2_ws/build/examples_rclpy_minimal_client': PYTHONPATH=/root/ws/tutorial/ros2_ws/build/examples_rclpy_minimal_client/prefix_override:/usr/lib/python3/dist-packages/colcon_core/task/python/colcon_distutils_commands:/root/ws/tutorial/ros2_ws/install/examples_rclpy_minimal_client/lib/python3.12/site-packages:${PYTHONPATH} /usr/bin/python3 -W ignore:setup.py install is deprecated -W ignore:easy_install command is deprecated setup.py develop --editable --build-directory /root/ws/tutorial/ros2_ws/build/examples_rclpy_minimal_client/build --no-deps symlink_data
[3.000s] running develop
[3.355s] running egg_info
[3.355s] creating examples_rclpy_minimal_client.egg-info
[3.376s] writing examples_rclpy_minimal_client.egg-info/PKG-INFO
[3.376s] writing dependency_links to examples_rclpy_minimal_client.egg-info/dependency_links.txt
[3.377s] writing entry points to examples_rclpy_minimal_client.egg-info/entry_points.txt
[3.377s] writing requirements to examples_rclpy_minimal_client.egg-info/requires.txt
[3.377s] writing top-level names to examples_rclpy_minimal_client.egg-info/top_level.txt
[3.379s] writing manifest file 'examples_rclpy_minimal_client.egg-info/SOURCES.txt'
[3.421s] reading manifest file 'examples_rclpy_minimal_client.egg-info/SOURCES.txt'
[3.422s] writing manifest file 'examples_rclpy_minimal_client.egg-info/SOURCES.txt'
[3.446s] running build_ext
[3.446s] Creating /root/ws/tutorial/ros2_ws/install/examples_rclpy_minimal_client/lib/python3.12/site-packages/examples-rclpy-minimal-client.egg-link (link to .)
[3.447s] Installing client script to /root/ws/tutorial/ros2_ws/install/examples_rclpy_minimal_client/lib/examples_rclpy_minimal_client
[3.448s] Installing client_async script to /root/ws/tutorial/ros2_ws/install/examples_rclpy_minimal_client/lib/examples_rclpy_minimal_client
[3.448s] Installing client_async_callback script to /root/ws/tutorial/ros2_ws/install/examples_rclpy_minimal_client/lib/examples_rclpy_minimal_client
[3.448s] Installing client_async_member_function script to /root/ws/tutorial/ros2_ws/install/examples_rclpy_minimal_client/lib/examples_rclpy_minimal_client
[3.449s] 
[3.449s] Installed /root/ws/tutorial/ros2_ws/build/examples_rclpy_minimal_client
[3.449s] running symlink_data
[3.449s] creating /root/ws/tutorial/ros2_ws/install/examples_rclpy_minimal_client/share/ament_index
[3.450s] creating /root/ws/tutorial/ros2_ws/install/examples_rclpy_minimal_client/share/ament_index/resource_index
[3.450s] creating /root/ws/tutorial/ros2_ws/install/examples_rclpy_minimal_client/share/ament_index/resource_index/packages
[3.450s] symbolically linking /root/ws/tutorial/ros2_ws/build/examples_rclpy_minimal_client/resource/examples_rclpy_minimal_client -> /root/ws/tutorial/ros2_ws/install/examples_rclpy_minimal_client/share/ament_index/resource_index/packages
[3.451s] symbolically linking /root/ws/tutorial/ros2_ws/build/examples_rclpy_minimal_client/package.xml -> /root/ws/tutorial/ros2_ws/install/examples_rclpy_minimal_client/share/examples_rclpy_minimal_client
[3.498s] Invoked command in '/root/ws/tutorial/ros2_ws/build/examples_rclpy_minimal_client' returned '0': PYTHONPATH=/root/ws/tutorial/ros2_ws/build/examples_rclpy_minimal_client/prefix_override:/usr/lib/python3/dist-packages/colcon_core/task/python/colcon_distutils_commands:/root/ws/tutorial/ros2_ws/install/examples_rclpy_minimal_client/lib/python3.12/site-packages:${PYTHONPATH} /usr/bin/python3 -W ignore:setup.py install is deprecated -W ignore:easy_install command is deprecated setup.py develop --editable --build-directory /root/ws/tutorial/ros2_ws/build/examples_rclpy_minimal_client/build --no-deps symlink_data
