[0.019s] Invoking command in '/root/ws/tutorial/ros2_ws6/build/ros2_control_demo_example_13': AMENT_PREFIX_PATH=/root/ws/tutorial/ros2_ws6/install:${AMENT_PREFIX_PATH} CMAKE_PREFIX_PATH=/root/ws/tutorial/ros2_ws6/install:/opt/ros/jazzy/opt/gz_sim_vendor:/opt/ros/jazzy/opt/gz_sensors_vendor:/opt/ros/jazzy/opt/gz_physics_vendor:/opt/ros/jazzy/opt/gz_gui_vendor:/opt/ros/jazzy/opt/gz_transport_vendor:/opt/ros/jazzy/opt/gz_rendering_vendor:/opt/ros/jazzy/opt/gz_plugin_vendor:/opt/ros/jazzy/opt/gz_fuel_tools_vendor:/opt/ros/jazzy/opt/gz_msgs_vendor:/opt/ros/jazzy/opt/gz_common_vendor:/opt/ros/jazzy/opt/gz_ogre_next_vendor:/opt/ros/jazzy/opt/gz_dartsim_vendor:/opt/ros/jazzy/opt/sdformat_vendor:/opt/ros/jazzy/opt/gz_math_vendor:/opt/ros/jazzy/opt/gz_utils_vendor:/opt/ros/jazzy/opt/gz_tools_vendor:/opt/ros/jazzy/opt/gz_cmake_vendor:/opt/ros/jazzy LD_LIBRARY_PATH=/root/ws/tutorial/ros2_ws6/install/lib:${LD_LIBRARY_PATH} /usr/bin/cmake /root/ws/tutorial/ros2_ws6/src/ros2_control_demos/example_13 -DCMAKE_INSTALL_PREFIX=/root/ws/tutorial/ros2_ws6/install
[0.113s] -- The CXX compiler identification is GNU 13.3.0
[0.134s] -- Detecting CXX compiler ABI info
[0.266s] -- Detecting CXX compiler ABI info - done
[0.276s] -- Check for working CXX compiler: /usr/bin/c++ - skipped
[0.277s] -- Detecting CXX compile features
[0.277s] -- Detecting CXX compile features - done
[0.283s] -- Found ros2_control_cmake: 0.3.0 (/opt/ros/jazzy/share/ros2_control_cmake/cmake)
[0.284s] -- Compiler warnings enabled for GNU
[0.284s] -- Detected GCC Version: 13.3.0 (Major: 13, Minor: 3)
[0.289s] -- Found controller_manager: 4.39.2 (/opt/ros/jazzy/share/controller_manager/cmake)
[0.502s] -- Found Python3: /usr/bin/python3 (found version "3.12.3") found components: Interpreter 
[0.784s] -- Found rosidl_generator_c: 4.6.6 (/opt/ros/jazzy/share/rosidl_generator_c/cmake)
[0.808s] -- Found rosidl_generator_cpp: 4.6.6 (/opt/ros/jazzy/share/rosidl_generator_cpp/cmake)
[0.838s] -- Using all available rosidl_typesupport_c: rosidl_typesupport_fastrtps_c;rosidl_typesupport_introspection_c
[0.871s] -- Using all available rosidl_typesupport_cpp: rosidl_typesupport_fastrtps_cpp;rosidl_typesupport_introspection_cpp
[1.006s] -- Found rmw_implementation_cmake: 7.3.2 (/opt/ros/jazzy/share/rmw_implementation_cmake/cmake)
[1.013s] -- Found rmw_fastrtps_cpp: 8.4.3 (/opt/ros/jazzy/share/rmw_fastrtps_cpp/cmake)
[1.178s] -- Found OpenSSL: /usr/lib/x86_64-linux-gnu/libcrypto.so (found version "3.0.13")  
[1.202s] -- Found FastRTPS: /opt/ros/jazzy/include (Required is at least version "2.13") 
[1.237s] -- Using RMW implementation 'rmw_fastrtps_cpp' as default
[2.302s] -- Found ament_cmake_ros: 0.12.0 (/opt/ros/jazzy/share/ament_cmake_ros/cmake)
[2.350s] -- Found launch_testing_ament_cmake: 3.4.7 (/opt/ros/jazzy/share/launch_testing_ament_cmake/cmake)
[2.362s] -- Found python_cmake_module: 0.11.1 (/opt/ros/jazzy/share/python_cmake_module/cmake)
[2.619s] -- Found PythonExtra: /usr/bin/python3  
[3.358s] -- Configuring done (3.3s)
[3.367s] -- Generating done (0.0s)
[3.371s] -- Build files have been written to: /root/ws/tutorial/ros2_ws6/build/ros2_control_demo_example_13
[3.407s] Invoked command in '/root/ws/tutorial/ros2_ws6/build/ros2_control_demo_example_13' returned '0': AMENT_PREFIX_PATH=/root/ws/tutorial/ros2_ws6/install:${AMENT_PREFIX_PATH} CMAKE_PREFIX_PATH=/root/ws/tutorial/ros2_ws6/install:/opt/ros/jazzy/opt/gz_sim_vendor:/opt/ros/jazzy/opt/gz_sensors_vendor:/opt/ros/jazzy/opt/gz_physics_vendor:/opt/ros/jazzy/opt/gz_gui_vendor:/opt/ros/jazzy/opt/gz_transport_vendor:/opt/ros/jazzy/opt/gz_rendering_vendor:/opt/ros/jazzy/opt/gz_plugin_vendor:/opt/ros/jazzy/opt/gz_fuel_tools_vendor:/opt/ros/jazzy/opt/gz_msgs_vendor:/opt/ros/jazzy/opt/gz_common_vendor:/opt/ros/jazzy/opt/gz_ogre_next_vendor:/opt/ros/jazzy/opt/gz_dartsim_vendor:/opt/ros/jazzy/opt/sdformat_vendor:/opt/ros/jazzy/opt/gz_math_vendor:/opt/ros/jazzy/opt/gz_utils_vendor:/opt/ros/jazzy/opt/gz_tools_vendor:/opt/ros/jazzy/opt/gz_cmake_vendor:/opt/ros/jazzy LD_LIBRARY_PATH=/root/ws/tutorial/ros2_ws6/install/lib:${LD_LIBRARY_PATH} /usr/bin/cmake /root/ws/tutorial/ros2_ws6/src/ros2_control_demos/example_13 -DCMAKE_INSTALL_PREFIX=/root/ws/tutorial/ros2_ws6/install
[3.409s] Invoking command in '/root/ws/tutorial/ros2_ws6/build/ros2_control_demo_example_13': AMENT_PREFIX_PATH=/root/ws/tutorial/ros2_ws6/install:${AMENT_PREFIX_PATH} CMAKE_PREFIX_PATH=/root/ws/tutorial/ros2_ws6/install:/opt/ros/jazzy/opt/gz_sim_vendor:/opt/ros/jazzy/opt/gz_sensors_vendor:/opt/ros/jazzy/opt/gz_physics_vendor:/opt/ros/jazzy/opt/gz_gui_vendor:/opt/ros/jazzy/opt/gz_transport_vendor:/opt/ros/jazzy/opt/gz_rendering_vendor:/opt/ros/jazzy/opt/gz_plugin_vendor:/opt/ros/jazzy/opt/gz_fuel_tools_vendor:/opt/ros/jazzy/opt/gz_msgs_vendor:/opt/ros/jazzy/opt/gz_common_vendor:/opt/ros/jazzy/opt/gz_ogre_next_vendor:/opt/ros/jazzy/opt/gz_dartsim_vendor:/opt/ros/jazzy/opt/sdformat_vendor:/opt/ros/jazzy/opt/gz_math_vendor:/opt/ros/jazzy/opt/gz_utils_vendor:/opt/ros/jazzy/opt/gz_tools_vendor:/opt/ros/jazzy/opt/gz_cmake_vendor:/opt/ros/jazzy LD_LIBRARY_PATH=/root/ws/tutorial/ros2_ws6/install/lib:${LD_LIBRARY_PATH} /usr/bin/cmake --build /root/ws/tutorial/ros2_ws6/build/ros2_control_demo_example_13 -- -j6 -l6
[3.502s] Invoked command in '/root/ws/tutorial/ros2_ws6/build/ros2_control_demo_example_13' returned '0': AMENT_PREFIX_PATH=/root/ws/tutorial/ros2_ws6/install:${AMENT_PREFIX_PATH} CMAKE_PREFIX_PATH=/root/ws/tutorial/ros2_ws6/install:/opt/ros/jazzy/opt/gz_sim_vendor:/opt/ros/jazzy/opt/gz_sensors_vendor:/opt/ros/jazzy/opt/gz_physics_vendor:/opt/ros/jazzy/opt/gz_gui_vendor:/opt/ros/jazzy/opt/gz_transport_vendor:/opt/ros/jazzy/opt/gz_rendering_vendor:/opt/ros/jazzy/opt/gz_plugin_vendor:/opt/ros/jazzy/opt/gz_fuel_tools_vendor:/opt/ros/jazzy/opt/gz_msgs_vendor:/opt/ros/jazzy/opt/gz_common_vendor:/opt/ros/jazzy/opt/gz_ogre_next_vendor:/opt/ros/jazzy/opt/gz_dartsim_vendor:/opt/ros/jazzy/opt/sdformat_vendor:/opt/ros/jazzy/opt/gz_math_vendor:/opt/ros/jazzy/opt/gz_utils_vendor:/opt/ros/jazzy/opt/gz_tools_vendor:/opt/ros/jazzy/opt/gz_cmake_vendor:/opt/ros/jazzy LD_LIBRARY_PATH=/root/ws/tutorial/ros2_ws6/install/lib:${LD_LIBRARY_PATH} /usr/bin/cmake --build /root/ws/tutorial/ros2_ws6/build/ros2_control_demo_example_13 -- -j6 -l6
[3.504s] Invoking command in '/root/ws/tutorial/ros2_ws6/build/ros2_control_demo_example_13': AMENT_PREFIX_PATH=/root/ws/tutorial/ros2_ws6/install:${AMENT_PREFIX_PATH} CMAKE_PREFIX_PATH=/root/ws/tutorial/ros2_ws6/install:/opt/ros/jazzy/opt/gz_sim_vendor:/opt/ros/jazzy/opt/gz_sensors_vendor:/opt/ros/jazzy/opt/gz_physics_vendor:/opt/ros/jazzy/opt/gz_gui_vendor:/opt/ros/jazzy/opt/gz_transport_vendor:/opt/ros/jazzy/opt/gz_rendering_vendor:/opt/ros/jazzy/opt/gz_plugin_vendor:/opt/ros/jazzy/opt/gz_fuel_tools_vendor:/opt/ros/jazzy/opt/gz_msgs_vendor:/opt/ros/jazzy/opt/gz_common_vendor:/opt/ros/jazzy/opt/gz_ogre_next_vendor:/opt/ros/jazzy/opt/gz_dartsim_vendor:/opt/ros/jazzy/opt/sdformat_vendor:/opt/ros/jazzy/opt/gz_math_vendor:/opt/ros/jazzy/opt/gz_utils_vendor:/opt/ros/jazzy/opt/gz_tools_vendor:/opt/ros/jazzy/opt/gz_cmake_vendor:/opt/ros/jazzy LD_LIBRARY_PATH=/root/ws/tutorial/ros2_ws6/install/lib:${LD_LIBRARY_PATH} /usr/bin/cmake --install /root/ws/tutorial/ros2_ws6/build/ros2_control_demo_example_13
[3.524s] -- Install configuration: ""
[3.524s] -- Installing: /root/ws/tutorial/ros2_ws6/install/share/ros2_control_demo_example_13/ros2_control
[3.526s] -- Installing: /root/ws/tutorial/ros2_ws6/install/share/ros2_control_demo_example_13/ros2_control/threedofbot.ros2_control.xacro
[3.526s] -- Installing: /root/ws/tutorial/ros2_ws6/install/share/ros2_control_demo_example_13/urdf
[3.527s] -- Installing: /root/ws/tutorial/ros2_ws6/install/share/ros2_control_demo_example_13/urdf/three_robots.urdf.xacro
[3.527s] -- Installing: /root/ws/tutorial/ros2_ws6/install/share/ros2_control_demo_example_13/rviz
[3.527s] -- Installing: /root/ws/tutorial/ros2_ws6/install/share/ros2_control_demo_example_13/rviz/three_robots.rviz
[3.527s] -- Installing: /root/ws/tutorial/ros2_ws6/install/share/ros2_control_demo_example_13/launch
[3.527s] -- Installing: /root/ws/tutorial/ros2_ws6/install/share/ros2_control_demo_example_13/launch/three_robots.launch.py
[3.527s] -- Installing: /root/ws/tutorial/ros2_ws6/install/share/ros2_control_demo_example_13/config
[3.527s] -- Installing: /root/ws/tutorial/ros2_ws6/install/share/ros2_control_demo_example_13/config/three_robots_controllers.yaml
[3.527s] -- Installing: /root/ws/tutorial/ros2_ws6/install/share/ros2_control_demo_example_13/config/three_robots_position_command_publishers.yaml
[3.529s] -- Installing: /root/ws/tutorial/ros2_ws6/install/share/ament_index/resource_index/package_run_dependencies/ros2_control_demo_example_13
[3.530s] -- Installing: /root/ws/tutorial/ros2_ws6/install/share/ament_index/resource_index/parent_prefix_path/ros2_control_demo_example_13
[3.530s] -- Installing: /root/ws/tutorial/ros2_ws6/install/share/ros2_control_demo_example_13/environment/ament_prefix_path.sh
[3.530s] -- Installing: /root/ws/tutorial/ros2_ws6/install/share/ros2_control_demo_example_13/environment/ament_prefix_path.dsv
[3.530s] -- Installing: /root/ws/tutorial/ros2_ws6/install/share/ros2_control_demo_example_13/environment/path.sh
[3.530s] -- Installing: /root/ws/tutorial/ros2_ws6/install/share/ros2_control_demo_example_13/environment/path.dsv
[3.530s] -- Installing: /root/ws/tutorial/ros2_ws6/install/share/ros2_control_demo_example_13/local_setup.bash
[3.533s] -- Installing: /root/ws/tutorial/ros2_ws6/install/share/ros2_control_demo_example_13/local_setup.sh
[3.533s] -- Installing: /root/ws/tutorial/ros2_ws6/install/share/ros2_control_demo_example_13/local_setup.zsh
[3.534s] -- Installing: /root/ws/tutorial/ros2_ws6/install/share/ros2_control_demo_example_13/local_setup.dsv
[3.534s] -- Installing: /root/ws/tutorial/ros2_ws6/install/share/ros2_control_demo_example_13/package.dsv
[3.534s] -- Installing: /root/ws/tutorial/ros2_ws6/install/share/ament_index/resource_index/packages/ros2_control_demo_example_13
[3.534s] -- Installing: /root/ws/tutorial/ros2_ws6/install/share/ros2_control_demo_example_13/cmake/ros2_control_demo_example_13Config.cmake
[3.534s] -- Installing: /root/ws/tutorial/ros2_ws6/install/share/ros2_control_demo_example_13/cmake/ros2_control_demo_example_13Config-version.cmake
[3.536s] -- Installing: /root/ws/tutorial/ros2_ws6/install/share/ros2_control_demo_example_13/package.xml
[3.536s] Invoked command in '/root/ws/tutorial/ros2_ws6/build/ros2_control_demo_example_13' returned '0': AMENT_PREFIX_PATH=/root/ws/tutorial/ros2_ws6/install:${AMENT_PREFIX_PATH} CMAKE_PREFIX_PATH=/root/ws/tutorial/ros2_ws6/install:/opt/ros/jazzy/opt/gz_sim_vendor:/opt/ros/jazzy/opt/gz_sensors_vendor:/opt/ros/jazzy/opt/gz_physics_vendor:/opt/ros/jazzy/opt/gz_gui_vendor:/opt/ros/jazzy/opt/gz_transport_vendor:/opt/ros/jazzy/opt/gz_rendering_vendor:/opt/ros/jazzy/opt/gz_plugin_vendor:/opt/ros/jazzy/opt/gz_fuel_tools_vendor:/opt/ros/jazzy/opt/gz_msgs_vendor:/opt/ros/jazzy/opt/gz_common_vendor:/opt/ros/jazzy/opt/gz_ogre_next_vendor:/opt/ros/jazzy/opt/gz_dartsim_vendor:/opt/ros/jazzy/opt/sdformat_vendor:/opt/ros/jazzy/opt/gz_math_vendor:/opt/ros/jazzy/opt/gz_utils_vendor:/opt/ros/jazzy/opt/gz_tools_vendor:/opt/ros/jazzy/opt/gz_cmake_vendor:/opt/ros/jazzy LD_LIBRARY_PATH=/root/ws/tutorial/ros2_ws6/install/lib:${LD_LIBRARY_PATH} /usr/bin/cmake --install /root/ws/tutorial/ros2_ws6/build/ros2_control_demo_example_13
