[0.011s] Invoking command in '/root/ws/tutorial/ws7/build/custom_action_interfaces': CMAKE_PREFIX_PATH=${CMAKE_PREFIX_PATH}:/opt/ros/jazzy /usr/bin/cmake /root/ws/tutorial/ws7/src/custom_action_interfaces -DCMAKE_INSTALL_PREFIX=/root/ws/tutorial/ws7/install/custom_action_interfaces
[0.147s] -- The C compiler identification is GNU 13.3.0
[0.262s] -- The CXX compiler identification is GNU 13.3.0
[0.286s] -- Detecting C compiler ABI info
[0.397s] -- Detecting C compiler ABI info - done
[0.409s] -- Check for working C compiler: /usr/bin/cc - skipped
[0.410s] -- Detecting C compile features
[0.410s] -- Detecting C compile features - done
[0.422s] -- Detecting CXX compiler ABI info
[0.546s] -- Detecting CXX compiler ABI info - done
[0.557s] -- Check for working CXX compiler: /usr/bin/c++ - skipped
[0.557s] -- Detecting CXX compile features
[0.558s] -- Detecting CXX compile features - done
[0.563s] -- Found rosidl_default_generators: 1.6.0 (/opt/ros/jazzy/share/rosidl_default_generators/cmake)
[0.762s] -- Found Python3: /usr/bin/python3 (found version "3.12.3") found components: Interpreter 
[0.872s] -- Using all available rosidl_typesupport_c: rosidl_typesupport_fastrtps_c;rosidl_typesupport_introspection_c
[1.015s] -- Using all available rosidl_typesupport_cpp: rosidl_typesupport_fastrtps_cpp;rosidl_typesupport_introspection_cpp
[1.091s] -- Found rosidl_adapter: 4.6.6 (/opt/ros/jazzy/share/rosidl_adapter/cmake)
[1.917s] -- Found ament_cmake_ros: 0.12.0 (/opt/ros/jazzy/share/ament_cmake_ros/cmake)
[2.441s] -- Using all available rosidl_typesupport_c: rosidl_typesupport_fastrtps_c;rosidl_typesupport_introspection_c
[3.141s] -- Using all available rosidl_typesupport_cpp: rosidl_typesupport_fastrtps_cpp;rosidl_typesupport_introspection_cpp
[3.146s] -- Found python_cmake_module: 0.11.1 (/opt/ros/jazzy/share/python_cmake_module/cmake)
[3.306s] -- Found PythonExtra: /usr/bin/python3  
[3.874s] -- Found Python3: /usr/bin/python3 (found version "3.12.3") found components: Interpreter Development NumPy Development.Module Development.Embed 
[3.920s] -- Found ament_lint_auto: 0.17.3 (/opt/ros/jazzy/share/ament_lint_auto/cmake)
[3.961s] -- Added test 'lint_cmake' to check CMake code style
[3.963s] -- Added test 'xmllint' to check XML markup files
[3.968s] -- Configuring done (3.9s)
[4.022s] -- Generating done (0.0s)
[4.039s] -- Build files have been written to: /root/ws/tutorial/ws7/build/custom_action_interfaces
[4.051s] Invoked command in '/root/ws/tutorial/ws7/build/custom_action_interfaces' returned '0': CMAKE_PREFIX_PATH=${CMAKE_PREFIX_PATH}:/opt/ros/jazzy /usr/bin/cmake /root/ws/tutorial/ws7/src/custom_action_interfaces -DCMAKE_INSTALL_PREFIX=/root/ws/tutorial/ws7/install/custom_action_interfaces
[4.053s] Invoking command in '/root/ws/tutorial/ws7/build/custom_action_interfaces': CMAKE_PREFIX_PATH=${CMAKE_PREFIX_PATH}:/opt/ros/jazzy /usr/bin/cmake --build /root/ws/tutorial/ws7/build/custom_action_interfaces -- -j6 -l6
[4.114s] [  2%] [34m[1mGenerating type hashes for ROS interfaces[0m
[4.124s] [  2%] Built target ament_cmake_python_copy_custom_action_interfaces
[4.345s] [  2%] Built target custom_action_interfaces__rosidl_generator_type_description
[4.357s] [  5%] [34m[1mGenerating C code for ROS interfaces[0m
[4.369s] running egg_info
[4.370s] creating custom_action_interfaces.egg-info
[4.371s] [  8%] [34m[1mGenerating C++ code for ROS interfaces[0m
[4.391s] writing custom_action_interfaces.egg-info/PKG-INFO
[4.391s] writing dependency_links to custom_action_interfaces.egg-info/dependency_links.txt
[4.391s] writing top-level names to custom_action_interfaces.egg-info/top_level.txt
[4.391s] writing manifest file 'custom_action_interfaces.egg-info/SOURCES.txt'
[4.452s] reading manifest file 'custom_action_interfaces.egg-info/SOURCES.txt'
[4.453s] writing manifest file 'custom_action_interfaces.egg-info/SOURCES.txt'
[4.487s] [  8%] Built target ament_cmake_python_build_custom_action_interfaces_egg
[4.884s] [ 17%] [32mBuilding C object CMakeFiles/custom_action_interfaces__rosidl_generator_c.dir/rosidl_generator_c/custom_action_interfaces/action/detail/fibonacci__functions.c.o[0m
[4.885s] [ 17%] [32mBuilding C object CMakeFiles/custom_action_interfaces__rosidl_generator_c.dir/rosidl_generator_c/custom_action_interfaces/action/detail/fibonacci__type_support.c.o[0m
[4.885s] [ 17%] [32mBuilding C object CMakeFiles/custom_action_interfaces__rosidl_generator_c.dir/rosidl_generator_c/custom_action_interfaces/action/detail/fibonacci__description.c.o[0m
[4.892s] [ 17%] Built target custom_action_interfaces__cpp
[5.109s] [ 20%] [32m[1mLinking C shared library libcustom_action_interfaces__rosidl_generator_c.so[0m
[5.156s] [ 20%] Built target custom_action_interfaces__rosidl_generator_c
[5.169s] [ 23%] [34m[1mGenerating C type support for eProsima Fast-RTPS[0m
[5.170s] [ 26%] [34m[1mGenerating C type support dispatch for ROS interfaces[0m
[5.171s] [ 29%] [34m[1mGenerating C++ type support dispatch for ROS interfaces[0m
[5.174s] [ 32%] [34m[1mGenerating C introspection for ROS interfaces[0m
[5.176s] [ 35%] [34m[1mGenerating C++ introspection for ROS interfaces[0m
[5.185s] [ 38%] [34m[1mGenerating C++ type support for eProsima Fast-RTPS[0m
[5.588s] [ 41%] [32mBuilding CXX object CMakeFiles/custom_action_interfaces__rosidl_typesupport_cpp.dir/rosidl_typesupport_cpp/custom_action_interfaces/action/fibonacci__type_support.cpp.o[0m
[5.589s] [ 44%] [32mBuilding CXX object CMakeFiles/custom_action_interfaces__rosidl_typesupport_c.dir/rosidl_typesupport_c/custom_action_interfaces/action/fibonacci__type_support.cpp.o[0m
[5.656s] [ 47%] [32mBuilding CXX object CMakeFiles/custom_action_interfaces__rosidl_typesupport_introspection_cpp.dir/rosidl_typesupport_introspection_cpp/custom_action_interfaces/action/detail/fibonacci__type_support.cpp.o[0m
[5.664s] [ 50%] [32mBuilding C object CMakeFiles/custom_action_interfaces__rosidl_typesupport_introspection_c.dir/rosidl_typesupport_introspection_c/custom_action_interfaces/action/detail/fibonacci__type_support.c.o[0m
[5.716s] [ 52%] [32m[1mLinking CXX shared library libcustom_action_interfaces__rosidl_typesupport_c.so[0m
[5.782s] [ 55%] [32m[1mLinking C shared library libcustom_action_interfaces__rosidl_typesupport_introspection_c.so[0m
[5.784s] [ 55%] Built target custom_action_interfaces__rosidl_typesupport_c
[5.824s] [ 55%] Built target custom_action_interfaces__rosidl_typesupport_introspection_c
[5.906s] [ 58%] [32mBuilding CXX object CMakeFiles/custom_action_interfaces__rosidl_typesupport_fastrtps_cpp.dir/rosidl_typesupport_fastrtps_cpp/custom_action_interfaces/action/detail/dds_fastrtps/fibonacci__type_support.cpp.o[0m
[6.027s] [ 61%] [32mBuilding CXX object CMakeFiles/custom_action_interfaces__rosidl_typesupport_fastrtps_c.dir/rosidl_typesupport_fastrtps_c/custom_action_interfaces/action/detail/fibonacci__type_support_c.cpp.o[0m
[6.576s] [ 64%] [32m[1mLinking CXX shared library libcustom_action_interfaces__rosidl_typesupport_cpp.so[0m
[6.692s] [ 64%] Built target custom_action_interfaces__rosidl_typesupport_cpp
[6.701s] [ 67%] [32m[1mLinking CXX shared library libcustom_action_interfaces__rosidl_typesupport_introspection_cpp.so[0m
[6.810s] [ 67%] Built target custom_action_interfaces__rosidl_typesupport_introspection_cpp
[6.941s] [ 70%] [32m[1mLinking CXX shared library libcustom_action_interfaces__rosidl_typesupport_fastrtps_c.so[0m
[7.010s] [ 70%] Built target custom_action_interfaces__rosidl_typesupport_fastrtps_c
[7.288s] [ 73%] [32m[1mLinking CXX shared library libcustom_action_interfaces__rosidl_typesupport_fastrtps_cpp.so[0m
[7.403s] [ 73%] Built target custom_action_interfaces__rosidl_typesupport_fastrtps_cpp
[7.428s] [ 73%] Built target custom_action_interfaces
[7.452s] [ 76%] [34m[1mGenerating Python code for ROS interfaces[0m
[8.223s] [ 76%] Built target custom_action_interfaces__py
[8.248s] [ 79%] [32mBuilding C object CMakeFiles/custom_action_interfaces__rosidl_generator_py.dir/rosidl_generator_py/custom_action_interfaces/action/_fibonacci_s.c.o[0m
[8.549s] [ 82%] [32m[1mLinking C shared library libcustom_action_interfaces__rosidl_generator_py.so[0m
[8.605s] [ 82%] Built target custom_action_interfaces__rosidl_generator_py
[8.630s] [ 88%] [32mBuilding C object CMakeFiles/custom_action_interfaces_s__rosidl_typesupport_fastrtps_c.dir/rosidl_generator_py/custom_action_interfaces/_custom_action_interfaces_s.ep.rosidl_typesupport_fastrtps_c.c.o[0m
[8.630s] [ 88%] [32mBuilding C object CMakeFiles/custom_action_interfaces_s__rosidl_typesupport_introspection_c.dir/rosidl_generator_py/custom_action_interfaces/_custom_action_interfaces_s.ep.rosidl_typesupport_introspection_c.c.o[0m
[8.631s] [ 91%] [32mBuilding C object CMakeFiles/custom_action_interfaces_s__rosidl_typesupport_c.dir/rosidl_generator_py/custom_action_interfaces/_custom_action_interfaces_s.ep.rosidl_typesupport_c.c.o[0m
[8.797s] [ 94%] [32m[1mLinking C shared module rosidl_generator_py/custom_action_interfaces/custom_action_interfaces_s__rosidl_typesupport_introspection_c.so[0m
[8.801s] [ 97%] [32m[1mLinking C shared module rosidl_generator_py/custom_action_interfaces/custom_action_interfaces_s__rosidl_typesupport_fastrtps_c.so[0m
[8.809s] [100%] [32m[1mLinking C shared module rosidl_generator_py/custom_action_interfaces/custom_action_interfaces_s__rosidl_typesupport_c.so[0m
[8.838s] [100%] Built target custom_action_interfaces_s__rosidl_typesupport_introspection_c
[8.845s] [100%] Built target custom_action_interfaces_s__rosidl_typesupport_fastrtps_c
[8.852s] [100%] Built target custom_action_interfaces_s__rosidl_typesupport_c
[8.866s] Invoked command in '/root/ws/tutorial/ws7/build/custom_action_interfaces' returned '0': CMAKE_PREFIX_PATH=${CMAKE_PREFIX_PATH}:/opt/ros/jazzy /usr/bin/cmake --build /root/ws/tutorial/ws7/build/custom_action_interfaces -- -j6 -l6
[8.879s] Invoking command in '/root/ws/tutorial/ws7/build/custom_action_interfaces': CMAKE_PREFIX_PATH=${CMAKE_PREFIX_PATH}:/opt/ros/jazzy /usr/bin/cmake --install /root/ws/tutorial/ws7/build/custom_action_interfaces
[8.891s] -- Install configuration: ""
[8.891s] -- Installing: /root/ws/tutorial/ws7/install/custom_action_interfaces/share/ament_index/resource_index/rosidl_interfaces/custom_action_interfaces
[8.891s] -- Installing: /root/ws/tutorial/ws7/install/custom_action_interfaces/share/custom_action_interfaces/action/Fibonacci.json
[8.892s] -- Installing: /root/ws/tutorial/ws7/install/custom_action_interfaces/include/custom_action_interfaces/custom_action_interfaces
[8.892s] -- Installing: /root/ws/tutorial/ws7/install/custom_action_interfaces/include/custom_action_interfaces/custom_action_interfaces/msg
[8.892s] -- Installing: /root/ws/tutorial/ws7/install/custom_action_interfaces/include/custom_action_interfaces/custom_action_interfaces/msg/rosidl_generator_c__visibility_control.h
[8.892s] -- Installing: /root/ws/tutorial/ws7/install/custom_action_interfaces/include/custom_action_interfaces/custom_action_interfaces/action
[8.892s] -- Installing: /root/ws/tutorial/ws7/install/custom_action_interfaces/include/custom_action_interfaces/custom_action_interfaces/action/fibonacci.h
[8.893s] -- Installing: /root/ws/tutorial/ws7/install/custom_action_interfaces/include/custom_action_interfaces/custom_action_interfaces/action/detail
[8.893s] -- Installing: /root/ws/tutorial/ws7/install/custom_action_interfaces/include/custom_action_interfaces/custom_action_interfaces/action/detail/fibonacci__struct.h
[8.893s] -- Installing: /root/ws/tutorial/ws7/install/custom_action_interfaces/include/custom_action_interfaces/custom_action_interfaces/action/detail/fibonacci__functions.c
[8.893s] -- Installing: /root/ws/tutorial/ws7/install/custom_action_interfaces/include/custom_action_interfaces/custom_action_interfaces/action/detail/fibonacci__type_support.h
[8.893s] -- Installing: /root/ws/tutorial/ws7/install/custom_action_interfaces/include/custom_action_interfaces/custom_action_interfaces/action/detail/fibonacci__functions.h
[8.894s] -- Installing: /root/ws/tutorial/ws7/install/custom_action_interfaces/include/custom_action_interfaces/custom_action_interfaces/action/detail/fibonacci__description.c
[8.894s] -- Installing: /root/ws/tutorial/ws7/install/custom_action_interfaces/include/custom_action_interfaces/custom_action_interfaces/action/detail/fibonacci__type_support.c
[8.894s] -- Installing: /root/ws/tutorial/ws7/install/custom_action_interfaces/share/custom_action_interfaces/environment/library_path.sh
[8.894s] -- Installing: /root/ws/tutorial/ws7/install/custom_action_interfaces/share/custom_action_interfaces/environment/library_path.dsv
[8.895s] -- Installing: /root/ws/tutorial/ws7/install/custom_action_interfaces/lib/libcustom_action_interfaces__rosidl_generator_c.so
[8.895s] -- Set non-toolchain portion of runtime path of "/root/ws/tutorial/ws7/install/custom_action_interfaces/lib/libcustom_action_interfaces__rosidl_generator_c.so" to ""
[8.895s] -- Up-to-date: /root/ws/tutorial/ws7/install/custom_action_interfaces/include/custom_action_interfaces/custom_action_interfaces
[8.896s] -- Up-to-date: /root/ws/tutorial/ws7/install/custom_action_interfaces/include/custom_action_interfaces/custom_action_interfaces/msg
[8.896s] -- Installing: /root/ws/tutorial/ws7/install/custom_action_interfaces/include/custom_action_interfaces/custom_action_interfaces/msg/rosidl_typesupport_fastrtps_c__visibility_control.h
[8.896s] -- Up-to-date: /root/ws/tutorial/ws7/install/custom_action_interfaces/include/custom_action_interfaces/custom_action_interfaces/action
[8.896s] -- Up-to-date: /root/ws/tutorial/ws7/install/custom_action_interfaces/include/custom_action_interfaces/custom_action_interfaces/action/detail
[8.896s] -- Installing: /root/ws/tutorial/ws7/install/custom_action_interfaces/include/custom_action_interfaces/custom_action_interfaces/action/detail/fibonacci__rosidl_typesupport_fastrtps_c.h
[8.896s] -- Installing: /root/ws/tutorial/ws7/install/custom_action_interfaces/lib/libcustom_action_interfaces__rosidl_typesupport_fastrtps_c.so
[8.896s] -- Set non-toolchain portion of runtime path of "/root/ws/tutorial/ws7/install/custom_action_interfaces/lib/libcustom_action_interfaces__rosidl_typesupport_fastrtps_c.so" to ""
[8.896s] -- Up-to-date: /root/ws/tutorial/ws7/install/custom_action_interfaces/include/custom_action_interfaces/custom_action_interfaces
[8.897s] -- Up-to-date: /root/ws/tutorial/ws7/install/custom_action_interfaces/include/custom_action_interfaces/custom_action_interfaces/msg
[8.897s] -- Installing: /root/ws/tutorial/ws7/install/custom_action_interfaces/include/custom_action_interfaces/custom_action_interfaces/msg/rosidl_typesupport_introspection_c__visibility_control.h
[8.897s] -- Up-to-date: /root/ws/tutorial/ws7/install/custom_action_interfaces/include/custom_action_interfaces/custom_action_interfaces/action
[8.897s] -- Up-to-date: /root/ws/tutorial/ws7/install/custom_action_interfaces/include/custom_action_interfaces/custom_action_interfaces/action/detail
[8.897s] -- Installing: /root/ws/tutorial/ws7/install/custom_action_interfaces/include/custom_action_interfaces/custom_action_interfaces/action/detail/fibonacci__type_support.c
[8.897s] -- Installing: /root/ws/tutorial/ws7/install/custom_action_interfaces/include/custom_action_interfaces/custom_action_interfaces/action/detail/fibonacci__rosidl_typesupport_introspection_c.h
[8.897s] -- Installing: /root/ws/tutorial/ws7/install/custom_action_interfaces/lib/libcustom_action_interfaces__rosidl_typesupport_introspection_c.so
[8.898s] -- Set non-toolchain portion of runtime path of "/root/ws/tutorial/ws7/install/custom_action_interfaces/lib/libcustom_action_interfaces__rosidl_typesupport_introspection_c.so" to ""
[8.898s] -- Installing: /root/ws/tutorial/ws7/install/custom_action_interfaces/lib/libcustom_action_interfaces__rosidl_typesupport_c.so
[8.898s] -- Set non-toolchain portion of runtime path of "/root/ws/tutorial/ws7/install/custom_action_interfaces/lib/libcustom_action_interfaces__rosidl_typesupport_c.so" to ""
[8.898s] -- Up-to-date: /root/ws/tutorial/ws7/install/custom_action_interfaces/include/custom_action_interfaces/custom_action_interfaces
[8.899s] -- Up-to-date: /root/ws/tutorial/ws7/install/custom_action_interfaces/include/custom_action_interfaces/custom_action_interfaces/msg
[8.899s] -- Installing: /root/ws/tutorial/ws7/install/custom_action_interfaces/include/custom_action_interfaces/custom_action_interfaces/msg/rosidl_generator_cpp__visibility_control.hpp
[8.899s] -- Up-to-date: /root/ws/tutorial/ws7/install/custom_action_interfaces/include/custom_action_interfaces/custom_action_interfaces/action
[8.899s] -- Installing: /root/ws/tutorial/ws7/install/custom_action_interfaces/include/custom_action_interfaces/custom_action_interfaces/action/fibonacci.hpp
[8.899s] -- Up-to-date: /root/ws/tutorial/ws7/install/custom_action_interfaces/include/custom_action_interfaces/custom_action_interfaces/action/detail
[8.899s] -- Installing: /root/ws/tutorial/ws7/install/custom_action_interfaces/include/custom_action_interfaces/custom_action_interfaces/action/detail/fibonacci__struct.hpp
[8.899s] -- Installing: /root/ws/tutorial/ws7/install/custom_action_interfaces/include/custom_action_interfaces/custom_action_interfaces/action/detail/fibonacci__builder.hpp
[8.899s] -- Installing: /root/ws/tutorial/ws7/install/custom_action_interfaces/include/custom_action_interfaces/custom_action_interfaces/action/detail/fibonacci__type_support.hpp
[8.899s] -- Installing: /root/ws/tutorial/ws7/install/custom_action_interfaces/include/custom_action_interfaces/custom_action_interfaces/action/detail/fibonacci__traits.hpp
[8.899s] -- Up-to-date: /root/ws/tutorial/ws7/install/custom_action_interfaces/include/custom_action_interfaces/custom_action_interfaces
[8.900s] -- Up-to-date: /root/ws/tutorial/ws7/install/custom_action_interfaces/include/custom_action_interfaces/custom_action_interfaces/msg
[8.900s] -- Installing: /root/ws/tutorial/ws7/install/custom_action_interfaces/include/custom_action_interfaces/custom_action_interfaces/msg/rosidl_typesupport_fastrtps_cpp__visibility_control.h
[8.900s] -- Up-to-date: /root/ws/tutorial/ws7/install/custom_action_interfaces/include/custom_action_interfaces/custom_action_interfaces/action
[8.900s] -- Up-to-date: /root/ws/tutorial/ws7/install/custom_action_interfaces/include/custom_action_interfaces/custom_action_interfaces/action/detail
[8.900s] -- Installing: /root/ws/tutorial/ws7/install/custom_action_interfaces/include/custom_action_interfaces/custom_action_interfaces/action/detail/fibonacci__rosidl_typesupport_fastrtps_cpp.hpp
[8.900s] -- Installing: /root/ws/tutorial/ws7/install/custom_action_interfaces/include/custom_action_interfaces/custom_action_interfaces/action/detail/dds_fastrtps
[8.900s] -- Installing: /root/ws/tutorial/ws7/install/custom_action_interfaces/lib/libcustom_action_interfaces__rosidl_typesupport_fastrtps_cpp.so
[8.901s] -- Set non-toolchain portion of runtime path of "/root/ws/tutorial/ws7/install/custom_action_interfaces/lib/libcustom_action_interfaces__rosidl_typesupport_fastrtps_cpp.so" to ""
[8.901s] -- Up-to-date: /root/ws/tutorial/ws7/install/custom_action_interfaces/include/custom_action_interfaces/custom_action_interfaces
[8.901s] -- Up-to-date: /root/ws/tutorial/ws7/install/custom_action_interfaces/include/custom_action_interfaces/custom_action_interfaces/action
[8.901s] -- Up-to-date: /root/ws/tutorial/ws7/install/custom_action_interfaces/include/custom_action_interfaces/custom_action_interfaces/action/detail
[8.901s] -- Installing: /root/ws/tutorial/ws7/install/custom_action_interfaces/include/custom_action_interfaces/custom_action_interfaces/action/detail/fibonacci__rosidl_typesupport_introspection_cpp.hpp
[8.901s] -- Installing: /root/ws/tutorial/ws7/install/custom_action_interfaces/include/custom_action_interfaces/custom_action_interfaces/action/detail/fibonacci__type_support.cpp
[8.902s] -- Installing: /root/ws/tutorial/ws7/install/custom_action_interfaces/lib/libcustom_action_interfaces__rosidl_typesupport_introspection_cpp.so
[8.903s] -- Set non-toolchain portion of runtime path of "/root/ws/tutorial/ws7/install/custom_action_interfaces/lib/libcustom_action_interfaces__rosidl_typesupport_introspection_cpp.so" to ""
[8.903s] -- Installing: /root/ws/tutorial/ws7/install/custom_action_interfaces/lib/libcustom_action_interfaces__rosidl_typesupport_cpp.so
[8.904s] -- Set non-toolchain portion of runtime path of "/root/ws/tutorial/ws7/install/custom_action_interfaces/lib/libcustom_action_interfaces__rosidl_typesupport_cpp.so" to ""
[8.904s] -- Installing: /root/ws/tutorial/ws7/install/custom_action_interfaces/share/custom_action_interfaces/environment/pythonpath.sh
[8.904s] -- Installing: /root/ws/tutorial/ws7/install/custom_action_interfaces/share/custom_action_interfaces/environment/pythonpath.dsv
[8.904s] -- Installing: /root/ws/tutorial/ws7/install/custom_action_interfaces/lib/python3.12/site-packages/custom_action_interfaces-0.0.0-py3.12.egg-info
[8.904s] -- Installing: /root/ws/tutorial/ws7/install/custom_action_interfaces/lib/python3.12/site-packages/custom_action_interfaces-0.0.0-py3.12.egg-info/dependency_links.txt
[8.904s] -- Installing: /root/ws/tutorial/ws7/install/custom_action_interfaces/lib/python3.12/site-packages/custom_action_interfaces-0.0.0-py3.12.egg-info/top_level.txt
[8.905s] -- Installing: /root/ws/tutorial/ws7/install/custom_action_interfaces/lib/python3.12/site-packages/custom_action_interfaces-0.0.0-py3.12.egg-info/SOURCES.txt
[8.905s] -- Installing: /root/ws/tutorial/ws7/install/custom_action_interfaces/lib/python3.12/site-packages/custom_action_interfaces-0.0.0-py3.12.egg-info/PKG-INFO
[8.905s] -- Installing: /root/ws/tutorial/ws7/install/custom_action_interfaces/lib/python3.12/site-packages/custom_action_interfaces
[8.905s] -- Installing: /root/ws/tutorial/ws7/install/custom_action_interfaces/lib/python3.12/site-packages/custom_action_interfaces/__init__.py
[8.905s] -- Installing: /root/ws/tutorial/ws7/install/custom_action_interfaces/lib/python3.12/site-packages/custom_action_interfaces/custom_action_interfaces_s__rosidl_typesupport_introspection_c.so
[8.905s] -- Installing: /root/ws/tutorial/ws7/install/custom_action_interfaces/lib/python3.12/site-packages/custom_action_interfaces/custom_action_interfaces_s__rosidl_typesupport_c.so
[8.905s] -- Installing: /root/ws/tutorial/ws7/install/custom_action_interfaces/lib/python3.12/site-packages/custom_action_interfaces/action
[8.906s] -- Installing: /root/ws/tutorial/ws7/install/custom_action_interfaces/lib/python3.12/site-packages/custom_action_interfaces/action/_fibonacci.py
[8.906s] -- Installing: /root/ws/tutorial/ws7/install/custom_action_interfaces/lib/python3.12/site-packages/custom_action_interfaces/action/__init__.py
[8.906s] -- Installing: /root/ws/tutorial/ws7/install/custom_action_interfaces/lib/python3.12/site-packages/custom_action_interfaces/action/_fibonacci_s.c
[8.906s] -- Installing: /root/ws/tutorial/ws7/install/custom_action_interfaces/lib/python3.12/site-packages/custom_action_interfaces/_custom_action_interfaces_s.ep.rosidl_typesupport_c.c
[8.906s] -- Installing: /root/ws/tutorial/ws7/install/custom_action_interfaces/lib/python3.12/site-packages/custom_action_interfaces/_custom_action_interfaces_s.ep.rosidl_typesupport_fastrtps_c.c
[8.906s] -- Installing: /root/ws/tutorial/ws7/install/custom_action_interfaces/lib/python3.12/site-packages/custom_action_interfaces/custom_action_interfaces_s__rosidl_typesupport_fastrtps_c.so
[8.906s] -- Installing: /root/ws/tutorial/ws7/install/custom_action_interfaces/lib/python3.12/site-packages/custom_action_interfaces/_custom_action_interfaces_s.ep.rosidl_typesupport_introspection_c.c
[8.966s] Listing '/root/ws/tutorial/ws7/install/custom_action_interfaces/lib/python3.12/site-packages/custom_action_interfaces'...
[8.966s] Compiling '/root/ws/tutorial/ws7/install/custom_action_interfaces/lib/python3.12/site-packages/custom_action_interfaces/__init__.py'...
[8.966s] Listing '/root/ws/tutorial/ws7/install/custom_action_interfaces/lib/python3.12/site-packages/custom_action_interfaces/action'...
[8.966s] Compiling '/root/ws/tutorial/ws7/install/custom_action_interfaces/lib/python3.12/site-packages/custom_action_interfaces/action/__init__.py'...
[8.966s] Compiling '/root/ws/tutorial/ws7/install/custom_action_interfaces/lib/python3.12/site-packages/custom_action_interfaces/action/_fibonacci.py'...
[8.973s] -- Installing: /root/ws/tutorial/ws7/install/custom_action_interfaces/lib/python3.12/site-packages/custom_action_interfaces/custom_action_interfaces_s__rosidl_typesupport_fastrtps_c.so
[8.974s] -- Set non-toolchain portion of runtime path of "/root/ws/tutorial/ws7/install/custom_action_interfaces/lib/python3.12/site-packages/custom_action_interfaces/custom_action_interfaces_s__rosidl_typesupport_fastrtps_c.so" to ""
[8.974s] -- Installing: /root/ws/tutorial/ws7/install/custom_action_interfaces/lib/python3.12/site-packages/custom_action_interfaces/custom_action_interfaces_s__rosidl_typesupport_introspection_c.so
[8.975s] -- Set non-toolchain portion of runtime path of "/root/ws/tutorial/ws7/install/custom_action_interfaces/lib/python3.12/site-packages/custom_action_interfaces/custom_action_interfaces_s__rosidl_typesupport_introspection_c.so" to ""
[8.975s] -- Installing: /root/ws/tutorial/ws7/install/custom_action_interfaces/lib/python3.12/site-packages/custom_action_interfaces/custom_action_interfaces_s__rosidl_typesupport_c.so
[8.976s] -- Set non-toolchain portion of runtime path of "/root/ws/tutorial/ws7/install/custom_action_interfaces/lib/python3.12/site-packages/custom_action_interfaces/custom_action_interfaces_s__rosidl_typesupport_c.so" to ""
[8.976s] -- Installing: /root/ws/tutorial/ws7/install/custom_action_interfaces/lib/libcustom_action_interfaces__rosidl_generator_py.so
[8.976s] -- Set non-toolchain portion of runtime path of "/root/ws/tutorial/ws7/install/custom_action_interfaces/lib/libcustom_action_interfaces__rosidl_generator_py.so" to ""
[8.976s] -- Installing: /root/ws/tutorial/ws7/install/custom_action_interfaces/share/custom_action_interfaces/action/Fibonacci.idl
[8.977s] -- Installing: /root/ws/tutorial/ws7/install/custom_action_interfaces/share/custom_action_interfaces/action/Fibonacci.action
[8.977s] -- Installing: /root/ws/tutorial/ws7/install/custom_action_interfaces/share/ament_index/resource_index/package_run_dependencies/custom_action_interfaces
[8.977s] -- Installing: /root/ws/tutorial/ws7/install/custom_action_interfaces/share/ament_index/resource_index/parent_prefix_path/custom_action_interfaces
[8.977s] -- Installing: /root/ws/tutorial/ws7/install/custom_action_interfaces/share/custom_action_interfaces/environment/ament_prefix_path.sh
[8.977s] -- Installing: /root/ws/tutorial/ws7/install/custom_action_interfaces/share/custom_action_interfaces/environment/ament_prefix_path.dsv
[8.978s] -- Installing: /root/ws/tutorial/ws7/install/custom_action_interfaces/share/custom_action_interfaces/environment/path.sh
[8.978s] -- Installing: /root/ws/tutorial/ws7/install/custom_action_interfaces/share/custom_action_interfaces/environment/path.dsv
[8.978s] -- Installing: /root/ws/tutorial/ws7/install/custom_action_interfaces/share/custom_action_interfaces/local_setup.bash
[8.978s] -- Installing: /root/ws/tutorial/ws7/install/custom_action_interfaces/share/custom_action_interfaces/local_setup.sh
[8.978s] -- Installing: /root/ws/tutorial/ws7/install/custom_action_interfaces/share/custom_action_interfaces/local_setup.zsh
[8.978s] -- Installing: /root/ws/tutorial/ws7/install/custom_action_interfaces/share/custom_action_interfaces/local_setup.dsv
[8.979s] -- Installing: /root/ws/tutorial/ws7/install/custom_action_interfaces/share/custom_action_interfaces/package.dsv
[8.979s] -- Installing: /root/ws/tutorial/ws7/install/custom_action_interfaces/share/ament_index/resource_index/packages/custom_action_interfaces
[8.979s] -- Installing: /root/ws/tutorial/ws7/install/custom_action_interfaces/share/custom_action_interfaces/cmake/export_custom_action_interfaces__rosidl_generator_cExport.cmake
[8.979s] -- Installing: /root/ws/tutorial/ws7/install/custom_action_interfaces/share/custom_action_interfaces/cmake/export_custom_action_interfaces__rosidl_generator_cExport-noconfig.cmake
[8.979s] -- Installing: /root/ws/tutorial/ws7/install/custom_action_interfaces/share/custom_action_interfaces/cmake/export_custom_action_interfaces__rosidl_typesupport_fastrtps_cExport.cmake
[8.979s] -- Installing: /root/ws/tutorial/ws7/install/custom_action_interfaces/share/custom_action_interfaces/cmake/export_custom_action_interfaces__rosidl_typesupport_fastrtps_cExport-noconfig.cmake
[8.980s] -- Installing: /root/ws/tutorial/ws7/install/custom_action_interfaces/share/custom_action_interfaces/cmake/custom_action_interfaces__rosidl_typesupport_introspection_cExport.cmake
[8.980s] -- Installing: /root/ws/tutorial/ws7/install/custom_action_interfaces/share/custom_action_interfaces/cmake/custom_action_interfaces__rosidl_typesupport_introspection_cExport-noconfig.cmake
[8.980s] -- Installing: /root/ws/tutorial/ws7/install/custom_action_interfaces/share/custom_action_interfaces/cmake/custom_action_interfaces__rosidl_typesupport_cExport.cmake
[8.980s] -- Installing: /root/ws/tutorial/ws7/install/custom_action_interfaces/share/custom_action_interfaces/cmake/custom_action_interfaces__rosidl_typesupport_cExport-noconfig.cmake
[8.981s] -- Installing: /root/ws/tutorial/ws7/install/custom_action_interfaces/share/custom_action_interfaces/cmake/export_custom_action_interfaces__rosidl_generator_cppExport.cmake
[8.981s] -- Installing: /root/ws/tutorial/ws7/install/custom_action_interfaces/share/custom_action_interfaces/cmake/export_custom_action_interfaces__rosidl_typesupport_fastrtps_cppExport.cmake
[8.981s] -- Installing: /root/ws/tutorial/ws7/install/custom_action_interfaces/share/custom_action_interfaces/cmake/export_custom_action_interfaces__rosidl_typesupport_fastrtps_cppExport-noconfig.cmake
[8.981s] -- Installing: /root/ws/tutorial/ws7/install/custom_action_interfaces/share/custom_action_interfaces/cmake/custom_action_interfaces__rosidl_typesupport_introspection_cppExport.cmake
[8.982s] -- Installing: /root/ws/tutorial/ws7/install/custom_action_interfaces/share/custom_action_interfaces/cmake/custom_action_interfaces__rosidl_typesupport_introspection_cppExport-noconfig.cmake
[8.982s] -- Installing: /root/ws/tutorial/ws7/install/custom_action_interfaces/share/custom_action_interfaces/cmake/custom_action_interfaces__rosidl_typesupport_cppExport.cmake
[8.982s] -- Installing: /root/ws/tutorial/ws7/install/custom_action_interfaces/share/custom_action_interfaces/cmake/custom_action_interfaces__rosidl_typesupport_cppExport-noconfig.cmake
[8.982s] -- Installing: /root/ws/tutorial/ws7/install/custom_action_interfaces/share/custom_action_interfaces/cmake/export_custom_action_interfaces__rosidl_generator_pyExport.cmake
[8.983s] -- Installing: /root/ws/tutorial/ws7/install/custom_action_interfaces/share/custom_action_interfaces/cmake/export_custom_action_interfaces__rosidl_generator_pyExport-noconfig.cmake
[8.983s] -- Installing: /root/ws/tutorial/ws7/install/custom_action_interfaces/share/custom_action_interfaces/cmake/rosidl_cmake-extras.cmake
[8.983s] -- Installing: /root/ws/tutorial/ws7/install/custom_action_interfaces/share/custom_action_interfaces/cmake/ament_cmake_export_dependencies-extras.cmake
[8.983s] -- Installing: /root/ws/tutorial/ws7/install/custom_action_interfaces/share/custom_action_interfaces/cmake/ament_cmake_export_include_directories-extras.cmake
[8.983s] -- Installing: /root/ws/tutorial/ws7/install/custom_action_interfaces/share/custom_action_interfaces/cmake/ament_cmake_export_libraries-extras.cmake
[8.984s] -- Installing: /root/ws/tutorial/ws7/install/custom_action_interfaces/share/custom_action_interfaces/cmake/ament_cmake_export_targets-extras.cmake
[8.984s] -- Installing: /root/ws/tutorial/ws7/install/custom_action_interfaces/share/custom_action_interfaces/cmake/rosidl_cmake_export_typesupport_targets-extras.cmake
[8.984s] -- Installing: /root/ws/tutorial/ws7/install/custom_action_interfaces/share/custom_action_interfaces/cmake/rosidl_cmake_export_typesupport_libraries-extras.cmake
[8.984s] -- Installing: /root/ws/tutorial/ws7/install/custom_action_interfaces/share/custom_action_interfaces/cmake/custom_action_interfacesConfig.cmake
[8.985s] -- Installing: /root/ws/tutorial/ws7/install/custom_action_interfaces/share/custom_action_interfaces/cmake/custom_action_interfacesConfig-version.cmake
[8.985s] -- Installing: /root/ws/tutorial/ws7/install/custom_action_interfaces/share/custom_action_interfaces/package.xml
[8.987s] Invoked command in '/root/ws/tutorial/ws7/build/custom_action_interfaces' returned '0': CMAKE_PREFIX_PATH=${CMAKE_PREFIX_PATH}:/opt/ros/jazzy /usr/bin/cmake --install /root/ws/tutorial/ws7/build/custom_action_interfaces
