[0.013s] Invoking command in '/root/ws/ros2_ws3/build/cpp_srvcli': CMAKE_PREFIX_PATH=${CMAKE_PREFIX_PATH}:/opt/ros/jazzy /usr/bin/cmake /root/ws/ros2_ws3/src/cpp_srvcli -DCMAKE_INSTALL_PREFIX=/root/ws/ros2_ws3/install/cpp_srvcli
[0.076s] -- The C compiler identification is GNU 13.3.0
[0.140s] -- The CXX compiler identification is GNU 13.3.0
[0.157s] -- Detecting C compiler ABI info
[0.253s] -- Detecting C compiler ABI info - done
[0.265s] -- Check for working C compiler: /usr/bin/cc - skipped
[0.265s] -- Detecting C compile features
[0.266s] -- Detecting C compile features - done
[0.276s] -- Detecting CXX compiler ABI info
[0.393s] -- Detecting CXX compiler ABI info - done
[0.404s] -- Check for working CXX compiler: /usr/bin/c++ - skipped
[0.405s] -- Detecting CXX compile features
[0.405s] -- Detecting CXX compile features - done
[0.411s] -- Found ament_cmake: 2.5.4 (/opt/ros/jazzy/share/ament_cmake/cmake)
[0.567s] -- Found Python3: /usr/bin/python3 (found version "3.12.3") found components: Interpreter 
[0.686s] -- Found rclcpp: 28.1.12 (/opt/ros/jazzy/share/rclcpp/cmake)
[0.735s] -- Found rosidl_generator_c: 4.6.6 (/opt/ros/jazzy/share/rosidl_generator_c/cmake)
[0.753s] -- Found rosidl_generator_cpp: 4.6.6 (/opt/ros/jazzy/share/rosidl_generator_cpp/cmake)
[0.773s] -- Using all available rosidl_typesupport_c: rosidl_typesupport_fastrtps_c;rosidl_typesupport_introspection_c
[0.796s] -- Using all available rosidl_typesupport_cpp: rosidl_typesupport_fastrtps_cpp;rosidl_typesupport_introspection_cpp
[0.896s] -- Found rmw_implementation_cmake: 7.3.2 (/opt/ros/jazzy/share/rmw_implementation_cmake/cmake)
[0.900s] -- Found rmw_fastrtps_cpp: 8.4.3 (/opt/ros/jazzy/share/rmw_fastrtps_cpp/cmake)
[0.992s] -- Found OpenSSL: /usr/lib/x86_64-linux-gnu/libcrypto.so (found version "3.0.13")  
[1.012s] -- Found FastRTPS: /opt/ros/jazzy/include (Required is at least version "2.13") 
[1.037s] -- Using RMW implementation 'rmw_fastrtps_cpp' as default
[1.132s] -- Found example_interfaces: 0.12.0 (/opt/ros/jazzy/share/example_interfaces/cmake)
[1.208s] -- Found ament_lint_auto: 0.17.3 (/opt/ros/jazzy/share/ament_lint_auto/cmake)
[1.326s] -- Added test 'cppcheck' to perform static code analysis on C / C++ code
[1.326s] -- Configured cppcheck include dirs: 
[1.326s] -- Configured cppcheck exclude dirs and/or files: 
[1.327s] -- Added test 'lint_cmake' to check CMake code style
[1.328s] -- Added test 'uncrustify' to check C / C++ code style
[1.328s] -- Configured uncrustify additional arguments: 
[1.329s] -- Added test 'xmllint' to check XML markup files
[1.330s] -- Configuring done (1.3s)
[1.347s] -- Generating done (0.0s)
[1.352s] -- Build files have been written to: /root/ws/ros2_ws3/build/cpp_srvcli
[1.362s] Invoked command in '/root/ws/ros2_ws3/build/cpp_srvcli' returned '0': CMAKE_PREFIX_PATH=${CMAKE_PREFIX_PATH}:/opt/ros/jazzy /usr/bin/cmake /root/ws/ros2_ws3/src/cpp_srvcli -DCMAKE_INSTALL_PREFIX=/root/ws/ros2_ws3/install/cpp_srvcli
[1.362s] Invoking command in '/root/ws/ros2_ws3/build/cpp_srvcli': CMAKE_PREFIX_PATH=${CMAKE_PREFIX_PATH}:/opt/ros/jazzy /usr/bin/cmake --build /root/ws/ros2_ws3/build/cpp_srvcli -- -j6 -l6
[1.418s] [ 50%] [32mBuilding CXX object CMakeFiles/server.dir/src/add_two_ints_server.cpp.o[0m
[1.418s] [ 50%] [32mBuilding CXX object CMakeFiles/client.dir/src/add_two_ints_client.cpp.o[0m
[5.141s] [ 75%] [32m[1mLinking CXX executable server[0m
[5.304s] [ 75%] Built target server
[5.327s] [100%] [32m[1mLinking CXX executable client[0m
[5.492s] [100%] Built target client
[5.504s] Invoked command in '/root/ws/ros2_ws3/build/cpp_srvcli' returned '0': CMAKE_PREFIX_PATH=${CMAKE_PREFIX_PATH}:/opt/ros/jazzy /usr/bin/cmake --build /root/ws/ros2_ws3/build/cpp_srvcli -- -j6 -l6
[5.515s] Invoking command in '/root/ws/ros2_ws3/build/cpp_srvcli': CMAKE_PREFIX_PATH=${CMAKE_PREFIX_PATH}:/opt/ros/jazzy /usr/bin/cmake --install /root/ws/ros2_ws3/build/cpp_srvcli
[5.524s] -- Install configuration: ""
[5.524s] -- Installing: /root/ws/ros2_ws3/install/cpp_srvcli/lib/cpp_srvcli/server
[5.525s] -- Set non-toolchain portion of runtime path of "/root/ws/ros2_ws3/install/cpp_srvcli/lib/cpp_srvcli/server" to ""
[5.526s] -- Installing: /root/ws/ros2_ws3/install/cpp_srvcli/lib/cpp_srvcli/client
[5.526s] -- Set non-toolchain portion of runtime path of "/root/ws/ros2_ws3/install/cpp_srvcli/lib/cpp_srvcli/client" to ""
[5.527s] -- Installing: /root/ws/ros2_ws3/install/cpp_srvcli/share/ament_index/resource_index/package_run_dependencies/cpp_srvcli
[5.527s] -- Installing: /root/ws/ros2_ws3/install/cpp_srvcli/share/ament_index/resource_index/parent_prefix_path/cpp_srvcli
[5.527s] -- Installing: /root/ws/ros2_ws3/install/cpp_srvcli/share/cpp_srvcli/environment/ament_prefix_path.sh
[5.527s] -- Installing: /root/ws/ros2_ws3/install/cpp_srvcli/share/cpp_srvcli/environment/ament_prefix_path.dsv
[5.527s] -- Installing: /root/ws/ros2_ws3/install/cpp_srvcli/share/cpp_srvcli/environment/path.sh
[5.528s] -- Installing: /root/ws/ros2_ws3/install/cpp_srvcli/share/cpp_srvcli/environment/path.dsv
[5.528s] -- Installing: /root/ws/ros2_ws3/install/cpp_srvcli/share/cpp_srvcli/local_setup.bash
[5.528s] -- Installing: /root/ws/ros2_ws3/install/cpp_srvcli/share/cpp_srvcli/local_setup.sh
[5.528s] -- Installing: /root/ws/ros2_ws3/install/cpp_srvcli/share/cpp_srvcli/local_setup.zsh
[5.528s] -- Installing: /root/ws/ros2_ws3/install/cpp_srvcli/share/cpp_srvcli/local_setup.dsv
[5.528s] -- Installing: /root/ws/ros2_ws3/install/cpp_srvcli/share/cpp_srvcli/package.dsv
[5.529s] -- Installing: /root/ws/ros2_ws3/install/cpp_srvcli/share/ament_index/resource_index/packages/cpp_srvcli
[5.529s] -- Installing: /root/ws/ros2_ws3/install/cpp_srvcli/share/cpp_srvcli/cmake/cpp_srvcliConfig.cmake
[5.529s] -- Installing: /root/ws/ros2_ws3/install/cpp_srvcli/share/cpp_srvcli/cmake/cpp_srvcliConfig-version.cmake
[5.529s] -- Installing: /root/ws/ros2_ws3/install/cpp_srvcli/share/cpp_srvcli/package.xml
[5.531s] Invoked command in '/root/ws/ros2_ws3/build/cpp_srvcli' returned '0': CMAKE_PREFIX_PATH=${CMAKE_PREFIX_PATH}:/opt/ros/jazzy /usr/bin/cmake --install /root/ws/ros2_ws3/build/cpp_srvcli
