[1.046s] Invoking command in '/root/ws/tutorial/ros2_ws/build/examples_rclpy_guard_conditions': PYTHONPATH=/root/ws/tutorial/ros2_ws/build/examples_rclpy_guard_conditions/prefix_override:/usr/lib/python3/dist-packages/colcon_core/task/python/colcon_distutils_commands:/root/ws/tutorial/ros2_ws/install/examples_rclpy_guard_conditions/lib/python3.12/site-packages:${PYTHONPATH} /usr/bin/python3 -W ignore:setup.py install is deprecated -W ignore:easy_install command is deprecated setup.py develop --editable --build-directory /root/ws/tutorial/ros2_ws/build/examples_rclpy_guard_conditions/build --no-deps symlink_data
[1.499s] running develop
[1.722s] running egg_info
[1.722s] creating examples_rclpy_guard_conditions.egg-info
[1.743s] writing examples_rclpy_guard_conditions.egg-info/PKG-INFO
[1.743s] writing dependency_links to examples_rclpy_guard_conditions.egg-info/dependency_links.txt
[1.743s] writing entry points to examples_rclpy_guard_conditions.egg-info/entry_points.txt
[1.743s] writing requirements to examples_rclpy_guard_conditions.egg-info/requires.txt
[1.743s] writing top-level names to examples_rclpy_guard_conditions.egg-info/top_level.txt
[1.743s] writing manifest file 'examples_rclpy_guard_conditions.egg-info/SOURCES.txt'
[1.784s] reading manifest file 'examples_rclpy_guard_conditions.egg-info/SOURCES.txt'
[1.784s] writing manifest file 'examples_rclpy_guard_conditions.egg-info/SOURCES.txt'
[1.807s] running build_ext
[1.807s] Creating /root/ws/tutorial/ros2_ws/install/examples_rclpy_guard_conditions/lib/python3.12/site-packages/examples-rclpy-guard-conditions.egg-link (link to .)
[1.808s] Installing trigger_guard_condition script to /root/ws/tutorial/ros2_ws/install/examples_rclpy_guard_conditions/lib/examples_rclpy_guard_conditions
[1.809s] 
[1.809s] Installed /root/ws/tutorial/ros2_ws/build/examples_rclpy_guard_conditions
[1.809s] running symlink_data
[1.809s] creating /root/ws/tutorial/ros2_ws/install/examples_rclpy_guard_conditions/share/ament_index
[1.810s] creating /root/ws/tutorial/ros2_ws/install/examples_rclpy_guard_conditions/share/ament_index/resource_index
[1.810s] creating /root/ws/tutorial/ros2_ws/install/examples_rclpy_guard_conditions/share/ament_index/resource_index/packages
[1.811s] symbolically linking /root/ws/tutorial/ros2_ws/build/examples_rclpy_guard_conditions/resource/examples_rclpy_guard_conditions -> /root/ws/tutorial/ros2_ws/install/examples_rclpy_guard_conditions/share/ament_index/resource_index/packages
[1.811s] symbolically linking /root/ws/tutorial/ros2_ws/build/examples_rclpy_guard_conditions/package.xml -> /root/ws/tutorial/ros2_ws/install/examples_rclpy_guard_conditions/share/examples_rclpy_guard_conditions
[1.944s] Invoked command in '/root/ws/tutorial/ros2_ws/build/examples_rclpy_guard_conditions' returned '0': PYTHONPATH=/root/ws/tutorial/ros2_ws/build/examples_rclpy_guard_conditions/prefix_override:/usr/lib/python3/dist-packages/colcon_core/task/python/colcon_distutils_commands:/root/ws/tutorial/ros2_ws/install/examples_rclpy_guard_conditions/lib/python3.12/site-packages:${PYTHONPATH} /usr/bin/python3 -W ignore:setup.py install is deprecated -W ignore:easy_install command is deprecated setup.py develop --editable --build-directory /root/ws/tutorial/ros2_ws/build/examples_rclpy_guard_conditions/build --no-deps symlink_data
