[0.019s] Invoking command in '/root/ws/tutorial/ros2_ws6/build/ros2_control_demo_example_10': AMENT_PREFIX_PATH=/root/ws/tutorial/ros2_ws6/install:${AMENT_PREFIX_PATH} CMAKE_PREFIX_PATH=/root/ws/tutorial/ros2_ws6/install:/opt/ros/jazzy/opt/gz_sim_vendor:/opt/ros/jazzy/opt/gz_sensors_vendor:/opt/ros/jazzy/opt/gz_physics_vendor:/opt/ros/jazzy/opt/gz_gui_vendor:/opt/ros/jazzy/opt/gz_transport_vendor:/opt/ros/jazzy/opt/gz_rendering_vendor:/opt/ros/jazzy/opt/gz_plugin_vendor:/opt/ros/jazzy/opt/gz_fuel_tools_vendor:/opt/ros/jazzy/opt/gz_msgs_vendor:/opt/ros/jazzy/opt/gz_common_vendor:/opt/ros/jazzy/opt/gz_ogre_next_vendor:/opt/ros/jazzy/opt/gz_dartsim_vendor:/opt/ros/jazzy/opt/sdformat_vendor:/opt/ros/jazzy/opt/gz_math_vendor:/opt/ros/jazzy/opt/gz_utils_vendor:/opt/ros/jazzy/opt/gz_tools_vendor:/opt/ros/jazzy/opt/gz_cmake_vendor:/opt/ros/jazzy /usr/bin/cmake /root/ws/tutorial/ros2_ws6/src/ros2_control_demos/example_10 -DCMAKE_INSTALL_PREFIX=/root/ws/tutorial/ros2_ws6/install
[0.108s] -- The CXX compiler identification is GNU 13.3.0
[0.129s] -- Detecting CXX compiler ABI info
[0.261s] -- Detecting CXX compiler ABI info - done
[0.275s] -- Check for working CXX compiler: /usr/bin/c++ - skipped
[0.275s] -- Detecting CXX compile features
[0.275s] -- Detecting CXX compile features - done
[0.281s] -- Found ros2_control_cmake: 0.3.0 (/opt/ros/jazzy/share/ros2_control_cmake/cmake)
[0.281s] -- Compiler warnings enabled for GNU
[0.281s] -- Detected GCC Version: 13.3.0 (Major: 13, Minor: 3)
[0.288s] -- Found controller_manager: 4.39.2 (/opt/ros/jazzy/share/controller_manager/cmake)
[0.488s] -- Found Python3: /usr/bin/python3 (found version "3.12.3") found components: Interpreter 
[0.778s] -- Found rosidl_generator_c: 4.6.6 (/opt/ros/jazzy/share/rosidl_generator_c/cmake)
[0.815s] -- Found rosidl_generator_cpp: 4.6.6 (/opt/ros/jazzy/share/rosidl_generator_cpp/cmake)
[0.856s] -- Using all available rosidl_typesupport_c: rosidl_typesupport_fastrtps_c;rosidl_typesupport_introspection_c
[0.897s] -- Using all available rosidl_typesupport_cpp: rosidl_typesupport_fastrtps_cpp;rosidl_typesupport_introspection_cpp
[1.057s] -- Found rmw_implementation_cmake: 7.3.2 (/opt/ros/jazzy/share/rmw_implementation_cmake/cmake)
[1.071s] -- Found rmw_fastrtps_cpp: 8.4.3 (/opt/ros/jazzy/share/rmw_fastrtps_cpp/cmake)
[1.210s] -- Found OpenSSL: /usr/lib/x86_64-linux-gnu/libcrypto.so (found version "3.0.13")  
[1.234s] -- Found FastRTPS: /opt/ros/jazzy/include (Required is at least version "2.13") 
[1.264s] -- Using RMW implementation 'rmw_fastrtps_cpp' as default
[2.312s] -- Found ament_cmake_pytest: 2.5.4 (/opt/ros/jazzy/share/ament_cmake_pytest/cmake)
[2.817s] -- Found ament_cmake_ros: 0.12.0 (/opt/ros/jazzy/share/ament_cmake_ros/cmake)
[2.841s] -- Found launch_testing_ament_cmake: 3.4.7 (/opt/ros/jazzy/share/launch_testing_ament_cmake/cmake)
[2.847s] -- Found python_cmake_module: 0.11.1 (/opt/ros/jazzy/share/python_cmake_module/cmake)
[3.014s] -- Found PythonExtra: /usr/bin/python3  
[3.143s] -- Configuring done (3.1s)
[3.185s] -- Generating done (0.0s)
[3.191s] -- Build files have been written to: /root/ws/tutorial/ros2_ws6/build/ros2_control_demo_example_10
[3.218s] Invoked command in '/root/ws/tutorial/ros2_ws6/build/ros2_control_demo_example_10' returned '0': AMENT_PREFIX_PATH=/root/ws/tutorial/ros2_ws6/install:${AMENT_PREFIX_PATH} CMAKE_PREFIX_PATH=/root/ws/tutorial/ros2_ws6/install:/opt/ros/jazzy/opt/gz_sim_vendor:/opt/ros/jazzy/opt/gz_sensors_vendor:/opt/ros/jazzy/opt/gz_physics_vendor:/opt/ros/jazzy/opt/gz_gui_vendor:/opt/ros/jazzy/opt/gz_transport_vendor:/opt/ros/jazzy/opt/gz_rendering_vendor:/opt/ros/jazzy/opt/gz_plugin_vendor:/opt/ros/jazzy/opt/gz_fuel_tools_vendor:/opt/ros/jazzy/opt/gz_msgs_vendor:/opt/ros/jazzy/opt/gz_common_vendor:/opt/ros/jazzy/opt/gz_ogre_next_vendor:/opt/ros/jazzy/opt/gz_dartsim_vendor:/opt/ros/jazzy/opt/sdformat_vendor:/opt/ros/jazzy/opt/gz_math_vendor:/opt/ros/jazzy/opt/gz_utils_vendor:/opt/ros/jazzy/opt/gz_tools_vendor:/opt/ros/jazzy/opt/gz_cmake_vendor:/opt/ros/jazzy /usr/bin/cmake /root/ws/tutorial/ros2_ws6/src/ros2_control_demos/example_10 -DCMAKE_INSTALL_PREFIX=/root/ws/tutorial/ros2_ws6/install
[3.219s] Invoking command in '/root/ws/tutorial/ros2_ws6/build/ros2_control_demo_example_10': AMENT_PREFIX_PATH=/root/ws/tutorial/ros2_ws6/install:${AMENT_PREFIX_PATH} CMAKE_PREFIX_PATH=/root/ws/tutorial/ros2_ws6/install:/opt/ros/jazzy/opt/gz_sim_vendor:/opt/ros/jazzy/opt/gz_sensors_vendor:/opt/ros/jazzy/opt/gz_physics_vendor:/opt/ros/jazzy/opt/gz_gui_vendor:/opt/ros/jazzy/opt/gz_transport_vendor:/opt/ros/jazzy/opt/gz_rendering_vendor:/opt/ros/jazzy/opt/gz_plugin_vendor:/opt/ros/jazzy/opt/gz_fuel_tools_vendor:/opt/ros/jazzy/opt/gz_msgs_vendor:/opt/ros/jazzy/opt/gz_common_vendor:/opt/ros/jazzy/opt/gz_ogre_next_vendor:/opt/ros/jazzy/opt/gz_dartsim_vendor:/opt/ros/jazzy/opt/sdformat_vendor:/opt/ros/jazzy/opt/gz_math_vendor:/opt/ros/jazzy/opt/gz_utils_vendor:/opt/ros/jazzy/opt/gz_tools_vendor:/opt/ros/jazzy/opt/gz_cmake_vendor:/opt/ros/jazzy /usr/bin/cmake --build /root/ws/tutorial/ros2_ws6/build/ros2_control_demo_example_10 -- -j6 -l6
[3.298s] [ 50%] [32mBuilding CXX object CMakeFiles/ros2_control_demo_example_10.dir/hardware/rrbot.cpp.o[0m
[11.522s] [100%] [32m[1mLinking CXX shared library libros2_control_demo_example_10.so[0m
[12.232s] [100%] Built target ros2_control_demo_example_10
[12.254s] Invoked command in '/root/ws/tutorial/ros2_ws6/build/ros2_control_demo_example_10' returned '0': AMENT_PREFIX_PATH=/root/ws/tutorial/ros2_ws6/install:${AMENT_PREFIX_PATH} CMAKE_PREFIX_PATH=/root/ws/tutorial/ros2_ws6/install:/opt/ros/jazzy/opt/gz_sim_vendor:/opt/ros/jazzy/opt/gz_sensors_vendor:/opt/ros/jazzy/opt/gz_physics_vendor:/opt/ros/jazzy/opt/gz_gui_vendor:/opt/ros/jazzy/opt/gz_transport_vendor:/opt/ros/jazzy/opt/gz_rendering_vendor:/opt/ros/jazzy/opt/gz_plugin_vendor:/opt/ros/jazzy/opt/gz_fuel_tools_vendor:/opt/ros/jazzy/opt/gz_msgs_vendor:/opt/ros/jazzy/opt/gz_common_vendor:/opt/ros/jazzy/opt/gz_ogre_next_vendor:/opt/ros/jazzy/opt/gz_dartsim_vendor:/opt/ros/jazzy/opt/sdformat_vendor:/opt/ros/jazzy/opt/gz_math_vendor:/opt/ros/jazzy/opt/gz_utils_vendor:/opt/ros/jazzy/opt/gz_tools_vendor:/opt/ros/jazzy/opt/gz_cmake_vendor:/opt/ros/jazzy /usr/bin/cmake --build /root/ws/tutorial/ros2_ws6/build/ros2_control_demo_example_10 -- -j6 -l6
[12.254s] Invoking command in '/root/ws/tutorial/ros2_ws6/build/ros2_control_demo_example_10': AMENT_PREFIX_PATH=/root/ws/tutorial/ros2_ws6/install:${AMENT_PREFIX_PATH} CMAKE_PREFIX_PATH=/root/ws/tutorial/ros2_ws6/install:/opt/ros/jazzy/opt/gz_sim_vendor:/opt/ros/jazzy/opt/gz_sensors_vendor:/opt/ros/jazzy/opt/gz_physics_vendor:/opt/ros/jazzy/opt/gz_gui_vendor:/opt/ros/jazzy/opt/gz_transport_vendor:/opt/ros/jazzy/opt/gz_rendering_vendor:/opt/ros/jazzy/opt/gz_plugin_vendor:/opt/ros/jazzy/opt/gz_fuel_tools_vendor:/opt/ros/jazzy/opt/gz_msgs_vendor:/opt/ros/jazzy/opt/gz_common_vendor:/opt/ros/jazzy/opt/gz_ogre_next_vendor:/opt/ros/jazzy/opt/gz_dartsim_vendor:/opt/ros/jazzy/opt/sdformat_vendor:/opt/ros/jazzy/opt/gz_math_vendor:/opt/ros/jazzy/opt/gz_utils_vendor:/opt/ros/jazzy/opt/gz_tools_vendor:/opt/ros/jazzy/opt/gz_cmake_vendor:/opt/ros/jazzy /usr/bin/cmake --install /root/ws/tutorial/ros2_ws6/build/ros2_control_demo_example_10
[12.263s] -- Install configuration: ""
[12.263s] -- Installing: /root/ws/tutorial/ros2_ws6/install/share/ros2_control_demo_example_10/ros2_control_demo_example_10.xml
[12.263s] -- Installing: /root/ws/tutorial/ros2_ws6/install/include/ros2_control_demo_example_10
[12.263s] -- Installing: /root/ws/tutorial/ros2_ws6/install/include/ros2_control_demo_example_10/ros2_control_demo_example_10
[12.263s] -- Installing: /root/ws/tutorial/ros2_ws6/install/include/ros2_control_demo_example_10/ros2_control_demo_example_10/rrbot.hpp
[12.264s] -- Installing: /root/ws/tutorial/ros2_ws6/install/share/ros2_control_demo_example_10/launch
[12.264s] -- Installing: /root/ws/tutorial/ros2_ws6/install/share/ros2_control_demo_example_10/launch/view_robot.launch.py
[12.264s] -- Installing: /root/ws/tutorial/ros2_ws6/install/share/ros2_control_demo_example_10/ros2_control
[12.264s] -- Installing: /root/ws/tutorial/ros2_ws6/install/share/ros2_control_demo_example_10/ros2_control/rrbot.ros2_control.xacro
[12.264s] -- Installing: /root/ws/tutorial/ros2_ws6/install/share/ros2_control_demo_example_10/urdf
[12.264s] -- Installing: /root/ws/tutorial/ros2_ws6/install/share/ros2_control_demo_example_10/urdf/rrbot.urdf.xacro
[12.265s] -- Up-to-date: /root/ws/tutorial/ros2_ws6/install/share/ros2_control_demo_example_10/launch
[12.265s] -- Installing: /root/ws/tutorial/ros2_ws6/install/share/ros2_control_demo_example_10/launch/rrbot.launch.py
[12.266s] -- Installing: /root/ws/tutorial/ros2_ws6/install/share/ros2_control_demo_example_10/launch/test_forward_position_controller.launch.py
[12.267s] -- Installing: /root/ws/tutorial/ros2_ws6/install/share/ros2_control_demo_example_10/config
[12.267s] -- Installing: /root/ws/tutorial/ros2_ws6/install/share/ros2_control_demo_example_10/config/rrbot_controllers.yaml
[12.270s] -- Installing: /root/ws/tutorial/ros2_ws6/install/share/ros2_control_demo_example_10/config/rrbot_forward_position_publisher.yaml
[12.270s] -- Installing: /root/ws/tutorial/ros2_ws6/install/lib/libros2_control_demo_example_10.so
[12.271s] -- Set non-toolchain portion of runtime path of "/root/ws/tutorial/ros2_ws6/install/lib/libros2_control_demo_example_10.so" to ""
[12.271s] -- Installing: /root/ws/tutorial/ros2_ws6/install/share/ros2_control_demo_example_10/environment/library_path.sh
[12.271s] -- Installing: /root/ws/tutorial/ros2_ws6/install/share/ros2_control_demo_example_10/environment/library_path.dsv
[12.271s] -- Installing: /root/ws/tutorial/ros2_ws6/install/share/ament_index/resource_index/package_run_dependencies/ros2_control_demo_example_10
[12.272s] -- Installing: /root/ws/tutorial/ros2_ws6/install/share/ament_index/resource_index/parent_prefix_path/ros2_control_demo_example_10
[12.272s] -- Installing: /root/ws/tutorial/ros2_ws6/install/share/ros2_control_demo_example_10/environment/ament_prefix_path.sh
[12.272s] -- Installing: /root/ws/tutorial/ros2_ws6/install/share/ros2_control_demo_example_10/environment/ament_prefix_path.dsv
[12.272s] -- Installing: /root/ws/tutorial/ros2_ws6/install/share/ros2_control_demo_example_10/environment/path.sh
[12.272s] -- Installing: /root/ws/tutorial/ros2_ws6/install/share/ros2_control_demo_example_10/environment/path.dsv
[12.272s] -- Installing: /root/ws/tutorial/ros2_ws6/install/share/ros2_control_demo_example_10/local_setup.bash
[12.272s] -- Installing: /root/ws/tutorial/ros2_ws6/install/share/ros2_control_demo_example_10/local_setup.sh
[12.272s] -- Installing: /root/ws/tutorial/ros2_ws6/install/share/ros2_control_demo_example_10/local_setup.zsh
[12.272s] -- Installing: /root/ws/tutorial/ros2_ws6/install/share/ros2_control_demo_example_10/local_setup.dsv
[12.272s] -- Installing: /root/ws/tutorial/ros2_ws6/install/share/ros2_control_demo_example_10/package.dsv
[12.272s] -- Installing: /root/ws/tutorial/ros2_ws6/install/share/ament_index/resource_index/packages/ros2_control_demo_example_10
[12.272s] -- Installing: /root/ws/tutorial/ros2_ws6/install/share/ament_index/resource_index/hardware_interface__pluginlib__plugin/ros2_control_demo_example_10
[12.273s] -- Installing: /root/ws/tutorial/ros2_ws6/install/share/ros2_control_demo_example_10/cmake/export_ros2_control_demo_example_10Export.cmake
[12.279s] -- Installing: /root/ws/tutorial/ros2_ws6/install/share/ros2_control_demo_example_10/cmake/export_ros2_control_demo_example_10Export-noconfig.cmake
[12.280s] -- Installing: /root/ws/tutorial/ros2_ws6/install/share/ros2_control_demo_example_10/cmake/ament_cmake_export_targets-extras.cmake
[12.280s] -- Installing: /root/ws/tutorial/ros2_ws6/install/share/ros2_control_demo_example_10/cmake/ament_cmake_export_dependencies-extras.cmake
[12.281s] -- Installing: /root/ws/tutorial/ros2_ws6/install/share/ros2_control_demo_example_10/cmake/ros2_control_demo_example_10Config.cmake
[12.281s] -- Installing: /root/ws/tutorial/ros2_ws6/install/share/ros2_control_demo_example_10/cmake/ros2_control_demo_example_10Config-version.cmake
[12.281s] -- Installing: /root/ws/tutorial/ros2_ws6/install/share/ros2_control_demo_example_10/package.xml
[12.308s] Invoked command in '/root/ws/tutorial/ros2_ws6/build/ros2_control_demo_example_10' returned '0': AMENT_PREFIX_PATH=/root/ws/tutorial/ros2_ws6/install:${AMENT_PREFIX_PATH} CMAKE_PREFIX_PATH=/root/ws/tutorial/ros2_ws6/install:/opt/ros/jazzy/opt/gz_sim_vendor:/opt/ros/jazzy/opt/gz_sensors_vendor:/opt/ros/jazzy/opt/gz_physics_vendor:/opt/ros/jazzy/opt/gz_gui_vendor:/opt/ros/jazzy/opt/gz_transport_vendor:/opt/ros/jazzy/opt/gz_rendering_vendor:/opt/ros/jazzy/opt/gz_plugin_vendor:/opt/ros/jazzy/opt/gz_fuel_tools_vendor:/opt/ros/jazzy/opt/gz_msgs_vendor:/opt/ros/jazzy/opt/gz_common_vendor:/opt/ros/jazzy/opt/gz_ogre_next_vendor:/opt/ros/jazzy/opt/gz_dartsim_vendor:/opt/ros/jazzy/opt/sdformat_vendor:/opt/ros/jazzy/opt/gz_math_vendor:/opt/ros/jazzy/opt/gz_utils_vendor:/opt/ros/jazzy/opt/gz_tools_vendor:/opt/ros/jazzy/opt/gz_cmake_vendor:/opt/ros/jazzy /usr/bin/cmake --install /root/ws/tutorial/ros2_ws6/build/ros2_control_demo_example_10
