[2.437s] Invoking command in '/root/ws/tutorial/ros2_ws/build/examples_rclpy_executors': PYTHONPATH=/root/ws/tutorial/ros2_ws/build/examples_rclpy_executors/prefix_override:/usr/lib/python3/dist-packages/colcon_core/task/python/colcon_distutils_commands:/root/ws/tutorial/ros2_ws/install/examples_rclpy_executors/lib/python3.12/site-packages:${PYTHONPATH} /usr/bin/python3 -W ignore:setup.py install is deprecated -W ignore:easy_install command is deprecated setup.py develop --editable --build-directory /root/ws/tutorial/ros2_ws/build/examples_rclpy_executors/build --no-deps symlink_data
[2.928s] running develop
[3.302s] running egg_info
[3.303s] creating examples_rclpy_executors.egg-info
[3.323s] writing examples_rclpy_executors.egg-info/PKG-INFO
[3.324s] writing dependency_links to examples_rclpy_executors.egg-info/dependency_links.txt
[3.324s] writing entry points to examples_rclpy_executors.egg-info/entry_points.txt
[3.325s] writing requirements to examples_rclpy_executors.egg-info/requires.txt
[3.325s] writing top-level names to examples_rclpy_executors.egg-info/top_level.txt
[3.325s] writing manifest file 'examples_rclpy_executors.egg-info/SOURCES.txt'
[3.384s] reading manifest file 'examples_rclpy_executors.egg-info/SOURCES.txt'
[3.385s] writing manifest file 'examples_rclpy_executors.egg-info/SOURCES.txt'
[3.411s] running build_ext
[3.411s] Creating /root/ws/tutorial/ros2_ws/install/examples_rclpy_executors/lib/python3.12/site-packages/examples-rclpy-executors.egg-link (link to .)
[3.411s] Installing callback_group script to /root/ws/tutorial/ros2_ws/install/examples_rclpy_executors/lib/examples_rclpy_executors
[3.411s] Installing composed script to /root/ws/tutorial/ros2_ws/install/examples_rclpy_executors/lib/examples_rclpy_executors
[3.411s] Installing custom_callback_group script to /root/ws/tutorial/ros2_ws/install/examples_rclpy_executors/lib/examples_rclpy_executors
[3.411s] Installing custom_executor script to /root/ws/tutorial/ros2_ws/install/examples_rclpy_executors/lib/examples_rclpy_executors
[3.411s] Installing listener script to /root/ws/tutorial/ros2_ws/install/examples_rclpy_executors/lib/examples_rclpy_executors
[3.411s] Installing talker script to /root/ws/tutorial/ros2_ws/install/examples_rclpy_executors/lib/examples_rclpy_executors
[3.411s] 
[3.411s] Installed /root/ws/tutorial/ros2_ws/build/examples_rclpy_executors
[3.411s] running symlink_data
[3.411s] creating /root/ws/tutorial/ros2_ws/install/examples_rclpy_executors/share/ament_index
[3.412s] creating /root/ws/tutorial/ros2_ws/install/examples_rclpy_executors/share/ament_index/resource_index
[3.412s] creating /root/ws/tutorial/ros2_ws/install/examples_rclpy_executors/share/ament_index/resource_index/packages
[3.412s] symbolically linking /root/ws/tutorial/ros2_ws/build/examples_rclpy_executors/resource/examples_rclpy_executors -> /root/ws/tutorial/ros2_ws/install/examples_rclpy_executors/share/ament_index/resource_index/packages
[3.412s] symbolically linking /root/ws/tutorial/ros2_ws/build/examples_rclpy_executors/package.xml -> /root/ws/tutorial/ros2_ws/install/examples_rclpy_executors/share/examples_rclpy_executors
[3.478s] Invoked command in '/root/ws/tutorial/ros2_ws/build/examples_rclpy_executors' returned '0': PYTHONPATH=/root/ws/tutorial/ros2_ws/build/examples_rclpy_executors/prefix_override:/usr/lib/python3/dist-packages/colcon_core/task/python/colcon_distutils_commands:/root/ws/tutorial/ros2_ws/install/examples_rclpy_executors/lib/python3.12/site-packages:${PYTHONPATH} /usr/bin/python3 -W ignore:setup.py install is deprecated -W ignore:easy_install command is deprecated setup.py develop --editable --build-directory /root/ws/tutorial/ros2_ws/build/examples_rclpy_executors/build --no-deps symlink_data
