[0.021s] Invoking command in '/root/ws/tutorial/ros2_ws/build/examples_rclcpp_minimal_action_client': CMAKE_PREFIX_PATH=${CMAKE_PREFIX_PATH}:/opt/ros/jazzy /usr/bin/cmake /root/ws/tutorial/ros2_ws/src/examples/rclcpp/actions/minimal_action_client -DAMENT_CMAKE_SYMLINK_INSTALL=1 -DCMAKE_INSTALL_PREFIX=/root/ws/tutorial/ros2_ws/install/examples_rclcpp_minimal_action_client
[0.100s] -- The C compiler identification is GNU 13.3.0
[0.174s] -- The CXX compiler identification is GNU 13.3.0
[0.200s] -- Detecting C compiler ABI info
[0.308s] -- Detecting C compiler ABI info - done
[0.322s] -- Check for working C compiler: /usr/bin/cc - skipped
[0.322s] -- Detecting C compile features
[0.323s] -- Detecting C compile features - done
[0.334s] -- Detecting CXX compiler ABI info
[0.456s] -- Detecting CXX compiler ABI info - done
[0.470s] -- Check for working CXX compiler: /usr/bin/c++ - skipped
[0.470s] -- Detecting CXX compile features
[0.472s] -- Detecting CXX compile features - done
[0.475s] -- Found ament_cmake: 2.5.4 (/opt/ros/jazzy/share/ament_cmake/cmake)
[0.653s] -- Found Python3: /usr/bin/python3 (found version "3.12.3") found components: Interpreter 
[0.748s] -- Override CMake install command with custom implementation using symlinks instead of copying resources
[0.797s] -- Found example_interfaces: 0.12.0 (/opt/ros/jazzy/share/example_interfaces/cmake)
[0.853s] -- Found rosidl_generator_c: 4.6.6 (/opt/ros/jazzy/share/rosidl_generator_c/cmake)
[0.870s] -- Found rosidl_generator_cpp: 4.6.6 (/opt/ros/jazzy/share/rosidl_generator_cpp/cmake)
[0.894s] -- Using all available rosidl_typesupport_c: rosidl_typesupport_fastrtps_c;rosidl_typesupport_introspection_c
[0.920s] -- Using all available rosidl_typesupport_cpp: rosidl_typesupport_fastrtps_cpp;rosidl_typesupport_introspection_cpp
[1.041s] -- Found rclcpp: 28.1.12 (/opt/ros/jazzy/share/rclcpp/cmake)
[1.111s] -- Found rmw_implementation_cmake: 7.3.2 (/opt/ros/jazzy/share/rmw_implementation_cmake/cmake)
[1.116s] -- Found rmw_fastrtps_cpp: 8.4.3 (/opt/ros/jazzy/share/rmw_fastrtps_cpp/cmake)
[1.221s] -- Found OpenSSL: /usr/lib/x86_64-linux-gnu/libcrypto.so (found version "3.0.13")  
[1.240s] -- Found FastRTPS: /opt/ros/jazzy/include (Required is at least version "2.13") 
[1.267s] -- Using RMW implementation 'rmw_fastrtps_cpp' as default
[1.366s] -- Found rclcpp_action: 28.1.12 (/opt/ros/jazzy/share/rclcpp_action/cmake)
[1.385s] -- Found ament_lint_auto: 0.17.3 (/opt/ros/jazzy/share/ament_lint_auto/cmake)
[1.563s] -- Added test 'copyright' to check source files copyright and LICENSE
[1.566s] -- Added test 'cppcheck' to perform static code analysis on C / C++ code
[1.566s] -- Configured cppcheck include dirs: 
[1.566s] -- Configured cppcheck exclude dirs and/or files: 
[1.566s] -- Added test 'cpplint' to check C / C++ code against the Google style
[1.566s] -- Configured cpplint exclude dirs and/or files: 
[1.568s] -- Added test 'lint_cmake' to check CMake code style
[1.569s] -- Added test 'uncrustify' to check C / C++ code style
[1.569s] -- Configured uncrustify additional arguments: 
[1.569s] -- Added test 'xmllint' to check XML markup files
[1.571s] -- Configuring done (1.5s)
[1.613s] -- Generating done (0.0s)
[1.633s] -- Build files have been written to: /root/ws/tutorial/ros2_ws/build/examples_rclcpp_minimal_action_client
[1.654s] Invoked command in '/root/ws/tutorial/ros2_ws/build/examples_rclcpp_minimal_action_client' returned '0': CMAKE_PREFIX_PATH=${CMAKE_PREFIX_PATH}:/opt/ros/jazzy /usr/bin/cmake /root/ws/tutorial/ros2_ws/src/examples/rclcpp/actions/minimal_action_client -DAMENT_CMAKE_SYMLINK_INSTALL=1 -DCMAKE_INSTALL_PREFIX=/root/ws/tutorial/ros2_ws/install/examples_rclcpp_minimal_action_client
[1.654s] Invoking command in '/root/ws/tutorial/ros2_ws/build/examples_rclcpp_minimal_action_client': CMAKE_PREFIX_PATH=${CMAKE_PREFIX_PATH}:/opt/ros/jazzy /usr/bin/cmake --build /root/ws/tutorial/ros2_ws/build/examples_rclcpp_minimal_action_client -- -j6 -l6
[14.609s] [ 12%] [32mBuilding CXX object CMakeFiles/action_client_not_composable_with_feedback.dir/not_composable_with_feedback.cpp.o[0m
[14.609s] [ 25%] [32mBuilding CXX object CMakeFiles/action_client_not_composable_with_cancel.dir/not_composable_with_cancel.cpp.o[0m
[14.609s] [ 37%] [32mBuilding CXX object CMakeFiles/action_client_not_composable.dir/not_composable.cpp.o[0m
[14.609s] [ 50%] [32mBuilding CXX object CMakeFiles/action_client_member_functions.dir/member_functions.cpp.o[0m
[16.693s] [ 62%] [32m[1mLinking CXX executable action_client_not_composable_with_feedback[0m
[17.023s] [ 62%] Built target action_client_not_composable_with_feedback
[17.382s] [ 75%] [32m[1mLinking CXX executable action_client_member_functions[0m
[17.854s] [ 87%] [32m[1mLinking CXX executable action_client_not_composable_with_cancel[0m
[17.887s] [100%] [32m[1mLinking CXX executable action_client_not_composable[0m
[18.143s] [100%] Built target action_client_member_functions
[18.212s] [100%] Built target action_client_not_composable
[18.339s] [100%] Built target action_client_not_composable_with_cancel
[18.370s] Invoked command in '/root/ws/tutorial/ros2_ws/build/examples_rclcpp_minimal_action_client' returned '0': CMAKE_PREFIX_PATH=${CMAKE_PREFIX_PATH}:/opt/ros/jazzy /usr/bin/cmake --build /root/ws/tutorial/ros2_ws/build/examples_rclcpp_minimal_action_client -- -j6 -l6
[18.370s] Invoking command in '/root/ws/tutorial/ros2_ws/build/examples_rclcpp_minimal_action_client': CMAKE_PREFIX_PATH=${CMAKE_PREFIX_PATH}:/opt/ros/jazzy /usr/bin/cmake --install /root/ws/tutorial/ros2_ws/build/examples_rclcpp_minimal_action_client
[18.478s] -- Install configuration: ""
[18.478s] -- Execute custom install script
[18.478s] -- Symlinking: /root/ws/tutorial/ros2_ws/install/examples_rclcpp_minimal_action_client/lib/examples_rclcpp_minimal_action_client/action_client_member_functions
[18.478s] -- Symlinking: /root/ws/tutorial/ros2_ws/install/examples_rclcpp_minimal_action_client/lib/examples_rclcpp_minimal_action_client/action_client_not_composable
[18.479s] -- Symlinking: /root/ws/tutorial/ros2_ws/install/examples_rclcpp_minimal_action_client/lib/examples_rclcpp_minimal_action_client/action_client_not_composable_with_cancel
[18.479s] -- Symlinking: /root/ws/tutorial/ros2_ws/install/examples_rclcpp_minimal_action_client/lib/examples_rclcpp_minimal_action_client/action_client_not_composable_with_feedback
[18.496s] -- Symlinking: /root/ws/tutorial/ros2_ws/install/examples_rclcpp_minimal_action_client/share/ament_index/resource_index/package_run_dependencies/examples_rclcpp_minimal_action_client
[18.516s] -- Symlinking: /root/ws/tutorial/ros2_ws/install/examples_rclcpp_minimal_action_client/share/ament_index/resource_index/parent_prefix_path/examples_rclcpp_minimal_action_client
[18.542s] -- Symlinking: /root/ws/tutorial/ros2_ws/install/examples_rclcpp_minimal_action_client/share/examples_rclcpp_minimal_action_client/environment/ament_prefix_path.sh
[18.562s] -- Symlinking: /root/ws/tutorial/ros2_ws/install/examples_rclcpp_minimal_action_client/share/examples_rclcpp_minimal_action_client/environment/ament_prefix_path.dsv
[18.587s] -- Symlinking: /root/ws/tutorial/ros2_ws/install/examples_rclcpp_minimal_action_client/share/examples_rclcpp_minimal_action_client/environment/path.sh
[18.609s] -- Symlinking: /root/ws/tutorial/ros2_ws/install/examples_rclcpp_minimal_action_client/share/examples_rclcpp_minimal_action_client/environment/path.dsv
[18.628s] -- Symlinking: /root/ws/tutorial/ros2_ws/install/examples_rclcpp_minimal_action_client/share/examples_rclcpp_minimal_action_client/local_setup.bash
[18.651s] -- Symlinking: /root/ws/tutorial/ros2_ws/install/examples_rclcpp_minimal_action_client/share/examples_rclcpp_minimal_action_client/local_setup.sh
[18.673s] -- Symlinking: /root/ws/tutorial/ros2_ws/install/examples_rclcpp_minimal_action_client/share/examples_rclcpp_minimal_action_client/local_setup.zsh
[18.697s] -- Symlinking: /root/ws/tutorial/ros2_ws/install/examples_rclcpp_minimal_action_client/share/examples_rclcpp_minimal_action_client/local_setup.dsv
[18.720s] -- Symlinking: /root/ws/tutorial/ros2_ws/install/examples_rclcpp_minimal_action_client/share/examples_rclcpp_minimal_action_client/package.dsv
[18.746s] -- Symlinking: /root/ws/tutorial/ros2_ws/install/examples_rclcpp_minimal_action_client/share/ament_index/resource_index/packages/examples_rclcpp_minimal_action_client
[18.765s] -- Symlinking: /root/ws/tutorial/ros2_ws/install/examples_rclcpp_minimal_action_client/share/examples_rclcpp_minimal_action_client/cmake/examples_rclcpp_minimal_action_clientConfig.cmake
[18.787s] -- Symlinking: /root/ws/tutorial/ros2_ws/install/examples_rclcpp_minimal_action_client/share/examples_rclcpp_minimal_action_client/cmake/examples_rclcpp_minimal_action_clientConfig-version.cmake
[18.808s] -- Symlinking: /root/ws/tutorial/ros2_ws/install/examples_rclcpp_minimal_action_client/share/examples_rclcpp_minimal_action_client/package.xml
[18.838s] Invoked command in '/root/ws/tutorial/ros2_ws/build/examples_rclcpp_minimal_action_client' returned '0': CMAKE_PREFIX_PATH=${CMAKE_PREFIX_PATH}:/opt/ros/jazzy /usr/bin/cmake --install /root/ws/tutorial/ros2_ws/build/examples_rclcpp_minimal_action_client
