-- The CXX compiler identification is GNU 13.3.0
-- Detecting CXX compiler ABI info
-- Detecting CXX compiler ABI info - done
-- Check for working CXX compiler: /usr/bin/c++ - skipped
-- Detecting CXX compile features
-- Detecting CXX compile features - done
-- Found ros2_control_cmake: 0.3.0 (/opt/ros/jazzy/share/ros2_control_cmake/cmake)
-- Compiler warnings enabled for GNU
-- Detected GCC Version: 13.3.0 (Major: 13, Minor: 3)
-- Found controller_manager: 4.39.2 (/opt/ros/jazzy/share/controller_manager/cmake)
-- Found Python3: /usr/bin/python3 (found version "3.12.3") found components: Interpreter 
-- Found rosidl_generator_c: 4.6.6 (/opt/ros/jazzy/share/rosidl_generator_c/cmake)
-- Found rosidl_generator_cpp: 4.6.6 (/opt/ros/jazzy/share/rosidl_generator_cpp/cmake)
-- Using all available rosidl_typesupport_c: rosidl_typesupport_fastrtps_c;rosidl_typesupport_introspection_c
-- Using all available rosidl_typesupport_cpp: rosidl_typesupport_fastrtps_cpp;rosidl_typesupport_introspection_cpp
-- Found rmw_implementation_cmake: 7.3.2 (/opt/ros/jazzy/share/rmw_implementation_cmake/cmake)
-- Found rmw_fastrtps_cpp: 8.4.3 (/opt/ros/jazzy/share/rmw_fastrtps_cpp/cmake)
-- Found OpenSSL: /usr/lib/x86_64-linux-gnu/libcrypto.so (found version "3.0.13")  
-- Found FastRTPS: /opt/ros/jazzy/include (Required is at least version "2.13") 
-- Using RMW implementation 'rmw_fastrtps_cpp' as default
-- Found ament_cmake_pytest: 2.5.4 (/opt/ros/jazzy/share/ament_cmake_pytest/cmake)
-- Found ament_cmake_ros: 0.12.0 (/opt/ros/jazzy/share/ament_cmake_ros/cmake)
-- Found launch_testing_ament_cmake: 3.4.7 (/opt/ros/jazzy/share/launch_testing_ament_cmake/cmake)
-- Found python_cmake_module: 0.11.1 (/opt/ros/jazzy/share/python_cmake_module/cmake)
-- Found PythonExtra: /usr/bin/python3  
-- Configuring done (3.1s)
-- Generating done (0.0s)
-- Build files have been written to: /root/ws/tutorial/ros2_ws6/build/ros2_control_demo_example_4
[ 50%] [32mBuilding CXX object CMakeFiles/ros2_control_demo_example_4.dir/hardware/rrbot_system_with_sensor.cpp.o[0m
[100%] [32m[1mLinking CXX shared library libros2_control_demo_example_4.so[0m
[100%] Built target ros2_control_demo_example_4
-- Install configuration: ""
-- Installing: /root/ws/tutorial/ros2_ws6/install/share/ros2_control_demo_example_4/ros2_control_demo_example_4.xml
-- Installing: /root/ws/tutorial/ros2_ws6/install/include/ros2_control_demo_example_4
-- Installing: /root/ws/tutorial/ros2_ws6/install/include/ros2_control_demo_example_4/ros2_control_demo_example_4
-- Installing: /root/ws/tutorial/ros2_ws6/install/include/ros2_control_demo_example_4/ros2_control_demo_example_4/rrbot_system_with_sensor.hpp
-- Installing: /root/ws/tutorial/ros2_ws6/install/share/ros2_control_demo_example_4/launch
-- Installing: /root/ws/tutorial/ros2_ws6/install/share/ros2_control_demo_example_4/launch/view_robot.launch.py
-- Installing: /root/ws/tutorial/ros2_ws6/install/share/ros2_control_demo_example_4/ros2_control
-- Installing: /root/ws/tutorial/ros2_ws6/install/share/ros2_control_demo_example_4/ros2_control/rrbot_system_with_sensor.ros2_control.xacro
-- Installing: /root/ws/tutorial/ros2_ws6/install/share/ros2_control_demo_example_4/urdf
-- Installing: /root/ws/tutorial/ros2_ws6/install/share/ros2_control_demo_example_4/urdf/rrbot_system_with_sensor.urdf.xacro
-- Installing: /root/ws/tutorial/ros2_ws6/install/share/ros2_control_demo_example_4/rviz
-- Installing: /root/ws/tutorial/ros2_ws6/install/share/ros2_control_demo_example_4/rviz/rrbot.rviz
-- Up-to-date: /root/ws/tutorial/ros2_ws6/install/share/ros2_control_demo_example_4/launch
-- Installing: /root/ws/tutorial/ros2_ws6/install/share/ros2_control_demo_example_4/launch/rrbot_system_with_sensor.launch.py
-- Installing: /root/ws/tutorial/ros2_ws6/install/share/ros2_control_demo_example_4/launch/test_forward_position_controller.launch.py
-- Installing: /root/ws/tutorial/ros2_ws6/install/share/ros2_control_demo_example_4/config
-- Installing: /root/ws/tutorial/ros2_ws6/install/share/ros2_control_demo_example_4/config/rrbot_with_sensor_controllers.yaml
-- Installing: /root/ws/tutorial/ros2_ws6/install/share/ros2_control_demo_example_4/config/rrbot_forward_position_publisher.yaml
-- Installing: /root/ws/tutorial/ros2_ws6/install/lib/libros2_control_demo_example_4.so
-- Set non-toolchain portion of runtime path of "/root/ws/tutorial/ros2_ws6/install/lib/libros2_control_demo_example_4.so" to ""
-- Installing: /root/ws/tutorial/ros2_ws6/install/share/ros2_control_demo_example_4/environment/library_path.sh
-- Installing: /root/ws/tutorial/ros2_ws6/install/share/ros2_control_demo_example_4/environment/library_path.dsv
-- Installing: /root/ws/tutorial/ros2_ws6/install/share/ament_index/resource_index/package_run_dependencies/ros2_control_demo_example_4
-- Installing: /root/ws/tutorial/ros2_ws6/install/share/ament_index/resource_index/parent_prefix_path/ros2_control_demo_example_4
-- Installing: /root/ws/tutorial/ros2_ws6/install/share/ros2_control_demo_example_4/environment/ament_prefix_path.sh
-- Installing: /root/ws/tutorial/ros2_ws6/install/share/ros2_control_demo_example_4/environment/ament_prefix_path.dsv
-- Installing: /root/ws/tutorial/ros2_ws6/install/share/ros2_control_demo_example_4/environment/path.sh
-- Installing: /root/ws/tutorial/ros2_ws6/install/share/ros2_control_demo_example_4/environment/path.dsv
-- Installing: /root/ws/tutorial/ros2_ws6/install/share/ros2_control_demo_example_4/local_setup.bash
-- Installing: /root/ws/tutorial/ros2_ws6/install/share/ros2_control_demo_example_4/local_setup.sh
-- Installing: /root/ws/tutorial/ros2_ws6/install/share/ros2_control_demo_example_4/local_setup.zsh
-- Installing: /root/ws/tutorial/ros2_ws6/install/share/ros2_control_demo_example_4/local_setup.dsv
-- Installing: /root/ws/tutorial/ros2_ws6/install/share/ros2_control_demo_example_4/package.dsv
-- Installing: /root/ws/tutorial/ros2_ws6/install/share/ament_index/resource_index/packages/ros2_control_demo_example_4
-- Installing: /root/ws/tutorial/ros2_ws6/install/share/ament_index/resource_index/hardware_interface__pluginlib__plugin/ros2_control_demo_example_4
-- Installing: /root/ws/tutorial/ros2_ws6/install/share/ros2_control_demo_example_4/cmake/export_ros2_control_demo_example_4Export.cmake
-- Installing: /root/ws/tutorial/ros2_ws6/install/share/ros2_control_demo_example_4/cmake/export_ros2_control_demo_example_4Export-noconfig.cmake
-- Installing: /root/ws/tutorial/ros2_ws6/install/share/ros2_control_demo_example_4/cmake/ament_cmake_export_targets-extras.cmake
-- Installing: /root/ws/tutorial/ros2_ws6/install/share/ros2_control_demo_example_4/cmake/ament_cmake_export_dependencies-extras.cmake
-- Installing: /root/ws/tutorial/ros2_ws6/install/share/ros2_control_demo_example_4/cmake/ros2_control_demo_example_4Config.cmake
-- Installing: /root/ws/tutorial/ros2_ws6/install/share/ros2_control_demo_example_4/cmake/ros2_control_demo_example_4Config-version.cmake
-- Installing: /root/ws/tutorial/ros2_ws6/install/share/ros2_control_demo_example_4/package.xml
