[0.016s] Invoking command in '/root/ws/tutorial/ros2_ws6/build/ros2_control_demo_description': CMAKE_PREFIX_PATH=${CMAKE_PREFIX_PATH}:/opt/ros/jazzy /usr/bin/cmake /root/ws/tutorial/ros2_ws6/src/ros2_control_demos/ros2_control_demo_description -DCMAKE_INSTALL_PREFIX=/root/ws/tutorial/ros2_ws6/install
[0.212s] -- The C compiler identification is GNU 13.3.0
[0.331s] -- The CXX compiler identification is GNU 13.3.0
[0.356s] -- Detecting C compiler ABI info
[0.476s] -- Detecting C compiler ABI info - done
[0.489s] -- Check for working C compiler: /usr/bin/cc - skipped
[0.489s] -- Detecting C compile features
[0.490s] -- Detecting C compile features - done
[0.504s] -- Detecting CXX compiler ABI info
[0.638s] -- Detecting CXX compiler ABI info - done
[0.649s] -- Check for working CXX compiler: /usr/bin/c++ - skipped
[0.650s] -- Detecting CXX compile features
[0.650s] -- Detecting CXX compile features - done
[0.662s] -- Found ament_cmake: 2.5.4 (/opt/ros/jazzy/share/ament_cmake/cmake)
[0.847s] -- Found Python3: /usr/bin/python3 (found version "3.12.3") found components: Interpreter 
[1.107s] -- Configuring done (1.1s)
[1.110s] -- Generating done (0.0s)
[1.112s] -- Build files have been written to: /root/ws/tutorial/ros2_ws6/build/ros2_control_demo_description
[1.118s] Invoked command in '/root/ws/tutorial/ros2_ws6/build/ros2_control_demo_description' returned '0': CMAKE_PREFIX_PATH=${CMAKE_PREFIX_PATH}:/opt/ros/jazzy /usr/bin/cmake /root/ws/tutorial/ros2_ws6/src/ros2_control_demos/ros2_control_demo_description -DCMAKE_INSTALL_PREFIX=/root/ws/tutorial/ros2_ws6/install
[1.119s] Invoking command in '/root/ws/tutorial/ros2_ws6/build/ros2_control_demo_description': CMAKE_PREFIX_PATH=${CMAKE_PREFIX_PATH}:/opt/ros/jazzy /usr/bin/cmake --build /root/ws/tutorial/ros2_ws6/build/ros2_control_demo_description -- -j6 -l6
[1.166s] Invoked command in '/root/ws/tutorial/ros2_ws6/build/ros2_control_demo_description' returned '0': CMAKE_PREFIX_PATH=${CMAKE_PREFIX_PATH}:/opt/ros/jazzy /usr/bin/cmake --build /root/ws/tutorial/ros2_ws6/build/ros2_control_demo_description -- -j6 -l6
[1.178s] Invoking command in '/root/ws/tutorial/ros2_ws6/build/ros2_control_demo_description': CMAKE_PREFIX_PATH=${CMAKE_PREFIX_PATH}:/opt/ros/jazzy /usr/bin/cmake --install /root/ws/tutorial/ros2_ws6/build/ros2_control_demo_description
[1.189s] -- Install configuration: ""
[1.189s] -- Installing: /root/ws/tutorial/ros2_ws6/install/share/ros2_control_demo_description/rrbot/urdf
[1.190s] -- Installing: /root/ws/tutorial/ros2_ws6/install/share/ros2_control_demo_description/rrbot/urdf/rrbot.materials.xacro
[1.190s] -- Installing: /root/ws/tutorial/ros2_ws6/install/share/ros2_control_demo_description/rrbot/urdf/rrbot_description.urdf.xacro
[1.190s] -- Installing: /root/ws/tutorial/ros2_ws6/install/share/ros2_control_demo_description/rrbot/rviz
[1.190s] -- Installing: /root/ws/tutorial/ros2_ws6/install/share/ros2_control_demo_description/rrbot/rviz/rrbot.rviz
[1.190s] -- Installing: /root/ws/tutorial/ros2_ws6/install/share/ros2_control_demo_description/diffbot/urdf
[1.190s] -- Installing: /root/ws/tutorial/ros2_ws6/install/share/ros2_control_demo_description/diffbot/urdf/diffbot_description.urdf.xacro
[1.190s] -- Installing: /root/ws/tutorial/ros2_ws6/install/share/ros2_control_demo_description/diffbot/urdf/diffbot.materials.xacro
[1.191s] -- Installing: /root/ws/tutorial/ros2_ws6/install/share/ros2_control_demo_description/diffbot/rviz
[1.191s] -- Installing: /root/ws/tutorial/ros2_ws6/install/share/ros2_control_demo_description/diffbot/rviz/diffbot_view.rviz
[1.191s] -- Installing: /root/ws/tutorial/ros2_ws6/install/share/ros2_control_demo_description/diffbot/rviz/diffbot.rviz
[1.191s] -- Installing: /root/ws/tutorial/ros2_ws6/install/share/ros2_control_demo_description/carlikebot/urdf
[1.191s] -- Installing: /root/ws/tutorial/ros2_ws6/install/share/ros2_control_demo_description/carlikebot/urdf/carlikebot.materials.xacro
[1.191s] -- Installing: /root/ws/tutorial/ros2_ws6/install/share/ros2_control_demo_description/carlikebot/urdf/carlikebot_description.urdf.xacro
[1.191s] -- Installing: /root/ws/tutorial/ros2_ws6/install/share/ros2_control_demo_description/carlikebot/rviz
[1.191s] -- Installing: /root/ws/tutorial/ros2_ws6/install/share/ros2_control_demo_description/carlikebot/rviz/carlikebot.rviz
[1.192s] -- Installing: /root/ws/tutorial/ros2_ws6/install/share/ros2_control_demo_description/carlikebot/rviz/carlikebot_view.rviz
[1.192s] -- Installing: /root/ws/tutorial/ros2_ws6/install/share/ros2_control_demo_description/r3bot/urdf
[1.192s] -- Installing: /root/ws/tutorial/ros2_ws6/install/share/ros2_control_demo_description/r3bot/urdf/threedofbot_description.urdf.xacro
[1.192s] -- Installing: /root/ws/tutorial/ros2_ws6/install/share/ros2_control_demo_description/r6bot/meshes
[1.192s] -- Installing: /root/ws/tutorial/ros2_ws6/install/share/ros2_control_demo_description/r6bot/meshes/collision
[1.192s] -- Installing: /root/ws/tutorial/ros2_ws6/install/share/ros2_control_demo_description/r6bot/meshes/collision/link_3.stl
[1.192s] -- Installing: /root/ws/tutorial/ros2_ws6/install/share/ros2_control_demo_description/r6bot/meshes/collision/link_1.stl
[1.193s] -- Installing: /root/ws/tutorial/ros2_ws6/install/share/ros2_control_demo_description/r6bot/meshes/collision/link_5.stl
[1.193s] -- Installing: /root/ws/tutorial/ros2_ws6/install/share/ros2_control_demo_description/r6bot/meshes/collision/link_4.stl
[1.193s] -- Installing: /root/ws/tutorial/ros2_ws6/install/share/ros2_control_demo_description/r6bot/meshes/collision/link_6.stl
[1.193s] -- Installing: /root/ws/tutorial/ros2_ws6/install/share/ros2_control_demo_description/r6bot/meshes/collision/link_2.stl
[1.194s] -- Installing: /root/ws/tutorial/ros2_ws6/install/share/ros2_control_demo_description/r6bot/meshes/collision/link_0.stl
[1.194s] -- Installing: /root/ws/tutorial/ros2_ws6/install/share/ros2_control_demo_description/r6bot/meshes/visual
[1.195s] -- Installing: /root/ws/tutorial/ros2_ws6/install/share/ros2_control_demo_description/r6bot/meshes/visual/link_5.dae
[1.195s] -- Installing: /root/ws/tutorial/ros2_ws6/install/share/ros2_control_demo_description/r6bot/meshes/visual/link_1.dae
[1.195s] -- Installing: /root/ws/tutorial/ros2_ws6/install/share/ros2_control_demo_description/r6bot/meshes/visual/link_6.dae
[1.195s] -- Installing: /root/ws/tutorial/ros2_ws6/install/share/ros2_control_demo_description/r6bot/meshes/visual/link_0.dae
[1.195s] -- Installing: /root/ws/tutorial/ros2_ws6/install/share/ros2_control_demo_description/r6bot/meshes/visual/link_3.dae
[1.196s] -- Installing: /root/ws/tutorial/ros2_ws6/install/share/ros2_control_demo_description/r6bot/meshes/visual/link_2.dae
[1.198s] -- Installing: /root/ws/tutorial/ros2_ws6/install/share/ros2_control_demo_description/r6bot/meshes/visual/link_4.dae
[1.198s] -- Installing: /root/ws/tutorial/ros2_ws6/install/share/ros2_control_demo_description/r6bot/srdf
[1.199s] -- Installing: /root/ws/tutorial/ros2_ws6/install/share/ros2_control_demo_description/r6bot/srdf/r6bot.srdf
[1.199s] -- Installing: /root/ws/tutorial/ros2_ws6/install/share/ros2_control_demo_description/r6bot/urdf
[1.199s] -- Installing: /root/ws/tutorial/ros2_ws6/install/share/ros2_control_demo_description/r6bot/urdf/r6bot_description.urdf.xacro
[1.199s] -- Installing: /root/ws/tutorial/ros2_ws6/install/share/ros2_control_demo_description/r6bot/urdf/inc
[1.199s] -- Installing: /root/ws/tutorial/ros2_ws6/install/share/ros2_control_demo_description/r6bot/urdf/inc/create_link.xacro
[1.199s] -- Installing: /root/ws/tutorial/ros2_ws6/install/share/ros2_control_demo_description/r6bot/rviz
[1.200s] -- Installing: /root/ws/tutorial/ros2_ws6/install/share/ros2_control_demo_description/r6bot/rviz/view_robot.rviz
[1.200s] -- Installing: /root/ws/tutorial/ros2_ws6/install/share/ament_index/resource_index/package_run_dependencies/ros2_control_demo_description
[1.200s] -- Installing: /root/ws/tutorial/ros2_ws6/install/share/ament_index/resource_index/parent_prefix_path/ros2_control_demo_description
[1.200s] -- Installing: /root/ws/tutorial/ros2_ws6/install/share/ros2_control_demo_description/environment/ament_prefix_path.sh
[1.200s] -- Installing: /root/ws/tutorial/ros2_ws6/install/share/ros2_control_demo_description/environment/ament_prefix_path.dsv
[1.200s] -- Installing: /root/ws/tutorial/ros2_ws6/install/share/ros2_control_demo_description/environment/path.sh
[1.201s] -- Installing: /root/ws/tutorial/ros2_ws6/install/share/ros2_control_demo_description/environment/path.dsv
[1.201s] -- Installing: /root/ws/tutorial/ros2_ws6/install/share/ros2_control_demo_description/local_setup.bash
[1.201s] -- Installing: /root/ws/tutorial/ros2_ws6/install/share/ros2_control_demo_description/local_setup.sh
[1.201s] -- Installing: /root/ws/tutorial/ros2_ws6/install/share/ros2_control_demo_description/local_setup.zsh
[1.201s] -- Installing: /root/ws/tutorial/ros2_ws6/install/share/ros2_control_demo_description/local_setup.dsv
[1.201s] -- Installing: /root/ws/tutorial/ros2_ws6/install/share/ros2_control_demo_description/package.dsv
[1.201s] -- Installing: /root/ws/tutorial/ros2_ws6/install/share/ament_index/resource_index/packages/ros2_control_demo_description
[1.202s] -- Installing: /root/ws/tutorial/ros2_ws6/install/share/ros2_control_demo_description/cmake/ros2_control_demo_descriptionConfig.cmake
[1.202s] -- Installing: /root/ws/tutorial/ros2_ws6/install/share/ros2_control_demo_description/cmake/ros2_control_demo_descriptionConfig-version.cmake
[1.202s] -- Installing: /root/ws/tutorial/ros2_ws6/install/share/ros2_control_demo_description/package.xml
[1.205s] Invoked command in '/root/ws/tutorial/ros2_ws6/build/ros2_control_demo_description' returned '0': CMAKE_PREFIX_PATH=${CMAKE_PREFIX_PATH}:/opt/ros/jazzy /usr/bin/cmake --install /root/ws/tutorial/ros2_ws6/build/ros2_control_demo_description
