[0.028s] Invoking command in '/root/ws/tutorial/ros2_ws6/build/ros2_control_demo_example_2': AMENT_PREFIX_PATH=/root/ws/tutorial/ros2_ws6/install:${AMENT_PREFIX_PATH} CMAKE_PREFIX_PATH=/root/ws/tutorial/ros2_ws6/install:/opt/ros/jazzy/opt/gz_sim_vendor:/opt/ros/jazzy/opt/gz_sensors_vendor:/opt/ros/jazzy/opt/gz_physics_vendor:/opt/ros/jazzy/opt/gz_gui_vendor:/opt/ros/jazzy/opt/gz_transport_vendor:/opt/ros/jazzy/opt/gz_rendering_vendor:/opt/ros/jazzy/opt/gz_plugin_vendor:/opt/ros/jazzy/opt/gz_fuel_tools_vendor:/opt/ros/jazzy/opt/gz_msgs_vendor:/opt/ros/jazzy/opt/gz_common_vendor:/opt/ros/jazzy/opt/gz_ogre_next_vendor:/opt/ros/jazzy/opt/gz_dartsim_vendor:/opt/ros/jazzy/opt/sdformat_vendor:/opt/ros/jazzy/opt/gz_math_vendor:/opt/ros/jazzy/opt/gz_utils_vendor:/opt/ros/jazzy/opt/gz_tools_vendor:/opt/ros/jazzy/opt/gz_cmake_vendor:/opt/ros/jazzy /usr/bin/cmake /root/ws/tutorial/ros2_ws6/src/ros2_control_demos/example_2 -DCMAKE_INSTALL_PREFIX=/root/ws/tutorial/ros2_ws6/install
[0.119s] -- The CXX compiler identification is GNU 13.3.0
[0.139s] -- Detecting CXX compiler ABI info
[0.270s] -- Detecting CXX compiler ABI info - done
[0.281s] -- Check for working CXX compiler: /usr/bin/c++ - skipped
[0.282s] -- Detecting CXX compile features
[0.282s] -- Detecting CXX compile features - done
[0.288s] -- Found ros2_control_cmake: 0.3.0 (/opt/ros/jazzy/share/ros2_control_cmake/cmake)
[0.289s] -- Compiler warnings enabled for GNU
[0.289s] -- Detected GCC Version: 13.3.0 (Major: 13, Minor: 3)
[0.294s] -- Found controller_manager: 4.39.2 (/opt/ros/jazzy/share/controller_manager/cmake)
[0.509s] -- Found Python3: /usr/bin/python3 (found version "3.12.3") found components: Interpreter 
[0.787s] -- Found rosidl_generator_c: 4.6.6 (/opt/ros/jazzy/share/rosidl_generator_c/cmake)
[0.814s] -- Found rosidl_generator_cpp: 4.6.6 (/opt/ros/jazzy/share/rosidl_generator_cpp/cmake)
[0.844s] -- Using all available rosidl_typesupport_c: rosidl_typesupport_fastrtps_c;rosidl_typesupport_introspection_c
[0.878s] -- Using all available rosidl_typesupport_cpp: rosidl_typesupport_fastrtps_cpp;rosidl_typesupport_introspection_cpp
[1.017s] -- Found rmw_implementation_cmake: 7.3.2 (/opt/ros/jazzy/share/rmw_implementation_cmake/cmake)
[1.025s] -- Found rmw_fastrtps_cpp: 8.4.3 (/opt/ros/jazzy/share/rmw_fastrtps_cpp/cmake)
[1.159s] -- Found OpenSSL: /usr/lib/x86_64-linux-gnu/libcrypto.so (found version "3.0.13")  
[1.182s] -- Found FastRTPS: /opt/ros/jazzy/include (Required is at least version "2.13") 
[1.214s] -- Using RMW implementation 'rmw_fastrtps_cpp' as default
[2.157s] -- Found ament_cmake_pytest: 2.5.4 (/opt/ros/jazzy/share/ament_cmake_pytest/cmake)
[2.839s] -- Found ament_cmake_ros: 0.12.0 (/opt/ros/jazzy/share/ament_cmake_ros/cmake)
[2.880s] -- Found launch_testing_ament_cmake: 3.4.7 (/opt/ros/jazzy/share/launch_testing_ament_cmake/cmake)
[2.886s] -- Found python_cmake_module: 0.11.1 (/opt/ros/jazzy/share/python_cmake_module/cmake)
[3.238s] -- Found PythonExtra: /usr/bin/python3  
[3.445s] -- Configuring done (3.4s)
[3.521s] -- Generating done (0.1s)
[3.534s] -- Build files have been written to: /root/ws/tutorial/ros2_ws6/build/ros2_control_demo_example_2
[3.565s] Invoked command in '/root/ws/tutorial/ros2_ws6/build/ros2_control_demo_example_2' returned '0': AMENT_PREFIX_PATH=/root/ws/tutorial/ros2_ws6/install:${AMENT_PREFIX_PATH} CMAKE_PREFIX_PATH=/root/ws/tutorial/ros2_ws6/install:/opt/ros/jazzy/opt/gz_sim_vendor:/opt/ros/jazzy/opt/gz_sensors_vendor:/opt/ros/jazzy/opt/gz_physics_vendor:/opt/ros/jazzy/opt/gz_gui_vendor:/opt/ros/jazzy/opt/gz_transport_vendor:/opt/ros/jazzy/opt/gz_rendering_vendor:/opt/ros/jazzy/opt/gz_plugin_vendor:/opt/ros/jazzy/opt/gz_fuel_tools_vendor:/opt/ros/jazzy/opt/gz_msgs_vendor:/opt/ros/jazzy/opt/gz_common_vendor:/opt/ros/jazzy/opt/gz_ogre_next_vendor:/opt/ros/jazzy/opt/gz_dartsim_vendor:/opt/ros/jazzy/opt/sdformat_vendor:/opt/ros/jazzy/opt/gz_math_vendor:/opt/ros/jazzy/opt/gz_utils_vendor:/opt/ros/jazzy/opt/gz_tools_vendor:/opt/ros/jazzy/opt/gz_cmake_vendor:/opt/ros/jazzy /usr/bin/cmake /root/ws/tutorial/ros2_ws6/src/ros2_control_demos/example_2 -DCMAKE_INSTALL_PREFIX=/root/ws/tutorial/ros2_ws6/install
[3.566s] Invoking command in '/root/ws/tutorial/ros2_ws6/build/ros2_control_demo_example_2': AMENT_PREFIX_PATH=/root/ws/tutorial/ros2_ws6/install:${AMENT_PREFIX_PATH} CMAKE_PREFIX_PATH=/root/ws/tutorial/ros2_ws6/install:/opt/ros/jazzy/opt/gz_sim_vendor:/opt/ros/jazzy/opt/gz_sensors_vendor:/opt/ros/jazzy/opt/gz_physics_vendor:/opt/ros/jazzy/opt/gz_gui_vendor:/opt/ros/jazzy/opt/gz_transport_vendor:/opt/ros/jazzy/opt/gz_rendering_vendor:/opt/ros/jazzy/opt/gz_plugin_vendor:/opt/ros/jazzy/opt/gz_fuel_tools_vendor:/opt/ros/jazzy/opt/gz_msgs_vendor:/opt/ros/jazzy/opt/gz_common_vendor:/opt/ros/jazzy/opt/gz_ogre_next_vendor:/opt/ros/jazzy/opt/gz_dartsim_vendor:/opt/ros/jazzy/opt/sdformat_vendor:/opt/ros/jazzy/opt/gz_math_vendor:/opt/ros/jazzy/opt/gz_utils_vendor:/opt/ros/jazzy/opt/gz_tools_vendor:/opt/ros/jazzy/opt/gz_cmake_vendor:/opt/ros/jazzy /usr/bin/cmake --build /root/ws/tutorial/ros2_ws6/build/ros2_control_demo_example_2 -- -j6 -l6
[4.978s] [ 50%] [32mBuilding CXX object CMakeFiles/ros2_control_demo_example_2.dir/hardware/diffbot_system.cpp.o[0m
[10.670s] [100%] [32m[1mLinking CXX shared library libros2_control_demo_example_2.so[0m
[11.011s] [100%] Built target ros2_control_demo_example_2
[11.033s] Invoked command in '/root/ws/tutorial/ros2_ws6/build/ros2_control_demo_example_2' returned '0': AMENT_PREFIX_PATH=/root/ws/tutorial/ros2_ws6/install:${AMENT_PREFIX_PATH} CMAKE_PREFIX_PATH=/root/ws/tutorial/ros2_ws6/install:/opt/ros/jazzy/opt/gz_sim_vendor:/opt/ros/jazzy/opt/gz_sensors_vendor:/opt/ros/jazzy/opt/gz_physics_vendor:/opt/ros/jazzy/opt/gz_gui_vendor:/opt/ros/jazzy/opt/gz_transport_vendor:/opt/ros/jazzy/opt/gz_rendering_vendor:/opt/ros/jazzy/opt/gz_plugin_vendor:/opt/ros/jazzy/opt/gz_fuel_tools_vendor:/opt/ros/jazzy/opt/gz_msgs_vendor:/opt/ros/jazzy/opt/gz_common_vendor:/opt/ros/jazzy/opt/gz_ogre_next_vendor:/opt/ros/jazzy/opt/gz_dartsim_vendor:/opt/ros/jazzy/opt/sdformat_vendor:/opt/ros/jazzy/opt/gz_math_vendor:/opt/ros/jazzy/opt/gz_utils_vendor:/opt/ros/jazzy/opt/gz_tools_vendor:/opt/ros/jazzy/opt/gz_cmake_vendor:/opt/ros/jazzy /usr/bin/cmake --build /root/ws/tutorial/ros2_ws6/build/ros2_control_demo_example_2 -- -j6 -l6
[11.034s] Invoking command in '/root/ws/tutorial/ros2_ws6/build/ros2_control_demo_example_2': AMENT_PREFIX_PATH=/root/ws/tutorial/ros2_ws6/install:${AMENT_PREFIX_PATH} CMAKE_PREFIX_PATH=/root/ws/tutorial/ros2_ws6/install:/opt/ros/jazzy/opt/gz_sim_vendor:/opt/ros/jazzy/opt/gz_sensors_vendor:/opt/ros/jazzy/opt/gz_physics_vendor:/opt/ros/jazzy/opt/gz_gui_vendor:/opt/ros/jazzy/opt/gz_transport_vendor:/opt/ros/jazzy/opt/gz_rendering_vendor:/opt/ros/jazzy/opt/gz_plugin_vendor:/opt/ros/jazzy/opt/gz_fuel_tools_vendor:/opt/ros/jazzy/opt/gz_msgs_vendor:/opt/ros/jazzy/opt/gz_common_vendor:/opt/ros/jazzy/opt/gz_ogre_next_vendor:/opt/ros/jazzy/opt/gz_dartsim_vendor:/opt/ros/jazzy/opt/sdformat_vendor:/opt/ros/jazzy/opt/gz_math_vendor:/opt/ros/jazzy/opt/gz_utils_vendor:/opt/ros/jazzy/opt/gz_tools_vendor:/opt/ros/jazzy/opt/gz_cmake_vendor:/opt/ros/jazzy /usr/bin/cmake --install /root/ws/tutorial/ros2_ws6/build/ros2_control_demo_example_2
[11.041s] -- Install configuration: ""
[11.043s] -- Installing: /root/ws/tutorial/ros2_ws6/install/share/ros2_control_demo_example_2/ros2_control_demo_example_2.xml
[11.043s] -- Installing: /root/ws/tutorial/ros2_ws6/install/include/ros2_control_demo_example_2
[11.043s] -- Installing: /root/ws/tutorial/ros2_ws6/install/include/ros2_control_demo_example_2/ros2_control_demo_example_2
[11.043s] -- Installing: /root/ws/tutorial/ros2_ws6/install/include/ros2_control_demo_example_2/ros2_control_demo_example_2/diffbot_system.hpp
[11.043s] -- Installing: /root/ws/tutorial/ros2_ws6/install/share/ros2_control_demo_example_2/launch
[11.043s] -- Installing: /root/ws/tutorial/ros2_ws6/install/share/ros2_control_demo_example_2/launch/view_robot.launch.py
[11.043s] -- Installing: /root/ws/tutorial/ros2_ws6/install/share/ros2_control_demo_example_2/ros2_control
[11.043s] -- Installing: /root/ws/tutorial/ros2_ws6/install/share/ros2_control_demo_example_2/ros2_control/diffbot.ros2_control.xacro
[11.043s] -- Installing: /root/ws/tutorial/ros2_ws6/install/share/ros2_control_demo_example_2/urdf
[11.043s] -- Installing: /root/ws/tutorial/ros2_ws6/install/share/ros2_control_demo_example_2/urdf/diffbot.urdf.xacro
[11.043s] -- Up-to-date: /root/ws/tutorial/ros2_ws6/install/share/ros2_control_demo_example_2/launch
[11.045s] -- Installing: /root/ws/tutorial/ros2_ws6/install/share/ros2_control_demo_example_2/launch/diffbot.launch.py
[11.045s] -- Installing: /root/ws/tutorial/ros2_ws6/install/share/ros2_control_demo_example_2/config
[11.045s] -- Installing: /root/ws/tutorial/ros2_ws6/install/share/ros2_control_demo_example_2/config/diffbot_controllers.yaml
[11.045s] -- Installing: /root/ws/tutorial/ros2_ws6/install/lib/libros2_control_demo_example_2.so
[11.046s] -- Set non-toolchain portion of runtime path of "/root/ws/tutorial/ros2_ws6/install/lib/libros2_control_demo_example_2.so" to ""
[11.046s] -- Installing: /root/ws/tutorial/ros2_ws6/install/share/ros2_control_demo_example_2/environment/library_path.sh
[11.046s] -- Installing: /root/ws/tutorial/ros2_ws6/install/share/ros2_control_demo_example_2/environment/library_path.dsv
[11.046s] -- Installing: /root/ws/tutorial/ros2_ws6/install/share/ament_index/resource_index/package_run_dependencies/ros2_control_demo_example_2
[11.047s] -- Installing: /root/ws/tutorial/ros2_ws6/install/share/ament_index/resource_index/parent_prefix_path/ros2_control_demo_example_2
[11.047s] -- Installing: /root/ws/tutorial/ros2_ws6/install/share/ros2_control_demo_example_2/environment/ament_prefix_path.sh
[11.048s] -- Installing: /root/ws/tutorial/ros2_ws6/install/share/ros2_control_demo_example_2/environment/ament_prefix_path.dsv
[11.048s] -- Installing: /root/ws/tutorial/ros2_ws6/install/share/ros2_control_demo_example_2/environment/path.sh
[11.048s] -- Installing: /root/ws/tutorial/ros2_ws6/install/share/ros2_control_demo_example_2/environment/path.dsv
[11.048s] -- Installing: /root/ws/tutorial/ros2_ws6/install/share/ros2_control_demo_example_2/local_setup.bash
[11.048s] -- Installing: /root/ws/tutorial/ros2_ws6/install/share/ros2_control_demo_example_2/local_setup.sh
[11.048s] -- Installing: /root/ws/tutorial/ros2_ws6/install/share/ros2_control_demo_example_2/local_setup.zsh
[11.048s] -- Installing: /root/ws/tutorial/ros2_ws6/install/share/ros2_control_demo_example_2/local_setup.dsv
[11.049s] -- Installing: /root/ws/tutorial/ros2_ws6/install/share/ros2_control_demo_example_2/package.dsv
[11.049s] -- Installing: /root/ws/tutorial/ros2_ws6/install/share/ament_index/resource_index/packages/ros2_control_demo_example_2
[11.050s] -- Installing: /root/ws/tutorial/ros2_ws6/install/share/ament_index/resource_index/hardware_interface__pluginlib__plugin/ros2_control_demo_example_2
[11.050s] -- Installing: /root/ws/tutorial/ros2_ws6/install/share/ros2_control_demo_example_2/cmake/export_ros2_control_demo_example_2Export.cmake
[11.050s] -- Installing: /root/ws/tutorial/ros2_ws6/install/share/ros2_control_demo_example_2/cmake/export_ros2_control_demo_example_2Export-noconfig.cmake
[11.050s] -- Installing: /root/ws/tutorial/ros2_ws6/install/share/ros2_control_demo_example_2/cmake/ament_cmake_export_targets-extras.cmake
[11.050s] -- Installing: /root/ws/tutorial/ros2_ws6/install/share/ros2_control_demo_example_2/cmake/ament_cmake_export_dependencies-extras.cmake
[11.050s] -- Installing: /root/ws/tutorial/ros2_ws6/install/share/ros2_control_demo_example_2/cmake/ros2_control_demo_example_2Config.cmake
[11.050s] -- Installing: /root/ws/tutorial/ros2_ws6/install/share/ros2_control_demo_example_2/cmake/ros2_control_demo_example_2Config-version.cmake
[11.050s] -- Installing: /root/ws/tutorial/ros2_ws6/install/share/ros2_control_demo_example_2/package.xml
[11.062s] Invoked command in '/root/ws/tutorial/ros2_ws6/build/ros2_control_demo_example_2' returned '0': AMENT_PREFIX_PATH=/root/ws/tutorial/ros2_ws6/install:${AMENT_PREFIX_PATH} CMAKE_PREFIX_PATH=/root/ws/tutorial/ros2_ws6/install:/opt/ros/jazzy/opt/gz_sim_vendor:/opt/ros/jazzy/opt/gz_sensors_vendor:/opt/ros/jazzy/opt/gz_physics_vendor:/opt/ros/jazzy/opt/gz_gui_vendor:/opt/ros/jazzy/opt/gz_transport_vendor:/opt/ros/jazzy/opt/gz_rendering_vendor:/opt/ros/jazzy/opt/gz_plugin_vendor:/opt/ros/jazzy/opt/gz_fuel_tools_vendor:/opt/ros/jazzy/opt/gz_msgs_vendor:/opt/ros/jazzy/opt/gz_common_vendor:/opt/ros/jazzy/opt/gz_ogre_next_vendor:/opt/ros/jazzy/opt/gz_dartsim_vendor:/opt/ros/jazzy/opt/sdformat_vendor:/opt/ros/jazzy/opt/gz_math_vendor:/opt/ros/jazzy/opt/gz_utils_vendor:/opt/ros/jazzy/opt/gz_tools_vendor:/opt/ros/jazzy/opt/gz_cmake_vendor:/opt/ros/jazzy /usr/bin/cmake --install /root/ws/tutorial/ros2_ws6/build/ros2_control_demo_example_2
