[2.269s] Invoking command in '/root/ws/tutorial/ros2_ws/build/examples_rclpy_minimal_action_client': PYTHONPATH=/root/ws/tutorial/ros2_ws/build/examples_rclpy_minimal_action_client/prefix_override:/usr/lib/python3/dist-packages/colcon_core/task/python/colcon_distutils_commands:/root/ws/tutorial/ros2_ws/install/examples_rclpy_minimal_action_client/lib/python3.12/site-packages:${PYTHONPATH} /usr/bin/python3 -W ignore:setup.py install is deprecated -W ignore:easy_install command is deprecated setup.py develop --editable --build-directory /root/ws/tutorial/ros2_ws/build/examples_rclpy_minimal_action_client/build --no-deps symlink_data
[3.010s] running develop
[3.341s] running egg_info
[3.343s] creating examples_rclpy_minimal_action_client.egg-info
[3.385s] writing examples_rclpy_minimal_action_client.egg-info/PKG-INFO
[3.386s] writing dependency_links to examples_rclpy_minimal_action_client.egg-info/dependency_links.txt
[3.386s] writing entry points to examples_rclpy_minimal_action_client.egg-info/entry_points.txt
[3.386s] writing requirements to examples_rclpy_minimal_action_client.egg-info/requires.txt
[3.386s] writing top-level names to examples_rclpy_minimal_action_client.egg-info/top_level.txt
[3.388s] writing manifest file 'examples_rclpy_minimal_action_client.egg-info/SOURCES.txt'
[3.479s] reading manifest file 'examples_rclpy_minimal_action_client.egg-info/SOURCES.txt'
[3.484s] writing manifest file 'examples_rclpy_minimal_action_client.egg-info/SOURCES.txt'
[3.538s] running build_ext
[3.542s] Creating /root/ws/tutorial/ros2_ws/install/examples_rclpy_minimal_action_client/lib/python3.12/site-packages/examples-rclpy-minimal-action-client.egg-link (link to .)
[3.543s] Installing client script to /root/ws/tutorial/ros2_ws/install/examples_rclpy_minimal_action_client/lib/examples_rclpy_minimal_action_client
[3.543s] Installing client_asyncio script to /root/ws/tutorial/ros2_ws/install/examples_rclpy_minimal_action_client/lib/examples_rclpy_minimal_action_client
[3.543s] Installing client_cancel script to /root/ws/tutorial/ros2_ws/install/examples_rclpy_minimal_action_client/lib/examples_rclpy_minimal_action_client
[3.543s] Installing client_not_composable script to /root/ws/tutorial/ros2_ws/install/examples_rclpy_minimal_action_client/lib/examples_rclpy_minimal_action_client
[3.543s] 
[3.543s] Installed /root/ws/tutorial/ros2_ws/build/examples_rclpy_minimal_action_client
[3.543s] running symlink_data
[3.544s] creating /root/ws/tutorial/ros2_ws/install/examples_rclpy_minimal_action_client/share/ament_index
[3.544s] creating /root/ws/tutorial/ros2_ws/install/examples_rclpy_minimal_action_client/share/ament_index/resource_index
[3.544s] creating /root/ws/tutorial/ros2_ws/install/examples_rclpy_minimal_action_client/share/ament_index/resource_index/packages
[3.544s] symbolically linking /root/ws/tutorial/ros2_ws/build/examples_rclpy_minimal_action_client/resource/examples_rclpy_minimal_action_client -> /root/ws/tutorial/ros2_ws/install/examples_rclpy_minimal_action_client/share/ament_index/resource_index/packages
[3.549s] symbolically linking /root/ws/tutorial/ros2_ws/build/examples_rclpy_minimal_action_client/package.xml -> /root/ws/tutorial/ros2_ws/install/examples_rclpy_minimal_action_client/share/examples_rclpy_minimal_action_client
[3.687s] Invoked command in '/root/ws/tutorial/ros2_ws/build/examples_rclpy_minimal_action_client' returned '0': PYTHONPATH=/root/ws/tutorial/ros2_ws/build/examples_rclpy_minimal_action_client/prefix_override:/usr/lib/python3/dist-packages/colcon_core/task/python/colcon_distutils_commands:/root/ws/tutorial/ros2_ws/install/examples_rclpy_minimal_action_client/lib/python3.12/site-packages:${PYTHONPATH} /usr/bin/python3 -W ignore:setup.py install is deprecated -W ignore:easy_install command is deprecated setup.py develop --editable --build-directory /root/ws/tutorial/ros2_ws/build/examples_rclpy_minimal_action_client/build --no-deps symlink_data
