-- The C compiler identification is GNU 13.3.0
-- The CXX compiler identification is GNU 13.3.0
-- Detecting C compiler ABI info
-- Detecting C compiler ABI info - done
-- Check for working C compiler: /usr/bin/cc - skipped
-- Detecting C compile features
-- Detecting C compile features - done
-- Detecting CXX compiler ABI info
-- Detecting CXX compiler ABI info - done
-- Check for working CXX compiler: /usr/bin/c++ - skipped
-- Detecting CXX compile features
-- Detecting CXX compile features - done
-- Found ament_cmake: 2.5.4 (/opt/ros/jazzy/share/ament_cmake/cmake)
-- Found Python3: /usr/bin/python3 (found version "3.12.3") found components: Interpreter 
-- Found rclcpp: 28.1.12 (/opt/ros/jazzy/share/rclcpp/cmake)
-- Found rosidl_generator_c: 4.6.6 (/opt/ros/jazzy/share/rosidl_generator_c/cmake)
-- Found rosidl_generator_cpp: 4.6.6 (/opt/ros/jazzy/share/rosidl_generator_cpp/cmake)
-- Using all available rosidl_typesupport_c: rosidl_typesupport_fastrtps_c;rosidl_typesupport_introspection_c
-- Using all available rosidl_typesupport_cpp: rosidl_typesupport_fastrtps_cpp;rosidl_typesupport_introspection_cpp
-- Found rmw_implementation_cmake: 7.3.2 (/opt/ros/jazzy/share/rmw_implementation_cmake/cmake)
-- Found rmw_fastrtps_cpp: 8.4.3 (/opt/ros/jazzy/share/rmw_fastrtps_cpp/cmake)
-- Found OpenSSL: /usr/lib/x86_64-linux-gnu/libcrypto.so (found version "3.0.13")  
-- Found FastRTPS: /opt/ros/jazzy/include (Required is at least version "2.13") 
-- Using RMW implementation 'rmw_fastrtps_cpp' as default
-- Found std_msgs: 5.3.6 (/opt/ros/jazzy/share/std_msgs/cmake)
-- Found ament_lint_auto: 0.17.3 (/opt/ros/jazzy/share/ament_lint_auto/cmake)
-- Added test 'cppcheck' to perform static code analysis on C / C++ code
-- Configured cppcheck include dirs: 
-- Configured cppcheck exclude dirs and/or files: 
-- Added test 'lint_cmake' to check CMake code style
-- Added test 'uncrustify' to check C / C++ code style
-- Configured uncrustify additional arguments: 
-- Added test 'xmllint' to check XML markup files
-- Configuring done (1.2s)
-- Generating done (0.0s)
-- Build files have been written to: /root/ws/build/motorctl_cpp
[ 50%] [32mBuilding CXX object CMakeFiles/slave.dir/src/slave.cpp.o[0m
[ 50%] [32mBuilding CXX object CMakeFiles/master.dir/src/master.cpp.o[0m
[ 75%] [32m[1mLinking CXX executable slave[0m
[ 75%] Built target slave
[100%] [32m[1mLinking CXX executable master[0m
[100%] Built target master
-- Install configuration: ""
-- Installing: /root/ws/install/motorctl_cpp/lib/motorctl_cpp/master
-- Set non-toolchain portion of runtime path of "/root/ws/install/motorctl_cpp/lib/motorctl_cpp/master" to ""
-- Installing: /root/ws/install/motorctl_cpp/lib/motorctl_cpp/slave
-- Set non-toolchain portion of runtime path of "/root/ws/install/motorctl_cpp/lib/motorctl_cpp/slave" to ""
-- Installing: /root/ws/install/motorctl_cpp/share/ament_index/resource_index/package_run_dependencies/motorctl_cpp
-- Installing: /root/ws/install/motorctl_cpp/share/ament_index/resource_index/parent_prefix_path/motorctl_cpp
-- Installing: /root/ws/install/motorctl_cpp/share/motorctl_cpp/environment/ament_prefix_path.sh
-- Installing: /root/ws/install/motorctl_cpp/share/motorctl_cpp/environment/ament_prefix_path.dsv
-- Installing: /root/ws/install/motorctl_cpp/share/motorctl_cpp/environment/path.sh
-- Installing: /root/ws/install/motorctl_cpp/share/motorctl_cpp/environment/path.dsv
-- Installing: /root/ws/install/motorctl_cpp/share/motorctl_cpp/local_setup.bash
-- Installing: /root/ws/install/motorctl_cpp/share/motorctl_cpp/local_setup.sh
-- Installing: /root/ws/install/motorctl_cpp/share/motorctl_cpp/local_setup.zsh
-- Installing: /root/ws/install/motorctl_cpp/share/motorctl_cpp/local_setup.dsv
-- Installing: /root/ws/install/motorctl_cpp/share/motorctl_cpp/package.dsv
-- Installing: /root/ws/install/motorctl_cpp/share/ament_index/resource_index/packages/motorctl_cpp
-- Installing: /root/ws/install/motorctl_cpp/share/motorctl_cpp/cmake/motorctl_cppConfig.cmake
-- Installing: /root/ws/install/motorctl_cpp/share/motorctl_cpp/cmake/motorctl_cppConfig-version.cmake
-- Installing: /root/ws/install/motorctl_cpp/share/motorctl_cpp/package.xml
