[0.025s] Invoking command in '/root/ws/tutorial/ros2_ws/build/examples_rclcpp_cbg_executor': CMAKE_PREFIX_PATH=${CMAKE_PREFIX_PATH}:/opt/ros/jazzy /usr/bin/cmake /root/ws/tutorial/ros2_ws/src/examples/rclcpp/executors/cbg_executor -DAMENT_CMAKE_SYMLINK_INSTALL=1 -DCMAKE_INSTALL_PREFIX=/root/ws/tutorial/ros2_ws/install/examples_rclcpp_cbg_executor
[0.102s] -- The C compiler identification is GNU 13.3.0
[0.176s] -- The CXX compiler identification is GNU 13.3.0
[0.195s] -- Detecting C compiler ABI info
[0.308s] -- Detecting C compiler ABI info - done
[0.320s] -- Check for working C compiler: /usr/bin/cc - skipped
[0.320s] -- Detecting C compile features
[0.320s] -- Detecting C compile features - done
[0.330s] -- Detecting CXX compiler ABI info
[0.459s] -- Detecting CXX compiler ABI info - done
[0.471s] -- Check for working CXX compiler: /usr/bin/c++ - skipped
[0.472s] -- Detecting CXX compile features
[0.472s] -- Detecting CXX compile features - done
[0.476s] -- Found ament_cmake: 2.5.4 (/opt/ros/jazzy/share/ament_cmake/cmake)
[0.661s] -- Found Python3: /usr/bin/python3 (found version "3.12.3") found components: Interpreter 
[0.761s] -- Override CMake install command with custom implementation using symlinks instead of copying resources
[0.812s] -- Found rclcpp: 28.1.12 (/opt/ros/jazzy/share/rclcpp/cmake)
[0.866s] -- Found rosidl_generator_c: 4.6.6 (/opt/ros/jazzy/share/rosidl_generator_c/cmake)
[0.885s] -- Found rosidl_generator_cpp: 4.6.6 (/opt/ros/jazzy/share/rosidl_generator_cpp/cmake)
[0.911s] -- Using all available rosidl_typesupport_c: rosidl_typesupport_fastrtps_c;rosidl_typesupport_introspection_c
[0.936s] -- Using all available rosidl_typesupport_cpp: rosidl_typesupport_fastrtps_cpp;rosidl_typesupport_introspection_cpp
[1.042s] -- Found rmw_implementation_cmake: 7.3.2 (/opt/ros/jazzy/share/rmw_implementation_cmake/cmake)
[1.046s] -- Found rmw_fastrtps_cpp: 8.4.3 (/opt/ros/jazzy/share/rmw_fastrtps_cpp/cmake)
[1.144s] -- Found OpenSSL: /usr/lib/x86_64-linux-gnu/libcrypto.so (found version "3.0.13")  
[1.165s] -- Found FastRTPS: /opt/ros/jazzy/include (Required is at least version "2.13") 
[1.192s] -- Using RMW implementation 'rmw_fastrtps_cpp' as default
[1.291s] -- Found std_msgs: 5.3.6 (/opt/ros/jazzy/share/std_msgs/cmake)
[1.313s] -- Found ament_lint_auto: 0.17.3 (/opt/ros/jazzy/share/ament_lint_auto/cmake)
[1.454s] -- Added test 'copyright' to check source files copyright and LICENSE
[1.455s] -- Added test 'cppcheck' to perform static code analysis on C / C++ code
[1.456s] -- Configured cppcheck include dirs: /root/ws/tutorial/ros2_ws/src/examples/rclcpp/executors/cbg_executor/include
[1.456s] -- Configured cppcheck exclude dirs and/or files: 
[1.460s] -- Added test 'cpplint' to check C / C++ code against the Google style
[1.460s] -- Configured cpplint exclude dirs and/or files: 
[1.460s] -- Added test 'lint_cmake' to check CMake code style
[1.463s] -- Added test 'uncrustify' to check C / C++ code style
[1.463s] -- Configured uncrustify additional arguments: 
[1.464s] -- Added test 'xmllint' to check XML markup files
[1.468s] -- Configuring done (1.4s)
[1.494s] -- Generating done (0.0s)
[1.500s] -- Build files have been written to: /root/ws/tutorial/ros2_ws/build/examples_rclcpp_cbg_executor
[1.518s] Invoked command in '/root/ws/tutorial/ros2_ws/build/examples_rclcpp_cbg_executor' returned '0': CMAKE_PREFIX_PATH=${CMAKE_PREFIX_PATH}:/opt/ros/jazzy /usr/bin/cmake /root/ws/tutorial/ros2_ws/src/examples/rclcpp/executors/cbg_executor -DAMENT_CMAKE_SYMLINK_INSTALL=1 -DCMAKE_INSTALL_PREFIX=/root/ws/tutorial/ros2_ws/install/examples_rclcpp_cbg_executor
[1.518s] Invoking command in '/root/ws/tutorial/ros2_ws/build/examples_rclcpp_cbg_executor': CMAKE_PREFIX_PATH=${CMAKE_PREFIX_PATH}:/opt/ros/jazzy /usr/bin/cmake --build /root/ws/tutorial/ros2_ws/build/examples_rclcpp_cbg_executor -- -j6 -l6
[1.591s] [ 10%] [32mBuilding CXX object CMakeFiles/ping.dir/src/examples_rclcpp_cbg_executor/ping_node.cpp.o[0m
[1.591s] [ 20%] [32mBuilding CXX object CMakeFiles/ping_pong.dir/src/examples_rclcpp_cbg_executor/ping_node.cpp.o[0m
[1.602s] [ 30%] [32mBuilding CXX object CMakeFiles/ping_pong.dir/src/ping_pong.cpp.o[0m
[1.604s] [ 50%] [32mBuilding CXX object CMakeFiles/ping.dir/src/ping.cpp.o[0m
[1.605s] [ 50%] [32mBuilding CXX object CMakeFiles/pong.dir/src/pong.cpp.o[0m
[1.608s] [ 60%] [32mBuilding CXX object CMakeFiles/ping_pong.dir/src/examples_rclcpp_cbg_executor/pong_node.cpp.o[0m
[9.867s] [ 70%] [32mBuilding CXX object CMakeFiles/pong.dir/src/examples_rclcpp_cbg_executor/pong_node.cpp.o[0m
[23.064s] [ 80%] [32m[1mLinking CXX executable ping[0m
[24.652s] [ 80%] Built target ping
[31.333s] [ 90%] [32m[1mLinking CXX executable ping_pong[0m
[32.029s] [ 90%] Built target ping_pong
[33.747s] [100%] [32m[1mLinking CXX executable pong[0m
[34.610s] [100%] Built target pong
[34.694s] Invoked command in '/root/ws/tutorial/ros2_ws/build/examples_rclcpp_cbg_executor' returned '0': CMAKE_PREFIX_PATH=${CMAKE_PREFIX_PATH}:/opt/ros/jazzy /usr/bin/cmake --build /root/ws/tutorial/ros2_ws/build/examples_rclcpp_cbg_executor -- -j6 -l6
[34.694s] Invoking command in '/root/ws/tutorial/ros2_ws/build/examples_rclcpp_cbg_executor': CMAKE_PREFIX_PATH=${CMAKE_PREFIX_PATH}:/opt/ros/jazzy /usr/bin/cmake --install /root/ws/tutorial/ros2_ws/build/examples_rclcpp_cbg_executor
[34.716s] -- Install configuration: ""
[34.716s] -- Execute custom install script
[34.716s] -- Symlinking: /root/ws/tutorial/ros2_ws/install/examples_rclcpp_cbg_executor/lib/examples_rclcpp_cbg_executor/ping
[34.740s] -- Symlinking: /root/ws/tutorial/ros2_ws/install/examples_rclcpp_cbg_executor/lib/examples_rclcpp_cbg_executor/pong
[34.767s] -- Symlinking: /root/ws/tutorial/ros2_ws/install/examples_rclcpp_cbg_executor/lib/examples_rclcpp_cbg_executor/ping_pong
[34.782s] -- Symlinking: /root/ws/tutorial/ros2_ws/install/examples_rclcpp_cbg_executor/include/examples_rclcpp_cbg_executor/ping_node.hpp
[34.805s] -- Symlinking: /root/ws/tutorial/ros2_ws/install/examples_rclcpp_cbg_executor/include/examples_rclcpp_cbg_executor/pong_node.hpp
[34.828s] -- Symlinking: /root/ws/tutorial/ros2_ws/install/examples_rclcpp_cbg_executor/share/ament_index/resource_index/package_run_dependencies/examples_rclcpp_cbg_executor
[34.849s] -- Symlinking: /root/ws/tutorial/ros2_ws/install/examples_rclcpp_cbg_executor/share/ament_index/resource_index/parent_prefix_path/examples_rclcpp_cbg_executor
[34.877s] -- Symlinking: /root/ws/tutorial/ros2_ws/install/examples_rclcpp_cbg_executor/share/examples_rclcpp_cbg_executor/environment/ament_prefix_path.sh
[34.901s] -- Symlinking: /root/ws/tutorial/ros2_ws/install/examples_rclcpp_cbg_executor/share/examples_rclcpp_cbg_executor/environment/ament_prefix_path.dsv
[34.923s] -- Symlinking: /root/ws/tutorial/ros2_ws/install/examples_rclcpp_cbg_executor/share/examples_rclcpp_cbg_executor/environment/path.sh
[34.949s] -- Symlinking: /root/ws/tutorial/ros2_ws/install/examples_rclcpp_cbg_executor/share/examples_rclcpp_cbg_executor/environment/path.dsv
[34.972s] -- Symlinking: /root/ws/tutorial/ros2_ws/install/examples_rclcpp_cbg_executor/share/examples_rclcpp_cbg_executor/local_setup.bash
[34.999s] -- Symlinking: /root/ws/tutorial/ros2_ws/install/examples_rclcpp_cbg_executor/share/examples_rclcpp_cbg_executor/local_setup.sh
[35.016s] -- Symlinking: /root/ws/tutorial/ros2_ws/install/examples_rclcpp_cbg_executor/share/examples_rclcpp_cbg_executor/local_setup.zsh
[35.041s] -- Symlinking: /root/ws/tutorial/ros2_ws/install/examples_rclcpp_cbg_executor/share/examples_rclcpp_cbg_executor/local_setup.dsv
[35.063s] -- Symlinking: /root/ws/tutorial/ros2_ws/install/examples_rclcpp_cbg_executor/share/examples_rclcpp_cbg_executor/package.dsv
[35.090s] -- Symlinking: /root/ws/tutorial/ros2_ws/install/examples_rclcpp_cbg_executor/share/ament_index/resource_index/packages/examples_rclcpp_cbg_executor
[35.113s] -- Symlinking: /root/ws/tutorial/ros2_ws/install/examples_rclcpp_cbg_executor/share/examples_rclcpp_cbg_executor/cmake/ament_cmake_export_dependencies-extras.cmake
[35.142s] -- Symlinking: /root/ws/tutorial/ros2_ws/install/examples_rclcpp_cbg_executor/share/examples_rclcpp_cbg_executor/cmake/examples_rclcpp_cbg_executorConfig.cmake
[35.166s] -- Symlinking: /root/ws/tutorial/ros2_ws/install/examples_rclcpp_cbg_executor/share/examples_rclcpp_cbg_executor/cmake/examples_rclcpp_cbg_executorConfig-version.cmake
[35.189s] -- Symlinking: /root/ws/tutorial/ros2_ws/install/examples_rclcpp_cbg_executor/share/examples_rclcpp_cbg_executor/package.xml
[35.218s] Invoked command in '/root/ws/tutorial/ros2_ws/build/examples_rclcpp_cbg_executor' returned '0': CMAKE_PREFIX_PATH=${CMAKE_PREFIX_PATH}:/opt/ros/jazzy /usr/bin/cmake --install /root/ws/tutorial/ros2_ws/build/examples_rclcpp_cbg_executor
