[0.011s] Invoking command in '/root/ws/tutorial/ros2_ws6/build/ros2_control_demo_example_9': AMENT_PREFIX_PATH=/root/ws/tutorial/ros2_ws6/install:${AMENT_PREFIX_PATH} CMAKE_PREFIX_PATH=/root/ws/tutorial/ros2_ws6/install:/opt/ros/jazzy/opt/gz_sim_vendor:/opt/ros/jazzy/opt/gz_sensors_vendor:/opt/ros/jazzy/opt/gz_physics_vendor:/opt/ros/jazzy/opt/gz_gui_vendor:/opt/ros/jazzy/opt/gz_transport_vendor:/opt/ros/jazzy/opt/gz_rendering_vendor:/opt/ros/jazzy/opt/gz_plugin_vendor:/opt/ros/jazzy/opt/gz_fuel_tools_vendor:/opt/ros/jazzy/opt/gz_msgs_vendor:/opt/ros/jazzy/opt/gz_common_vendor:/opt/ros/jazzy/opt/gz_ogre_next_vendor:/opt/ros/jazzy/opt/gz_dartsim_vendor:/opt/ros/jazzy/opt/sdformat_vendor:/opt/ros/jazzy/opt/gz_math_vendor:/opt/ros/jazzy/opt/gz_utils_vendor:/opt/ros/jazzy/opt/gz_tools_vendor:/opt/ros/jazzy/opt/gz_cmake_vendor:/opt/ros/jazzy /usr/bin/cmake /root/ws/tutorial/ros2_ws6/src/ros2_control_demos/example_9 -DCMAKE_INSTALL_PREFIX=/root/ws/tutorial/ros2_ws6/install
[0.100s] -- The CXX compiler identification is GNU 13.3.0
[0.119s] -- Detecting CXX compiler ABI info
[0.256s] -- Detecting CXX compiler ABI info - done
[0.272s] -- Check for working CXX compiler: /usr/bin/c++ - skipped
[0.272s] -- Detecting CXX compile features
[0.273s] -- Detecting CXX compile features - done
[0.277s] -- Found ros2_control_cmake: 0.3.0 (/opt/ros/jazzy/share/ros2_control_cmake/cmake)
[0.277s] -- Compiler warnings enabled for GNU
[0.278s] -- Detected GCC Version: 13.3.0 (Major: 13, Minor: 3)
[0.283s] -- Found controller_manager: 4.39.2 (/opt/ros/jazzy/share/controller_manager/cmake)
[0.484s] -- Found Python3: /usr/bin/python3 (found version "3.12.3") found components: Interpreter 
[0.770s] -- Found rosidl_generator_c: 4.6.6 (/opt/ros/jazzy/share/rosidl_generator_c/cmake)
[0.800s] -- Found rosidl_generator_cpp: 4.6.6 (/opt/ros/jazzy/share/rosidl_generator_cpp/cmake)
[0.830s] -- Using all available rosidl_typesupport_c: rosidl_typesupport_fastrtps_c;rosidl_typesupport_introspection_c
[0.865s] -- Using all available rosidl_typesupport_cpp: rosidl_typesupport_fastrtps_cpp;rosidl_typesupport_introspection_cpp
[1.007s] -- Found rmw_implementation_cmake: 7.3.2 (/opt/ros/jazzy/share/rmw_implementation_cmake/cmake)
[1.015s] -- Found rmw_fastrtps_cpp: 8.4.3 (/opt/ros/jazzy/share/rmw_fastrtps_cpp/cmake)
[1.267s] -- Found OpenSSL: /usr/lib/x86_64-linux-gnu/libcrypto.so (found version "3.0.13")  
[1.309s] -- Found FastRTPS: /opt/ros/jazzy/include (Required is at least version "2.13") 
[1.356s] -- Using RMW implementation 'rmw_fastrtps_cpp' as default
[2.535s] -- Found ament_cmake_pytest: 2.5.4 (/opt/ros/jazzy/share/ament_cmake_pytest/cmake)
[3.028s] -- Found ament_cmake_ros: 0.12.0 (/opt/ros/jazzy/share/ament_cmake_ros/cmake)
[3.048s] -- Found launch_testing_ament_cmake: 3.4.7 (/opt/ros/jazzy/share/launch_testing_ament_cmake/cmake)
[3.053s] -- Found python_cmake_module: 0.11.1 (/opt/ros/jazzy/share/python_cmake_module/cmake)
[3.237s] -- Found PythonExtra: /usr/bin/python3  
[3.367s] -- Configuring done (3.3s)
[3.410s] -- Generating done (0.0s)
[3.416s] -- Build files have been written to: /root/ws/tutorial/ros2_ws6/build/ros2_control_demo_example_9
[3.439s] Invoked command in '/root/ws/tutorial/ros2_ws6/build/ros2_control_demo_example_9' returned '0': AMENT_PREFIX_PATH=/root/ws/tutorial/ros2_ws6/install:${AMENT_PREFIX_PATH} CMAKE_PREFIX_PATH=/root/ws/tutorial/ros2_ws6/install:/opt/ros/jazzy/opt/gz_sim_vendor:/opt/ros/jazzy/opt/gz_sensors_vendor:/opt/ros/jazzy/opt/gz_physics_vendor:/opt/ros/jazzy/opt/gz_gui_vendor:/opt/ros/jazzy/opt/gz_transport_vendor:/opt/ros/jazzy/opt/gz_rendering_vendor:/opt/ros/jazzy/opt/gz_plugin_vendor:/opt/ros/jazzy/opt/gz_fuel_tools_vendor:/opt/ros/jazzy/opt/gz_msgs_vendor:/opt/ros/jazzy/opt/gz_common_vendor:/opt/ros/jazzy/opt/gz_ogre_next_vendor:/opt/ros/jazzy/opt/gz_dartsim_vendor:/opt/ros/jazzy/opt/sdformat_vendor:/opt/ros/jazzy/opt/gz_math_vendor:/opt/ros/jazzy/opt/gz_utils_vendor:/opt/ros/jazzy/opt/gz_tools_vendor:/opt/ros/jazzy/opt/gz_cmake_vendor:/opt/ros/jazzy /usr/bin/cmake /root/ws/tutorial/ros2_ws6/src/ros2_control_demos/example_9 -DCMAKE_INSTALL_PREFIX=/root/ws/tutorial/ros2_ws6/install
[3.442s] Invoking command in '/root/ws/tutorial/ros2_ws6/build/ros2_control_demo_example_9': AMENT_PREFIX_PATH=/root/ws/tutorial/ros2_ws6/install:${AMENT_PREFIX_PATH} CMAKE_PREFIX_PATH=/root/ws/tutorial/ros2_ws6/install:/opt/ros/jazzy/opt/gz_sim_vendor:/opt/ros/jazzy/opt/gz_sensors_vendor:/opt/ros/jazzy/opt/gz_physics_vendor:/opt/ros/jazzy/opt/gz_gui_vendor:/opt/ros/jazzy/opt/gz_transport_vendor:/opt/ros/jazzy/opt/gz_rendering_vendor:/opt/ros/jazzy/opt/gz_plugin_vendor:/opt/ros/jazzy/opt/gz_fuel_tools_vendor:/opt/ros/jazzy/opt/gz_msgs_vendor:/opt/ros/jazzy/opt/gz_common_vendor:/opt/ros/jazzy/opt/gz_ogre_next_vendor:/opt/ros/jazzy/opt/gz_dartsim_vendor:/opt/ros/jazzy/opt/sdformat_vendor:/opt/ros/jazzy/opt/gz_math_vendor:/opt/ros/jazzy/opt/gz_utils_vendor:/opt/ros/jazzy/opt/gz_tools_vendor:/opt/ros/jazzy/opt/gz_cmake_vendor:/opt/ros/jazzy /usr/bin/cmake --build /root/ws/tutorial/ros2_ws6/build/ros2_control_demo_example_9 -- -j6 -l6
[3.569s] [ 50%] [32mBuilding CXX object CMakeFiles/ros2_control_demo_example_9.dir/hardware/rrbot.cpp.o[0m
[9.988s] [100%] [32m[1mLinking CXX shared library libros2_control_demo_example_9.so[0m
[10.256s] [100%] Built target ros2_control_demo_example_9
[10.270s] Invoked command in '/root/ws/tutorial/ros2_ws6/build/ros2_control_demo_example_9' returned '0': AMENT_PREFIX_PATH=/root/ws/tutorial/ros2_ws6/install:${AMENT_PREFIX_PATH} CMAKE_PREFIX_PATH=/root/ws/tutorial/ros2_ws6/install:/opt/ros/jazzy/opt/gz_sim_vendor:/opt/ros/jazzy/opt/gz_sensors_vendor:/opt/ros/jazzy/opt/gz_physics_vendor:/opt/ros/jazzy/opt/gz_gui_vendor:/opt/ros/jazzy/opt/gz_transport_vendor:/opt/ros/jazzy/opt/gz_rendering_vendor:/opt/ros/jazzy/opt/gz_plugin_vendor:/opt/ros/jazzy/opt/gz_fuel_tools_vendor:/opt/ros/jazzy/opt/gz_msgs_vendor:/opt/ros/jazzy/opt/gz_common_vendor:/opt/ros/jazzy/opt/gz_ogre_next_vendor:/opt/ros/jazzy/opt/gz_dartsim_vendor:/opt/ros/jazzy/opt/sdformat_vendor:/opt/ros/jazzy/opt/gz_math_vendor:/opt/ros/jazzy/opt/gz_utils_vendor:/opt/ros/jazzy/opt/gz_tools_vendor:/opt/ros/jazzy/opt/gz_cmake_vendor:/opt/ros/jazzy /usr/bin/cmake --build /root/ws/tutorial/ros2_ws6/build/ros2_control_demo_example_9 -- -j6 -l6
[10.272s] Invoking command in '/root/ws/tutorial/ros2_ws6/build/ros2_control_demo_example_9': AMENT_PREFIX_PATH=/root/ws/tutorial/ros2_ws6/install:${AMENT_PREFIX_PATH} CMAKE_PREFIX_PATH=/root/ws/tutorial/ros2_ws6/install:/opt/ros/jazzy/opt/gz_sim_vendor:/opt/ros/jazzy/opt/gz_sensors_vendor:/opt/ros/jazzy/opt/gz_physics_vendor:/opt/ros/jazzy/opt/gz_gui_vendor:/opt/ros/jazzy/opt/gz_transport_vendor:/opt/ros/jazzy/opt/gz_rendering_vendor:/opt/ros/jazzy/opt/gz_plugin_vendor:/opt/ros/jazzy/opt/gz_fuel_tools_vendor:/opt/ros/jazzy/opt/gz_msgs_vendor:/opt/ros/jazzy/opt/gz_common_vendor:/opt/ros/jazzy/opt/gz_ogre_next_vendor:/opt/ros/jazzy/opt/gz_dartsim_vendor:/opt/ros/jazzy/opt/sdformat_vendor:/opt/ros/jazzy/opt/gz_math_vendor:/opt/ros/jazzy/opt/gz_utils_vendor:/opt/ros/jazzy/opt/gz_tools_vendor:/opt/ros/jazzy/opt/gz_cmake_vendor:/opt/ros/jazzy /usr/bin/cmake --install /root/ws/tutorial/ros2_ws6/build/ros2_control_demo_example_9
[10.282s] -- Install configuration: ""
[10.283s] -- Installing: /root/ws/tutorial/ros2_ws6/install/share/ros2_control_demo_example_9/ros2_control_demo_example_9.xml
[10.283s] -- Installing: /root/ws/tutorial/ros2_ws6/install/include/ros2_control_demo_example_9
[10.283s] -- Installing: /root/ws/tutorial/ros2_ws6/install/include/ros2_control_demo_example_9/ros2_control_demo_example_9
[10.283s] -- Installing: /root/ws/tutorial/ros2_ws6/install/include/ros2_control_demo_example_9/ros2_control_demo_example_9/rrbot.hpp
[10.283s] -- Installing: /root/ws/tutorial/ros2_ws6/install/share/ros2_control_demo_example_9/launch
[10.283s] -- Installing: /root/ws/tutorial/ros2_ws6/install/share/ros2_control_demo_example_9/launch/view_robot.launch.py
[10.283s] -- Installing: /root/ws/tutorial/ros2_ws6/install/share/ros2_control_demo_example_9/ros2_control
[10.283s] -- Installing: /root/ws/tutorial/ros2_ws6/install/share/ros2_control_demo_example_9/ros2_control/rrbot.ros2_control.xacro
[10.284s] -- Installing: /root/ws/tutorial/ros2_ws6/install/share/ros2_control_demo_example_9/urdf
[10.284s] -- Installing: /root/ws/tutorial/ros2_ws6/install/share/ros2_control_demo_example_9/urdf/rrbot.urdf.xacro
[10.284s] -- Installing: /root/ws/tutorial/ros2_ws6/install/share/ros2_control_demo_example_9/gazebo
[10.284s] -- Installing: /root/ws/tutorial/ros2_ws6/install/share/ros2_control_demo_example_9/gazebo/rrbot.gazebo.xacro
[10.284s] -- Up-to-date: /root/ws/tutorial/ros2_ws6/install/share/ros2_control_demo_example_9/launch
[10.284s] -- Installing: /root/ws/tutorial/ros2_ws6/install/share/ros2_control_demo_example_9/launch/rrbot.launch.py
[10.284s] -- Installing: /root/ws/tutorial/ros2_ws6/install/share/ros2_control_demo_example_9/launch/test_forward_position_controller.launch.py
[10.284s] -- Installing: /root/ws/tutorial/ros2_ws6/install/share/ros2_control_demo_example_9/launch/rrbot_gazebo.launch.py
[10.285s] -- Installing: /root/ws/tutorial/ros2_ws6/install/share/ros2_control_demo_example_9/config
[10.285s] -- Installing: /root/ws/tutorial/ros2_ws6/install/share/ros2_control_demo_example_9/config/rrbot_controllers.yaml
[10.285s] -- Installing: /root/ws/tutorial/ros2_ws6/install/share/ros2_control_demo_example_9/config/rrbot_forward_position_publisher.yaml
[10.285s] -- Installing: /root/ws/tutorial/ros2_ws6/install/lib/libros2_control_demo_example_9.so
[10.287s] -- Set non-toolchain portion of runtime path of "/root/ws/tutorial/ros2_ws6/install/lib/libros2_control_demo_example_9.so" to ""
[10.287s] -- Installing: /root/ws/tutorial/ros2_ws6/install/share/ros2_control_demo_example_9/environment/library_path.sh
[10.287s] -- Installing: /root/ws/tutorial/ros2_ws6/install/share/ros2_control_demo_example_9/environment/library_path.dsv
[10.287s] -- Installing: /root/ws/tutorial/ros2_ws6/install/share/ament_index/resource_index/package_run_dependencies/ros2_control_demo_example_9
[10.287s] -- Installing: /root/ws/tutorial/ros2_ws6/install/share/ament_index/resource_index/parent_prefix_path/ros2_control_demo_example_9
[10.287s] -- Installing: /root/ws/tutorial/ros2_ws6/install/share/ros2_control_demo_example_9/environment/ament_prefix_path.sh
[10.287s] -- Installing: /root/ws/tutorial/ros2_ws6/install/share/ros2_control_demo_example_9/environment/ament_prefix_path.dsv
[10.288s] -- Installing: /root/ws/tutorial/ros2_ws6/install/share/ros2_control_demo_example_9/environment/path.sh
[10.288s] -- Installing: /root/ws/tutorial/ros2_ws6/install/share/ros2_control_demo_example_9/environment/path.dsv
[10.288s] -- Installing: /root/ws/tutorial/ros2_ws6/install/share/ros2_control_demo_example_9/local_setup.bash
[10.288s] -- Installing: /root/ws/tutorial/ros2_ws6/install/share/ros2_control_demo_example_9/local_setup.sh
[10.288s] -- Installing: /root/ws/tutorial/ros2_ws6/install/share/ros2_control_demo_example_9/local_setup.zsh
[10.289s] -- Installing: /root/ws/tutorial/ros2_ws6/install/share/ros2_control_demo_example_9/local_setup.dsv
[10.289s] -- Installing: /root/ws/tutorial/ros2_ws6/install/share/ros2_control_demo_example_9/package.dsv
[10.289s] -- Installing: /root/ws/tutorial/ros2_ws6/install/share/ament_index/resource_index/packages/ros2_control_demo_example_9
[10.289s] -- Installing: /root/ws/tutorial/ros2_ws6/install/share/ament_index/resource_index/hardware_interface__pluginlib__plugin/ros2_control_demo_example_9
[10.289s] -- Installing: /root/ws/tutorial/ros2_ws6/install/share/ros2_control_demo_example_9/cmake/export_ros2_control_demo_example_9Export.cmake
[10.290s] -- Installing: /root/ws/tutorial/ros2_ws6/install/share/ros2_control_demo_example_9/cmake/export_ros2_control_demo_example_9Export-noconfig.cmake
[10.290s] -- Installing: /root/ws/tutorial/ros2_ws6/install/share/ros2_control_demo_example_9/cmake/ament_cmake_export_targets-extras.cmake
[10.290s] -- Installing: /root/ws/tutorial/ros2_ws6/install/share/ros2_control_demo_example_9/cmake/ament_cmake_export_dependencies-extras.cmake
[10.290s] -- Installing: /root/ws/tutorial/ros2_ws6/install/share/ros2_control_demo_example_9/cmake/ros2_control_demo_example_9Config.cmake
[10.290s] -- Installing: /root/ws/tutorial/ros2_ws6/install/share/ros2_control_demo_example_9/cmake/ros2_control_demo_example_9Config-version.cmake
[10.290s] -- Installing: /root/ws/tutorial/ros2_ws6/install/share/ros2_control_demo_example_9/package.xml
[10.293s] Invoked command in '/root/ws/tutorial/ros2_ws6/build/ros2_control_demo_example_9' returned '0': AMENT_PREFIX_PATH=/root/ws/tutorial/ros2_ws6/install:${AMENT_PREFIX_PATH} CMAKE_PREFIX_PATH=/root/ws/tutorial/ros2_ws6/install:/opt/ros/jazzy/opt/gz_sim_vendor:/opt/ros/jazzy/opt/gz_sensors_vendor:/opt/ros/jazzy/opt/gz_physics_vendor:/opt/ros/jazzy/opt/gz_gui_vendor:/opt/ros/jazzy/opt/gz_transport_vendor:/opt/ros/jazzy/opt/gz_rendering_vendor:/opt/ros/jazzy/opt/gz_plugin_vendor:/opt/ros/jazzy/opt/gz_fuel_tools_vendor:/opt/ros/jazzy/opt/gz_msgs_vendor:/opt/ros/jazzy/opt/gz_common_vendor:/opt/ros/jazzy/opt/gz_ogre_next_vendor:/opt/ros/jazzy/opt/gz_dartsim_vendor:/opt/ros/jazzy/opt/sdformat_vendor:/opt/ros/jazzy/opt/gz_math_vendor:/opt/ros/jazzy/opt/gz_utils_vendor:/opt/ros/jazzy/opt/gz_tools_vendor:/opt/ros/jazzy/opt/gz_cmake_vendor:/opt/ros/jazzy /usr/bin/cmake --install /root/ws/tutorial/ros2_ws6/build/ros2_control_demo_example_9
