[0.013s] Invoking command in '/root/ws/ros2_ws4/build/more_interfaces': CMAKE_PREFIX_PATH=${CMAKE_PREFIX_PATH}:/opt/ros/jazzy /usr/bin/cmake /root/ws/ros2_ws4/src/more_interfaces -DCMAKE_INSTALL_PREFIX=/root/ws/ros2_ws4/install/more_interfaces
[0.072s] -- The C compiler identification is GNU 13.3.0
[0.135s] -- The CXX compiler identification is GNU 13.3.0
[0.151s] -- Detecting C compiler ABI info
[0.264s] -- Detecting C compiler ABI info - done
[0.278s] -- Check for working C compiler: /usr/bin/cc - skipped
[0.279s] -- Detecting C compile features
[0.279s] -- Detecting C compile features - done
[0.292s] -- Detecting CXX compiler ABI info
[0.435s] -- Detecting CXX compiler ABI info - done
[0.446s] -- Check for working CXX compiler: /usr/bin/c++ - skipped
[0.447s] -- Detecting CXX compile features
[0.447s] -- Detecting CXX compile features - done
[0.451s] -- Found ament_cmake: 2.5.4 (/opt/ros/jazzy/share/ament_cmake/cmake)
[0.609s] -- Found Python3: /usr/bin/python3 (found version "3.12.3") found components: Interpreter 
[0.730s] -- Found rosidl_default_generators: 1.6.0 (/opt/ros/jazzy/share/rosidl_default_generators/cmake)
[0.738s] -- Using all available rosidl_typesupport_c: rosidl_typesupport_fastrtps_c;rosidl_typesupport_introspection_c
[0.801s] -- Using all available rosidl_typesupport_cpp: rosidl_typesupport_fastrtps_cpp;rosidl_typesupport_introspection_cpp
[0.857s] -- Found rosidl_adapter: 4.6.6 (/opt/ros/jazzy/share/rosidl_adapter/cmake)
[0.862s] -- Found rclcpp: 28.1.12 (/opt/ros/jazzy/share/rclcpp/cmake)
[0.965s] -- Found rmw_implementation_cmake: 7.3.2 (/opt/ros/jazzy/share/rmw_implementation_cmake/cmake)
[0.969s] -- Found rmw_fastrtps_cpp: 8.4.3 (/opt/ros/jazzy/share/rmw_fastrtps_cpp/cmake)
[1.058s] -- Found OpenSSL: /usr/lib/x86_64-linux-gnu/libcrypto.so (found version "3.0.13")  
[1.076s] -- Found FastRTPS: /opt/ros/jazzy/include (Required is at least version "2.13") 
[1.101s] -- Using RMW implementation 'rmw_fastrtps_cpp' as default
[1.194s] [31mCMake Error at /opt/ros/jazzy/share/rosidl_cmake/cmake/rosidl_generate_interfaces.cmake:95 (message):
[1.194s]   rosidl_generate_interfaces() the passed file 'msg/AddressBook.msg' doesn't
[1.194s]   exist relative to the CMAKE_CURRENT_SOURCE_DIR
[1.194s]   '/root/ws/ros2_ws4/src/more_interfaces'
[1.194s] Call Stack (most recent call first):
[1.194s]   CMakeLists.txt:20 (rosidl_generate_interfaces)
[1.194s] 
[1.195s] [0m
[1.195s] -- Configuring incomplete, errors occurred!
[1.203s] Invoked command in '/root/ws/ros2_ws4/build/more_interfaces' returned '1': CMAKE_PREFIX_PATH=${CMAKE_PREFIX_PATH}:/opt/ros/jazzy /usr/bin/cmake /root/ws/ros2_ws4/src/more_interfaces -DCMAKE_INSTALL_PREFIX=/root/ws/ros2_ws4/install/more_interfaces
