[0.014s] Invoking command in '/root/ws/tutorial/ros2_ws6/build/ros2_control_demo_example_16': AMENT_PREFIX_PATH=/root/ws/tutorial/ros2_ws6/install:${AMENT_PREFIX_PATH} CMAKE_PREFIX_PATH=/root/ws/tutorial/ros2_ws6/install:/opt/ros/jazzy/opt/gz_sim_vendor:/opt/ros/jazzy/opt/gz_sensors_vendor:/opt/ros/jazzy/opt/gz_physics_vendor:/opt/ros/jazzy/opt/gz_gui_vendor:/opt/ros/jazzy/opt/gz_transport_vendor:/opt/ros/jazzy/opt/gz_rendering_vendor:/opt/ros/jazzy/opt/gz_plugin_vendor:/opt/ros/jazzy/opt/gz_fuel_tools_vendor:/opt/ros/jazzy/opt/gz_msgs_vendor:/opt/ros/jazzy/opt/gz_common_vendor:/opt/ros/jazzy/opt/gz_ogre_next_vendor:/opt/ros/jazzy/opt/gz_dartsim_vendor:/opt/ros/jazzy/opt/sdformat_vendor:/opt/ros/jazzy/opt/gz_math_vendor:/opt/ros/jazzy/opt/gz_utils_vendor:/opt/ros/jazzy/opt/gz_tools_vendor:/opt/ros/jazzy/opt/gz_cmake_vendor:/opt/ros/jazzy /usr/bin/cmake /root/ws/tutorial/ros2_ws6/src/ros2_control_demos/example_16 -DCMAKE_INSTALL_PREFIX=/root/ws/tutorial/ros2_ws6/install
[0.110s] -- The CXX compiler identification is GNU 13.3.0
[0.138s] -- Detecting CXX compiler ABI info
[0.271s] -- Detecting CXX compiler ABI info - done
[0.285s] -- Check for working CXX compiler: /usr/bin/c++ - skipped
[0.285s] -- Detecting CXX compile features
[0.286s] -- Detecting CXX compile features - done
[0.292s] -- Found ros2_control_cmake: 0.3.0 (/opt/ros/jazzy/share/ros2_control_cmake/cmake)
[0.292s] -- Compiler warnings enabled for GNU
[0.292s] -- Detected GCC Version: 13.3.0 (Major: 13, Minor: 3)
[0.297s] -- Found controller_manager: 4.39.2 (/opt/ros/jazzy/share/controller_manager/cmake)
[0.507s] -- Found Python3: /usr/bin/python3 (found version "3.12.3") found components: Interpreter 
[0.793s] -- Found rosidl_generator_c: 4.6.6 (/opt/ros/jazzy/share/rosidl_generator_c/cmake)
[0.820s] -- Found rosidl_generator_cpp: 4.6.6 (/opt/ros/jazzy/share/rosidl_generator_cpp/cmake)
[0.853s] -- Using all available rosidl_typesupport_c: rosidl_typesupport_fastrtps_c;rosidl_typesupport_introspection_c
[0.884s] -- Using all available rosidl_typesupport_cpp: rosidl_typesupport_fastrtps_cpp;rosidl_typesupport_introspection_cpp
[1.017s] -- Found rmw_implementation_cmake: 7.3.2 (/opt/ros/jazzy/share/rmw_implementation_cmake/cmake)
[1.024s] -- Found rmw_fastrtps_cpp: 8.4.3 (/opt/ros/jazzy/share/rmw_fastrtps_cpp/cmake)
[1.154s] -- Found OpenSSL: /usr/lib/x86_64-linux-gnu/libcrypto.so (found version "3.0.13")  
[1.182s] -- Found FastRTPS: /opt/ros/jazzy/include (Required is at least version "2.13") 
[1.212s] -- Using RMW implementation 'rmw_fastrtps_cpp' as default
[2.131s] -- Found ament_cmake_pytest: 2.5.4 (/opt/ros/jazzy/share/ament_cmake_pytest/cmake)
[2.567s] -- Found ament_cmake_ros: 0.12.0 (/opt/ros/jazzy/share/ament_cmake_ros/cmake)
[2.587s] -- Found launch_testing_ament_cmake: 3.4.7 (/opt/ros/jazzy/share/launch_testing_ament_cmake/cmake)
[2.591s] -- Found python_cmake_module: 0.11.1 (/opt/ros/jazzy/share/python_cmake_module/cmake)
[2.759s] -- Found PythonExtra: /usr/bin/python3  
[2.878s] -- Configuring done (2.9s)
[2.917s] -- Generating done (0.0s)
[2.923s] -- Build files have been written to: /root/ws/tutorial/ros2_ws6/build/ros2_control_demo_example_16
[2.946s] Invoked command in '/root/ws/tutorial/ros2_ws6/build/ros2_control_demo_example_16' returned '0': AMENT_PREFIX_PATH=/root/ws/tutorial/ros2_ws6/install:${AMENT_PREFIX_PATH} CMAKE_PREFIX_PATH=/root/ws/tutorial/ros2_ws6/install:/opt/ros/jazzy/opt/gz_sim_vendor:/opt/ros/jazzy/opt/gz_sensors_vendor:/opt/ros/jazzy/opt/gz_physics_vendor:/opt/ros/jazzy/opt/gz_gui_vendor:/opt/ros/jazzy/opt/gz_transport_vendor:/opt/ros/jazzy/opt/gz_rendering_vendor:/opt/ros/jazzy/opt/gz_plugin_vendor:/opt/ros/jazzy/opt/gz_fuel_tools_vendor:/opt/ros/jazzy/opt/gz_msgs_vendor:/opt/ros/jazzy/opt/gz_common_vendor:/opt/ros/jazzy/opt/gz_ogre_next_vendor:/opt/ros/jazzy/opt/gz_dartsim_vendor:/opt/ros/jazzy/opt/sdformat_vendor:/opt/ros/jazzy/opt/gz_math_vendor:/opt/ros/jazzy/opt/gz_utils_vendor:/opt/ros/jazzy/opt/gz_tools_vendor:/opt/ros/jazzy/opt/gz_cmake_vendor:/opt/ros/jazzy /usr/bin/cmake /root/ws/tutorial/ros2_ws6/src/ros2_control_demos/example_16 -DCMAKE_INSTALL_PREFIX=/root/ws/tutorial/ros2_ws6/install
[2.946s] Invoking command in '/root/ws/tutorial/ros2_ws6/build/ros2_control_demo_example_16': AMENT_PREFIX_PATH=/root/ws/tutorial/ros2_ws6/install:${AMENT_PREFIX_PATH} CMAKE_PREFIX_PATH=/root/ws/tutorial/ros2_ws6/install:/opt/ros/jazzy/opt/gz_sim_vendor:/opt/ros/jazzy/opt/gz_sensors_vendor:/opt/ros/jazzy/opt/gz_physics_vendor:/opt/ros/jazzy/opt/gz_gui_vendor:/opt/ros/jazzy/opt/gz_transport_vendor:/opt/ros/jazzy/opt/gz_rendering_vendor:/opt/ros/jazzy/opt/gz_plugin_vendor:/opt/ros/jazzy/opt/gz_fuel_tools_vendor:/opt/ros/jazzy/opt/gz_msgs_vendor:/opt/ros/jazzy/opt/gz_common_vendor:/opt/ros/jazzy/opt/gz_ogre_next_vendor:/opt/ros/jazzy/opt/gz_dartsim_vendor:/opt/ros/jazzy/opt/sdformat_vendor:/opt/ros/jazzy/opt/gz_math_vendor:/opt/ros/jazzy/opt/gz_utils_vendor:/opt/ros/jazzy/opt/gz_tools_vendor:/opt/ros/jazzy/opt/gz_cmake_vendor:/opt/ros/jazzy /usr/bin/cmake --build /root/ws/tutorial/ros2_ws6/build/ros2_control_demo_example_16 -- -j6 -l6
[3.019s] [ 50%] [32mBuilding CXX object CMakeFiles/ros2_control_demo_example_16.dir/hardware/diffbot_system.cpp.o[0m
[9.934s] [100%] [32m[1mLinking CXX shared library libros2_control_demo_example_16.so[0m
[10.235s] [100%] Built target ros2_control_demo_example_16
[10.293s] Invoked command in '/root/ws/tutorial/ros2_ws6/build/ros2_control_demo_example_16' returned '0': AMENT_PREFIX_PATH=/root/ws/tutorial/ros2_ws6/install:${AMENT_PREFIX_PATH} CMAKE_PREFIX_PATH=/root/ws/tutorial/ros2_ws6/install:/opt/ros/jazzy/opt/gz_sim_vendor:/opt/ros/jazzy/opt/gz_sensors_vendor:/opt/ros/jazzy/opt/gz_physics_vendor:/opt/ros/jazzy/opt/gz_gui_vendor:/opt/ros/jazzy/opt/gz_transport_vendor:/opt/ros/jazzy/opt/gz_rendering_vendor:/opt/ros/jazzy/opt/gz_plugin_vendor:/opt/ros/jazzy/opt/gz_fuel_tools_vendor:/opt/ros/jazzy/opt/gz_msgs_vendor:/opt/ros/jazzy/opt/gz_common_vendor:/opt/ros/jazzy/opt/gz_ogre_next_vendor:/opt/ros/jazzy/opt/gz_dartsim_vendor:/opt/ros/jazzy/opt/sdformat_vendor:/opt/ros/jazzy/opt/gz_math_vendor:/opt/ros/jazzy/opt/gz_utils_vendor:/opt/ros/jazzy/opt/gz_tools_vendor:/opt/ros/jazzy/opt/gz_cmake_vendor:/opt/ros/jazzy /usr/bin/cmake --build /root/ws/tutorial/ros2_ws6/build/ros2_control_demo_example_16 -- -j6 -l6
[10.293s] Invoking command in '/root/ws/tutorial/ros2_ws6/build/ros2_control_demo_example_16': AMENT_PREFIX_PATH=/root/ws/tutorial/ros2_ws6/install:${AMENT_PREFIX_PATH} CMAKE_PREFIX_PATH=/root/ws/tutorial/ros2_ws6/install:/opt/ros/jazzy/opt/gz_sim_vendor:/opt/ros/jazzy/opt/gz_sensors_vendor:/opt/ros/jazzy/opt/gz_physics_vendor:/opt/ros/jazzy/opt/gz_gui_vendor:/opt/ros/jazzy/opt/gz_transport_vendor:/opt/ros/jazzy/opt/gz_rendering_vendor:/opt/ros/jazzy/opt/gz_plugin_vendor:/opt/ros/jazzy/opt/gz_fuel_tools_vendor:/opt/ros/jazzy/opt/gz_msgs_vendor:/opt/ros/jazzy/opt/gz_common_vendor:/opt/ros/jazzy/opt/gz_ogre_next_vendor:/opt/ros/jazzy/opt/gz_dartsim_vendor:/opt/ros/jazzy/opt/sdformat_vendor:/opt/ros/jazzy/opt/gz_math_vendor:/opt/ros/jazzy/opt/gz_utils_vendor:/opt/ros/jazzy/opt/gz_tools_vendor:/opt/ros/jazzy/opt/gz_cmake_vendor:/opt/ros/jazzy /usr/bin/cmake --install /root/ws/tutorial/ros2_ws6/build/ros2_control_demo_example_16
[10.310s] -- Install configuration: ""
[10.310s] -- Installing: /root/ws/tutorial/ros2_ws6/install/share/ros2_control_demo_example_16/ros2_control_demo_example_16.xml
[10.310s] -- Installing: /root/ws/tutorial/ros2_ws6/install/include/ros2_control_demo_example_16
[10.311s] -- Installing: /root/ws/tutorial/ros2_ws6/install/include/ros2_control_demo_example_16/ros2_control_demo_example_16
[10.311s] -- Installing: /root/ws/tutorial/ros2_ws6/install/include/ros2_control_demo_example_16/ros2_control_demo_example_16/diffbot_system.hpp
[10.311s] -- Installing: /root/ws/tutorial/ros2_ws6/install/share/ros2_control_demo_example_16/launch
[10.312s] -- Installing: /root/ws/tutorial/ros2_ws6/install/share/ros2_control_demo_example_16/launch/view_robot.launch.py
[10.312s] -- Installing: /root/ws/tutorial/ros2_ws6/install/share/ros2_control_demo_example_16/ros2_control
[10.312s] -- Installing: /root/ws/tutorial/ros2_ws6/install/share/ros2_control_demo_example_16/ros2_control/diffbot.ros2_control.xacro
[10.312s] -- Installing: /root/ws/tutorial/ros2_ws6/install/share/ros2_control_demo_example_16/urdf
[10.312s] -- Installing: /root/ws/tutorial/ros2_ws6/install/share/ros2_control_demo_example_16/urdf/diffbot.urdf.xacro
[10.312s] -- Up-to-date: /root/ws/tutorial/ros2_ws6/install/share/ros2_control_demo_example_16/launch
[10.315s] -- Installing: /root/ws/tutorial/ros2_ws6/install/share/ros2_control_demo_example_16/launch/diffbot.launch.py
[10.315s] -- Installing: /root/ws/tutorial/ros2_ws6/install/share/ros2_control_demo_example_16/config
[10.315s] -- Installing: /root/ws/tutorial/ros2_ws6/install/share/ros2_control_demo_example_16/config/diffbot_chained_controllers.yaml
[10.315s] -- Installing: /root/ws/tutorial/ros2_ws6/install/share/ros2_control_demo_example_16/config/plotjuggler.xml
[10.315s] -- Installing: /root/ws/tutorial/ros2_ws6/install/lib/libros2_control_demo_example_16.so
[10.315s] -- Set non-toolchain portion of runtime path of "/root/ws/tutorial/ros2_ws6/install/lib/libros2_control_demo_example_16.so" to ""
[10.315s] -- Installing: /root/ws/tutorial/ros2_ws6/install/share/ros2_control_demo_example_16/environment/library_path.sh
[10.316s] -- Installing: /root/ws/tutorial/ros2_ws6/install/share/ros2_control_demo_example_16/environment/library_path.dsv
[10.316s] -- Installing: /root/ws/tutorial/ros2_ws6/install/share/ament_index/resource_index/package_run_dependencies/ros2_control_demo_example_16
[10.316s] -- Installing: /root/ws/tutorial/ros2_ws6/install/share/ament_index/resource_index/parent_prefix_path/ros2_control_demo_example_16
[10.316s] -- Installing: /root/ws/tutorial/ros2_ws6/install/share/ros2_control_demo_example_16/environment/ament_prefix_path.sh
[10.316s] -- Installing: /root/ws/tutorial/ros2_ws6/install/share/ros2_control_demo_example_16/environment/ament_prefix_path.dsv
[10.316s] -- Installing: /root/ws/tutorial/ros2_ws6/install/share/ros2_control_demo_example_16/environment/path.sh
[10.316s] -- Installing: /root/ws/tutorial/ros2_ws6/install/share/ros2_control_demo_example_16/environment/path.dsv
[10.317s] -- Installing: /root/ws/tutorial/ros2_ws6/install/share/ros2_control_demo_example_16/local_setup.bash
[10.317s] -- Installing: /root/ws/tutorial/ros2_ws6/install/share/ros2_control_demo_example_16/local_setup.sh
[10.317s] -- Installing: /root/ws/tutorial/ros2_ws6/install/share/ros2_control_demo_example_16/local_setup.zsh
[10.318s] -- Installing: /root/ws/tutorial/ros2_ws6/install/share/ros2_control_demo_example_16/local_setup.dsv
[10.318s] -- Installing: /root/ws/tutorial/ros2_ws6/install/share/ros2_control_demo_example_16/package.dsv
[10.319s] -- Installing: /root/ws/tutorial/ros2_ws6/install/share/ament_index/resource_index/packages/ros2_control_demo_example_16
[10.319s] -- Installing: /root/ws/tutorial/ros2_ws6/install/share/ament_index/resource_index/hardware_interface__pluginlib__plugin/ros2_control_demo_example_16
[10.319s] -- Installing: /root/ws/tutorial/ros2_ws6/install/share/ros2_control_demo_example_16/cmake/export_ros2_control_demo_example_16Export.cmake
[10.320s] -- Installing: /root/ws/tutorial/ros2_ws6/install/share/ros2_control_demo_example_16/cmake/export_ros2_control_demo_example_16Export-noconfig.cmake
[10.320s] -- Installing: /root/ws/tutorial/ros2_ws6/install/share/ros2_control_demo_example_16/cmake/ament_cmake_export_targets-extras.cmake
[10.321s] -- Installing: /root/ws/tutorial/ros2_ws6/install/share/ros2_control_demo_example_16/cmake/ament_cmake_export_dependencies-extras.cmake
[10.321s] -- Installing: /root/ws/tutorial/ros2_ws6/install/share/ros2_control_demo_example_16/cmake/ros2_control_demo_example_16Config.cmake
[10.321s] -- Installing: /root/ws/tutorial/ros2_ws6/install/share/ros2_control_demo_example_16/cmake/ros2_control_demo_example_16Config-version.cmake
[10.322s] -- Installing: /root/ws/tutorial/ros2_ws6/install/share/ros2_control_demo_example_16/package.xml
[10.326s] Invoked command in '/root/ws/tutorial/ros2_ws6/build/ros2_control_demo_example_16' returned '0': AMENT_PREFIX_PATH=/root/ws/tutorial/ros2_ws6/install:${AMENT_PREFIX_PATH} CMAKE_PREFIX_PATH=/root/ws/tutorial/ros2_ws6/install:/opt/ros/jazzy/opt/gz_sim_vendor:/opt/ros/jazzy/opt/gz_sensors_vendor:/opt/ros/jazzy/opt/gz_physics_vendor:/opt/ros/jazzy/opt/gz_gui_vendor:/opt/ros/jazzy/opt/gz_transport_vendor:/opt/ros/jazzy/opt/gz_rendering_vendor:/opt/ros/jazzy/opt/gz_plugin_vendor:/opt/ros/jazzy/opt/gz_fuel_tools_vendor:/opt/ros/jazzy/opt/gz_msgs_vendor:/opt/ros/jazzy/opt/gz_common_vendor:/opt/ros/jazzy/opt/gz_ogre_next_vendor:/opt/ros/jazzy/opt/gz_dartsim_vendor:/opt/ros/jazzy/opt/sdformat_vendor:/opt/ros/jazzy/opt/gz_math_vendor:/opt/ros/jazzy/opt/gz_utils_vendor:/opt/ros/jazzy/opt/gz_tools_vendor:/opt/ros/jazzy/opt/gz_cmake_vendor:/opt/ros/jazzy /usr/bin/cmake --install /root/ws/tutorial/ros2_ws6/build/ros2_control_demo_example_16
