[1.801s] Invoking command in '/root/ws/tutorial/ros2_ws/build/examples_rclpy_minimal_publisher': PYTHONPATH=/root/ws/tutorial/ros2_ws/build/examples_rclpy_minimal_publisher/prefix_override:/usr/lib/python3/dist-packages/colcon_core/task/python/colcon_distutils_commands:/root/ws/tutorial/ros2_ws/install/examples_rclpy_minimal_publisher/lib/python3.12/site-packages:${PYTHONPATH} /usr/bin/python3 -W ignore:setup.py install is deprecated -W ignore:easy_install command is deprecated setup.py develop --editable --build-directory /root/ws/tutorial/ros2_ws/build/examples_rclpy_minimal_publisher/build --no-deps symlink_data
[2.883s] running develop
[2.950s] running egg_info
[2.951s] creating examples_rclpy_minimal_publisher.egg-info
[2.970s] writing examples_rclpy_minimal_publisher.egg-info/PKG-INFO
[2.971s] writing dependency_links to examples_rclpy_minimal_publisher.egg-info/dependency_links.txt
[2.971s] writing entry points to examples_rclpy_minimal_publisher.egg-info/entry_points.txt
[2.971s] writing requirements to examples_rclpy_minimal_publisher.egg-info/requires.txt
[2.971s] writing top-level names to examples_rclpy_minimal_publisher.egg-info/top_level.txt
[2.971s] writing manifest file 'examples_rclpy_minimal_publisher.egg-info/SOURCES.txt'
[3.014s] reading manifest file 'examples_rclpy_minimal_publisher.egg-info/SOURCES.txt'
[3.015s] writing manifest file 'examples_rclpy_minimal_publisher.egg-info/SOURCES.txt'
[3.040s] running build_ext
[3.040s] Creating /root/ws/tutorial/ros2_ws/install/examples_rclpy_minimal_publisher/lib/python3.12/site-packages/examples-rclpy-minimal-publisher.egg-link (link to .)
[3.040s] Installing publisher_local_function script to /root/ws/tutorial/ros2_ws/install/examples_rclpy_minimal_publisher/lib/examples_rclpy_minimal_publisher
[3.040s] Installing publisher_member_function script to /root/ws/tutorial/ros2_ws/install/examples_rclpy_minimal_publisher/lib/examples_rclpy_minimal_publisher
[3.040s] Installing publisher_member_function_with_wait_for_all_acked script to /root/ws/tutorial/ros2_ws/install/examples_rclpy_minimal_publisher/lib/examples_rclpy_minimal_publisher
[3.040s] Installing publisher_old_school script to /root/ws/tutorial/ros2_ws/install/examples_rclpy_minimal_publisher/lib/examples_rclpy_minimal_publisher
[3.041s] 
[3.041s] Installed /root/ws/tutorial/ros2_ws/build/examples_rclpy_minimal_publisher
[3.041s] running symlink_data
[3.041s] creating /root/ws/tutorial/ros2_ws/install/examples_rclpy_minimal_publisher/share/ament_index
[3.041s] creating /root/ws/tutorial/ros2_ws/install/examples_rclpy_minimal_publisher/share/ament_index/resource_index
[3.041s] creating /root/ws/tutorial/ros2_ws/install/examples_rclpy_minimal_publisher/share/ament_index/resource_index/packages
[3.041s] symbolically linking /root/ws/tutorial/ros2_ws/build/examples_rclpy_minimal_publisher/resource/examples_rclpy_minimal_publisher -> /root/ws/tutorial/ros2_ws/install/examples_rclpy_minimal_publisher/share/ament_index/resource_index/packages
[3.041s] symbolically linking /root/ws/tutorial/ros2_ws/build/examples_rclpy_minimal_publisher/package.xml -> /root/ws/tutorial/ros2_ws/install/examples_rclpy_minimal_publisher/share/examples_rclpy_minimal_publisher
[3.189s] Invoked command in '/root/ws/tutorial/ros2_ws/build/examples_rclpy_minimal_publisher' returned '0': PYTHONPATH=/root/ws/tutorial/ros2_ws/build/examples_rclpy_minimal_publisher/prefix_override:/usr/lib/python3/dist-packages/colcon_core/task/python/colcon_distutils_commands:/root/ws/tutorial/ros2_ws/install/examples_rclpy_minimal_publisher/lib/python3.12/site-packages:${PYTHONPATH} /usr/bin/python3 -W ignore:setup.py install is deprecated -W ignore:easy_install command is deprecated setup.py develop --editable --build-directory /root/ws/tutorial/ros2_ws/build/examples_rclpy_minimal_publisher/build --no-deps symlink_data
