[0.022s] Invoking command in '/root/ws/tutorial/ros2_ws/build/examples_rclcpp_minimal_service': CMAKE_PREFIX_PATH=${CMAKE_PREFIX_PATH}:/opt/ros/jazzy /usr/bin/cmake /root/ws/tutorial/ros2_ws/src/examples/rclcpp/services/minimal_service -DAMENT_CMAKE_SYMLINK_INSTALL=1 -DCMAKE_INSTALL_PREFIX=/root/ws/tutorial/ros2_ws/install/examples_rclcpp_minimal_service
[2.272s] -- The C compiler identification is GNU 13.3.0
[2.272s] -- The CXX compiler identification is GNU 13.3.0
[2.272s] -- Detecting C compiler ABI info
[2.272s] -- Detecting C compiler ABI info - done
[2.272s] -- Check for working C compiler: /usr/bin/cc - skipped
[2.272s] -- Detecting C compile features
[2.272s] -- Detecting C compile features - done
[2.272s] -- Detecting CXX compiler ABI info
[2.273s] -- Detecting CXX compiler ABI info - done
[2.273s] -- Check for working CXX compiler: /usr/bin/c++ - skipped
[2.273s] -- Detecting CXX compile features
[2.273s] -- Detecting CXX compile features - done
[2.273s] -- Found ament_cmake: 2.5.4 (/opt/ros/jazzy/share/ament_cmake/cmake)
[2.273s] -- Found Python3: /usr/bin/python3 (found version "3.12.3") found components: Interpreter 
[2.273s] -- Override CMake install command with custom implementation using symlinks instead of copying resources
[2.273s] -- Found example_interfaces: 0.12.0 (/opt/ros/jazzy/share/example_interfaces/cmake)
[2.273s] -- Found rosidl_generator_c: 4.6.6 (/opt/ros/jazzy/share/rosidl_generator_c/cmake)
[2.273s] -- Found rosidl_generator_cpp: 4.6.6 (/opt/ros/jazzy/share/rosidl_generator_cpp/cmake)
[2.273s] -- Using all available rosidl_typesupport_c: rosidl_typesupport_fastrtps_c;rosidl_typesupport_introspection_c
[2.273s] -- Using all available rosidl_typesupport_cpp: rosidl_typesupport_fastrtps_cpp;rosidl_typesupport_introspection_cpp
[2.274s] -- Found rclcpp: 28.1.12 (/opt/ros/jazzy/share/rclcpp/cmake)
[2.274s] -- Found rmw_implementation_cmake: 7.3.2 (/opt/ros/jazzy/share/rmw_implementation_cmake/cmake)
[2.274s] -- Found rmw_fastrtps_cpp: 8.4.3 (/opt/ros/jazzy/share/rmw_fastrtps_cpp/cmake)
[2.274s] -- Found OpenSSL: /usr/lib/x86_64-linux-gnu/libcrypto.so (found version "3.0.13")  
[2.274s] -- Found FastRTPS: /opt/ros/jazzy/include (Required is at least version "2.13") 
[2.334s] -- Using RMW implementation 'rmw_fastrtps_cpp' as default
[2.492s] -- Found ament_lint_auto: 0.17.3 (/opt/ros/jazzy/share/ament_lint_auto/cmake)
[2.937s] -- Added test 'copyright' to check source files copyright and LICENSE
[2.937s] -- Added test 'cppcheck' to perform static code analysis on C / C++ code
[2.937s] -- Configured cppcheck include dirs: 
[2.937s] -- Configured cppcheck exclude dirs and/or files: 
[2.952s] -- Added test 'cpplint' to check C / C++ code against the Google style
[2.952s] -- Configured cpplint exclude dirs and/or files: 
[2.952s] -- Added test 'lint_cmake' to check CMake code style
[2.952s] -- Added test 'uncrustify' to check C / C++ code style
[2.952s] -- Configured uncrustify additional arguments: 
[2.959s] -- Added test 'xmllint' to check XML markup files
[2.993s] -- Configuring done (2.9s)
[2.995s] -- Generating done (0.0s)
[3.008s] -- Build files have been written to: /root/ws/tutorial/ros2_ws/build/examples_rclcpp_minimal_service
[3.021s] Invoked command in '/root/ws/tutorial/ros2_ws/build/examples_rclcpp_minimal_service' returned '0': CMAKE_PREFIX_PATH=${CMAKE_PREFIX_PATH}:/opt/ros/jazzy /usr/bin/cmake /root/ws/tutorial/ros2_ws/src/examples/rclcpp/services/minimal_service -DAMENT_CMAKE_SYMLINK_INSTALL=1 -DCMAKE_INSTALL_PREFIX=/root/ws/tutorial/ros2_ws/install/examples_rclcpp_minimal_service
[3.022s] Invoking command in '/root/ws/tutorial/ros2_ws/build/examples_rclcpp_minimal_service': CMAKE_PREFIX_PATH=${CMAKE_PREFIX_PATH}:/opt/ros/jazzy /usr/bin/cmake --build /root/ws/tutorial/ros2_ws/build/examples_rclcpp_minimal_service -- -j6 -l6
[3.174s] [ 50%] [32mBuilding CXX object CMakeFiles/service_main.dir/main.cpp.o[0m
[16.593s] [100%] [32m[1mLinking CXX executable service_main[0m
[17.194s] [100%] Built target service_main
[17.228s] Invoked command in '/root/ws/tutorial/ros2_ws/build/examples_rclcpp_minimal_service' returned '0': CMAKE_PREFIX_PATH=${CMAKE_PREFIX_PATH}:/opt/ros/jazzy /usr/bin/cmake --build /root/ws/tutorial/ros2_ws/build/examples_rclcpp_minimal_service -- -j6 -l6
[17.232s] Invoking command in '/root/ws/tutorial/ros2_ws/build/examples_rclcpp_minimal_service': CMAKE_PREFIX_PATH=${CMAKE_PREFIX_PATH}:/opt/ros/jazzy /usr/bin/cmake --install /root/ws/tutorial/ros2_ws/build/examples_rclcpp_minimal_service
[18.749s] -- Install configuration: ""
[18.749s] -- Execute custom install script
[18.749s] -- Symlinking: /root/ws/tutorial/ros2_ws/install/examples_rclcpp_minimal_service/lib/examples_rclcpp_minimal_service/service_main
[18.749s] -- Symlinking: /root/ws/tutorial/ros2_ws/install/examples_rclcpp_minimal_service/share/ament_index/resource_index/package_run_dependencies/examples_rclcpp_minimal_service
[18.749s] -- Symlinking: /root/ws/tutorial/ros2_ws/install/examples_rclcpp_minimal_service/share/ament_index/resource_index/parent_prefix_path/examples_rclcpp_minimal_service
[18.749s] -- Symlinking: /root/ws/tutorial/ros2_ws/install/examples_rclcpp_minimal_service/share/examples_rclcpp_minimal_service/environment/ament_prefix_path.sh
[18.750s] -- Symlinking: /root/ws/tutorial/ros2_ws/install/examples_rclcpp_minimal_service/share/examples_rclcpp_minimal_service/environment/ament_prefix_path.dsv
[18.750s] -- Symlinking: /root/ws/tutorial/ros2_ws/install/examples_rclcpp_minimal_service/share/examples_rclcpp_minimal_service/environment/path.sh
[18.750s] -- Symlinking: /root/ws/tutorial/ros2_ws/install/examples_rclcpp_minimal_service/share/examples_rclcpp_minimal_service/environment/path.dsv
[18.750s] -- Symlinking: /root/ws/tutorial/ros2_ws/install/examples_rclcpp_minimal_service/share/examples_rclcpp_minimal_service/local_setup.bash
[18.750s] -- Symlinking: /root/ws/tutorial/ros2_ws/install/examples_rclcpp_minimal_service/share/examples_rclcpp_minimal_service/local_setup.sh
[18.750s] -- Symlinking: /root/ws/tutorial/ros2_ws/install/examples_rclcpp_minimal_service/share/examples_rclcpp_minimal_service/local_setup.zsh
[18.750s] -- Symlinking: /root/ws/tutorial/ros2_ws/install/examples_rclcpp_minimal_service/share/examples_rclcpp_minimal_service/local_setup.dsv
[18.750s] -- Symlinking: /root/ws/tutorial/ros2_ws/install/examples_rclcpp_minimal_service/share/examples_rclcpp_minimal_service/package.dsv
[18.750s] -- Symlinking: /root/ws/tutorial/ros2_ws/install/examples_rclcpp_minimal_service/share/ament_index/resource_index/packages/examples_rclcpp_minimal_service
[18.750s] -- Symlinking: /root/ws/tutorial/ros2_ws/install/examples_rclcpp_minimal_service/share/examples_rclcpp_minimal_service/cmake/examples_rclcpp_minimal_serviceConfig.cmake
[18.750s] -- Symlinking: /root/ws/tutorial/ros2_ws/install/examples_rclcpp_minimal_service/share/examples_rclcpp_minimal_service/cmake/examples_rclcpp_minimal_serviceConfig-version.cmake
[18.750s] -- Symlinking: /root/ws/tutorial/ros2_ws/install/examples_rclcpp_minimal_service/share/examples_rclcpp_minimal_service/package.xml
[18.752s] Invoked command in '/root/ws/tutorial/ros2_ws/build/examples_rclcpp_minimal_service' returned '0': CMAKE_PREFIX_PATH=${CMAKE_PREFIX_PATH}:/opt/ros/jazzy /usr/bin/cmake --install /root/ws/tutorial/ros2_ws/build/examples_rclcpp_minimal_service
