[0.987s] Invoking command in '/root/ws/tutorial/ws7/src/py_srvcli': PYTHONPATH=/root/ws/build/py_srvcli/prefix_override:/usr/lib/python3/dist-packages/colcon_core/task/python/colcon_distutils_commands:/root/ws/install/py_srvcli/lib/python3.12/site-packages:${PYTHONPATH} /usr/bin/python3 -W ignore:setup.py install is deprecated -W ignore:easy_install command is deprecated setup.py egg_info --egg-base ../../../../build/py_srvcli build --build-base /root/ws/build/py_srvcli/build install --record /root/ws/build/py_srvcli/install.log --single-version-externally-managed install_data
[1.342s] running egg_info
[1.342s] creating ../../../../build/py_srvcli/py_srvcli.egg-info
[1.365s] writing ../../../../build/py_srvcli/py_srvcli.egg-info/PKG-INFO
[1.366s] writing dependency_links to ../../../../build/py_srvcli/py_srvcli.egg-info/dependency_links.txt
[1.366s] writing entry points to ../../../../build/py_srvcli/py_srvcli.egg-info/entry_points.txt
[1.366s] writing requirements to ../../../../build/py_srvcli/py_srvcli.egg-info/requires.txt
[1.366s] writing top-level names to ../../../../build/py_srvcli/py_srvcli.egg-info/top_level.txt
[1.367s] writing manifest file '../../../../build/py_srvcli/py_srvcli.egg-info/SOURCES.txt'
[1.417s] reading manifest file '../../../../build/py_srvcli/py_srvcli.egg-info/SOURCES.txt'
[1.417s] adding license file 'LICENSE'
[1.418s] writing manifest file '../../../../build/py_srvcli/py_srvcli.egg-info/SOURCES.txt'
[1.418s] running build
[1.418s] running build_py
[1.418s] creating /root/ws/build/py_srvcli/build
[1.418s] creating /root/ws/build/py_srvcli/build/lib
[1.418s] creating /root/ws/build/py_srvcli/build/lib/py_srvcli
[1.419s] copying py_srvcli/__init__.py -> /root/ws/build/py_srvcli/build/lib/py_srvcli
[1.419s] copying py_srvcli/cli.py -> /root/ws/build/py_srvcli/build/lib/py_srvcli
[1.419s] copying py_srvcli/srv.py -> /root/ws/build/py_srvcli/build/lib/py_srvcli
[1.419s] running install
[1.427s] running install_lib
[1.452s] creating /root/ws/install/py_srvcli/lib/python3.12/site-packages/py_srvcli
[1.453s] copying /root/ws/build/py_srvcli/build/lib/py_srvcli/__init__.py -> /root/ws/install/py_srvcli/lib/python3.12/site-packages/py_srvcli
[1.453s] copying /root/ws/build/py_srvcli/build/lib/py_srvcli/cli.py -> /root/ws/install/py_srvcli/lib/python3.12/site-packages/py_srvcli
[1.453s] copying /root/ws/build/py_srvcli/build/lib/py_srvcli/srv.py -> /root/ws/install/py_srvcli/lib/python3.12/site-packages/py_srvcli
[1.453s] byte-compiling /root/ws/install/py_srvcli/lib/python3.12/site-packages/py_srvcli/__init__.py to __init__.cpython-312.pyc
[1.453s] byte-compiling /root/ws/install/py_srvcli/lib/python3.12/site-packages/py_srvcli/cli.py to cli.cpython-312.pyc
[1.454s] byte-compiling /root/ws/install/py_srvcli/lib/python3.12/site-packages/py_srvcli/srv.py to srv.cpython-312.pyc
[1.454s] running install_data
[1.455s] creating /root/ws/install/py_srvcli/share/ament_index
[1.455s] creating /root/ws/install/py_srvcli/share/ament_index/resource_index
[1.455s] creating /root/ws/install/py_srvcli/share/ament_index/resource_index/packages
[1.455s] copying resource/py_srvcli -> /root/ws/install/py_srvcli/share/ament_index/resource_index/packages
[1.455s] copying package.xml -> /root/ws/install/py_srvcli/share/py_srvcli
[1.455s] running install_egg_info
[1.483s] Copying ../../../../build/py_srvcli/py_srvcli.egg-info to /root/ws/install/py_srvcli/lib/python3.12/site-packages/py_srvcli-0.0.0-py3.12.egg-info
[1.484s] running install_scripts
[1.655s] Installing client script to /root/ws/install/py_srvcli/lib/py_srvcli
[1.655s] Installing service script to /root/ws/install/py_srvcli/lib/py_srvcli
[1.655s] writing list of installed files to '/root/ws/build/py_srvcli/install.log'
[1.693s] Invoked command in '/root/ws/tutorial/ws7/src/py_srvcli' returned '0': PYTHONPATH=/root/ws/build/py_srvcli/prefix_override:/usr/lib/python3/dist-packages/colcon_core/task/python/colcon_distutils_commands:/root/ws/install/py_srvcli/lib/python3.12/site-packages:${PYTHONPATH} /usr/bin/python3 -W ignore:setup.py install is deprecated -W ignore:easy_install command is deprecated setup.py egg_info --egg-base ../../../../build/py_srvcli build --build-base /root/ws/build/py_srvcli/build install --record /root/ws/build/py_srvcli/install.log --single-version-externally-managed install_data
