[0.019s] Invoking command in '/root/ws/tutorial/ros2_ws6/build/ros2_control_demo_example_15': AMENT_PREFIX_PATH=/root/ws/tutorial/ros2_ws6/install:${AMENT_PREFIX_PATH} CMAKE_PREFIX_PATH=/root/ws/tutorial/ros2_ws6/install:/opt/ros/jazzy/opt/gz_sim_vendor:/opt/ros/jazzy/opt/gz_sensors_vendor:/opt/ros/jazzy/opt/gz_physics_vendor:/opt/ros/jazzy/opt/gz_gui_vendor:/opt/ros/jazzy/opt/gz_transport_vendor:/opt/ros/jazzy/opt/gz_rendering_vendor:/opt/ros/jazzy/opt/gz_plugin_vendor:/opt/ros/jazzy/opt/gz_fuel_tools_vendor:/opt/ros/jazzy/opt/gz_msgs_vendor:/opt/ros/jazzy/opt/gz_common_vendor:/opt/ros/jazzy/opt/gz_ogre_next_vendor:/opt/ros/jazzy/opt/gz_dartsim_vendor:/opt/ros/jazzy/opt/sdformat_vendor:/opt/ros/jazzy/opt/gz_math_vendor:/opt/ros/jazzy/opt/gz_utils_vendor:/opt/ros/jazzy/opt/gz_tools_vendor:/opt/ros/jazzy/opt/gz_cmake_vendor:/opt/ros/jazzy LD_LIBRARY_PATH=/root/ws/tutorial/ros2_ws6/install/lib:${LD_LIBRARY_PATH} /usr/bin/cmake /root/ws/tutorial/ros2_ws6/src/ros2_control_demos/example_15 -DCMAKE_INSTALL_PREFIX=/root/ws/tutorial/ros2_ws6/install
[0.712s] -- The CXX compiler identification is GNU 13.3.0
[0.712s] -- Detecting CXX compiler ABI info
[0.712s] -- Detecting CXX compiler ABI info - done
[0.712s] -- Check for working CXX compiler: /usr/bin/c++ - skipped
[0.712s] -- Detecting CXX compile features
[0.714s] -- Detecting CXX compile features - done
[0.714s] -- Found ros2_control_cmake: 0.3.0 (/opt/ros/jazzy/share/ros2_control_cmake/cmake)
[0.714s] -- Compiler warnings enabled for GNU
[0.715s] -- Detected GCC Version: 13.3.0 (Major: 13, Minor: 3)
[0.715s] -- Found ament_cmake: 2.5.4 (/opt/ros/jazzy/share/ament_cmake/cmake)
[0.715s] -- Found Python3: /usr/bin/python3 (found version "3.12.3") found components: Interpreter 
[0.715s] -- Found ament_cmake_ros: 0.12.0 (/opt/ros/jazzy/share/ament_cmake_ros/cmake)
[0.718s] -- Found launch_testing_ament_cmake: 3.4.7 (/opt/ros/jazzy/share/launch_testing_ament_cmake/cmake)
[0.721s] -- Found python_cmake_module: 0.11.1 (/opt/ros/jazzy/share/python_cmake_module/cmake)
[0.905s] -- Found PythonExtra: /usr/bin/python3  
[1.014s] -- Configuring done (1.0s)
[1.021s] -- Generating done (0.0s)
[1.025s] -- Build files have been written to: /root/ws/tutorial/ros2_ws6/build/ros2_control_demo_example_15
[1.037s] Invoked command in '/root/ws/tutorial/ros2_ws6/build/ros2_control_demo_example_15' returned '0': AMENT_PREFIX_PATH=/root/ws/tutorial/ros2_ws6/install:${AMENT_PREFIX_PATH} CMAKE_PREFIX_PATH=/root/ws/tutorial/ros2_ws6/install:/opt/ros/jazzy/opt/gz_sim_vendor:/opt/ros/jazzy/opt/gz_sensors_vendor:/opt/ros/jazzy/opt/gz_physics_vendor:/opt/ros/jazzy/opt/gz_gui_vendor:/opt/ros/jazzy/opt/gz_transport_vendor:/opt/ros/jazzy/opt/gz_rendering_vendor:/opt/ros/jazzy/opt/gz_plugin_vendor:/opt/ros/jazzy/opt/gz_fuel_tools_vendor:/opt/ros/jazzy/opt/gz_msgs_vendor:/opt/ros/jazzy/opt/gz_common_vendor:/opt/ros/jazzy/opt/gz_ogre_next_vendor:/opt/ros/jazzy/opt/gz_dartsim_vendor:/opt/ros/jazzy/opt/sdformat_vendor:/opt/ros/jazzy/opt/gz_math_vendor:/opt/ros/jazzy/opt/gz_utils_vendor:/opt/ros/jazzy/opt/gz_tools_vendor:/opt/ros/jazzy/opt/gz_cmake_vendor:/opt/ros/jazzy LD_LIBRARY_PATH=/root/ws/tutorial/ros2_ws6/install/lib:${LD_LIBRARY_PATH} /usr/bin/cmake /root/ws/tutorial/ros2_ws6/src/ros2_control_demos/example_15 -DCMAKE_INSTALL_PREFIX=/root/ws/tutorial/ros2_ws6/install
[1.037s] Invoking command in '/root/ws/tutorial/ros2_ws6/build/ros2_control_demo_example_15': AMENT_PREFIX_PATH=/root/ws/tutorial/ros2_ws6/install:${AMENT_PREFIX_PATH} CMAKE_PREFIX_PATH=/root/ws/tutorial/ros2_ws6/install:/opt/ros/jazzy/opt/gz_sim_vendor:/opt/ros/jazzy/opt/gz_sensors_vendor:/opt/ros/jazzy/opt/gz_physics_vendor:/opt/ros/jazzy/opt/gz_gui_vendor:/opt/ros/jazzy/opt/gz_transport_vendor:/opt/ros/jazzy/opt/gz_rendering_vendor:/opt/ros/jazzy/opt/gz_plugin_vendor:/opt/ros/jazzy/opt/gz_fuel_tools_vendor:/opt/ros/jazzy/opt/gz_msgs_vendor:/opt/ros/jazzy/opt/gz_common_vendor:/opt/ros/jazzy/opt/gz_ogre_next_vendor:/opt/ros/jazzy/opt/gz_dartsim_vendor:/opt/ros/jazzy/opt/sdformat_vendor:/opt/ros/jazzy/opt/gz_math_vendor:/opt/ros/jazzy/opt/gz_utils_vendor:/opt/ros/jazzy/opt/gz_tools_vendor:/opt/ros/jazzy/opt/gz_cmake_vendor:/opt/ros/jazzy LD_LIBRARY_PATH=/root/ws/tutorial/ros2_ws6/install/lib:${LD_LIBRARY_PATH} /usr/bin/cmake --build /root/ws/tutorial/ros2_ws6/build/ros2_control_demo_example_15 -- -j6 -l6
[3.312s] Invoked command in '/root/ws/tutorial/ros2_ws6/build/ros2_control_demo_example_15' returned '0': AMENT_PREFIX_PATH=/root/ws/tutorial/ros2_ws6/install:${AMENT_PREFIX_PATH} CMAKE_PREFIX_PATH=/root/ws/tutorial/ros2_ws6/install:/opt/ros/jazzy/opt/gz_sim_vendor:/opt/ros/jazzy/opt/gz_sensors_vendor:/opt/ros/jazzy/opt/gz_physics_vendor:/opt/ros/jazzy/opt/gz_gui_vendor:/opt/ros/jazzy/opt/gz_transport_vendor:/opt/ros/jazzy/opt/gz_rendering_vendor:/opt/ros/jazzy/opt/gz_plugin_vendor:/opt/ros/jazzy/opt/gz_fuel_tools_vendor:/opt/ros/jazzy/opt/gz_msgs_vendor:/opt/ros/jazzy/opt/gz_common_vendor:/opt/ros/jazzy/opt/gz_ogre_next_vendor:/opt/ros/jazzy/opt/gz_dartsim_vendor:/opt/ros/jazzy/opt/sdformat_vendor:/opt/ros/jazzy/opt/gz_math_vendor:/opt/ros/jazzy/opt/gz_utils_vendor:/opt/ros/jazzy/opt/gz_tools_vendor:/opt/ros/jazzy/opt/gz_cmake_vendor:/opt/ros/jazzy LD_LIBRARY_PATH=/root/ws/tutorial/ros2_ws6/install/lib:${LD_LIBRARY_PATH} /usr/bin/cmake --build /root/ws/tutorial/ros2_ws6/build/ros2_control_demo_example_15 -- -j6 -l6
[3.316s] Invoking command in '/root/ws/tutorial/ros2_ws6/build/ros2_control_demo_example_15': AMENT_PREFIX_PATH=/root/ws/tutorial/ros2_ws6/install:${AMENT_PREFIX_PATH} CMAKE_PREFIX_PATH=/root/ws/tutorial/ros2_ws6/install:/opt/ros/jazzy/opt/gz_sim_vendor:/opt/ros/jazzy/opt/gz_sensors_vendor:/opt/ros/jazzy/opt/gz_physics_vendor:/opt/ros/jazzy/opt/gz_gui_vendor:/opt/ros/jazzy/opt/gz_transport_vendor:/opt/ros/jazzy/opt/gz_rendering_vendor:/opt/ros/jazzy/opt/gz_plugin_vendor:/opt/ros/jazzy/opt/gz_fuel_tools_vendor:/opt/ros/jazzy/opt/gz_msgs_vendor:/opt/ros/jazzy/opt/gz_common_vendor:/opt/ros/jazzy/opt/gz_ogre_next_vendor:/opt/ros/jazzy/opt/gz_dartsim_vendor:/opt/ros/jazzy/opt/sdformat_vendor:/opt/ros/jazzy/opt/gz_math_vendor:/opt/ros/jazzy/opt/gz_utils_vendor:/opt/ros/jazzy/opt/gz_tools_vendor:/opt/ros/jazzy/opt/gz_cmake_vendor:/opt/ros/jazzy LD_LIBRARY_PATH=/root/ws/tutorial/ros2_ws6/install/lib:${LD_LIBRARY_PATH} /usr/bin/cmake --install /root/ws/tutorial/ros2_ws6/build/ros2_control_demo_example_15
[3.344s] -- Install configuration: ""
[3.344s] -- Installing: /root/ws/tutorial/ros2_ws6/install/share/ros2_control_demo_example_15/rviz
[3.344s] -- Installing: /root/ws/tutorial/ros2_ws6/install/share/ros2_control_demo_example_15/rviz/rrbot_namespace.rviz
[3.345s] -- Installing: /root/ws/tutorial/ros2_ws6/install/share/ros2_control_demo_example_15/rviz/multi_controller_manager.rviz
[3.345s] -- Installing: /root/ws/tutorial/ros2_ws6/install/share/ros2_control_demo_example_15/launch
[3.346s] -- Installing: /root/ws/tutorial/ros2_ws6/install/share/ros2_control_demo_example_15/launch/test_multi_controller_manager_forward_position_controller.launch.py
[3.346s] -- Installing: /root/ws/tutorial/ros2_ws6/install/share/ros2_control_demo_example_15/launch/test_forward_position_controller.launch.py
[3.346s] -- Installing: /root/ws/tutorial/ros2_ws6/install/share/ros2_control_demo_example_15/launch/rrbot_namespace.launch.py
[3.347s] -- Installing: /root/ws/tutorial/ros2_ws6/install/share/ros2_control_demo_example_15/launch/rrbot_base.launch.py
[3.347s] -- Installing: /root/ws/tutorial/ros2_ws6/install/share/ros2_control_demo_example_15/launch/test_joint_trajectory_controller.launch.py
[3.347s] -- Installing: /root/ws/tutorial/ros2_ws6/install/share/ros2_control_demo_example_15/launch/test_multi_controller_manager_joint_trajectory_controller.launch.py
[3.347s] -- Installing: /root/ws/tutorial/ros2_ws6/install/share/ros2_control_demo_example_15/launch/multi_controller_manager_example_two_rrbots.launch.py
[3.347s] -- Installing: /root/ws/tutorial/ros2_ws6/install/share/ros2_control_demo_example_15/config
[3.347s] -- Installing: /root/ws/tutorial/ros2_ws6/install/share/ros2_control_demo_example_15/config/rrbot_namespace_forward_position_publisher.yaml
[3.347s] -- Installing: /root/ws/tutorial/ros2_ws6/install/share/ros2_control_demo_example_15/config/multi_controller_manager_rrbot_generic_controllers.yaml
[3.347s] -- Installing: /root/ws/tutorial/ros2_ws6/install/share/ros2_control_demo_example_15/config/multi_controller_manager_forward_position_publisher.yaml
[3.350s] -- Installing: /root/ws/tutorial/ros2_ws6/install/share/ros2_control_demo_example_15/config/rrbot_namespace_controllers.yaml
[3.350s] -- Installing: /root/ws/tutorial/ros2_ws6/install/share/ros2_control_demo_example_15/config/rrbot_namespace_joint_trajectory_publisher.yaml
[3.350s] -- Installing: /root/ws/tutorial/ros2_ws6/install/share/ros2_control_demo_example_15/config/multi_controller_manager_joint_trajectory_publisher.yaml
[3.351s] -- Installing: /root/ws/tutorial/ros2_ws6/install/share/ament_index/resource_index/package_run_dependencies/ros2_control_demo_example_15
[3.351s] -- Installing: /root/ws/tutorial/ros2_ws6/install/share/ament_index/resource_index/parent_prefix_path/ros2_control_demo_example_15
[3.351s] -- Installing: /root/ws/tutorial/ros2_ws6/install/share/ros2_control_demo_example_15/environment/ament_prefix_path.sh
[3.353s] -- Installing: /root/ws/tutorial/ros2_ws6/install/share/ros2_control_demo_example_15/environment/ament_prefix_path.dsv
[3.353s] -- Installing: /root/ws/tutorial/ros2_ws6/install/share/ros2_control_demo_example_15/environment/path.sh
[3.354s] -- Installing: /root/ws/tutorial/ros2_ws6/install/share/ros2_control_demo_example_15/environment/path.dsv
[3.354s] -- Installing: /root/ws/tutorial/ros2_ws6/install/share/ros2_control_demo_example_15/local_setup.bash
[3.354s] -- Installing: /root/ws/tutorial/ros2_ws6/install/share/ros2_control_demo_example_15/local_setup.sh
[3.354s] -- Installing: /root/ws/tutorial/ros2_ws6/install/share/ros2_control_demo_example_15/local_setup.zsh
[3.354s] -- Installing: /root/ws/tutorial/ros2_ws6/install/share/ros2_control_demo_example_15/local_setup.dsv
[3.354s] -- Installing: /root/ws/tutorial/ros2_ws6/install/share/ros2_control_demo_example_15/package.dsv
[3.354s] -- Installing: /root/ws/tutorial/ros2_ws6/install/share/ament_index/resource_index/packages/ros2_control_demo_example_15
[3.354s] -- Installing: /root/ws/tutorial/ros2_ws6/install/share/ros2_control_demo_example_15/cmake/ros2_control_demo_example_15Config.cmake
[3.354s] -- Installing: /root/ws/tutorial/ros2_ws6/install/share/ros2_control_demo_example_15/cmake/ros2_control_demo_example_15Config-version.cmake
[3.354s] -- Installing: /root/ws/tutorial/ros2_ws6/install/share/ros2_control_demo_example_15/package.xml
[3.357s] Invoked command in '/root/ws/tutorial/ros2_ws6/build/ros2_control_demo_example_15' returned '0': AMENT_PREFIX_PATH=/root/ws/tutorial/ros2_ws6/install:${AMENT_PREFIX_PATH} CMAKE_PREFIX_PATH=/root/ws/tutorial/ros2_ws6/install:/opt/ros/jazzy/opt/gz_sim_vendor:/opt/ros/jazzy/opt/gz_sensors_vendor:/opt/ros/jazzy/opt/gz_physics_vendor:/opt/ros/jazzy/opt/gz_gui_vendor:/opt/ros/jazzy/opt/gz_transport_vendor:/opt/ros/jazzy/opt/gz_rendering_vendor:/opt/ros/jazzy/opt/gz_plugin_vendor:/opt/ros/jazzy/opt/gz_fuel_tools_vendor:/opt/ros/jazzy/opt/gz_msgs_vendor:/opt/ros/jazzy/opt/gz_common_vendor:/opt/ros/jazzy/opt/gz_ogre_next_vendor:/opt/ros/jazzy/opt/gz_dartsim_vendor:/opt/ros/jazzy/opt/sdformat_vendor:/opt/ros/jazzy/opt/gz_math_vendor:/opt/ros/jazzy/opt/gz_utils_vendor:/opt/ros/jazzy/opt/gz_tools_vendor:/opt/ros/jazzy/opt/gz_cmake_vendor:/opt/ros/jazzy LD_LIBRARY_PATH=/root/ws/tutorial/ros2_ws6/install/lib:${LD_LIBRARY_PATH} /usr/bin/cmake --install /root/ws/tutorial/ros2_ws6/build/ros2_control_demo_example_15
