[0.010s] Invoking command in '/root/ws/tutorial/ros2_ws6/build/ros2_control_demo_example_6': AMENT_PREFIX_PATH=/root/ws/tutorial/ros2_ws6/install:${AMENT_PREFIX_PATH} CMAKE_PREFIX_PATH=/root/ws/tutorial/ros2_ws6/install:/opt/ros/jazzy/opt/gz_sim_vendor:/opt/ros/jazzy/opt/gz_sensors_vendor:/opt/ros/jazzy/opt/gz_physics_vendor:/opt/ros/jazzy/opt/gz_gui_vendor:/opt/ros/jazzy/opt/gz_transport_vendor:/opt/ros/jazzy/opt/gz_rendering_vendor:/opt/ros/jazzy/opt/gz_plugin_vendor:/opt/ros/jazzy/opt/gz_fuel_tools_vendor:/opt/ros/jazzy/opt/gz_msgs_vendor:/opt/ros/jazzy/opt/gz_common_vendor:/opt/ros/jazzy/opt/gz_ogre_next_vendor:/opt/ros/jazzy/opt/gz_dartsim_vendor:/opt/ros/jazzy/opt/sdformat_vendor:/opt/ros/jazzy/opt/gz_math_vendor:/opt/ros/jazzy/opt/gz_utils_vendor:/opt/ros/jazzy/opt/gz_tools_vendor:/opt/ros/jazzy/opt/gz_cmake_vendor:/opt/ros/jazzy /usr/bin/cmake /root/ws/tutorial/ros2_ws6/src/ros2_control_demos/example_6 -DCMAKE_INSTALL_PREFIX=/root/ws/tutorial/ros2_ws6/install
[0.117s] -- The CXX compiler identification is GNU 13.3.0
[0.142s] -- Detecting CXX compiler ABI info
[0.282s] -- Detecting CXX compiler ABI info - done
[0.295s] -- Check for working CXX compiler: /usr/bin/c++ - skipped
[0.295s] -- Detecting CXX compile features
[0.298s] -- Detecting CXX compile features - done
[0.302s] -- Found ros2_control_cmake: 0.3.0 (/opt/ros/jazzy/share/ros2_control_cmake/cmake)
[0.303s] -- Compiler warnings enabled for GNU
[0.303s] -- Detected GCC Version: 13.3.0 (Major: 13, Minor: 3)
[0.309s] -- Found controller_manager: 4.39.2 (/opt/ros/jazzy/share/controller_manager/cmake)
[0.525s] -- Found Python3: /usr/bin/python3 (found version "3.12.3") found components: Interpreter 
[0.802s] -- Found rosidl_generator_c: 4.6.6 (/opt/ros/jazzy/share/rosidl_generator_c/cmake)
[0.829s] -- Found rosidl_generator_cpp: 4.6.6 (/opt/ros/jazzy/share/rosidl_generator_cpp/cmake)
[0.858s] -- Using all available rosidl_typesupport_c: rosidl_typesupport_fastrtps_c;rosidl_typesupport_introspection_c
[0.890s] -- Using all available rosidl_typesupport_cpp: rosidl_typesupport_fastrtps_cpp;rosidl_typesupport_introspection_cpp
[1.022s] -- Found rmw_implementation_cmake: 7.3.2 (/opt/ros/jazzy/share/rmw_implementation_cmake/cmake)
[1.029s] -- Found rmw_fastrtps_cpp: 8.4.3 (/opt/ros/jazzy/share/rmw_fastrtps_cpp/cmake)
[1.158s] -- Found OpenSSL: /usr/lib/x86_64-linux-gnu/libcrypto.so (found version "3.0.13")  
[1.182s] -- Found FastRTPS: /opt/ros/jazzy/include (Required is at least version "2.13") 
[1.213s] -- Using RMW implementation 'rmw_fastrtps_cpp' as default
[2.148s] -- Found ament_cmake_pytest: 2.5.4 (/opt/ros/jazzy/share/ament_cmake_pytest/cmake)
[2.575s] -- Found ament_cmake_ros: 0.12.0 (/opt/ros/jazzy/share/ament_cmake_ros/cmake)
[2.593s] -- Found launch_testing_ament_cmake: 3.4.7 (/opt/ros/jazzy/share/launch_testing_ament_cmake/cmake)
[2.598s] -- Found python_cmake_module: 0.11.1 (/opt/ros/jazzy/share/python_cmake_module/cmake)
[2.763s] -- Found PythonExtra: /usr/bin/python3  
[2.878s] -- Configuring done (2.9s)
[2.914s] -- Generating done (0.0s)
[2.920s] -- Build files have been written to: /root/ws/tutorial/ros2_ws6/build/ros2_control_demo_example_6
[2.938s] Invoked command in '/root/ws/tutorial/ros2_ws6/build/ros2_control_demo_example_6' returned '0': AMENT_PREFIX_PATH=/root/ws/tutorial/ros2_ws6/install:${AMENT_PREFIX_PATH} CMAKE_PREFIX_PATH=/root/ws/tutorial/ros2_ws6/install:/opt/ros/jazzy/opt/gz_sim_vendor:/opt/ros/jazzy/opt/gz_sensors_vendor:/opt/ros/jazzy/opt/gz_physics_vendor:/opt/ros/jazzy/opt/gz_gui_vendor:/opt/ros/jazzy/opt/gz_transport_vendor:/opt/ros/jazzy/opt/gz_rendering_vendor:/opt/ros/jazzy/opt/gz_plugin_vendor:/opt/ros/jazzy/opt/gz_fuel_tools_vendor:/opt/ros/jazzy/opt/gz_msgs_vendor:/opt/ros/jazzy/opt/gz_common_vendor:/opt/ros/jazzy/opt/gz_ogre_next_vendor:/opt/ros/jazzy/opt/gz_dartsim_vendor:/opt/ros/jazzy/opt/sdformat_vendor:/opt/ros/jazzy/opt/gz_math_vendor:/opt/ros/jazzy/opt/gz_utils_vendor:/opt/ros/jazzy/opt/gz_tools_vendor:/opt/ros/jazzy/opt/gz_cmake_vendor:/opt/ros/jazzy /usr/bin/cmake /root/ws/tutorial/ros2_ws6/src/ros2_control_demos/example_6 -DCMAKE_INSTALL_PREFIX=/root/ws/tutorial/ros2_ws6/install
[2.938s] Invoking command in '/root/ws/tutorial/ros2_ws6/build/ros2_control_demo_example_6': AMENT_PREFIX_PATH=/root/ws/tutorial/ros2_ws6/install:${AMENT_PREFIX_PATH} CMAKE_PREFIX_PATH=/root/ws/tutorial/ros2_ws6/install:/opt/ros/jazzy/opt/gz_sim_vendor:/opt/ros/jazzy/opt/gz_sensors_vendor:/opt/ros/jazzy/opt/gz_physics_vendor:/opt/ros/jazzy/opt/gz_gui_vendor:/opt/ros/jazzy/opt/gz_transport_vendor:/opt/ros/jazzy/opt/gz_rendering_vendor:/opt/ros/jazzy/opt/gz_plugin_vendor:/opt/ros/jazzy/opt/gz_fuel_tools_vendor:/opt/ros/jazzy/opt/gz_msgs_vendor:/opt/ros/jazzy/opt/gz_common_vendor:/opt/ros/jazzy/opt/gz_ogre_next_vendor:/opt/ros/jazzy/opt/gz_dartsim_vendor:/opt/ros/jazzy/opt/sdformat_vendor:/opt/ros/jazzy/opt/gz_math_vendor:/opt/ros/jazzy/opt/gz_utils_vendor:/opt/ros/jazzy/opt/gz_tools_vendor:/opt/ros/jazzy/opt/gz_cmake_vendor:/opt/ros/jazzy /usr/bin/cmake --build /root/ws/tutorial/ros2_ws6/build/ros2_control_demo_example_6 -- -j6 -l6
[3.027s] [ 50%] [32mBuilding CXX object CMakeFiles/ros2_control_demo_example_6.dir/hardware/rrbot_actuator.cpp.o[0m
[9.702s] [100%] [32m[1mLinking CXX shared library libros2_control_demo_example_6.so[0m
[10.010s] [100%] Built target ros2_control_demo_example_6
[10.026s] Invoked command in '/root/ws/tutorial/ros2_ws6/build/ros2_control_demo_example_6' returned '0': AMENT_PREFIX_PATH=/root/ws/tutorial/ros2_ws6/install:${AMENT_PREFIX_PATH} CMAKE_PREFIX_PATH=/root/ws/tutorial/ros2_ws6/install:/opt/ros/jazzy/opt/gz_sim_vendor:/opt/ros/jazzy/opt/gz_sensors_vendor:/opt/ros/jazzy/opt/gz_physics_vendor:/opt/ros/jazzy/opt/gz_gui_vendor:/opt/ros/jazzy/opt/gz_transport_vendor:/opt/ros/jazzy/opt/gz_rendering_vendor:/opt/ros/jazzy/opt/gz_plugin_vendor:/opt/ros/jazzy/opt/gz_fuel_tools_vendor:/opt/ros/jazzy/opt/gz_msgs_vendor:/opt/ros/jazzy/opt/gz_common_vendor:/opt/ros/jazzy/opt/gz_ogre_next_vendor:/opt/ros/jazzy/opt/gz_dartsim_vendor:/opt/ros/jazzy/opt/sdformat_vendor:/opt/ros/jazzy/opt/gz_math_vendor:/opt/ros/jazzy/opt/gz_utils_vendor:/opt/ros/jazzy/opt/gz_tools_vendor:/opt/ros/jazzy/opt/gz_cmake_vendor:/opt/ros/jazzy /usr/bin/cmake --build /root/ws/tutorial/ros2_ws6/build/ros2_control_demo_example_6 -- -j6 -l6
[10.030s] Invoking command in '/root/ws/tutorial/ros2_ws6/build/ros2_control_demo_example_6': AMENT_PREFIX_PATH=/root/ws/tutorial/ros2_ws6/install:${AMENT_PREFIX_PATH} CMAKE_PREFIX_PATH=/root/ws/tutorial/ros2_ws6/install:/opt/ros/jazzy/opt/gz_sim_vendor:/opt/ros/jazzy/opt/gz_sensors_vendor:/opt/ros/jazzy/opt/gz_physics_vendor:/opt/ros/jazzy/opt/gz_gui_vendor:/opt/ros/jazzy/opt/gz_transport_vendor:/opt/ros/jazzy/opt/gz_rendering_vendor:/opt/ros/jazzy/opt/gz_plugin_vendor:/opt/ros/jazzy/opt/gz_fuel_tools_vendor:/opt/ros/jazzy/opt/gz_msgs_vendor:/opt/ros/jazzy/opt/gz_common_vendor:/opt/ros/jazzy/opt/gz_ogre_next_vendor:/opt/ros/jazzy/opt/gz_dartsim_vendor:/opt/ros/jazzy/opt/sdformat_vendor:/opt/ros/jazzy/opt/gz_math_vendor:/opt/ros/jazzy/opt/gz_utils_vendor:/opt/ros/jazzy/opt/gz_tools_vendor:/opt/ros/jazzy/opt/gz_cmake_vendor:/opt/ros/jazzy /usr/bin/cmake --install /root/ws/tutorial/ros2_ws6/build/ros2_control_demo_example_6
[10.042s] -- Install configuration: ""
[10.042s] -- Installing: /root/ws/tutorial/ros2_ws6/install/share/ros2_control_demo_example_6/ros2_control_demo_example_6.xml
[10.042s] -- Installing: /root/ws/tutorial/ros2_ws6/install/include/ros2_control_demo_example_6
[10.042s] -- Installing: /root/ws/tutorial/ros2_ws6/install/include/ros2_control_demo_example_6/ros2_control_demo_example_6
[10.042s] -- Installing: /root/ws/tutorial/ros2_ws6/install/include/ros2_control_demo_example_6/ros2_control_demo_example_6/rrbot_actuator.hpp
[10.042s] -- Installing: /root/ws/tutorial/ros2_ws6/install/share/ros2_control_demo_example_6/launch
[10.043s] -- Installing: /root/ws/tutorial/ros2_ws6/install/share/ros2_control_demo_example_6/launch/view_robot.launch.py
[10.043s] -- Installing: /root/ws/tutorial/ros2_ws6/install/share/ros2_control_demo_example_6/ros2_control
[10.043s] -- Installing: /root/ws/tutorial/ros2_ws6/install/share/ros2_control_demo_example_6/ros2_control/rrbot_modular_actuators.ros2_control.xacro
[10.043s] -- Installing: /root/ws/tutorial/ros2_ws6/install/share/ros2_control_demo_example_6/urdf
[10.043s] -- Installing: /root/ws/tutorial/ros2_ws6/install/share/ros2_control_demo_example_6/urdf/rrbot_modular_actuators.urdf.xacro
[10.043s] -- Up-to-date: /root/ws/tutorial/ros2_ws6/install/share/ros2_control_demo_example_6/launch
[10.044s] -- Installing: /root/ws/tutorial/ros2_ws6/install/share/ros2_control_demo_example_6/launch/rrbot_modular_actuators.launch.py
[10.044s] -- Installing: /root/ws/tutorial/ros2_ws6/install/share/ros2_control_demo_example_6/launch/test_forward_position_controller.launch.py
[10.044s] -- Installing: /root/ws/tutorial/ros2_ws6/install/share/ros2_control_demo_example_6/config
[10.044s] -- Installing: /root/ws/tutorial/ros2_ws6/install/share/ros2_control_demo_example_6/config/rrbot_forward_position_publisher.yaml
[10.044s] -- Installing: /root/ws/tutorial/ros2_ws6/install/share/ros2_control_demo_example_6/config/rrbot_modular_actuators.yaml
[10.044s] -- Installing: /root/ws/tutorial/ros2_ws6/install/lib/libros2_control_demo_example_6.so
[10.045s] -- Set non-toolchain portion of runtime path of "/root/ws/tutorial/ros2_ws6/install/lib/libros2_control_demo_example_6.so" to ""
[10.046s] -- Installing: /root/ws/tutorial/ros2_ws6/install/share/ros2_control_demo_example_6/environment/library_path.sh
[10.046s] -- Installing: /root/ws/tutorial/ros2_ws6/install/share/ros2_control_demo_example_6/environment/library_path.dsv
[10.046s] -- Installing: /root/ws/tutorial/ros2_ws6/install/share/ament_index/resource_index/package_run_dependencies/ros2_control_demo_example_6
[10.046s] -- Installing: /root/ws/tutorial/ros2_ws6/install/share/ament_index/resource_index/parent_prefix_path/ros2_control_demo_example_6
[10.046s] -- Installing: /root/ws/tutorial/ros2_ws6/install/share/ros2_control_demo_example_6/environment/ament_prefix_path.sh
[10.046s] -- Installing: /root/ws/tutorial/ros2_ws6/install/share/ros2_control_demo_example_6/environment/ament_prefix_path.dsv
[10.047s] -- Installing: /root/ws/tutorial/ros2_ws6/install/share/ros2_control_demo_example_6/environment/path.sh
[10.047s] -- Installing: /root/ws/tutorial/ros2_ws6/install/share/ros2_control_demo_example_6/environment/path.dsv
[10.047s] -- Installing: /root/ws/tutorial/ros2_ws6/install/share/ros2_control_demo_example_6/local_setup.bash
[10.047s] -- Installing: /root/ws/tutorial/ros2_ws6/install/share/ros2_control_demo_example_6/local_setup.sh
[10.047s] -- Installing: /root/ws/tutorial/ros2_ws6/install/share/ros2_control_demo_example_6/local_setup.zsh
[10.047s] -- Installing: /root/ws/tutorial/ros2_ws6/install/share/ros2_control_demo_example_6/local_setup.dsv
[10.048s] -- Installing: /root/ws/tutorial/ros2_ws6/install/share/ros2_control_demo_example_6/package.dsv
[10.048s] -- Installing: /root/ws/tutorial/ros2_ws6/install/share/ament_index/resource_index/packages/ros2_control_demo_example_6
[10.048s] -- Installing: /root/ws/tutorial/ros2_ws6/install/share/ament_index/resource_index/hardware_interface__pluginlib__plugin/ros2_control_demo_example_6
[10.048s] -- Installing: /root/ws/tutorial/ros2_ws6/install/share/ros2_control_demo_example_6/cmake/export_ros2_control_demo_example_6Export.cmake
[10.048s] -- Installing: /root/ws/tutorial/ros2_ws6/install/share/ros2_control_demo_example_6/cmake/export_ros2_control_demo_example_6Export-noconfig.cmake
[10.048s] -- Installing: /root/ws/tutorial/ros2_ws6/install/share/ros2_control_demo_example_6/cmake/ament_cmake_export_targets-extras.cmake
[10.048s] -- Installing: /root/ws/tutorial/ros2_ws6/install/share/ros2_control_demo_example_6/cmake/ament_cmake_export_dependencies-extras.cmake
[10.049s] -- Installing: /root/ws/tutorial/ros2_ws6/install/share/ros2_control_demo_example_6/cmake/ros2_control_demo_example_6Config.cmake
[10.049s] -- Installing: /root/ws/tutorial/ros2_ws6/install/share/ros2_control_demo_example_6/cmake/ros2_control_demo_example_6Config-version.cmake
[10.049s] -- Installing: /root/ws/tutorial/ros2_ws6/install/share/ros2_control_demo_example_6/package.xml
[10.051s] Invoked command in '/root/ws/tutorial/ros2_ws6/build/ros2_control_demo_example_6' returned '0': AMENT_PREFIX_PATH=/root/ws/tutorial/ros2_ws6/install:${AMENT_PREFIX_PATH} CMAKE_PREFIX_PATH=/root/ws/tutorial/ros2_ws6/install:/opt/ros/jazzy/opt/gz_sim_vendor:/opt/ros/jazzy/opt/gz_sensors_vendor:/opt/ros/jazzy/opt/gz_physics_vendor:/opt/ros/jazzy/opt/gz_gui_vendor:/opt/ros/jazzy/opt/gz_transport_vendor:/opt/ros/jazzy/opt/gz_rendering_vendor:/opt/ros/jazzy/opt/gz_plugin_vendor:/opt/ros/jazzy/opt/gz_fuel_tools_vendor:/opt/ros/jazzy/opt/gz_msgs_vendor:/opt/ros/jazzy/opt/gz_common_vendor:/opt/ros/jazzy/opt/gz_ogre_next_vendor:/opt/ros/jazzy/opt/gz_dartsim_vendor:/opt/ros/jazzy/opt/sdformat_vendor:/opt/ros/jazzy/opt/gz_math_vendor:/opt/ros/jazzy/opt/gz_utils_vendor:/opt/ros/jazzy/opt/gz_tools_vendor:/opt/ros/jazzy/opt/gz_cmake_vendor:/opt/ros/jazzy /usr/bin/cmake --install /root/ws/tutorial/ros2_ws6/build/ros2_control_demo_example_6
