[0.014s] Invoking command in '/root/ws/build/motorctl_cpp': CMAKE_PREFIX_PATH=${CMAKE_PREFIX_PATH}:/opt/ros/jazzy /usr/bin/cmake --build /root/ws/build/motorctl_cpp -- -j6 -l6
[0.077s] [ 50%] Built target master
[0.083s] [ 75%] [32mBuilding CXX object CMakeFiles/slave.dir/src/slave.cpp.o[0m
[2.609s] [01m[K/root/ws/src/motorctl_cpp/src/slave.cpp:[m[K In member function ‘[01m[Kvoid Slave::[01;32m[Khandle_command[m[K(const std::string&)[m[K’:
[2.609s] [01m[K/root/ws/src/motorctl_cpp/src/slave.cpp:109:43:[m[K [01;35m[Kwarning: [m[Kunused parameter ‘[01m[Kcmd[m[K’ [[01;35m[K]8;;https://gcc.gnu.org/onlinedocs/gcc/Warning-Options.html#index-Wunused-parameter-Wunused-parameter]8;;[m[K]
[2.609s]   109 |   void handle_command([01;35m[Kconst std::string & cmd[m[K)
[2.609s]       |                       [01;35m[K~~~~~~~~~~~~~~~~~~~~^~~[m[K
[8.462s] [100%] [32m[1mLinking CXX executable slave[0m
[8.765s] [100%] Built target slave
[8.777s] Invoked command in '/root/ws/build/motorctl_cpp' returned '0': CMAKE_PREFIX_PATH=${CMAKE_PREFIX_PATH}:/opt/ros/jazzy /usr/bin/cmake --build /root/ws/build/motorctl_cpp -- -j6 -l6
[8.789s] Invoking command in '/root/ws/build/motorctl_cpp': CMAKE_PREFIX_PATH=${CMAKE_PREFIX_PATH}:/opt/ros/jazzy /usr/bin/cmake --install /root/ws/build/motorctl_cpp
[8.797s] -- Install configuration: ""
[8.798s] -- Up-to-date: /root/ws/install/motorctl_cpp/lib/motorctl_cpp/master
[8.798s] -- Installing: /root/ws/install/motorctl_cpp/lib/motorctl_cpp/slave
[8.804s] -- Set non-toolchain portion of runtime path of "/root/ws/install/motorctl_cpp/lib/motorctl_cpp/slave" to ""
[8.804s] -- Up-to-date: /root/ws/install/motorctl_cpp/share/ament_index/resource_index/package_run_dependencies/motorctl_cpp
[8.804s] -- Up-to-date: /root/ws/install/motorctl_cpp/share/ament_index/resource_index/parent_prefix_path/motorctl_cpp
[8.804s] -- Up-to-date: /root/ws/install/motorctl_cpp/share/motorctl_cpp/environment/ament_prefix_path.sh
[8.804s] -- Up-to-date: /root/ws/install/motorctl_cpp/share/motorctl_cpp/environment/ament_prefix_path.dsv
[8.804s] -- Up-to-date: /root/ws/install/motorctl_cpp/share/motorctl_cpp/environment/path.sh
[8.805s] -- Up-to-date: /root/ws/install/motorctl_cpp/share/motorctl_cpp/environment/path.dsv
[8.805s] -- Up-to-date: /root/ws/install/motorctl_cpp/share/motorctl_cpp/local_setup.bash
[8.805s] -- Up-to-date: /root/ws/install/motorctl_cpp/share/motorctl_cpp/local_setup.sh
[8.805s] -- Up-to-date: /root/ws/install/motorctl_cpp/share/motorctl_cpp/local_setup.zsh
[8.805s] -- Up-to-date: /root/ws/install/motorctl_cpp/share/motorctl_cpp/local_setup.dsv
[8.805s] -- Installing: /root/ws/install/motorctl_cpp/share/motorctl_cpp/package.dsv
[8.805s] -- Up-to-date: /root/ws/install/motorctl_cpp/share/ament_index/resource_index/packages/motorctl_cpp
[8.805s] -- Up-to-date: /root/ws/install/motorctl_cpp/share/motorctl_cpp/cmake/motorctl_cppConfig.cmake
[8.805s] -- Up-to-date: /root/ws/install/motorctl_cpp/share/motorctl_cpp/cmake/motorctl_cppConfig-version.cmake
[8.805s] -- Up-to-date: /root/ws/install/motorctl_cpp/share/motorctl_cpp/package.xml
[8.807s] Invoked command in '/root/ws/build/motorctl_cpp' returned '0': CMAKE_PREFIX_PATH=${CMAKE_PREFIX_PATH}:/opt/ros/jazzy /usr/bin/cmake --install /root/ws/build/motorctl_cpp
