[1.005s] Invoking command in '/root/ws/tutorial/ros2_ws/build/examples_rclpy_pointcloud_publisher': PYTHONPATH=/root/ws/tutorial/ros2_ws/build/examples_rclpy_pointcloud_publisher/prefix_override:/usr/lib/python3/dist-packages/colcon_core/task/python/colcon_distutils_commands:/root/ws/tutorial/ros2_ws/install/examples_rclpy_pointcloud_publisher/lib/python3.12/site-packages:${PYTHONPATH} /usr/bin/python3 -W ignore:setup.py install is deprecated -W ignore:easy_install command is deprecated setup.py develop --editable --build-directory /root/ws/tutorial/ros2_ws/build/examples_rclpy_pointcloud_publisher/build --no-deps symlink_data
[1.387s] running develop
[1.611s] running egg_info
[1.611s] creating examples_rclpy_pointcloud_publisher.egg-info
[1.633s] writing examples_rclpy_pointcloud_publisher.egg-info/PKG-INFO
[1.633s] writing dependency_links to examples_rclpy_pointcloud_publisher.egg-info/dependency_links.txt
[1.633s] writing entry points to examples_rclpy_pointcloud_publisher.egg-info/entry_points.txt
[1.633s] writing requirements to examples_rclpy_pointcloud_publisher.egg-info/requires.txt
[1.633s] writing top-level names to examples_rclpy_pointcloud_publisher.egg-info/top_level.txt
[1.633s] writing manifest file 'examples_rclpy_pointcloud_publisher.egg-info/SOURCES.txt'
[1.676s] reading manifest file 'examples_rclpy_pointcloud_publisher.egg-info/SOURCES.txt'
[1.677s] writing manifest file 'examples_rclpy_pointcloud_publisher.egg-info/SOURCES.txt'
[1.700s] running build_ext
[1.700s] Creating /root/ws/tutorial/ros2_ws/install/examples_rclpy_pointcloud_publisher/lib/python3.12/site-packages/examples-rclpy-pointcloud-publisher.egg-link (link to .)
[1.700s] Installing pointcloud_publisher script to /root/ws/tutorial/ros2_ws/install/examples_rclpy_pointcloud_publisher/lib/examples_rclpy_pointcloud_publisher
[1.701s] 
[1.701s] Installed /root/ws/tutorial/ros2_ws/build/examples_rclpy_pointcloud_publisher
[1.703s] running symlink_data
[1.703s] creating /root/ws/tutorial/ros2_ws/install/examples_rclpy_pointcloud_publisher/share/ament_index
[1.703s] creating /root/ws/tutorial/ros2_ws/install/examples_rclpy_pointcloud_publisher/share/ament_index/resource_index
[1.703s] creating /root/ws/tutorial/ros2_ws/install/examples_rclpy_pointcloud_publisher/share/ament_index/resource_index/packages
[1.703s] symbolically linking /root/ws/tutorial/ros2_ws/build/examples_rclpy_pointcloud_publisher/resource/examples_rclpy_pointcloud_publisher -> /root/ws/tutorial/ros2_ws/install/examples_rclpy_pointcloud_publisher/share/ament_index/resource_index/packages
[1.703s] symbolically linking /root/ws/tutorial/ros2_ws/build/examples_rclpy_pointcloud_publisher/package.xml -> /root/ws/tutorial/ros2_ws/install/examples_rclpy_pointcloud_publisher/share/examples_rclpy_pointcloud_publisher
[1.755s] Invoked command in '/root/ws/tutorial/ros2_ws/build/examples_rclpy_pointcloud_publisher' returned '0': PYTHONPATH=/root/ws/tutorial/ros2_ws/build/examples_rclpy_pointcloud_publisher/prefix_override:/usr/lib/python3/dist-packages/colcon_core/task/python/colcon_distutils_commands:/root/ws/tutorial/ros2_ws/install/examples_rclpy_pointcloud_publisher/lib/python3.12/site-packages:${PYTHONPATH} /usr/bin/python3 -W ignore:setup.py install is deprecated -W ignore:easy_install command is deprecated setup.py develop --editable --build-directory /root/ws/tutorial/ros2_ws/build/examples_rclpy_pointcloud_publisher/build --no-deps symlink_data
