[1.761s] Invoking command in '/root/ws/tutorial/ros2_ws/build/examples_rclpy_minimal_action_server': PYTHONPATH=/root/ws/tutorial/ros2_ws/build/examples_rclpy_minimal_action_server/prefix_override:/usr/lib/python3/dist-packages/colcon_core/task/python/colcon_distutils_commands:/root/ws/tutorial/ros2_ws/install/examples_rclpy_minimal_action_server/lib/python3.12/site-packages:${PYTHONPATH} /usr/bin/python3 -W ignore:setup.py install is deprecated -W ignore:easy_install command is deprecated setup.py develop --editable --build-directory /root/ws/tutorial/ros2_ws/build/examples_rclpy_minimal_action_server/build --no-deps symlink_data
[3.057s] running develop
[3.155s] running egg_info
[3.156s] creating examples_rclpy_minimal_action_server.egg-info
[3.219s] writing examples_rclpy_minimal_action_server.egg-info/PKG-INFO
[3.219s] writing dependency_links to examples_rclpy_minimal_action_server.egg-info/dependency_links.txt
[3.219s] writing entry points to examples_rclpy_minimal_action_server.egg-info/entry_points.txt
[3.219s] writing requirements to examples_rclpy_minimal_action_server.egg-info/requires.txt
[3.226s] writing top-level names to examples_rclpy_minimal_action_server.egg-info/top_level.txt
[3.226s] writing manifest file 'examples_rclpy_minimal_action_server.egg-info/SOURCES.txt'
[3.369s] reading manifest file 'examples_rclpy_minimal_action_server.egg-info/SOURCES.txt'
[3.369s] writing manifest file 'examples_rclpy_minimal_action_server.egg-info/SOURCES.txt'
[3.438s] running build_ext
[3.439s] Creating /root/ws/tutorial/ros2_ws/install/examples_rclpy_minimal_action_server/lib/python3.12/site-packages/examples-rclpy-minimal-action-server.egg-link (link to .)
[3.439s] Installing server script to /root/ws/tutorial/ros2_ws/install/examples_rclpy_minimal_action_server/lib/examples_rclpy_minimal_action_server
[3.446s] Installing server_defer script to /root/ws/tutorial/ros2_ws/install/examples_rclpy_minimal_action_server/lib/examples_rclpy_minimal_action_server
[3.446s] Installing server_not_composable script to /root/ws/tutorial/ros2_ws/install/examples_rclpy_minimal_action_server/lib/examples_rclpy_minimal_action_server
[3.448s] Installing server_queue_goals script to /root/ws/tutorial/ros2_ws/install/examples_rclpy_minimal_action_server/lib/examples_rclpy_minimal_action_server
[3.448s] Installing server_single_goal script to /root/ws/tutorial/ros2_ws/install/examples_rclpy_minimal_action_server/lib/examples_rclpy_minimal_action_server
[3.449s] 
[3.449s] Installed /root/ws/tutorial/ros2_ws/build/examples_rclpy_minimal_action_server
[3.449s] running symlink_data
[3.449s] creating /root/ws/tutorial/ros2_ws/install/examples_rclpy_minimal_action_server/share/ament_index
[3.449s] creating /root/ws/tutorial/ros2_ws/install/examples_rclpy_minimal_action_server/share/ament_index/resource_index
[3.449s] creating /root/ws/tutorial/ros2_ws/install/examples_rclpy_minimal_action_server/share/ament_index/resource_index/packages
[3.450s] symbolically linking /root/ws/tutorial/ros2_ws/build/examples_rclpy_minimal_action_server/resource/examples_rclpy_minimal_action_server -> /root/ws/tutorial/ros2_ws/install/examples_rclpy_minimal_action_server/share/ament_index/resource_index/packages
[3.450s] symbolically linking /root/ws/tutorial/ros2_ws/build/examples_rclpy_minimal_action_server/package.xml -> /root/ws/tutorial/ros2_ws/install/examples_rclpy_minimal_action_server/share/examples_rclpy_minimal_action_server
[3.663s] Invoked command in '/root/ws/tutorial/ros2_ws/build/examples_rclpy_minimal_action_server' returned '0': PYTHONPATH=/root/ws/tutorial/ros2_ws/build/examples_rclpy_minimal_action_server/prefix_override:/usr/lib/python3/dist-packages/colcon_core/task/python/colcon_distutils_commands:/root/ws/tutorial/ros2_ws/install/examples_rclpy_minimal_action_server/lib/python3.12/site-packages:${PYTHONPATH} /usr/bin/python3 -W ignore:setup.py install is deprecated -W ignore:easy_install command is deprecated setup.py develop --editable --build-directory /root/ws/tutorial/ros2_ws/build/examples_rclpy_minimal_action_server/build --no-deps symlink_data
