[0.012s] Invoking command in '/root/ws/tutorial/ros2_ws6/build/ros2_control_demo_example_17': AMENT_PREFIX_PATH=/root/ws/tutorial/ros2_ws6/install:${AMENT_PREFIX_PATH} CMAKE_PREFIX_PATH=/root/ws/tutorial/ros2_ws6/install:/opt/ros/jazzy/opt/gz_sim_vendor:/opt/ros/jazzy/opt/gz_sensors_vendor:/opt/ros/jazzy/opt/gz_physics_vendor:/opt/ros/jazzy/opt/gz_gui_vendor:/opt/ros/jazzy/opt/gz_transport_vendor:/opt/ros/jazzy/opt/gz_rendering_vendor:/opt/ros/jazzy/opt/gz_plugin_vendor:/opt/ros/jazzy/opt/gz_fuel_tools_vendor:/opt/ros/jazzy/opt/gz_msgs_vendor:/opt/ros/jazzy/opt/gz_common_vendor:/opt/ros/jazzy/opt/gz_ogre_next_vendor:/opt/ros/jazzy/opt/gz_dartsim_vendor:/opt/ros/jazzy/opt/sdformat_vendor:/opt/ros/jazzy/opt/gz_math_vendor:/opt/ros/jazzy/opt/gz_utils_vendor:/opt/ros/jazzy/opt/gz_tools_vendor:/opt/ros/jazzy/opt/gz_cmake_vendor:/opt/ros/jazzy /usr/bin/cmake /root/ws/tutorial/ros2_ws6/src/ros2_control_demos/example_17 -DCMAKE_INSTALL_PREFIX=/root/ws/tutorial/ros2_ws6/install
[0.899s] -- The CXX compiler identification is GNU 13.3.0
[0.899s] -- Detecting CXX compiler ABI info
[0.899s] -- Detecting CXX compiler ABI info - done
[0.899s] -- Check for working CXX compiler: /usr/bin/c++ - skipped
[0.899s] -- Detecting CXX compile features
[0.899s] -- Detecting CXX compile features - done
[0.899s] -- Found ros2_control_cmake: 0.3.0 (/opt/ros/jazzy/share/ros2_control_cmake/cmake)
[0.899s] -- Compiler warnings enabled for GNU
[0.899s] -- Detected GCC Version: 13.3.0 (Major: 13, Minor: 3)
[0.899s] -- Found controller_manager: 4.39.2 (/opt/ros/jazzy/share/controller_manager/cmake)
[0.900s] -- Found Python3: /usr/bin/python3 (found version "3.12.3") found components: Interpreter 
[0.900s] -- Found rosidl_generator_c: 4.6.6 (/opt/ros/jazzy/share/rosidl_generator_c/cmake)
[0.900s] -- Found rosidl_generator_cpp: 4.6.6 (/opt/ros/jazzy/share/rosidl_generator_cpp/cmake)
[0.900s] -- Using all available rosidl_typesupport_c: rosidl_typesupport_fastrtps_c;rosidl_typesupport_introspection_c
[0.920s] -- Using all available rosidl_typesupport_cpp: rosidl_typesupport_fastrtps_cpp;rosidl_typesupport_introspection_cpp
[1.055s] -- Found rmw_implementation_cmake: 7.3.2 (/opt/ros/jazzy/share/rmw_implementation_cmake/cmake)
[1.063s] -- Found rmw_fastrtps_cpp: 8.4.3 (/opt/ros/jazzy/share/rmw_fastrtps_cpp/cmake)
[1.196s] -- Found OpenSSL: /usr/lib/x86_64-linux-gnu/libcrypto.so (found version "3.0.13")  
[1.222s] -- Found FastRTPS: /opt/ros/jazzy/include (Required is at least version "2.13") 
[1.251s] -- Using RMW implementation 'rmw_fastrtps_cpp' as default
[2.156s] -- Found ament_cmake_pytest: 2.5.4 (/opt/ros/jazzy/share/ament_cmake_pytest/cmake)
[2.590s] -- Found ament_cmake_ros: 0.12.0 (/opt/ros/jazzy/share/ament_cmake_ros/cmake)
[2.608s] -- Found launch_testing_ament_cmake: 3.4.7 (/opt/ros/jazzy/share/launch_testing_ament_cmake/cmake)
[2.613s] -- Found python_cmake_module: 0.11.1 (/opt/ros/jazzy/share/python_cmake_module/cmake)
[2.779s] -- Found PythonExtra: /usr/bin/python3  
[2.898s] -- Configuring done (2.9s)
[2.940s] -- Generating done (0.0s)
[2.943s] -- Build files have been written to: /root/ws/tutorial/ros2_ws6/build/ros2_control_demo_example_17
[2.960s] Invoked command in '/root/ws/tutorial/ros2_ws6/build/ros2_control_demo_example_17' returned '0': AMENT_PREFIX_PATH=/root/ws/tutorial/ros2_ws6/install:${AMENT_PREFIX_PATH} CMAKE_PREFIX_PATH=/root/ws/tutorial/ros2_ws6/install:/opt/ros/jazzy/opt/gz_sim_vendor:/opt/ros/jazzy/opt/gz_sensors_vendor:/opt/ros/jazzy/opt/gz_physics_vendor:/opt/ros/jazzy/opt/gz_gui_vendor:/opt/ros/jazzy/opt/gz_transport_vendor:/opt/ros/jazzy/opt/gz_rendering_vendor:/opt/ros/jazzy/opt/gz_plugin_vendor:/opt/ros/jazzy/opt/gz_fuel_tools_vendor:/opt/ros/jazzy/opt/gz_msgs_vendor:/opt/ros/jazzy/opt/gz_common_vendor:/opt/ros/jazzy/opt/gz_ogre_next_vendor:/opt/ros/jazzy/opt/gz_dartsim_vendor:/opt/ros/jazzy/opt/sdformat_vendor:/opt/ros/jazzy/opt/gz_math_vendor:/opt/ros/jazzy/opt/gz_utils_vendor:/opt/ros/jazzy/opt/gz_tools_vendor:/opt/ros/jazzy/opt/gz_cmake_vendor:/opt/ros/jazzy /usr/bin/cmake /root/ws/tutorial/ros2_ws6/src/ros2_control_demos/example_17 -DCMAKE_INSTALL_PREFIX=/root/ws/tutorial/ros2_ws6/install
[2.960s] Invoking command in '/root/ws/tutorial/ros2_ws6/build/ros2_control_demo_example_17': AMENT_PREFIX_PATH=/root/ws/tutorial/ros2_ws6/install:${AMENT_PREFIX_PATH} CMAKE_PREFIX_PATH=/root/ws/tutorial/ros2_ws6/install:/opt/ros/jazzy/opt/gz_sim_vendor:/opt/ros/jazzy/opt/gz_sensors_vendor:/opt/ros/jazzy/opt/gz_physics_vendor:/opt/ros/jazzy/opt/gz_gui_vendor:/opt/ros/jazzy/opt/gz_transport_vendor:/opt/ros/jazzy/opt/gz_rendering_vendor:/opt/ros/jazzy/opt/gz_plugin_vendor:/opt/ros/jazzy/opt/gz_fuel_tools_vendor:/opt/ros/jazzy/opt/gz_msgs_vendor:/opt/ros/jazzy/opt/gz_common_vendor:/opt/ros/jazzy/opt/gz_ogre_next_vendor:/opt/ros/jazzy/opt/gz_dartsim_vendor:/opt/ros/jazzy/opt/sdformat_vendor:/opt/ros/jazzy/opt/gz_math_vendor:/opt/ros/jazzy/opt/gz_utils_vendor:/opt/ros/jazzy/opt/gz_tools_vendor:/opt/ros/jazzy/opt/gz_cmake_vendor:/opt/ros/jazzy /usr/bin/cmake --build /root/ws/tutorial/ros2_ws6/build/ros2_control_demo_example_17 -- -j6 -l6
[3.032s] [ 50%] [32mBuilding CXX object CMakeFiles/ros2_control_demo_example_17.dir/hardware/rrbot.cpp.o[0m
[11.959s] [100%] [32m[1mLinking CXX shared library libros2_control_demo_example_17.so[0m
[12.415s] [100%] Built target ros2_control_demo_example_17
[12.445s] Invoked command in '/root/ws/tutorial/ros2_ws6/build/ros2_control_demo_example_17' returned '0': AMENT_PREFIX_PATH=/root/ws/tutorial/ros2_ws6/install:${AMENT_PREFIX_PATH} CMAKE_PREFIX_PATH=/root/ws/tutorial/ros2_ws6/install:/opt/ros/jazzy/opt/gz_sim_vendor:/opt/ros/jazzy/opt/gz_sensors_vendor:/opt/ros/jazzy/opt/gz_physics_vendor:/opt/ros/jazzy/opt/gz_gui_vendor:/opt/ros/jazzy/opt/gz_transport_vendor:/opt/ros/jazzy/opt/gz_rendering_vendor:/opt/ros/jazzy/opt/gz_plugin_vendor:/opt/ros/jazzy/opt/gz_fuel_tools_vendor:/opt/ros/jazzy/opt/gz_msgs_vendor:/opt/ros/jazzy/opt/gz_common_vendor:/opt/ros/jazzy/opt/gz_ogre_next_vendor:/opt/ros/jazzy/opt/gz_dartsim_vendor:/opt/ros/jazzy/opt/sdformat_vendor:/opt/ros/jazzy/opt/gz_math_vendor:/opt/ros/jazzy/opt/gz_utils_vendor:/opt/ros/jazzy/opt/gz_tools_vendor:/opt/ros/jazzy/opt/gz_cmake_vendor:/opt/ros/jazzy /usr/bin/cmake --build /root/ws/tutorial/ros2_ws6/build/ros2_control_demo_example_17 -- -j6 -l6
[12.447s] Invoking command in '/root/ws/tutorial/ros2_ws6/build/ros2_control_demo_example_17': AMENT_PREFIX_PATH=/root/ws/tutorial/ros2_ws6/install:${AMENT_PREFIX_PATH} CMAKE_PREFIX_PATH=/root/ws/tutorial/ros2_ws6/install:/opt/ros/jazzy/opt/gz_sim_vendor:/opt/ros/jazzy/opt/gz_sensors_vendor:/opt/ros/jazzy/opt/gz_physics_vendor:/opt/ros/jazzy/opt/gz_gui_vendor:/opt/ros/jazzy/opt/gz_transport_vendor:/opt/ros/jazzy/opt/gz_rendering_vendor:/opt/ros/jazzy/opt/gz_plugin_vendor:/opt/ros/jazzy/opt/gz_fuel_tools_vendor:/opt/ros/jazzy/opt/gz_msgs_vendor:/opt/ros/jazzy/opt/gz_common_vendor:/opt/ros/jazzy/opt/gz_ogre_next_vendor:/opt/ros/jazzy/opt/gz_dartsim_vendor:/opt/ros/jazzy/opt/sdformat_vendor:/opt/ros/jazzy/opt/gz_math_vendor:/opt/ros/jazzy/opt/gz_utils_vendor:/opt/ros/jazzy/opt/gz_tools_vendor:/opt/ros/jazzy/opt/gz_cmake_vendor:/opt/ros/jazzy /usr/bin/cmake --install /root/ws/tutorial/ros2_ws6/build/ros2_control_demo_example_17
[12.464s] -- Install configuration: ""
[12.465s] -- Installing: /root/ws/tutorial/ros2_ws6/install/share/ros2_control_demo_example_17/ros2_control_demo_example_17.xml
[12.465s] -- Installing: /root/ws/tutorial/ros2_ws6/install/include/ros2_control_demo_example_17
[12.465s] -- Installing: /root/ws/tutorial/ros2_ws6/install/include/ros2_control_demo_example_17/ros2_control_demo_example_17
[12.466s] -- Installing: /root/ws/tutorial/ros2_ws6/install/include/ros2_control_demo_example_17/ros2_control_demo_example_17/rrbot.hpp
[12.466s] -- Installing: /root/ws/tutorial/ros2_ws6/install/share/ros2_control_demo_example_17/launch
[12.466s] -- Installing: /root/ws/tutorial/ros2_ws6/install/share/ros2_control_demo_example_17/launch/view_robot.launch.xml
[12.466s] -- Installing: /root/ws/tutorial/ros2_ws6/install/share/ros2_control_demo_example_17/ros2_control
[12.467s] -- Installing: /root/ws/tutorial/ros2_ws6/install/share/ros2_control_demo_example_17/ros2_control/rrbot.ros2_control.xacro
[12.467s] -- Installing: /root/ws/tutorial/ros2_ws6/install/share/ros2_control_demo_example_17/urdf
[12.467s] -- Installing: /root/ws/tutorial/ros2_ws6/install/share/ros2_control_demo_example_17/urdf/rrbot.urdf.xacro
[12.468s] -- Up-to-date: /root/ws/tutorial/ros2_ws6/install/share/ros2_control_demo_example_17/launch
[12.470s] -- Installing: /root/ws/tutorial/ros2_ws6/install/share/ros2_control_demo_example_17/launch/test_forward_position_controller.launch.xml
[12.470s] -- Installing: /root/ws/tutorial/ros2_ws6/install/share/ros2_control_demo_example_17/launch/rrbot.launch.xml
[12.470s] -- Installing: /root/ws/tutorial/ros2_ws6/install/share/ros2_control_demo_example_17/launch/test_joint_trajectory_controller.launch.xml
[12.470s] -- Installing: /root/ws/tutorial/ros2_ws6/install/share/ros2_control_demo_example_17/config
[12.470s] -- Installing: /root/ws/tutorial/ros2_ws6/install/share/ros2_control_demo_example_17/config/rrbot_controllers.yaml
[12.470s] -- Installing: /root/ws/tutorial/ros2_ws6/install/share/ros2_control_demo_example_17/config/rrbot_forward_position_publisher.yaml
[12.471s] -- Installing: /root/ws/tutorial/ros2_ws6/install/lib/libros2_control_demo_example_17.so
[12.476s] -- Set non-toolchain portion of runtime path of "/root/ws/tutorial/ros2_ws6/install/lib/libros2_control_demo_example_17.so" to ""
[12.476s] -- Installing: /root/ws/tutorial/ros2_ws6/install/share/ros2_control_demo_example_17/environment/library_path.sh
[12.476s] -- Installing: /root/ws/tutorial/ros2_ws6/install/share/ros2_control_demo_example_17/environment/library_path.dsv
[12.476s] -- Installing: /root/ws/tutorial/ros2_ws6/install/share/ament_index/resource_index/package_run_dependencies/ros2_control_demo_example_17
[12.476s] -- Installing: /root/ws/tutorial/ros2_ws6/install/share/ament_index/resource_index/parent_prefix_path/ros2_control_demo_example_17
[12.476s] -- Installing: /root/ws/tutorial/ros2_ws6/install/share/ros2_control_demo_example_17/environment/ament_prefix_path.sh
[12.476s] -- Installing: /root/ws/tutorial/ros2_ws6/install/share/ros2_control_demo_example_17/environment/ament_prefix_path.dsv
[12.477s] -- Installing: /root/ws/tutorial/ros2_ws6/install/share/ros2_control_demo_example_17/environment/path.sh
[12.477s] -- Installing: /root/ws/tutorial/ros2_ws6/install/share/ros2_control_demo_example_17/environment/path.dsv
[12.477s] -- Installing: /root/ws/tutorial/ros2_ws6/install/share/ros2_control_demo_example_17/local_setup.bash
[12.477s] -- Installing: /root/ws/tutorial/ros2_ws6/install/share/ros2_control_demo_example_17/local_setup.sh
[12.477s] -- Installing: /root/ws/tutorial/ros2_ws6/install/share/ros2_control_demo_example_17/local_setup.zsh
[12.477s] -- Installing: /root/ws/tutorial/ros2_ws6/install/share/ros2_control_demo_example_17/local_setup.dsv
[12.477s] -- Installing: /root/ws/tutorial/ros2_ws6/install/share/ros2_control_demo_example_17/package.dsv
[12.477s] -- Installing: /root/ws/tutorial/ros2_ws6/install/share/ament_index/resource_index/packages/ros2_control_demo_example_17
[12.477s] -- Installing: /root/ws/tutorial/ros2_ws6/install/share/ament_index/resource_index/hardware_interface__pluginlib__plugin/ros2_control_demo_example_17
[12.477s] -- Installing: /root/ws/tutorial/ros2_ws6/install/share/ros2_control_demo_example_17/cmake/export_ros2_control_demo_example_17Export.cmake
[12.477s] -- Installing: /root/ws/tutorial/ros2_ws6/install/share/ros2_control_demo_example_17/cmake/export_ros2_control_demo_example_17Export-noconfig.cmake
[12.477s] -- Installing: /root/ws/tutorial/ros2_ws6/install/share/ros2_control_demo_example_17/cmake/ament_cmake_export_targets-extras.cmake
[12.478s] -- Installing: /root/ws/tutorial/ros2_ws6/install/share/ros2_control_demo_example_17/cmake/ament_cmake_export_dependencies-extras.cmake
[12.478s] -- Installing: /root/ws/tutorial/ros2_ws6/install/share/ros2_control_demo_example_17/cmake/ros2_control_demo_example_17Config.cmake
[12.478s] -- Installing: /root/ws/tutorial/ros2_ws6/install/share/ros2_control_demo_example_17/cmake/ros2_control_demo_example_17Config-version.cmake
[12.478s] -- Installing: /root/ws/tutorial/ros2_ws6/install/share/ros2_control_demo_example_17/package.xml
[12.483s] Invoked command in '/root/ws/tutorial/ros2_ws6/build/ros2_control_demo_example_17' returned '0': AMENT_PREFIX_PATH=/root/ws/tutorial/ros2_ws6/install:${AMENT_PREFIX_PATH} CMAKE_PREFIX_PATH=/root/ws/tutorial/ros2_ws6/install:/opt/ros/jazzy/opt/gz_sim_vendor:/opt/ros/jazzy/opt/gz_sensors_vendor:/opt/ros/jazzy/opt/gz_physics_vendor:/opt/ros/jazzy/opt/gz_gui_vendor:/opt/ros/jazzy/opt/gz_transport_vendor:/opt/ros/jazzy/opt/gz_rendering_vendor:/opt/ros/jazzy/opt/gz_plugin_vendor:/opt/ros/jazzy/opt/gz_fuel_tools_vendor:/opt/ros/jazzy/opt/gz_msgs_vendor:/opt/ros/jazzy/opt/gz_common_vendor:/opt/ros/jazzy/opt/gz_ogre_next_vendor:/opt/ros/jazzy/opt/gz_dartsim_vendor:/opt/ros/jazzy/opt/sdformat_vendor:/opt/ros/jazzy/opt/gz_math_vendor:/opt/ros/jazzy/opt/gz_utils_vendor:/opt/ros/jazzy/opt/gz_tools_vendor:/opt/ros/jazzy/opt/gz_cmake_vendor:/opt/ros/jazzy /usr/bin/cmake --install /root/ws/tutorial/ros2_ws6/build/ros2_control_demo_example_17
