[0.980s] Invoking command in '/root/ws/tutorial/ws7/src/py_srvcli': PYTHONPATH=/root/ws/tutorial/ws7/build/py_srvcli/prefix_override:/usr/lib/python3/dist-packages/colcon_core/task/python/colcon_distutils_commands:/root/ws/tutorial/ws7/install/py_srvcli/lib/python3.12/site-packages:${PYTHONPATH} /usr/bin/python3 -W ignore:setup.py install is deprecated -W ignore:easy_install command is deprecated setup.py egg_info --egg-base ../../build/py_srvcli build --build-base /root/ws/tutorial/ws7/build/py_srvcli/build install --record /root/ws/tutorial/ws7/build/py_srvcli/install.log --single-version-externally-managed install_data
[1.342s] running egg_info
[1.368s] writing ../../build/py_srvcli/py_srvcli.egg-info/PKG-INFO
[1.368s] writing dependency_links to ../../build/py_srvcli/py_srvcli.egg-info/dependency_links.txt
[1.368s] writing entry points to ../../build/py_srvcli/py_srvcli.egg-info/entry_points.txt
[1.368s] writing requirements to ../../build/py_srvcli/py_srvcli.egg-info/requires.txt
[1.368s] writing top-level names to ../../build/py_srvcli/py_srvcli.egg-info/top_level.txt
[1.419s] reading manifest file '../../build/py_srvcli/py_srvcli.egg-info/SOURCES.txt'
[1.419s] adding license file 'LICENSE'
[1.420s] writing manifest file '../../build/py_srvcli/py_srvcli.egg-info/SOURCES.txt'
[1.420s] running build
[1.420s] running build_py
[1.420s] running install
[1.429s] running install_lib
[1.455s] running install_data
[1.455s] running install_egg_info
[1.481s] removing '/root/ws/tutorial/ws7/install/py_srvcli/lib/python3.12/site-packages/py_srvcli-0.0.0-py3.12.egg-info' (and everything under it)
[1.482s] Copying ../../build/py_srvcli/py_srvcli.egg-info to /root/ws/tutorial/ws7/install/py_srvcli/lib/python3.12/site-packages/py_srvcli-0.0.0-py3.12.egg-info
[1.483s] running install_scripts
[1.660s] Installing client script to /root/ws/tutorial/ws7/install/py_srvcli/lib/py_srvcli
[1.660s] Installing service script to /root/ws/tutorial/ws7/install/py_srvcli/lib/py_srvcli
[1.660s] writing list of installed files to '/root/ws/tutorial/ws7/build/py_srvcli/install.log'
[1.701s] Invoked command in '/root/ws/tutorial/ws7/src/py_srvcli' returned '0': PYTHONPATH=/root/ws/tutorial/ws7/build/py_srvcli/prefix_override:/usr/lib/python3/dist-packages/colcon_core/task/python/colcon_distutils_commands:/root/ws/tutorial/ws7/install/py_srvcli/lib/python3.12/site-packages:${PYTHONPATH} /usr/bin/python3 -W ignore:setup.py install is deprecated -W ignore:easy_install command is deprecated setup.py egg_info --egg-base ../../build/py_srvcli build --build-base /root/ws/tutorial/ws7/build/py_srvcli/build install --record /root/ws/tutorial/ws7/build/py_srvcli/install.log --single-version-externally-managed install_data
