[1.040s] Invoking command in '/root/ws/tutorial/ros2_ws/build/examples_rclpy_minimal_service': PYTHONPATH=/root/ws/tutorial/ros2_ws/build/examples_rclpy_minimal_service/prefix_override:/usr/lib/python3/dist-packages/colcon_core/task/python/colcon_distutils_commands:/root/ws/tutorial/ros2_ws/install/examples_rclpy_minimal_service/lib/python3.12/site-packages:${PYTHONPATH} /usr/bin/python3 -W ignore:setup.py install is deprecated -W ignore:easy_install command is deprecated setup.py develop --editable --build-directory /root/ws/tutorial/ros2_ws/build/examples_rclpy_minimal_service/build --no-deps symlink_data
[1.429s] running develop
[1.643s] running egg_info
[1.643s] creating examples_rclpy_minimal_service.egg-info
[1.663s] writing examples_rclpy_minimal_service.egg-info/PKG-INFO
[1.666s] writing dependency_links to examples_rclpy_minimal_service.egg-info/dependency_links.txt
[1.666s] writing entry points to examples_rclpy_minimal_service.egg-info/entry_points.txt
[1.666s] writing requirements to examples_rclpy_minimal_service.egg-info/requires.txt
[1.666s] writing top-level names to examples_rclpy_minimal_service.egg-info/top_level.txt
[1.666s] writing manifest file 'examples_rclpy_minimal_service.egg-info/SOURCES.txt'
[1.706s] reading manifest file 'examples_rclpy_minimal_service.egg-info/SOURCES.txt'
[1.707s] writing manifest file 'examples_rclpy_minimal_service.egg-info/SOURCES.txt'
[1.729s] running build_ext
[1.729s] Creating /root/ws/tutorial/ros2_ws/install/examples_rclpy_minimal_service/lib/python3.12/site-packages/examples-rclpy-minimal-service.egg-link (link to .)
[1.730s] Installing service script to /root/ws/tutorial/ros2_ws/install/examples_rclpy_minimal_service/lib/examples_rclpy_minimal_service
[1.730s] Installing service_member_function script to /root/ws/tutorial/ros2_ws/install/examples_rclpy_minimal_service/lib/examples_rclpy_minimal_service
[1.731s] 
[1.731s] Installed /root/ws/tutorial/ros2_ws/build/examples_rclpy_minimal_service
[1.731s] running symlink_data
[1.731s] creating /root/ws/tutorial/ros2_ws/install/examples_rclpy_minimal_service/share/ament_index
[1.731s] creating /root/ws/tutorial/ros2_ws/install/examples_rclpy_minimal_service/share/ament_index/resource_index
[1.731s] creating /root/ws/tutorial/ros2_ws/install/examples_rclpy_minimal_service/share/ament_index/resource_index/packages
[1.732s] symbolically linking /root/ws/tutorial/ros2_ws/build/examples_rclpy_minimal_service/resource/examples_rclpy_minimal_service -> /root/ws/tutorial/ros2_ws/install/examples_rclpy_minimal_service/share/ament_index/resource_index/packages
[1.733s] symbolically linking /root/ws/tutorial/ros2_ws/build/examples_rclpy_minimal_service/package.xml -> /root/ws/tutorial/ros2_ws/install/examples_rclpy_minimal_service/share/examples_rclpy_minimal_service
[1.780s] Invoked command in '/root/ws/tutorial/ros2_ws/build/examples_rclpy_minimal_service' returned '0': PYTHONPATH=/root/ws/tutorial/ros2_ws/build/examples_rclpy_minimal_service/prefix_override:/usr/lib/python3/dist-packages/colcon_core/task/python/colcon_distutils_commands:/root/ws/tutorial/ros2_ws/install/examples_rclpy_minimal_service/lib/python3.12/site-packages:${PYTHONPATH} /usr/bin/python3 -W ignore:setup.py install is deprecated -W ignore:easy_install command is deprecated setup.py develop --editable --build-directory /root/ws/tutorial/ros2_ws/build/examples_rclpy_minimal_service/build --no-deps symlink_data
