[0.010s] Invoking command in '/root/ws/tutorial/ros2_ws6/build/ros2_control_demo_example_3': AMENT_PREFIX_PATH=/root/ws/tutorial/ros2_ws6/install:${AMENT_PREFIX_PATH} CMAKE_PREFIX_PATH=/root/ws/tutorial/ros2_ws6/install:/opt/ros/jazzy/opt/gz_sim_vendor:/opt/ros/jazzy/opt/gz_sensors_vendor:/opt/ros/jazzy/opt/gz_physics_vendor:/opt/ros/jazzy/opt/gz_gui_vendor:/opt/ros/jazzy/opt/gz_transport_vendor:/opt/ros/jazzy/opt/gz_rendering_vendor:/opt/ros/jazzy/opt/gz_plugin_vendor:/opt/ros/jazzy/opt/gz_fuel_tools_vendor:/opt/ros/jazzy/opt/gz_msgs_vendor:/opt/ros/jazzy/opt/gz_common_vendor:/opt/ros/jazzy/opt/gz_ogre_next_vendor:/opt/ros/jazzy/opt/gz_dartsim_vendor:/opt/ros/jazzy/opt/sdformat_vendor:/opt/ros/jazzy/opt/gz_math_vendor:/opt/ros/jazzy/opt/gz_utils_vendor:/opt/ros/jazzy/opt/gz_tools_vendor:/opt/ros/jazzy/opt/gz_cmake_vendor:/opt/ros/jazzy /usr/bin/cmake /root/ws/tutorial/ros2_ws6/src/ros2_control_demos/example_3 -DCMAKE_INSTALL_PREFIX=/root/ws/tutorial/ros2_ws6/install
[1.613s] -- The CXX compiler identification is GNU 13.3.0
[1.613s] -- Detecting CXX compiler ABI info
[1.613s] -- Detecting CXX compiler ABI info - done
[1.613s] -- Check for working CXX compiler: /usr/bin/c++ - skipped
[1.613s] -- Detecting CXX compile features
[1.613s] -- Detecting CXX compile features - done
[1.613s] -- Found ros2_control_cmake: 0.3.0 (/opt/ros/jazzy/share/ros2_control_cmake/cmake)
[1.613s] -- Compiler warnings enabled for GNU
[1.613s] -- Detected GCC Version: 13.3.0 (Major: 13, Minor: 3)
[1.614s] -- Found controller_manager: 4.39.2 (/opt/ros/jazzy/share/controller_manager/cmake)
[1.614s] -- Found Python3: /usr/bin/python3 (found version "3.12.3") found components: Interpreter 
[1.614s] -- Found rosidl_generator_c: 4.6.6 (/opt/ros/jazzy/share/rosidl_generator_c/cmake)
[1.614s] -- Found rosidl_generator_cpp: 4.6.6 (/opt/ros/jazzy/share/rosidl_generator_cpp/cmake)
[1.614s] -- Using all available rosidl_typesupport_c: rosidl_typesupport_fastrtps_c;rosidl_typesupport_introspection_c
[1.614s] -- Using all available rosidl_typesupport_cpp: rosidl_typesupport_fastrtps_cpp;rosidl_typesupport_introspection_cpp
[1.614s] -- Found rmw_implementation_cmake: 7.3.2 (/opt/ros/jazzy/share/rmw_implementation_cmake/cmake)
[1.614s] -- Found rmw_fastrtps_cpp: 8.4.3 (/opt/ros/jazzy/share/rmw_fastrtps_cpp/cmake)
[1.614s] -- Found OpenSSL: /usr/lib/x86_64-linux-gnu/libcrypto.so (found version "3.0.13")  
[1.614s] -- Found FastRTPS: /opt/ros/jazzy/include (Required is at least version "2.13") 
[1.614s] -- Using RMW implementation 'rmw_fastrtps_cpp' as default
[2.141s] -- Found ament_cmake_pytest: 2.5.4 (/opt/ros/jazzy/share/ament_cmake_pytest/cmake)
[2.696s] -- Found ament_cmake_ros: 0.12.0 (/opt/ros/jazzy/share/ament_cmake_ros/cmake)
[2.724s] -- Found launch_testing_ament_cmake: 3.4.7 (/opt/ros/jazzy/share/launch_testing_ament_cmake/cmake)
[2.731s] -- Found python_cmake_module: 0.11.1 (/opt/ros/jazzy/share/python_cmake_module/cmake)
[2.943s] -- Found PythonExtra: /usr/bin/python3  
[3.198s] -- Configuring done (3.2s)
[3.254s] -- Generating done (0.0s)
[3.262s] -- Build files have been written to: /root/ws/tutorial/ros2_ws6/build/ros2_control_demo_example_3
[3.279s] Invoked command in '/root/ws/tutorial/ros2_ws6/build/ros2_control_demo_example_3' returned '0': AMENT_PREFIX_PATH=/root/ws/tutorial/ros2_ws6/install:${AMENT_PREFIX_PATH} CMAKE_PREFIX_PATH=/root/ws/tutorial/ros2_ws6/install:/opt/ros/jazzy/opt/gz_sim_vendor:/opt/ros/jazzy/opt/gz_sensors_vendor:/opt/ros/jazzy/opt/gz_physics_vendor:/opt/ros/jazzy/opt/gz_gui_vendor:/opt/ros/jazzy/opt/gz_transport_vendor:/opt/ros/jazzy/opt/gz_rendering_vendor:/opt/ros/jazzy/opt/gz_plugin_vendor:/opt/ros/jazzy/opt/gz_fuel_tools_vendor:/opt/ros/jazzy/opt/gz_msgs_vendor:/opt/ros/jazzy/opt/gz_common_vendor:/opt/ros/jazzy/opt/gz_ogre_next_vendor:/opt/ros/jazzy/opt/gz_dartsim_vendor:/opt/ros/jazzy/opt/sdformat_vendor:/opt/ros/jazzy/opt/gz_math_vendor:/opt/ros/jazzy/opt/gz_utils_vendor:/opt/ros/jazzy/opt/gz_tools_vendor:/opt/ros/jazzy/opt/gz_cmake_vendor:/opt/ros/jazzy /usr/bin/cmake /root/ws/tutorial/ros2_ws6/src/ros2_control_demos/example_3 -DCMAKE_INSTALL_PREFIX=/root/ws/tutorial/ros2_ws6/install
[3.280s] Invoking command in '/root/ws/tutorial/ros2_ws6/build/ros2_control_demo_example_3': AMENT_PREFIX_PATH=/root/ws/tutorial/ros2_ws6/install:${AMENT_PREFIX_PATH} CMAKE_PREFIX_PATH=/root/ws/tutorial/ros2_ws6/install:/opt/ros/jazzy/opt/gz_sim_vendor:/opt/ros/jazzy/opt/gz_sensors_vendor:/opt/ros/jazzy/opt/gz_physics_vendor:/opt/ros/jazzy/opt/gz_gui_vendor:/opt/ros/jazzy/opt/gz_transport_vendor:/opt/ros/jazzy/opt/gz_rendering_vendor:/opt/ros/jazzy/opt/gz_plugin_vendor:/opt/ros/jazzy/opt/gz_fuel_tools_vendor:/opt/ros/jazzy/opt/gz_msgs_vendor:/opt/ros/jazzy/opt/gz_common_vendor:/opt/ros/jazzy/opt/gz_ogre_next_vendor:/opt/ros/jazzy/opt/gz_dartsim_vendor:/opt/ros/jazzy/opt/sdformat_vendor:/opt/ros/jazzy/opt/gz_math_vendor:/opt/ros/jazzy/opt/gz_utils_vendor:/opt/ros/jazzy/opt/gz_tools_vendor:/opt/ros/jazzy/opt/gz_cmake_vendor:/opt/ros/jazzy /usr/bin/cmake --build /root/ws/tutorial/ros2_ws6/build/ros2_control_demo_example_3 -- -j6 -l6
[3.543s] [ 50%] [32mBuilding CXX object CMakeFiles/ros2_control_demo_example_3.dir/hardware/rrbot_system_multi_interface.cpp.o[0m
[10.668s] [100%] [32m[1mLinking CXX shared library libros2_control_demo_example_3.so[0m
[11.016s] [100%] Built target ros2_control_demo_example_3
[11.062s] Invoked command in '/root/ws/tutorial/ros2_ws6/build/ros2_control_demo_example_3' returned '0': AMENT_PREFIX_PATH=/root/ws/tutorial/ros2_ws6/install:${AMENT_PREFIX_PATH} CMAKE_PREFIX_PATH=/root/ws/tutorial/ros2_ws6/install:/opt/ros/jazzy/opt/gz_sim_vendor:/opt/ros/jazzy/opt/gz_sensors_vendor:/opt/ros/jazzy/opt/gz_physics_vendor:/opt/ros/jazzy/opt/gz_gui_vendor:/opt/ros/jazzy/opt/gz_transport_vendor:/opt/ros/jazzy/opt/gz_rendering_vendor:/opt/ros/jazzy/opt/gz_plugin_vendor:/opt/ros/jazzy/opt/gz_fuel_tools_vendor:/opt/ros/jazzy/opt/gz_msgs_vendor:/opt/ros/jazzy/opt/gz_common_vendor:/opt/ros/jazzy/opt/gz_ogre_next_vendor:/opt/ros/jazzy/opt/gz_dartsim_vendor:/opt/ros/jazzy/opt/sdformat_vendor:/opt/ros/jazzy/opt/gz_math_vendor:/opt/ros/jazzy/opt/gz_utils_vendor:/opt/ros/jazzy/opt/gz_tools_vendor:/opt/ros/jazzy/opt/gz_cmake_vendor:/opt/ros/jazzy /usr/bin/cmake --build /root/ws/tutorial/ros2_ws6/build/ros2_control_demo_example_3 -- -j6 -l6
[11.063s] Invoking command in '/root/ws/tutorial/ros2_ws6/build/ros2_control_demo_example_3': AMENT_PREFIX_PATH=/root/ws/tutorial/ros2_ws6/install:${AMENT_PREFIX_PATH} CMAKE_PREFIX_PATH=/root/ws/tutorial/ros2_ws6/install:/opt/ros/jazzy/opt/gz_sim_vendor:/opt/ros/jazzy/opt/gz_sensors_vendor:/opt/ros/jazzy/opt/gz_physics_vendor:/opt/ros/jazzy/opt/gz_gui_vendor:/opt/ros/jazzy/opt/gz_transport_vendor:/opt/ros/jazzy/opt/gz_rendering_vendor:/opt/ros/jazzy/opt/gz_plugin_vendor:/opt/ros/jazzy/opt/gz_fuel_tools_vendor:/opt/ros/jazzy/opt/gz_msgs_vendor:/opt/ros/jazzy/opt/gz_common_vendor:/opt/ros/jazzy/opt/gz_ogre_next_vendor:/opt/ros/jazzy/opt/gz_dartsim_vendor:/opt/ros/jazzy/opt/sdformat_vendor:/opt/ros/jazzy/opt/gz_math_vendor:/opt/ros/jazzy/opt/gz_utils_vendor:/opt/ros/jazzy/opt/gz_tools_vendor:/opt/ros/jazzy/opt/gz_cmake_vendor:/opt/ros/jazzy /usr/bin/cmake --install /root/ws/tutorial/ros2_ws6/build/ros2_control_demo_example_3
[11.073s] -- Install configuration: ""
[11.073s] -- Installing: /root/ws/tutorial/ros2_ws6/install/share/ros2_control_demo_example_3/ros2_control_demo_example_3.xml
[11.083s] -- Installing: /root/ws/tutorial/ros2_ws6/install/include/ros2_control_demo_example_3
[11.083s] -- Installing: /root/ws/tutorial/ros2_ws6/install/include/ros2_control_demo_example_3/ros2_control_demo_example_3
[11.084s] -- Installing: /root/ws/tutorial/ros2_ws6/install/include/ros2_control_demo_example_3/ros2_control_demo_example_3/rrbot_system_multi_interface.hpp
[11.084s] -- Installing: /root/ws/tutorial/ros2_ws6/install/share/ros2_control_demo_example_3/launch
[11.084s] -- Installing: /root/ws/tutorial/ros2_ws6/install/share/ros2_control_demo_example_3/launch/view_robot.launch.py
[11.084s] -- Installing: /root/ws/tutorial/ros2_ws6/install/share/ros2_control_demo_example_3/ros2_control
[11.084s] -- Installing: /root/ws/tutorial/ros2_ws6/install/share/ros2_control_demo_example_3/ros2_control/rrbot_system_multi_interface.ros2_control.xacro
[11.084s] -- Installing: /root/ws/tutorial/ros2_ws6/install/share/ros2_control_demo_example_3/urdf
[11.084s] -- Installing: /root/ws/tutorial/ros2_ws6/install/share/ros2_control_demo_example_3/urdf/rrbot_system_multi_interface.urdf.xacro
[11.084s] -- Up-to-date: /root/ws/tutorial/ros2_ws6/install/share/ros2_control_demo_example_3/launch
[11.084s] -- Installing: /root/ws/tutorial/ros2_ws6/install/share/ros2_control_demo_example_3/launch/test_forward_position_controller.launch.py
[11.084s] -- Installing: /root/ws/tutorial/ros2_ws6/install/share/ros2_control_demo_example_3/launch/rrbot_system_multi_interface.launch.py
[11.084s] -- Installing: /root/ws/tutorial/ros2_ws6/install/share/ros2_control_demo_example_3/config
[11.084s] -- Installing: /root/ws/tutorial/ros2_ws6/install/share/ros2_control_demo_example_3/config/rrbot_multi_interface_forward_controllers.yaml
[11.085s] -- Installing: /root/ws/tutorial/ros2_ws6/install/share/ros2_control_demo_example_3/config/rrbot_forward_position_publisher.yaml
[11.085s] -- Installing: /root/ws/tutorial/ros2_ws6/install/lib/libros2_control_demo_example_3.so
[11.085s] -- Set non-toolchain portion of runtime path of "/root/ws/tutorial/ros2_ws6/install/lib/libros2_control_demo_example_3.so" to ""
[11.085s] -- Installing: /root/ws/tutorial/ros2_ws6/install/share/ros2_control_demo_example_3/environment/library_path.sh
[11.086s] -- Installing: /root/ws/tutorial/ros2_ws6/install/share/ros2_control_demo_example_3/environment/library_path.dsv
[11.086s] -- Installing: /root/ws/tutorial/ros2_ws6/install/share/ament_index/resource_index/package_run_dependencies/ros2_control_demo_example_3
[11.086s] -- Installing: /root/ws/tutorial/ros2_ws6/install/share/ament_index/resource_index/parent_prefix_path/ros2_control_demo_example_3
[11.087s] -- Installing: /root/ws/tutorial/ros2_ws6/install/share/ros2_control_demo_example_3/environment/ament_prefix_path.sh
[11.087s] -- Installing: /root/ws/tutorial/ros2_ws6/install/share/ros2_control_demo_example_3/environment/ament_prefix_path.dsv
[11.087s] -- Installing: /root/ws/tutorial/ros2_ws6/install/share/ros2_control_demo_example_3/environment/path.sh
[11.088s] -- Installing: /root/ws/tutorial/ros2_ws6/install/share/ros2_control_demo_example_3/environment/path.dsv
[11.088s] -- Installing: /root/ws/tutorial/ros2_ws6/install/share/ros2_control_demo_example_3/local_setup.bash
[11.088s] -- Installing: /root/ws/tutorial/ros2_ws6/install/share/ros2_control_demo_example_3/local_setup.sh
[11.090s] -- Installing: /root/ws/tutorial/ros2_ws6/install/share/ros2_control_demo_example_3/local_setup.zsh
[11.090s] -- Installing: /root/ws/tutorial/ros2_ws6/install/share/ros2_control_demo_example_3/local_setup.dsv
[11.090s] -- Installing: /root/ws/tutorial/ros2_ws6/install/share/ros2_control_demo_example_3/package.dsv
[11.090s] -- Installing: /root/ws/tutorial/ros2_ws6/install/share/ament_index/resource_index/packages/ros2_control_demo_example_3
[11.090s] -- Installing: /root/ws/tutorial/ros2_ws6/install/share/ament_index/resource_index/hardware_interface__pluginlib__plugin/ros2_control_demo_example_3
[11.090s] -- Installing: /root/ws/tutorial/ros2_ws6/install/share/ros2_control_demo_example_3/cmake/export_ros2_control_demo_example_3Export.cmake
[11.090s] -- Installing: /root/ws/tutorial/ros2_ws6/install/share/ros2_control_demo_example_3/cmake/export_ros2_control_demo_example_3Export-noconfig.cmake
[11.092s] -- Installing: /root/ws/tutorial/ros2_ws6/install/share/ros2_control_demo_example_3/cmake/ament_cmake_export_targets-extras.cmake
[11.092s] -- Installing: /root/ws/tutorial/ros2_ws6/install/share/ros2_control_demo_example_3/cmake/ament_cmake_export_dependencies-extras.cmake
[11.092s] -- Installing: /root/ws/tutorial/ros2_ws6/install/share/ros2_control_demo_example_3/cmake/ros2_control_demo_example_3Config.cmake
[11.092s] -- Installing: /root/ws/tutorial/ros2_ws6/install/share/ros2_control_demo_example_3/cmake/ros2_control_demo_example_3Config-version.cmake
[11.092s] -- Installing: /root/ws/tutorial/ros2_ws6/install/share/ros2_control_demo_example_3/package.xml
[11.097s] Invoked command in '/root/ws/tutorial/ros2_ws6/build/ros2_control_demo_example_3' returned '0': AMENT_PREFIX_PATH=/root/ws/tutorial/ros2_ws6/install:${AMENT_PREFIX_PATH} CMAKE_PREFIX_PATH=/root/ws/tutorial/ros2_ws6/install:/opt/ros/jazzy/opt/gz_sim_vendor:/opt/ros/jazzy/opt/gz_sensors_vendor:/opt/ros/jazzy/opt/gz_physics_vendor:/opt/ros/jazzy/opt/gz_gui_vendor:/opt/ros/jazzy/opt/gz_transport_vendor:/opt/ros/jazzy/opt/gz_rendering_vendor:/opt/ros/jazzy/opt/gz_plugin_vendor:/opt/ros/jazzy/opt/gz_fuel_tools_vendor:/opt/ros/jazzy/opt/gz_msgs_vendor:/opt/ros/jazzy/opt/gz_common_vendor:/opt/ros/jazzy/opt/gz_ogre_next_vendor:/opt/ros/jazzy/opt/gz_dartsim_vendor:/opt/ros/jazzy/opt/sdformat_vendor:/opt/ros/jazzy/opt/gz_math_vendor:/opt/ros/jazzy/opt/gz_utils_vendor:/opt/ros/jazzy/opt/gz_tools_vendor:/opt/ros/jazzy/opt/gz_cmake_vendor:/opt/ros/jazzy /usr/bin/cmake --install /root/ws/tutorial/ros2_ws6/build/ros2_control_demo_example_3
