[0.011s] Invoking command in '/root/ws/tutorial/ros2_ws6/build/ros2_control_demo_example_7': AMENT_PREFIX_PATH=/root/ws/tutorial/ros2_ws6/install:${AMENT_PREFIX_PATH} CMAKE_PREFIX_PATH=/root/ws/tutorial/ros2_ws6/install:/opt/ros/jazzy/opt/gz_sim_vendor:/opt/ros/jazzy/opt/gz_sensors_vendor:/opt/ros/jazzy/opt/gz_physics_vendor:/opt/ros/jazzy/opt/gz_gui_vendor:/opt/ros/jazzy/opt/gz_transport_vendor:/opt/ros/jazzy/opt/gz_rendering_vendor:/opt/ros/jazzy/opt/gz_plugin_vendor:/opt/ros/jazzy/opt/gz_fuel_tools_vendor:/opt/ros/jazzy/opt/gz_msgs_vendor:/opt/ros/jazzy/opt/gz_common_vendor:/opt/ros/jazzy/opt/gz_ogre_next_vendor:/opt/ros/jazzy/opt/gz_dartsim_vendor:/opt/ros/jazzy/opt/sdformat_vendor:/opt/ros/jazzy/opt/gz_math_vendor:/opt/ros/jazzy/opt/gz_utils_vendor:/opt/ros/jazzy/opt/gz_tools_vendor:/opt/ros/jazzy/opt/gz_cmake_vendor:/opt/ros/jazzy /usr/bin/cmake /root/ws/tutorial/ros2_ws6/src/ros2_control_demos/example_7 -DCMAKE_INSTALL_PREFIX=/root/ws/tutorial/ros2_ws6/install
[0.429s] -- The CXX compiler identification is GNU 13.3.0
[0.429s] -- Detecting CXX compiler ABI info
[0.429s] -- Detecting CXX compiler ABI info - done
[0.429s] -- Check for working CXX compiler: /usr/bin/c++ - skipped
[0.429s] -- Detecting CXX compile features
[0.430s] -- Detecting CXX compile features - done
[0.430s] -- Found ros2_control_cmake: 0.3.0 (/opt/ros/jazzy/share/ros2_control_cmake/cmake)
[0.430s] -- Compiler warnings enabled for GNU
[0.430s] -- Detected GCC Version: 13.3.0 (Major: 13, Minor: 3)
[0.430s] -- Found controller_manager: 4.39.2 (/opt/ros/jazzy/share/controller_manager/cmake)
[0.512s] -- Found Python3: /usr/bin/python3 (found version "3.12.3") found components: Interpreter 
[0.781s] -- Found rosidl_generator_c: 4.6.6 (/opt/ros/jazzy/share/rosidl_generator_c/cmake)
[0.807s] -- Found rosidl_generator_cpp: 4.6.6 (/opt/ros/jazzy/share/rosidl_generator_cpp/cmake)
[0.837s] -- Using all available rosidl_typesupport_c: rosidl_typesupport_fastrtps_c;rosidl_typesupport_introspection_c
[0.869s] -- Using all available rosidl_typesupport_cpp: rosidl_typesupport_fastrtps_cpp;rosidl_typesupport_introspection_cpp
[1.000s] -- Found rmw_implementation_cmake: 7.3.2 (/opt/ros/jazzy/share/rmw_implementation_cmake/cmake)
[1.007s] -- Found rmw_fastrtps_cpp: 8.4.3 (/opt/ros/jazzy/share/rmw_fastrtps_cpp/cmake)
[1.136s] -- Found OpenSSL: /usr/lib/x86_64-linux-gnu/libcrypto.so (found version "3.0.13")  
[1.162s] -- Found FastRTPS: /opt/ros/jazzy/include (Required is at least version "2.13") 
[1.192s] -- Using RMW implementation 'rmw_fastrtps_cpp' as default
[2.115s] -- Found kdl_parser: 2.11.0 (/opt/ros/jazzy/share/kdl_parser/cmake)
[2.145s] -- Found eigen3_cmake_module: 0.3.0 (/opt/ros/jazzy/share/eigen3_cmake_module/cmake)
[2.145s] -- Found Eigen3: TRUE (found version "3.4.0") 
[2.145s] -- Ensuring Eigen3 include directory is part of orocos-kdl CMake target
[2.153s] -- Found ament_cmake_pytest: 2.5.4 (/opt/ros/jazzy/share/ament_cmake_pytest/cmake)
[2.600s] -- Found ament_cmake_ros: 0.12.0 (/opt/ros/jazzy/share/ament_cmake_ros/cmake)
[2.617s] -- Found launch_testing_ament_cmake: 3.4.7 (/opt/ros/jazzy/share/launch_testing_ament_cmake/cmake)
[2.623s] -- Found python_cmake_module: 0.11.1 (/opt/ros/jazzy/share/python_cmake_module/cmake)
[2.789s] -- Found PythonExtra: /usr/bin/python3  
[2.903s] -- Configuring done (2.9s)
[2.947s] -- Generating done (0.0s)
[2.955s] -- Build files have been written to: /root/ws/tutorial/ros2_ws6/build/ros2_control_demo_example_7
[2.972s] Invoked command in '/root/ws/tutorial/ros2_ws6/build/ros2_control_demo_example_7' returned '0': AMENT_PREFIX_PATH=/root/ws/tutorial/ros2_ws6/install:${AMENT_PREFIX_PATH} CMAKE_PREFIX_PATH=/root/ws/tutorial/ros2_ws6/install:/opt/ros/jazzy/opt/gz_sim_vendor:/opt/ros/jazzy/opt/gz_sensors_vendor:/opt/ros/jazzy/opt/gz_physics_vendor:/opt/ros/jazzy/opt/gz_gui_vendor:/opt/ros/jazzy/opt/gz_transport_vendor:/opt/ros/jazzy/opt/gz_rendering_vendor:/opt/ros/jazzy/opt/gz_plugin_vendor:/opt/ros/jazzy/opt/gz_fuel_tools_vendor:/opt/ros/jazzy/opt/gz_msgs_vendor:/opt/ros/jazzy/opt/gz_common_vendor:/opt/ros/jazzy/opt/gz_ogre_next_vendor:/opt/ros/jazzy/opt/gz_dartsim_vendor:/opt/ros/jazzy/opt/sdformat_vendor:/opt/ros/jazzy/opt/gz_math_vendor:/opt/ros/jazzy/opt/gz_utils_vendor:/opt/ros/jazzy/opt/gz_tools_vendor:/opt/ros/jazzy/opt/gz_cmake_vendor:/opt/ros/jazzy /usr/bin/cmake /root/ws/tutorial/ros2_ws6/src/ros2_control_demos/example_7 -DCMAKE_INSTALL_PREFIX=/root/ws/tutorial/ros2_ws6/install
[2.973s] Invoking command in '/root/ws/tutorial/ros2_ws6/build/ros2_control_demo_example_7': AMENT_PREFIX_PATH=/root/ws/tutorial/ros2_ws6/install:${AMENT_PREFIX_PATH} CMAKE_PREFIX_PATH=/root/ws/tutorial/ros2_ws6/install:/opt/ros/jazzy/opt/gz_sim_vendor:/opt/ros/jazzy/opt/gz_sensors_vendor:/opt/ros/jazzy/opt/gz_physics_vendor:/opt/ros/jazzy/opt/gz_gui_vendor:/opt/ros/jazzy/opt/gz_transport_vendor:/opt/ros/jazzy/opt/gz_rendering_vendor:/opt/ros/jazzy/opt/gz_plugin_vendor:/opt/ros/jazzy/opt/gz_fuel_tools_vendor:/opt/ros/jazzy/opt/gz_msgs_vendor:/opt/ros/jazzy/opt/gz_common_vendor:/opt/ros/jazzy/opt/gz_ogre_next_vendor:/opt/ros/jazzy/opt/gz_dartsim_vendor:/opt/ros/jazzy/opt/sdformat_vendor:/opt/ros/jazzy/opt/gz_math_vendor:/opt/ros/jazzy/opt/gz_utils_vendor:/opt/ros/jazzy/opt/gz_tools_vendor:/opt/ros/jazzy/opt/gz_cmake_vendor:/opt/ros/jazzy /usr/bin/cmake --build /root/ws/tutorial/ros2_ws6/build/ros2_control_demo_example_7 -- -j6 -l6
[3.202s] [ 20%] [32mBuilding CXX object CMakeFiles/ros2_control_demo_example_7.dir/hardware/r6bot_hardware.cpp.o[0m
[3.202s] [ 40%] [32mBuilding CXX object CMakeFiles/ros2_control_demo_example_7.dir/controller/r6bot_controller.cpp.o[0m
[3.202s] [ 60%] [32mBuilding CXX object CMakeFiles/send_trajectory.dir/reference_generator/send_trajectory.cpp.o[0m
[10.445s] [ 80%] [32m[1mLinking CXX executable send_trajectory[0m
[10.692s] [ 80%] Built target send_trajectory
[13.871s] [100%] [32m[1mLinking CXX shared library libros2_control_demo_example_7.so[0m
[14.343s] [100%] Built target ros2_control_demo_example_7
[14.357s] Invoked command in '/root/ws/tutorial/ros2_ws6/build/ros2_control_demo_example_7' returned '0': AMENT_PREFIX_PATH=/root/ws/tutorial/ros2_ws6/install:${AMENT_PREFIX_PATH} CMAKE_PREFIX_PATH=/root/ws/tutorial/ros2_ws6/install:/opt/ros/jazzy/opt/gz_sim_vendor:/opt/ros/jazzy/opt/gz_sensors_vendor:/opt/ros/jazzy/opt/gz_physics_vendor:/opt/ros/jazzy/opt/gz_gui_vendor:/opt/ros/jazzy/opt/gz_transport_vendor:/opt/ros/jazzy/opt/gz_rendering_vendor:/opt/ros/jazzy/opt/gz_plugin_vendor:/opt/ros/jazzy/opt/gz_fuel_tools_vendor:/opt/ros/jazzy/opt/gz_msgs_vendor:/opt/ros/jazzy/opt/gz_common_vendor:/opt/ros/jazzy/opt/gz_ogre_next_vendor:/opt/ros/jazzy/opt/gz_dartsim_vendor:/opt/ros/jazzy/opt/sdformat_vendor:/opt/ros/jazzy/opt/gz_math_vendor:/opt/ros/jazzy/opt/gz_utils_vendor:/opt/ros/jazzy/opt/gz_tools_vendor:/opt/ros/jazzy/opt/gz_cmake_vendor:/opt/ros/jazzy /usr/bin/cmake --build /root/ws/tutorial/ros2_ws6/build/ros2_control_demo_example_7 -- -j6 -l6
[14.358s] Invoking command in '/root/ws/tutorial/ros2_ws6/build/ros2_control_demo_example_7': AMENT_PREFIX_PATH=/root/ws/tutorial/ros2_ws6/install:${AMENT_PREFIX_PATH} CMAKE_PREFIX_PATH=/root/ws/tutorial/ros2_ws6/install:/opt/ros/jazzy/opt/gz_sim_vendor:/opt/ros/jazzy/opt/gz_sensors_vendor:/opt/ros/jazzy/opt/gz_physics_vendor:/opt/ros/jazzy/opt/gz_gui_vendor:/opt/ros/jazzy/opt/gz_transport_vendor:/opt/ros/jazzy/opt/gz_rendering_vendor:/opt/ros/jazzy/opt/gz_plugin_vendor:/opt/ros/jazzy/opt/gz_fuel_tools_vendor:/opt/ros/jazzy/opt/gz_msgs_vendor:/opt/ros/jazzy/opt/gz_common_vendor:/opt/ros/jazzy/opt/gz_ogre_next_vendor:/opt/ros/jazzy/opt/gz_dartsim_vendor:/opt/ros/jazzy/opt/sdformat_vendor:/opt/ros/jazzy/opt/gz_math_vendor:/opt/ros/jazzy/opt/gz_utils_vendor:/opt/ros/jazzy/opt/gz_tools_vendor:/opt/ros/jazzy/opt/gz_cmake_vendor:/opt/ros/jazzy /usr/bin/cmake --install /root/ws/tutorial/ros2_ws6/build/ros2_control_demo_example_7
[14.368s] -- Install configuration: ""
[14.368s] -- Installing: /root/ws/tutorial/ros2_ws6/install/share/ros2_control_demo_example_7/ros2_control_demo_example_7.xml
[14.368s] -- Up-to-date: /root/ws/tutorial/ros2_ws6/install/share/ros2_control_demo_example_7/ros2_control_demo_example_7.xml
[14.368s] -- Installing: /root/ws/tutorial/ros2_ws6/install/include/ros2_control_demo_example_7
[14.368s] -- Installing: /root/ws/tutorial/ros2_ws6/install/include/ros2_control_demo_example_7/ros2_control_demo_example_7
[14.369s] -- Installing: /root/ws/tutorial/ros2_ws6/install/include/ros2_control_demo_example_7/ros2_control_demo_example_7/r6bot_hardware.hpp
[14.369s] -- Installing: /root/ws/tutorial/ros2_ws6/install/share/ros2_control_demo_example_7/launch
[14.369s] -- Installing: /root/ws/tutorial/ros2_ws6/install/share/ros2_control_demo_example_7/launch/view_r6bot.launch.py
[14.369s] -- Installing: /root/ws/tutorial/ros2_ws6/install/share/ros2_control_demo_example_7/ros2_control
[14.369s] -- Installing: /root/ws/tutorial/ros2_ws6/install/share/ros2_control_demo_example_7/ros2_control/r6bot.ros2_control.xacro
[14.369s] -- Installing: /root/ws/tutorial/ros2_ws6/install/share/ros2_control_demo_example_7/urdf
[14.369s] -- Installing: /root/ws/tutorial/ros2_ws6/install/share/ros2_control_demo_example_7/urdf/r6bot.urdf.xacro
[14.369s] -- Up-to-date: /root/ws/tutorial/ros2_ws6/install/share/ros2_control_demo_example_7/launch
[14.369s] -- Installing: /root/ws/tutorial/ros2_ws6/install/share/ros2_control_demo_example_7/launch/send_trajectory.launch.py
[14.369s] -- Installing: /root/ws/tutorial/ros2_ws6/install/share/ros2_control_demo_example_7/launch/r6bot_controller.launch.py
[14.370s] -- Installing: /root/ws/tutorial/ros2_ws6/install/share/ros2_control_demo_example_7/config
[14.370s] -- Installing: /root/ws/tutorial/ros2_ws6/install/share/ros2_control_demo_example_7/config/r6bot_controller.yaml
[14.370s] -- Installing: /root/ws/tutorial/ros2_ws6/install/lib/ros2_control_demo_example_7/send_trajectory
[14.371s] -- Set non-toolchain portion of runtime path of "/root/ws/tutorial/ros2_ws6/install/lib/ros2_control_demo_example_7/send_trajectory" to ""
[14.371s] -- Installing: /root/ws/tutorial/ros2_ws6/install/lib/libros2_control_demo_example_7.so
[14.376s] -- Set non-toolchain portion of runtime path of "/root/ws/tutorial/ros2_ws6/install/lib/libros2_control_demo_example_7.so" to ""
[14.377s] -- Installing: /root/ws/tutorial/ros2_ws6/install/share/ros2_control_demo_example_7/environment/library_path.sh
[14.377s] -- Installing: /root/ws/tutorial/ros2_ws6/install/share/ros2_control_demo_example_7/environment/library_path.dsv
[14.377s] -- Installing: /root/ws/tutorial/ros2_ws6/install/share/ament_index/resource_index/package_run_dependencies/ros2_control_demo_example_7
[14.377s] -- Installing: /root/ws/tutorial/ros2_ws6/install/share/ament_index/resource_index/parent_prefix_path/ros2_control_demo_example_7
[14.377s] -- Installing: /root/ws/tutorial/ros2_ws6/install/share/ros2_control_demo_example_7/environment/ament_prefix_path.sh
[14.377s] -- Installing: /root/ws/tutorial/ros2_ws6/install/share/ros2_control_demo_example_7/environment/ament_prefix_path.dsv
[14.377s] -- Installing: /root/ws/tutorial/ros2_ws6/install/share/ros2_control_demo_example_7/environment/path.sh
[14.378s] -- Installing: /root/ws/tutorial/ros2_ws6/install/share/ros2_control_demo_example_7/environment/path.dsv
[14.378s] -- Installing: /root/ws/tutorial/ros2_ws6/install/share/ros2_control_demo_example_7/local_setup.bash
[14.378s] -- Installing: /root/ws/tutorial/ros2_ws6/install/share/ros2_control_demo_example_7/local_setup.sh
[14.378s] -- Installing: /root/ws/tutorial/ros2_ws6/install/share/ros2_control_demo_example_7/local_setup.zsh
[14.378s] -- Installing: /root/ws/tutorial/ros2_ws6/install/share/ros2_control_demo_example_7/local_setup.dsv
[14.378s] -- Installing: /root/ws/tutorial/ros2_ws6/install/share/ros2_control_demo_example_7/package.dsv
[14.378s] -- Installing: /root/ws/tutorial/ros2_ws6/install/share/ament_index/resource_index/packages/ros2_control_demo_example_7
[14.379s] -- Installing: /root/ws/tutorial/ros2_ws6/install/share/ament_index/resource_index/hardware_interface__pluginlib__plugin/ros2_control_demo_example_7
[14.379s] -- Installing: /root/ws/tutorial/ros2_ws6/install/share/ament_index/resource_index/controller_interface__pluginlib__plugin/ros2_control_demo_example_7
[14.379s] -- Installing: /root/ws/tutorial/ros2_ws6/install/share/ros2_control_demo_example_7/cmake/export_ros2_control_demo_example_7Export.cmake
[14.379s] -- Installing: /root/ws/tutorial/ros2_ws6/install/share/ros2_control_demo_example_7/cmake/export_ros2_control_demo_example_7Export-noconfig.cmake
[14.379s] -- Installing: /root/ws/tutorial/ros2_ws6/install/share/ros2_control_demo_example_7/cmake/ament_cmake_export_targets-extras.cmake
[14.379s] -- Installing: /root/ws/tutorial/ros2_ws6/install/share/ros2_control_demo_example_7/cmake/ament_cmake_export_dependencies-extras.cmake
[14.379s] -- Installing: /root/ws/tutorial/ros2_ws6/install/share/ros2_control_demo_example_7/cmake/ros2_control_demo_example_7Config.cmake
[14.380s] -- Installing: /root/ws/tutorial/ros2_ws6/install/share/ros2_control_demo_example_7/cmake/ros2_control_demo_example_7Config-version.cmake
[14.380s] -- Installing: /root/ws/tutorial/ros2_ws6/install/share/ros2_control_demo_example_7/package.xml
[14.382s] Invoked command in '/root/ws/tutorial/ros2_ws6/build/ros2_control_demo_example_7' returned '0': AMENT_PREFIX_PATH=/root/ws/tutorial/ros2_ws6/install:${AMENT_PREFIX_PATH} CMAKE_PREFIX_PATH=/root/ws/tutorial/ros2_ws6/install:/opt/ros/jazzy/opt/gz_sim_vendor:/opt/ros/jazzy/opt/gz_sensors_vendor:/opt/ros/jazzy/opt/gz_physics_vendor:/opt/ros/jazzy/opt/gz_gui_vendor:/opt/ros/jazzy/opt/gz_transport_vendor:/opt/ros/jazzy/opt/gz_rendering_vendor:/opt/ros/jazzy/opt/gz_plugin_vendor:/opt/ros/jazzy/opt/gz_fuel_tools_vendor:/opt/ros/jazzy/opt/gz_msgs_vendor:/opt/ros/jazzy/opt/gz_common_vendor:/opt/ros/jazzy/opt/gz_ogre_next_vendor:/opt/ros/jazzy/opt/gz_dartsim_vendor:/opt/ros/jazzy/opt/sdformat_vendor:/opt/ros/jazzy/opt/gz_math_vendor:/opt/ros/jazzy/opt/gz_utils_vendor:/opt/ros/jazzy/opt/gz_tools_vendor:/opt/ros/jazzy/opt/gz_cmake_vendor:/opt/ros/jazzy /usr/bin/cmake --install /root/ws/tutorial/ros2_ws6/build/ros2_control_demo_example_7
