[0.013s] Invoking command in '/root/ws/build/motorctl_cpp': CMAKE_PREFIX_PATH=${CMAKE_PREFIX_PATH}:/opt/ros/jazzy /usr/bin/cmake --build /root/ws/build/motorctl_cpp -- -j6 -l6
[0.044s] -- Found ament_cmake: 2.5.4 (/opt/ros/jazzy/share/ament_cmake/cmake)
[0.274s] -- Found rclcpp: 28.1.13 (/opt/ros/jazzy/share/rclcpp/cmake)
[0.304s] -- Found rosidl_generator_c: 4.6.6 (/opt/ros/jazzy/share/rosidl_generator_c/cmake)
[0.316s] -- Found rosidl_generator_cpp: 4.6.6 (/opt/ros/jazzy/share/rosidl_generator_cpp/cmake)
[0.330s] -- Using all available rosidl_typesupport_c: rosidl_typesupport_fastrtps_c;rosidl_typesupport_introspection_c
[0.347s] -- Using all available rosidl_typesupport_cpp: rosidl_typesupport_fastrtps_cpp;rosidl_typesupport_introspection_cpp
[0.424s] -- Found rmw_implementation_cmake: 7.3.2 (/opt/ros/jazzy/share/rmw_implementation_cmake/cmake)
[0.426s] -- Found rmw_fastrtps_cpp: 8.4.3 (/opt/ros/jazzy/share/rmw_fastrtps_cpp/cmake)
[0.499s] -- Using RMW implementation 'rmw_fastrtps_cpp' as default
[0.579s] -- Found std_msgs: 5.3.6 (/opt/ros/jazzy/share/std_msgs/cmake)
[0.598s] -- Found ament_lint_auto: 0.17.3 (/opt/ros/jazzy/share/ament_lint_auto/cmake)
[0.711s] -- Added test 'cppcheck' to perform static code analysis on C / C++ code
[0.711s] -- Configured cppcheck include dirs: 
[0.711s] -- Configured cppcheck exclude dirs and/or files: 
[0.712s] -- Added test 'lint_cmake' to check CMake code style
[0.713s] -- Added test 'uncrustify' to check C / C++ code style
[0.713s] -- Configured uncrustify additional arguments: 
[0.713s] -- Added test 'xmllint' to check XML markup files
[0.715s] -- Configuring done (0.7s)
[0.734s] -- Generating done (0.0s)
[0.740s] -- Build files have been written to: /root/ws/build/motorctl_cpp
[0.787s] [ 50%] [32m[1mLinking CXX executable slave[0m
[0.787s] [ 75%] Built target master
[1.081s] [100%] Built target slave
[1.093s] Invoked command in '/root/ws/build/motorctl_cpp' returned '0': CMAKE_PREFIX_PATH=${CMAKE_PREFIX_PATH}:/opt/ros/jazzy /usr/bin/cmake --build /root/ws/build/motorctl_cpp -- -j6 -l6
[1.103s] Invoking command in '/root/ws/build/motorctl_cpp': CMAKE_PREFIX_PATH=${CMAKE_PREFIX_PATH}:/opt/ros/jazzy /usr/bin/cmake --install /root/ws/build/motorctl_cpp
[1.112s] -- Install configuration: ""
[1.113s] -- Installing: /root/ws/install/motorctl_cpp/lib/motorctl_cpp/master
[1.117s] -- Set non-toolchain portion of runtime path of "/root/ws/install/motorctl_cpp/lib/motorctl_cpp/master" to ""
[1.117s] -- Installing: /root/ws/install/motorctl_cpp/lib/motorctl_cpp/slave
[1.122s] -- Set non-toolchain portion of runtime path of "/root/ws/install/motorctl_cpp/lib/motorctl_cpp/slave" to ""
[1.122s] -- Up-to-date: /root/ws/install/motorctl_cpp/share/ament_index/resource_index/package_run_dependencies/motorctl_cpp
[1.122s] -- Installing: /root/ws/install/motorctl_cpp/share/ament_index/resource_index/parent_prefix_path/motorctl_cpp
[1.122s] -- Up-to-date: /root/ws/install/motorctl_cpp/share/motorctl_cpp/environment/ament_prefix_path.sh
[1.122s] -- Up-to-date: /root/ws/install/motorctl_cpp/share/motorctl_cpp/environment/ament_prefix_path.dsv
[1.123s] -- Up-to-date: /root/ws/install/motorctl_cpp/share/motorctl_cpp/environment/path.sh
[1.123s] -- Up-to-date: /root/ws/install/motorctl_cpp/share/motorctl_cpp/environment/path.dsv
[1.123s] -- Up-to-date: /root/ws/install/motorctl_cpp/share/motorctl_cpp/local_setup.bash
[1.123s] -- Up-to-date: /root/ws/install/motorctl_cpp/share/motorctl_cpp/local_setup.sh
[1.123s] -- Up-to-date: /root/ws/install/motorctl_cpp/share/motorctl_cpp/local_setup.zsh
[1.123s] -- Up-to-date: /root/ws/install/motorctl_cpp/share/motorctl_cpp/local_setup.dsv
[1.123s] -- Installing: /root/ws/install/motorctl_cpp/share/motorctl_cpp/package.dsv
[1.123s] -- Up-to-date: /root/ws/install/motorctl_cpp/share/ament_index/resource_index/packages/motorctl_cpp
[1.123s] -- Up-to-date: /root/ws/install/motorctl_cpp/share/motorctl_cpp/cmake/motorctl_cppConfig.cmake
[1.123s] -- Up-to-date: /root/ws/install/motorctl_cpp/share/motorctl_cpp/cmake/motorctl_cppConfig-version.cmake
[1.123s] -- Up-to-date: /root/ws/install/motorctl_cpp/share/motorctl_cpp/package.xml
[1.125s] Invoked command in '/root/ws/build/motorctl_cpp' returned '0': CMAKE_PREFIX_PATH=${CMAKE_PREFIX_PATH}:/opt/ros/jazzy /usr/bin/cmake --install /root/ws/build/motorctl_cpp
