[0.024s] Invoking command in '/root/ws/tutorial/ros2_ws/build/examples_rclcpp_minimal_composition': CMAKE_PREFIX_PATH=${CMAKE_PREFIX_PATH}:/opt/ros/jazzy /usr/bin/cmake /root/ws/tutorial/ros2_ws/src/examples/rclcpp/composition/minimal_composition -DAMENT_CMAKE_SYMLINK_INSTALL=1 -DCMAKE_INSTALL_PREFIX=/root/ws/tutorial/ros2_ws/install/examples_rclcpp_minimal_composition
[1.498s] -- The C compiler identification is GNU 13.3.0
[1.499s] -- The CXX compiler identification is GNU 13.3.0
[1.499s] -- Detecting C compiler ABI info
[1.499s] -- Detecting C compiler ABI info - done
[1.500s] -- Check for working C compiler: /usr/bin/cc - skipped
[1.500s] -- Detecting C compile features
[1.500s] -- Detecting C compile features - done
[1.500s] -- Detecting CXX compiler ABI info
[1.500s] -- Detecting CXX compiler ABI info - done
[1.500s] -- Check for working CXX compiler: /usr/bin/c++ - skipped
[1.500s] -- Detecting CXX compile features
[1.500s] -- Detecting CXX compile features - done
[1.500s] -- Found ament_cmake: 2.5.4 (/opt/ros/jazzy/share/ament_cmake/cmake)
[1.500s] -- Found Python3: /usr/bin/python3 (found version "3.12.3") found components: Interpreter 
[1.500s] -- Override CMake install command with custom implementation using symlinks instead of copying resources
[1.501s] -- Found rclcpp: 28.1.12 (/opt/ros/jazzy/share/rclcpp/cmake)
[1.501s] -- Found rosidl_generator_c: 4.6.6 (/opt/ros/jazzy/share/rosidl_generator_c/cmake)
[1.501s] -- Found rosidl_generator_cpp: 4.6.6 (/opt/ros/jazzy/share/rosidl_generator_cpp/cmake)
[1.501s] -- Using all available rosidl_typesupport_c: rosidl_typesupport_fastrtps_c;rosidl_typesupport_introspection_c
[1.501s] -- Using all available rosidl_typesupport_cpp: rosidl_typesupport_fastrtps_cpp;rosidl_typesupport_introspection_cpp
[1.501s] -- Found rmw_implementation_cmake: 7.3.2 (/opt/ros/jazzy/share/rmw_implementation_cmake/cmake)
[1.501s] -- Found rmw_fastrtps_cpp: 8.4.3 (/opt/ros/jazzy/share/rmw_fastrtps_cpp/cmake)
[1.501s] -- Found OpenSSL: /usr/lib/x86_64-linux-gnu/libcrypto.so (found version "3.0.13")  
[1.501s] -- Found FastRTPS: /opt/ros/jazzy/include (Required is at least version "2.13") 
[1.501s] -- Using RMW implementation 'rmw_fastrtps_cpp' as default
[1.501s] -- Found rclcpp_components: 28.1.12 (/opt/ros/jazzy/share/rclcpp_components/cmake)
[1.502s] -- Found std_msgs: 5.3.6 (/opt/ros/jazzy/share/std_msgs/cmake)
[1.502s] -- Found ament_lint_auto: 0.17.3 (/opt/ros/jazzy/share/ament_lint_auto/cmake)
[1.503s] -- Added test 'copyright' to check source files copyright and LICENSE
[1.503s] -- Added test 'cppcheck' to perform static code analysis on C / C++ code
[1.503s] -- Configured cppcheck include dirs: /root/ws/tutorial/ros2_ws/src/examples/rclcpp/composition/minimal_composition/include
[1.503s] -- Configured cppcheck exclude dirs and/or files: 
[1.504s] -- Added test 'cpplint' to check C / C++ code against the Google style
[1.504s] -- Configured cpplint exclude dirs and/or files: 
[1.505s] -- Added test 'lint_cmake' to check CMake code style
[1.507s] -- Added test 'uncrustify' to check C / C++ code style
[1.507s] -- Configured uncrustify additional arguments: 
[1.507s] -- Added test 'xmllint' to check XML markup files
[1.510s] -- Configuring done (1.5s)
[1.538s] -- Generating done (0.0s)
[1.546s] -- Build files have been written to: /root/ws/tutorial/ros2_ws/build/examples_rclcpp_minimal_composition
[1.575s] Invoked command in '/root/ws/tutorial/ros2_ws/build/examples_rclcpp_minimal_composition' returned '0': CMAKE_PREFIX_PATH=${CMAKE_PREFIX_PATH}:/opt/ros/jazzy /usr/bin/cmake /root/ws/tutorial/ros2_ws/src/examples/rclcpp/composition/minimal_composition -DAMENT_CMAKE_SYMLINK_INSTALL=1 -DCMAKE_INSTALL_PREFIX=/root/ws/tutorial/ros2_ws/install/examples_rclcpp_minimal_composition
[1.575s] Invoking command in '/root/ws/tutorial/ros2_ws/build/examples_rclcpp_minimal_composition': CMAKE_PREFIX_PATH=${CMAKE_PREFIX_PATH}:/opt/ros/jazzy /usr/bin/cmake --build /root/ws/tutorial/ros2_ws/build/examples_rclcpp_minimal_composition -- -j6 -l6
[1.695s] [ 11%] [32mBuilding CXX object CMakeFiles/composition_nodes.dir/src/subscriber_node.cpp.o[0m
[1.695s] [ 22%] [32mBuilding CXX object CMakeFiles/composition_nodes.dir/src/publisher_node.cpp.o[0m
[31.867s] [ 33%] [32m[1mLinking CXX shared library libcomposition_nodes.so[0m
[32.990s] [ 33%] Built target composition_nodes
[33.042s] [ 44%] [32mBuilding CXX object CMakeFiles/composition_publisher.dir/src/standalone_publisher.cpp.o[0m
[39.599s] [ 55%] [32m[1mLinking CXX executable composition_publisher[0m
[40.074s] [ 55%] Built target composition_publisher
[40.130s] [ 66%] [32mBuilding CXX object CMakeFiles/composition_composed.dir/src/composed.cpp.o[0m
[47.092s] [ 77%] [32m[1mLinking CXX executable composition_composed[0m
[47.355s] [ 77%] Built target composition_composed
[47.380s] [ 88%] [32mBuilding CXX object CMakeFiles/composition_subscriber.dir/src/standalone_subscriber.cpp.o[0m
[50.918s] [100%] [32m[1mLinking CXX executable composition_subscriber[0m
[51.138s] [100%] Built target composition_subscriber
[51.152s] Invoked command in '/root/ws/tutorial/ros2_ws/build/examples_rclcpp_minimal_composition' returned '0': CMAKE_PREFIX_PATH=${CMAKE_PREFIX_PATH}:/opt/ros/jazzy /usr/bin/cmake --build /root/ws/tutorial/ros2_ws/build/examples_rclcpp_minimal_composition -- -j6 -l6
[51.153s] Invoking command in '/root/ws/tutorial/ros2_ws/build/examples_rclcpp_minimal_composition': CMAKE_PREFIX_PATH=${CMAKE_PREFIX_PATH}:/opt/ros/jazzy /usr/bin/cmake --install /root/ws/tutorial/ros2_ws/build/examples_rclcpp_minimal_composition
[51.162s] -- Install configuration: ""
[51.162s] -- Execute custom install script
[51.163s] -- Symlinking: /root/ws/tutorial/ros2_ws/install/examples_rclcpp_minimal_composition/share/examples_rclcpp_minimal_composition/environment/library_path.sh
[51.174s] -- Symlinking: /root/ws/tutorial/ros2_ws/install/examples_rclcpp_minimal_composition/share/examples_rclcpp_minimal_composition/environment/library_path.dsv
[51.184s] -- Symlinking: /root/ws/tutorial/ros2_ws/install/examples_rclcpp_minimal_composition/lib/libcomposition_nodes.so
[51.194s] -- Symlinking: /root/ws/tutorial/ros2_ws/install/examples_rclcpp_minimal_composition/lib/examples_rclcpp_minimal_composition/composition_publisher
[51.205s] -- Symlinking: /root/ws/tutorial/ros2_ws/install/examples_rclcpp_minimal_composition/lib/examples_rclcpp_minimal_composition/composition_subscriber
[51.215s] -- Symlinking: /root/ws/tutorial/ros2_ws/install/examples_rclcpp_minimal_composition/lib/examples_rclcpp_minimal_composition/composition_composed
[51.225s] -- Symlinking: /root/ws/tutorial/ros2_ws/install/examples_rclcpp_minimal_composition/share/ament_index/resource_index/package_run_dependencies/examples_rclcpp_minimal_composition
[51.237s] -- Symlinking: /root/ws/tutorial/ros2_ws/install/examples_rclcpp_minimal_composition/share/ament_index/resource_index/parent_prefix_path/examples_rclcpp_minimal_composition
[51.249s] -- Symlinking: /root/ws/tutorial/ros2_ws/install/examples_rclcpp_minimal_composition/share/examples_rclcpp_minimal_composition/environment/ament_prefix_path.sh
[51.260s] -- Symlinking: /root/ws/tutorial/ros2_ws/install/examples_rclcpp_minimal_composition/share/examples_rclcpp_minimal_composition/environment/ament_prefix_path.dsv
[51.270s] -- Symlinking: /root/ws/tutorial/ros2_ws/install/examples_rclcpp_minimal_composition/share/examples_rclcpp_minimal_composition/environment/path.sh
[51.281s] -- Symlinking: /root/ws/tutorial/ros2_ws/install/examples_rclcpp_minimal_composition/share/examples_rclcpp_minimal_composition/environment/path.dsv
[51.292s] -- Symlinking: /root/ws/tutorial/ros2_ws/install/examples_rclcpp_minimal_composition/share/examples_rclcpp_minimal_composition/local_setup.bash
[51.303s] -- Symlinking: /root/ws/tutorial/ros2_ws/install/examples_rclcpp_minimal_composition/share/examples_rclcpp_minimal_composition/local_setup.sh
[51.314s] -- Symlinking: /root/ws/tutorial/ros2_ws/install/examples_rclcpp_minimal_composition/share/examples_rclcpp_minimal_composition/local_setup.zsh
[51.324s] -- Symlinking: /root/ws/tutorial/ros2_ws/install/examples_rclcpp_minimal_composition/share/examples_rclcpp_minimal_composition/local_setup.dsv
[51.339s] -- Symlinking: /root/ws/tutorial/ros2_ws/install/examples_rclcpp_minimal_composition/share/examples_rclcpp_minimal_composition/package.dsv
[51.348s] -- Symlinking: /root/ws/tutorial/ros2_ws/install/examples_rclcpp_minimal_composition/share/ament_index/resource_index/packages/examples_rclcpp_minimal_composition
[51.359s] -- Symlinking: /root/ws/tutorial/ros2_ws/install/examples_rclcpp_minimal_composition/share/examples_rclcpp_minimal_composition/cmake/examples_rclcpp_minimal_compositionConfig.cmake
[51.369s] -- Symlinking: /root/ws/tutorial/ros2_ws/install/examples_rclcpp_minimal_composition/share/examples_rclcpp_minimal_composition/cmake/examples_rclcpp_minimal_compositionConfig-version.cmake
[51.380s] -- Symlinking: /root/ws/tutorial/ros2_ws/install/examples_rclcpp_minimal_composition/share/examples_rclcpp_minimal_composition/package.xml
[51.392s] Invoked command in '/root/ws/tutorial/ros2_ws/build/examples_rclcpp_minimal_composition' returned '0': CMAKE_PREFIX_PATH=${CMAKE_PREFIX_PATH}:/opt/ros/jazzy /usr/bin/cmake --install /root/ws/tutorial/ros2_ws/build/examples_rclcpp_minimal_composition
