-- The CXX compiler identification is GNU 13.3.0
-- Detecting CXX compiler ABI info
-- Detecting CXX compiler ABI info - done
-- Check for working CXX compiler: /usr/bin/c++ - skipped
-- Detecting CXX compile features
-- Detecting CXX compile features - done
-- Found ros2_control_cmake: 0.3.0 (/opt/ros/jazzy/share/ros2_control_cmake/cmake)
-- Compiler warnings enabled for GNU
-- Detected GCC Version: 13.3.0 (Major: 13, Minor: 3)
-- Found controller_manager: 4.39.2 (/opt/ros/jazzy/share/controller_manager/cmake)
-- Found Python3: /usr/bin/python3 (found version "3.12.3") found components: Interpreter 
-- Found rosidl_generator_c: 4.6.6 (/opt/ros/jazzy/share/rosidl_generator_c/cmake)
-- Found rosidl_generator_cpp: 4.6.6 (/opt/ros/jazzy/share/rosidl_generator_cpp/cmake)
-- Using all available rosidl_typesupport_c: rosidl_typesupport_fastrtps_c;rosidl_typesupport_introspection_c
-- Using all available rosidl_typesupport_cpp: rosidl_typesupport_fastrtps_cpp;rosidl_typesupport_introspection_cpp
-- Found rmw_implementation_cmake: 7.3.2 (/opt/ros/jazzy/share/rmw_implementation_cmake/cmake)
-- Found rmw_fastrtps_cpp: 8.4.3 (/opt/ros/jazzy/share/rmw_fastrtps_cpp/cmake)
-- Found OpenSSL: /usr/lib/x86_64-linux-gnu/libcrypto.so (found version "3.0.13")  
-- Found FastRTPS: /opt/ros/jazzy/include (Required is at least version "2.13") 
-- Using RMW implementation 'rmw_fastrtps_cpp' as default
-- Found ament_cmake_pytest: 2.5.4 (/opt/ros/jazzy/share/ament_cmake_pytest/cmake)
-- Found ament_cmake_ros: 0.12.0 (/opt/ros/jazzy/share/ament_cmake_ros/cmake)
-- Found launch_testing_ament_cmake: 3.4.7 (/opt/ros/jazzy/share/launch_testing_ament_cmake/cmake)
-- Found python_cmake_module: 0.11.1 (/opt/ros/jazzy/share/python_cmake_module/cmake)
-- Found PythonExtra: /usr/bin/python3  
-- Configuring done (2.9s)
-- Generating done (0.0s)
-- Build files have been written to: /root/ws/tutorial/ros2_ws6/build/ros2_control_demo_example_14
[ 33%] [32mBuilding CXX object CMakeFiles/ros2_control_demo_example_14.dir/hardware/rrbot_actuator_without_feedback.cpp.o[0m
[ 66%] [32mBuilding CXX object CMakeFiles/ros2_control_demo_example_14.dir/hardware/rrbot_sensor_for_position_feedback.cpp.o[0m
[100%] [32m[1mLinking CXX shared library libros2_control_demo_example_14.so[0m
[100%] Built target ros2_control_demo_example_14
-- Install configuration: ""
-- Installing: /root/ws/tutorial/ros2_ws6/install/share/ros2_control_demo_example_14/ros2_control_demo_example_14.xml
-- Installing: /root/ws/tutorial/ros2_ws6/install/include/ros2_control_demo_example_14
-- Installing: /root/ws/tutorial/ros2_ws6/install/include/ros2_control_demo_example_14/ros2_control_demo_example_14
-- Installing: /root/ws/tutorial/ros2_ws6/install/include/ros2_control_demo_example_14/ros2_control_demo_example_14/rrbot_sensor_for_position_feedback.hpp
-- Installing: /root/ws/tutorial/ros2_ws6/install/include/ros2_control_demo_example_14/ros2_control_demo_example_14/rrbot_actuator_without_feedback.hpp
-- Installing: /root/ws/tutorial/ros2_ws6/install/share/ros2_control_demo_example_14/launch
-- Installing: /root/ws/tutorial/ros2_ws6/install/share/ros2_control_demo_example_14/launch/view_robot.launch.py
-- Installing: /root/ws/tutorial/ros2_ws6/install/share/ros2_control_demo_example_14/ros2_control
-- Installing: /root/ws/tutorial/ros2_ws6/install/share/ros2_control_demo_example_14/ros2_control/rrbot_modular_actuators_without_feedback_sensors_for_position_feedback.ros2_control.xacro
-- Installing: /root/ws/tutorial/ros2_ws6/install/share/ros2_control_demo_example_14/urdf
-- Installing: /root/ws/tutorial/ros2_ws6/install/share/ros2_control_demo_example_14/urdf/rrbot_modular_actuators_without_feedback_sensors_for_position_feedback.urdf.xacro
-- Up-to-date: /root/ws/tutorial/ros2_ws6/install/share/ros2_control_demo_example_14/launch
-- Installing: /root/ws/tutorial/ros2_ws6/install/share/ros2_control_demo_example_14/launch/rrbot_modular_actuators_without_feedback_sensors_for_position_feedback.launch.py
-- Installing: /root/ws/tutorial/ros2_ws6/install/share/ros2_control_demo_example_14/config
-- Installing: /root/ws/tutorial/ros2_ws6/install/share/ros2_control_demo_example_14/config/rrbot_modular_actuators_without_feedback_sensors_for_position_feedback.yaml
-- Installing: /root/ws/tutorial/ros2_ws6/install/lib/libros2_control_demo_example_14.so
-- Set non-toolchain portion of runtime path of "/root/ws/tutorial/ros2_ws6/install/lib/libros2_control_demo_example_14.so" to ""
-- Installing: /root/ws/tutorial/ros2_ws6/install/share/ros2_control_demo_example_14/environment/library_path.sh
-- Installing: /root/ws/tutorial/ros2_ws6/install/share/ros2_control_demo_example_14/environment/library_path.dsv
-- Installing: /root/ws/tutorial/ros2_ws6/install/share/ament_index/resource_index/package_run_dependencies/ros2_control_demo_example_14
-- Installing: /root/ws/tutorial/ros2_ws6/install/share/ament_index/resource_index/parent_prefix_path/ros2_control_demo_example_14
-- Installing: /root/ws/tutorial/ros2_ws6/install/share/ros2_control_demo_example_14/environment/ament_prefix_path.sh
-- Installing: /root/ws/tutorial/ros2_ws6/install/share/ros2_control_demo_example_14/environment/ament_prefix_path.dsv
-- Installing: /root/ws/tutorial/ros2_ws6/install/share/ros2_control_demo_example_14/environment/path.sh
-- Installing: /root/ws/tutorial/ros2_ws6/install/share/ros2_control_demo_example_14/environment/path.dsv
-- Installing: /root/ws/tutorial/ros2_ws6/install/share/ros2_control_demo_example_14/local_setup.bash
-- Installing: /root/ws/tutorial/ros2_ws6/install/share/ros2_control_demo_example_14/local_setup.sh
-- Installing: /root/ws/tutorial/ros2_ws6/install/share/ros2_control_demo_example_14/local_setup.zsh
-- Installing: /root/ws/tutorial/ros2_ws6/install/share/ros2_control_demo_example_14/local_setup.dsv
-- Installing: /root/ws/tutorial/ros2_ws6/install/share/ros2_control_demo_example_14/package.dsv
-- Installing: /root/ws/tutorial/ros2_ws6/install/share/ament_index/resource_index/packages/ros2_control_demo_example_14
-- Installing: /root/ws/tutorial/ros2_ws6/install/share/ament_index/resource_index/hardware_interface__pluginlib__plugin/ros2_control_demo_example_14
-- Installing: /root/ws/tutorial/ros2_ws6/install/share/ros2_control_demo_example_14/cmake/export_ros2_control_demo_example_14Export.cmake
-- Installing: /root/ws/tutorial/ros2_ws6/install/share/ros2_control_demo_example_14/cmake/export_ros2_control_demo_example_14Export-noconfig.cmake
-- Installing: /root/ws/tutorial/ros2_ws6/install/share/ros2_control_demo_example_14/cmake/ament_cmake_export_targets-extras.cmake
-- Installing: /root/ws/tutorial/ros2_ws6/install/share/ros2_control_demo_example_14/cmake/ament_cmake_export_dependencies-extras.cmake
-- Installing: /root/ws/tutorial/ros2_ws6/install/share/ros2_control_demo_example_14/cmake/ros2_control_demo_example_14Config.cmake
-- Installing: /root/ws/tutorial/ros2_ws6/install/share/ros2_control_demo_example_14/cmake/ros2_control_demo_example_14Config-version.cmake
-- Installing: /root/ws/tutorial/ros2_ws6/install/share/ros2_control_demo_example_14/package.xml
