[0.052s] Invoking command in '/root/ws/tutorial/ros2_ws6/build/ros2_control_demo_example_14': AMENT_PREFIX_PATH=/root/ws/tutorial/ros2_ws6/install:${AMENT_PREFIX_PATH} CMAKE_PREFIX_PATH=/root/ws/tutorial/ros2_ws6/install:/opt/ros/jazzy/opt/gz_sim_vendor:/opt/ros/jazzy/opt/gz_sensors_vendor:/opt/ros/jazzy/opt/gz_physics_vendor:/opt/ros/jazzy/opt/gz_gui_vendor:/opt/ros/jazzy/opt/gz_transport_vendor:/opt/ros/jazzy/opt/gz_rendering_vendor:/opt/ros/jazzy/opt/gz_plugin_vendor:/opt/ros/jazzy/opt/gz_fuel_tools_vendor:/opt/ros/jazzy/opt/gz_msgs_vendor:/opt/ros/jazzy/opt/gz_common_vendor:/opt/ros/jazzy/opt/gz_ogre_next_vendor:/opt/ros/jazzy/opt/gz_dartsim_vendor:/opt/ros/jazzy/opt/sdformat_vendor:/opt/ros/jazzy/opt/gz_math_vendor:/opt/ros/jazzy/opt/gz_utils_vendor:/opt/ros/jazzy/opt/gz_tools_vendor:/opt/ros/jazzy/opt/gz_cmake_vendor:/opt/ros/jazzy /usr/bin/cmake /root/ws/tutorial/ros2_ws6/src/ros2_control_demos/example_14 -DCMAKE_INSTALL_PREFIX=/root/ws/tutorial/ros2_ws6/install
[0.147s] -- The CXX compiler identification is GNU 13.3.0
[0.174s] -- Detecting CXX compiler ABI info
[0.323s] -- Detecting CXX compiler ABI info - done
[0.335s] -- Check for working CXX compiler: /usr/bin/c++ - skipped
[0.336s] -- Detecting CXX compile features
[0.338s] -- Detecting CXX compile features - done
[0.344s] -- Found ros2_control_cmake: 0.3.0 (/opt/ros/jazzy/share/ros2_control_cmake/cmake)
[0.344s] -- Compiler warnings enabled for GNU
[0.344s] -- Detected GCC Version: 13.3.0 (Major: 13, Minor: 3)
[0.348s] -- Found controller_manager: 4.39.2 (/opt/ros/jazzy/share/controller_manager/cmake)
[0.554s] -- Found Python3: /usr/bin/python3 (found version "3.12.3") found components: Interpreter 
[0.843s] -- Found rosidl_generator_c: 4.6.6 (/opt/ros/jazzy/share/rosidl_generator_c/cmake)
[0.873s] -- Found rosidl_generator_cpp: 4.6.6 (/opt/ros/jazzy/share/rosidl_generator_cpp/cmake)
[0.905s] -- Using all available rosidl_typesupport_c: rosidl_typesupport_fastrtps_c;rosidl_typesupport_introspection_c
[0.936s] -- Using all available rosidl_typesupport_cpp: rosidl_typesupport_fastrtps_cpp;rosidl_typesupport_introspection_cpp
[1.071s] -- Found rmw_implementation_cmake: 7.3.2 (/opt/ros/jazzy/share/rmw_implementation_cmake/cmake)
[1.079s] -- Found rmw_fastrtps_cpp: 8.4.3 (/opt/ros/jazzy/share/rmw_fastrtps_cpp/cmake)
[1.210s] -- Found OpenSSL: /usr/lib/x86_64-linux-gnu/libcrypto.so (found version "3.0.13")  
[1.236s] -- Found FastRTPS: /opt/ros/jazzy/include (Required is at least version "2.13") 
[1.266s] -- Using RMW implementation 'rmw_fastrtps_cpp' as default
[2.197s] -- Found ament_cmake_pytest: 2.5.4 (/opt/ros/jazzy/share/ament_cmake_pytest/cmake)
[2.652s] -- Found ament_cmake_ros: 0.12.0 (/opt/ros/jazzy/share/ament_cmake_ros/cmake)
[2.679s] -- Found launch_testing_ament_cmake: 3.4.7 (/opt/ros/jazzy/share/launch_testing_ament_cmake/cmake)
[2.685s] -- Found python_cmake_module: 0.11.1 (/opt/ros/jazzy/share/python_cmake_module/cmake)
[2.857s] -- Found PythonExtra: /usr/bin/python3  
[2.992s] -- Configuring done (2.9s)
[3.034s] -- Generating done (0.0s)
[3.040s] -- Build files have been written to: /root/ws/tutorial/ros2_ws6/build/ros2_control_demo_example_14
[3.055s] Invoked command in '/root/ws/tutorial/ros2_ws6/build/ros2_control_demo_example_14' returned '0': AMENT_PREFIX_PATH=/root/ws/tutorial/ros2_ws6/install:${AMENT_PREFIX_PATH} CMAKE_PREFIX_PATH=/root/ws/tutorial/ros2_ws6/install:/opt/ros/jazzy/opt/gz_sim_vendor:/opt/ros/jazzy/opt/gz_sensors_vendor:/opt/ros/jazzy/opt/gz_physics_vendor:/opt/ros/jazzy/opt/gz_gui_vendor:/opt/ros/jazzy/opt/gz_transport_vendor:/opt/ros/jazzy/opt/gz_rendering_vendor:/opt/ros/jazzy/opt/gz_plugin_vendor:/opt/ros/jazzy/opt/gz_fuel_tools_vendor:/opt/ros/jazzy/opt/gz_msgs_vendor:/opt/ros/jazzy/opt/gz_common_vendor:/opt/ros/jazzy/opt/gz_ogre_next_vendor:/opt/ros/jazzy/opt/gz_dartsim_vendor:/opt/ros/jazzy/opt/sdformat_vendor:/opt/ros/jazzy/opt/gz_math_vendor:/opt/ros/jazzy/opt/gz_utils_vendor:/opt/ros/jazzy/opt/gz_tools_vendor:/opt/ros/jazzy/opt/gz_cmake_vendor:/opt/ros/jazzy /usr/bin/cmake /root/ws/tutorial/ros2_ws6/src/ros2_control_demos/example_14 -DCMAKE_INSTALL_PREFIX=/root/ws/tutorial/ros2_ws6/install
[3.056s] Invoking command in '/root/ws/tutorial/ros2_ws6/build/ros2_control_demo_example_14': AMENT_PREFIX_PATH=/root/ws/tutorial/ros2_ws6/install:${AMENT_PREFIX_PATH} CMAKE_PREFIX_PATH=/root/ws/tutorial/ros2_ws6/install:/opt/ros/jazzy/opt/gz_sim_vendor:/opt/ros/jazzy/opt/gz_sensors_vendor:/opt/ros/jazzy/opt/gz_physics_vendor:/opt/ros/jazzy/opt/gz_gui_vendor:/opt/ros/jazzy/opt/gz_transport_vendor:/opt/ros/jazzy/opt/gz_rendering_vendor:/opt/ros/jazzy/opt/gz_plugin_vendor:/opt/ros/jazzy/opt/gz_fuel_tools_vendor:/opt/ros/jazzy/opt/gz_msgs_vendor:/opt/ros/jazzy/opt/gz_common_vendor:/opt/ros/jazzy/opt/gz_ogre_next_vendor:/opt/ros/jazzy/opt/gz_dartsim_vendor:/opt/ros/jazzy/opt/sdformat_vendor:/opt/ros/jazzy/opt/gz_math_vendor:/opt/ros/jazzy/opt/gz_utils_vendor:/opt/ros/jazzy/opt/gz_tools_vendor:/opt/ros/jazzy/opt/gz_cmake_vendor:/opt/ros/jazzy /usr/bin/cmake --build /root/ws/tutorial/ros2_ws6/build/ros2_control_demo_example_14 -- -j6 -l6
[4.649s] [ 33%] [32mBuilding CXX object CMakeFiles/ros2_control_demo_example_14.dir/hardware/rrbot_actuator_without_feedback.cpp.o[0m
[4.650s] [ 66%] [32mBuilding CXX object CMakeFiles/ros2_control_demo_example_14.dir/hardware/rrbot_sensor_for_position_feedback.cpp.o[0m
[7.152s] [01m[K/root/ws/tutorial/ros2_ws6/src/ros2_control_demos/example_14/hardware/rrbot_actuator_without_feedback.cpp:[m[K In member function ‘[01m[Kvirtual hardware_interface::CallbackReturn ros2_control_demo_example_14::RRBotActuatorWithoutFeedback::[01;32m[Kon_configure[m[K(const rclcpp_lifecycle::State&)[m[K’:
[7.152s] [01m[K/root/ws/tutorial/ros2_ws6/src/ros2_control_demos/example_14/hardware/rrbot_actuator_without_feedback.cpp:114:44:[m[K [01;35m[Kwarning: [m[Kuse of old-style cast to ‘[01m[Kstruct sockaddr*[m[K’ [[01;35m[K]8;;https://gcc.gnu.org/onlinedocs/gcc/Warning-Options.html#index-Wold-style-cast-Wold-style-cast]8;;[m[K]
[7.152s]   114 |     if (connect(sock_, (struct sockaddr *)&[01;35m[Kaddress_[m[K, sizeof(address_)) == 0)
[7.152s]       |                                            [01;35m[K^~~~~~~~[m[K
[7.153s]       |                        [31m[K-[m[K
[7.153s]       |                        [32m[Kreinterpret_cast<[m[K [31m[K-[m[K
[7.155s]       |                                          [32m[K> ([m[K       [32m[K)[m[K
[10.466s] [100%] [32m[1mLinking CXX shared library libros2_control_demo_example_14.so[0m
[10.797s] [100%] Built target ros2_control_demo_example_14
[10.817s] Invoked command in '/root/ws/tutorial/ros2_ws6/build/ros2_control_demo_example_14' returned '0': AMENT_PREFIX_PATH=/root/ws/tutorial/ros2_ws6/install:${AMENT_PREFIX_PATH} CMAKE_PREFIX_PATH=/root/ws/tutorial/ros2_ws6/install:/opt/ros/jazzy/opt/gz_sim_vendor:/opt/ros/jazzy/opt/gz_sensors_vendor:/opt/ros/jazzy/opt/gz_physics_vendor:/opt/ros/jazzy/opt/gz_gui_vendor:/opt/ros/jazzy/opt/gz_transport_vendor:/opt/ros/jazzy/opt/gz_rendering_vendor:/opt/ros/jazzy/opt/gz_plugin_vendor:/opt/ros/jazzy/opt/gz_fuel_tools_vendor:/opt/ros/jazzy/opt/gz_msgs_vendor:/opt/ros/jazzy/opt/gz_common_vendor:/opt/ros/jazzy/opt/gz_ogre_next_vendor:/opt/ros/jazzy/opt/gz_dartsim_vendor:/opt/ros/jazzy/opt/sdformat_vendor:/opt/ros/jazzy/opt/gz_math_vendor:/opt/ros/jazzy/opt/gz_utils_vendor:/opt/ros/jazzy/opt/gz_tools_vendor:/opt/ros/jazzy/opt/gz_cmake_vendor:/opt/ros/jazzy /usr/bin/cmake --build /root/ws/tutorial/ros2_ws6/build/ros2_control_demo_example_14 -- -j6 -l6
[10.818s] Invoking command in '/root/ws/tutorial/ros2_ws6/build/ros2_control_demo_example_14': AMENT_PREFIX_PATH=/root/ws/tutorial/ros2_ws6/install:${AMENT_PREFIX_PATH} CMAKE_PREFIX_PATH=/root/ws/tutorial/ros2_ws6/install:/opt/ros/jazzy/opt/gz_sim_vendor:/opt/ros/jazzy/opt/gz_sensors_vendor:/opt/ros/jazzy/opt/gz_physics_vendor:/opt/ros/jazzy/opt/gz_gui_vendor:/opt/ros/jazzy/opt/gz_transport_vendor:/opt/ros/jazzy/opt/gz_rendering_vendor:/opt/ros/jazzy/opt/gz_plugin_vendor:/opt/ros/jazzy/opt/gz_fuel_tools_vendor:/opt/ros/jazzy/opt/gz_msgs_vendor:/opt/ros/jazzy/opt/gz_common_vendor:/opt/ros/jazzy/opt/gz_ogre_next_vendor:/opt/ros/jazzy/opt/gz_dartsim_vendor:/opt/ros/jazzy/opt/sdformat_vendor:/opt/ros/jazzy/opt/gz_math_vendor:/opt/ros/jazzy/opt/gz_utils_vendor:/opt/ros/jazzy/opt/gz_tools_vendor:/opt/ros/jazzy/opt/gz_cmake_vendor:/opt/ros/jazzy /usr/bin/cmake --install /root/ws/tutorial/ros2_ws6/build/ros2_control_demo_example_14
[12.375s] -- Install configuration: ""
[12.375s] -- Installing: /root/ws/tutorial/ros2_ws6/install/share/ros2_control_demo_example_14/ros2_control_demo_example_14.xml
[12.375s] -- Installing: /root/ws/tutorial/ros2_ws6/install/include/ros2_control_demo_example_14
[12.375s] -- Installing: /root/ws/tutorial/ros2_ws6/install/include/ros2_control_demo_example_14/ros2_control_demo_example_14
[12.375s] -- Installing: /root/ws/tutorial/ros2_ws6/install/include/ros2_control_demo_example_14/ros2_control_demo_example_14/rrbot_sensor_for_position_feedback.hpp
[12.375s] -- Installing: /root/ws/tutorial/ros2_ws6/install/include/ros2_control_demo_example_14/ros2_control_demo_example_14/rrbot_actuator_without_feedback.hpp
[12.375s] -- Installing: /root/ws/tutorial/ros2_ws6/install/share/ros2_control_demo_example_14/launch
[12.375s] -- Installing: /root/ws/tutorial/ros2_ws6/install/share/ros2_control_demo_example_14/launch/view_robot.launch.py
[12.375s] -- Installing: /root/ws/tutorial/ros2_ws6/install/share/ros2_control_demo_example_14/ros2_control
[12.375s] -- Installing: /root/ws/tutorial/ros2_ws6/install/share/ros2_control_demo_example_14/ros2_control/rrbot_modular_actuators_without_feedback_sensors_for_position_feedback.ros2_control.xacro
[12.376s] -- Installing: /root/ws/tutorial/ros2_ws6/install/share/ros2_control_demo_example_14/urdf
[12.376s] -- Installing: /root/ws/tutorial/ros2_ws6/install/share/ros2_control_demo_example_14/urdf/rrbot_modular_actuators_without_feedback_sensors_for_position_feedback.urdf.xacro
[12.376s] -- Up-to-date: /root/ws/tutorial/ros2_ws6/install/share/ros2_control_demo_example_14/launch
[12.376s] -- Installing: /root/ws/tutorial/ros2_ws6/install/share/ros2_control_demo_example_14/launch/rrbot_modular_actuators_without_feedback_sensors_for_position_feedback.launch.py
[12.376s] -- Installing: /root/ws/tutorial/ros2_ws6/install/share/ros2_control_demo_example_14/config
[12.376s] -- Installing: /root/ws/tutorial/ros2_ws6/install/share/ros2_control_demo_example_14/config/rrbot_modular_actuators_without_feedback_sensors_for_position_feedback.yaml
[12.376s] -- Installing: /root/ws/tutorial/ros2_ws6/install/lib/libros2_control_demo_example_14.so
[12.376s] -- Set non-toolchain portion of runtime path of "/root/ws/tutorial/ros2_ws6/install/lib/libros2_control_demo_example_14.so" to ""
[12.377s] -- Installing: /root/ws/tutorial/ros2_ws6/install/share/ros2_control_demo_example_14/environment/library_path.sh
[12.377s] -- Installing: /root/ws/tutorial/ros2_ws6/install/share/ros2_control_demo_example_14/environment/library_path.dsv
[12.377s] -- Installing: /root/ws/tutorial/ros2_ws6/install/share/ament_index/resource_index/package_run_dependencies/ros2_control_demo_example_14
[12.377s] -- Installing: /root/ws/tutorial/ros2_ws6/install/share/ament_index/resource_index/parent_prefix_path/ros2_control_demo_example_14
[12.377s] -- Installing: /root/ws/tutorial/ros2_ws6/install/share/ros2_control_demo_example_14/environment/ament_prefix_path.sh
[12.377s] -- Installing: /root/ws/tutorial/ros2_ws6/install/share/ros2_control_demo_example_14/environment/ament_prefix_path.dsv
[12.377s] -- Installing: /root/ws/tutorial/ros2_ws6/install/share/ros2_control_demo_example_14/environment/path.sh
[12.377s] -- Installing: /root/ws/tutorial/ros2_ws6/install/share/ros2_control_demo_example_14/environment/path.dsv
[12.377s] -- Installing: /root/ws/tutorial/ros2_ws6/install/share/ros2_control_demo_example_14/local_setup.bash
[12.378s] -- Installing: /root/ws/tutorial/ros2_ws6/install/share/ros2_control_demo_example_14/local_setup.sh
[12.378s] -- Installing: /root/ws/tutorial/ros2_ws6/install/share/ros2_control_demo_example_14/local_setup.zsh
[12.378s] -- Installing: /root/ws/tutorial/ros2_ws6/install/share/ros2_control_demo_example_14/local_setup.dsv
[12.378s] -- Installing: /root/ws/tutorial/ros2_ws6/install/share/ros2_control_demo_example_14/package.dsv
[12.378s] -- Installing: /root/ws/tutorial/ros2_ws6/install/share/ament_index/resource_index/packages/ros2_control_demo_example_14
[12.378s] -- Installing: /root/ws/tutorial/ros2_ws6/install/share/ament_index/resource_index/hardware_interface__pluginlib__plugin/ros2_control_demo_example_14
[12.378s] -- Installing: /root/ws/tutorial/ros2_ws6/install/share/ros2_control_demo_example_14/cmake/export_ros2_control_demo_example_14Export.cmake
[12.381s] -- Installing: /root/ws/tutorial/ros2_ws6/install/share/ros2_control_demo_example_14/cmake/export_ros2_control_demo_example_14Export-noconfig.cmake
[12.381s] -- Installing: /root/ws/tutorial/ros2_ws6/install/share/ros2_control_demo_example_14/cmake/ament_cmake_export_targets-extras.cmake
[12.381s] -- Installing: /root/ws/tutorial/ros2_ws6/install/share/ros2_control_demo_example_14/cmake/ament_cmake_export_dependencies-extras.cmake
[12.381s] -- Installing: /root/ws/tutorial/ros2_ws6/install/share/ros2_control_demo_example_14/cmake/ros2_control_demo_example_14Config.cmake
[12.382s] -- Installing: /root/ws/tutorial/ros2_ws6/install/share/ros2_control_demo_example_14/cmake/ros2_control_demo_example_14Config-version.cmake
[12.382s] -- Installing: /root/ws/tutorial/ros2_ws6/install/share/ros2_control_demo_example_14/package.xml
[12.382s] Invoked command in '/root/ws/tutorial/ros2_ws6/build/ros2_control_demo_example_14' returned '0': AMENT_PREFIX_PATH=/root/ws/tutorial/ros2_ws6/install:${AMENT_PREFIX_PATH} CMAKE_PREFIX_PATH=/root/ws/tutorial/ros2_ws6/install:/opt/ros/jazzy/opt/gz_sim_vendor:/opt/ros/jazzy/opt/gz_sensors_vendor:/opt/ros/jazzy/opt/gz_physics_vendor:/opt/ros/jazzy/opt/gz_gui_vendor:/opt/ros/jazzy/opt/gz_transport_vendor:/opt/ros/jazzy/opt/gz_rendering_vendor:/opt/ros/jazzy/opt/gz_plugin_vendor:/opt/ros/jazzy/opt/gz_fuel_tools_vendor:/opt/ros/jazzy/opt/gz_msgs_vendor:/opt/ros/jazzy/opt/gz_common_vendor:/opt/ros/jazzy/opt/gz_ogre_next_vendor:/opt/ros/jazzy/opt/gz_dartsim_vendor:/opt/ros/jazzy/opt/sdformat_vendor:/opt/ros/jazzy/opt/gz_math_vendor:/opt/ros/jazzy/opt/gz_utils_vendor:/opt/ros/jazzy/opt/gz_tools_vendor:/opt/ros/jazzy/opt/gz_cmake_vendor:/opt/ros/jazzy /usr/bin/cmake --install /root/ws/tutorial/ros2_ws6/build/ros2_control_demo_example_14
