[0.022s] Invoking command in '/root/ws/tutorial/ros2_ws6/build/ros2_control_demo_example_12': AMENT_PREFIX_PATH=/root/ws/tutorial/ros2_ws6/install:${AMENT_PREFIX_PATH} CMAKE_PREFIX_PATH=/root/ws/tutorial/ros2_ws6/install:/opt/ros/jazzy/opt/gz_sim_vendor:/opt/ros/jazzy/opt/gz_sensors_vendor:/opt/ros/jazzy/opt/gz_physics_vendor:/opt/ros/jazzy/opt/gz_gui_vendor:/opt/ros/jazzy/opt/gz_transport_vendor:/opt/ros/jazzy/opt/gz_rendering_vendor:/opt/ros/jazzy/opt/gz_plugin_vendor:/opt/ros/jazzy/opt/gz_fuel_tools_vendor:/opt/ros/jazzy/opt/gz_msgs_vendor:/opt/ros/jazzy/opt/gz_common_vendor:/opt/ros/jazzy/opt/gz_ogre_next_vendor:/opt/ros/jazzy/opt/gz_dartsim_vendor:/opt/ros/jazzy/opt/sdformat_vendor:/opt/ros/jazzy/opt/gz_math_vendor:/opt/ros/jazzy/opt/gz_utils_vendor:/opt/ros/jazzy/opt/gz_tools_vendor:/opt/ros/jazzy/opt/gz_cmake_vendor:/opt/ros/jazzy /usr/bin/cmake /root/ws/tutorial/ros2_ws6/src/ros2_control_demos/example_12 -DCMAKE_INSTALL_PREFIX=/root/ws/tutorial/ros2_ws6/install
[3.201s] -- The CXX compiler identification is GNU 13.3.0
[3.202s] -- Detecting CXX compiler ABI info
[3.202s] -- Detecting CXX compiler ABI info - done
[3.202s] -- Check for working CXX compiler: /usr/bin/c++ - skipped
[3.202s] -- Detecting CXX compile features
[3.202s] -- Detecting CXX compile features - done
[3.203s] -- Found ros2_control_cmake: 0.3.0 (/opt/ros/jazzy/share/ros2_control_cmake/cmake)
[3.203s] -- Compiler warnings enabled for GNU
[3.203s] -- Detected GCC Version: 13.3.0 (Major: 13, Minor: 3)
[3.203s] -- Found controller_manager: 4.39.2 (/opt/ros/jazzy/share/controller_manager/cmake)
[3.203s] -- Found Python3: /usr/bin/python3 (found version "3.12.3") found components: Interpreter 
[3.204s] -- Found rosidl_generator_c: 4.6.6 (/opt/ros/jazzy/share/rosidl_generator_c/cmake)
[3.204s] -- Found rosidl_generator_cpp: 4.6.6 (/opt/ros/jazzy/share/rosidl_generator_cpp/cmake)
[3.204s] -- Using all available rosidl_typesupport_c: rosidl_typesupport_fastrtps_c;rosidl_typesupport_introspection_c
[3.204s] -- Using all available rosidl_typesupport_cpp: rosidl_typesupport_fastrtps_cpp;rosidl_typesupport_introspection_cpp
[3.204s] -- Found rmw_implementation_cmake: 7.3.2 (/opt/ros/jazzy/share/rmw_implementation_cmake/cmake)
[3.204s] -- Found rmw_fastrtps_cpp: 8.4.3 (/opt/ros/jazzy/share/rmw_fastrtps_cpp/cmake)
[3.204s] -- Found OpenSSL: /usr/lib/x86_64-linux-gnu/libcrypto.so (found version "3.0.13")  
[3.205s] -- Found FastRTPS: /opt/ros/jazzy/include (Required is at least version "2.13") 
[3.206s] -- Using RMW implementation 'rmw_fastrtps_cpp' as default
[3.206s] -- Found ament_cmake_pytest: 2.5.4 (/opt/ros/jazzy/share/ament_cmake_pytest/cmake)
[3.206s] -- Found ament_cmake_ros: 0.12.0 (/opt/ros/jazzy/share/ament_cmake_ros/cmake)
[3.206s] -- Found launch_testing_ament_cmake: 3.4.7 (/opt/ros/jazzy/share/launch_testing_ament_cmake/cmake)
[3.206s] -- Found python_cmake_module: 0.11.1 (/opt/ros/jazzy/share/python_cmake_module/cmake)
[3.207s] -- Found PythonExtra: /usr/bin/python3  
[3.207s] -- Configuring done (3.1s)
[3.208s] -- Generating done (0.0s)
[3.215s] -- Build files have been written to: /root/ws/tutorial/ros2_ws6/build/ros2_control_demo_example_12
[3.228s] Invoked command in '/root/ws/tutorial/ros2_ws6/build/ros2_control_demo_example_12' returned '0': AMENT_PREFIX_PATH=/root/ws/tutorial/ros2_ws6/install:${AMENT_PREFIX_PATH} CMAKE_PREFIX_PATH=/root/ws/tutorial/ros2_ws6/install:/opt/ros/jazzy/opt/gz_sim_vendor:/opt/ros/jazzy/opt/gz_sensors_vendor:/opt/ros/jazzy/opt/gz_physics_vendor:/opt/ros/jazzy/opt/gz_gui_vendor:/opt/ros/jazzy/opt/gz_transport_vendor:/opt/ros/jazzy/opt/gz_rendering_vendor:/opt/ros/jazzy/opt/gz_plugin_vendor:/opt/ros/jazzy/opt/gz_fuel_tools_vendor:/opt/ros/jazzy/opt/gz_msgs_vendor:/opt/ros/jazzy/opt/gz_common_vendor:/opt/ros/jazzy/opt/gz_ogre_next_vendor:/opt/ros/jazzy/opt/gz_dartsim_vendor:/opt/ros/jazzy/opt/sdformat_vendor:/opt/ros/jazzy/opt/gz_math_vendor:/opt/ros/jazzy/opt/gz_utils_vendor:/opt/ros/jazzy/opt/gz_tools_vendor:/opt/ros/jazzy/opt/gz_cmake_vendor:/opt/ros/jazzy /usr/bin/cmake /root/ws/tutorial/ros2_ws6/src/ros2_control_demos/example_12 -DCMAKE_INSTALL_PREFIX=/root/ws/tutorial/ros2_ws6/install
[3.228s] Invoking command in '/root/ws/tutorial/ros2_ws6/build/ros2_control_demo_example_12': AMENT_PREFIX_PATH=/root/ws/tutorial/ros2_ws6/install:${AMENT_PREFIX_PATH} CMAKE_PREFIX_PATH=/root/ws/tutorial/ros2_ws6/install:/opt/ros/jazzy/opt/gz_sim_vendor:/opt/ros/jazzy/opt/gz_sensors_vendor:/opt/ros/jazzy/opt/gz_physics_vendor:/opt/ros/jazzy/opt/gz_gui_vendor:/opt/ros/jazzy/opt/gz_transport_vendor:/opt/ros/jazzy/opt/gz_rendering_vendor:/opt/ros/jazzy/opt/gz_plugin_vendor:/opt/ros/jazzy/opt/gz_fuel_tools_vendor:/opt/ros/jazzy/opt/gz_msgs_vendor:/opt/ros/jazzy/opt/gz_common_vendor:/opt/ros/jazzy/opt/gz_ogre_next_vendor:/opt/ros/jazzy/opt/gz_dartsim_vendor:/opt/ros/jazzy/opt/sdformat_vendor:/opt/ros/jazzy/opt/gz_math_vendor:/opt/ros/jazzy/opt/gz_utils_vendor:/opt/ros/jazzy/opt/gz_tools_vendor:/opt/ros/jazzy/opt/gz_cmake_vendor:/opt/ros/jazzy /usr/bin/cmake --build /root/ws/tutorial/ros2_ws6/build/ros2_control_demo_example_12 -- -j6 -l6
[12.203s] [ 16%] [32mBuilding CXX object CMakeFiles/ros2_control_demo_example_12.dir/hardware/rrbot.cpp.o[0m
[12.203s] [ 33%] [34m[1mRunning `/opt/ros/jazzy/bin/generate_parameter_library_cpp /root/ws/tutorial/ros2_ws6/build/ros2_control_demo_example_12/include/ros2_control_demo_example_12/passthrough_controller_parameters.hpp /root/ws/tutorial/ros2_ws6/src/ros2_control_demos/example_12/controllers/src/passthrough_controller_parameters.yaml `[0m
[12.203s] [ 50%] [34m[1mCreating deprecated header file /root/ws/tutorial/ros2_ws6/build/ros2_control_demo_example_12/include/passthrough_controller_parameters.hpp[0m
[12.203s] [ 50%] Built target passthrough_controller_parameters
[12.203s] [ 66%] [32mBuilding CXX object CMakeFiles/passthrough_controller.dir/controllers/src/passthrough_controller.cpp.o[0m
[12.203s] [ 83%] [32m[1mLinking CXX shared library libros2_control_demo_example_12.so[0m
[12.206s] [01m[K/root/ws/tutorial/ros2_ws6/src/ros2_control_demos/example_12/controllers/src/passthrough_controller.cpp:[m[K In member function ‘[01m[Kvirtual controller_interface::return_type passthrough_controller::PassthroughController::[01;32m[Kupdate_and_write_commands[m[K(const rclcpp::Time&, const rclcpp::Duration&)[m[K’:
[12.206s] [01m[K/root/ws/tutorial/ros2_ws6/src/ros2_control_demos/example_12/controllers/src/passthrough_controller.cpp:143:39:[m[K [01;35m[Kwarning: [m[Kignoring return value of ‘[01m[Kbool hardware_interface::LoanedCommandInterface::[01;32m[Kset_value[m[K(const T&, unsigned int) [35m[K[with T = double][m[K[m[K’, declared with attribute ‘[01m[Knodiscard[m[K’ [[01;35m[K]8;;https://gcc.gnu.org/onlinedocs/gcc/Warning-Options.html#index-Wunused-result-Wunused-result]8;;[m[K]
[12.206s]   143 |       [01;35m[Kcommand_interfaces_[i].set_value(reference_interfaces_[i])[m[K;
[12.206s]       |       [01;35m[K~~~~~~~~~~~~~~~~~~~~~~~~~~~~~~~~^~~~~~~~~~~~~~~~~~~~~~~~~~[m[K
[12.206s] In file included from [01m[K/opt/ros/jazzy/include/controller_interface/controller_interface/controller_interface_base.hpp:29[m[K,
[12.206s]                  from [01m[K/opt/ros/jazzy/include/controller_interface/controller_interface/chainable_controller_interface.hpp:23[m[K,
[12.206s]                  from [01m[K/root/ws/tutorial/ros2_ws6/src/ros2_control_demos/example_12/controllers/include/passthrough_controller/passthrough_controller.hpp:24[m[K,
[12.207s]                  from [01m[K/root/ws/tutorial/ros2_ws6/src/ros2_control_demos/example_12/controllers/src/passthrough_controller.cpp:15[m[K:
[12.207s] [01m[K/opt/ros/jazzy/include/hardware_interface/hardware_interface/loaned_command_interface.hpp:113:22:[m[K [01;36m[Knote: [m[Kdeclared here
[12.207s]   113 |   [[nodiscard]] bool [01;36m[Kset_value[m[K(const T & value, unsigned int max_tries = 10)
[12.207s]       |                      [01;36m[K^~~~~~~~~[m[K
[12.225s] [ 83%] Built target ros2_control_demo_example_12
[17.818s] [100%] [32m[1mLinking CXX shared library libpassthrough_controller.so[0m
[18.577s] [100%] Built target passthrough_controller
[18.606s] Invoked command in '/root/ws/tutorial/ros2_ws6/build/ros2_control_demo_example_12' returned '0': AMENT_PREFIX_PATH=/root/ws/tutorial/ros2_ws6/install:${AMENT_PREFIX_PATH} CMAKE_PREFIX_PATH=/root/ws/tutorial/ros2_ws6/install:/opt/ros/jazzy/opt/gz_sim_vendor:/opt/ros/jazzy/opt/gz_sensors_vendor:/opt/ros/jazzy/opt/gz_physics_vendor:/opt/ros/jazzy/opt/gz_gui_vendor:/opt/ros/jazzy/opt/gz_transport_vendor:/opt/ros/jazzy/opt/gz_rendering_vendor:/opt/ros/jazzy/opt/gz_plugin_vendor:/opt/ros/jazzy/opt/gz_fuel_tools_vendor:/opt/ros/jazzy/opt/gz_msgs_vendor:/opt/ros/jazzy/opt/gz_common_vendor:/opt/ros/jazzy/opt/gz_ogre_next_vendor:/opt/ros/jazzy/opt/gz_dartsim_vendor:/opt/ros/jazzy/opt/sdformat_vendor:/opt/ros/jazzy/opt/gz_math_vendor:/opt/ros/jazzy/opt/gz_utils_vendor:/opt/ros/jazzy/opt/gz_tools_vendor:/opt/ros/jazzy/opt/gz_cmake_vendor:/opt/ros/jazzy /usr/bin/cmake --build /root/ws/tutorial/ros2_ws6/build/ros2_control_demo_example_12 -- -j6 -l6
[18.607s] Invoking command in '/root/ws/tutorial/ros2_ws6/build/ros2_control_demo_example_12': AMENT_PREFIX_PATH=/root/ws/tutorial/ros2_ws6/install:${AMENT_PREFIX_PATH} CMAKE_PREFIX_PATH=/root/ws/tutorial/ros2_ws6/install:/opt/ros/jazzy/opt/gz_sim_vendor:/opt/ros/jazzy/opt/gz_sensors_vendor:/opt/ros/jazzy/opt/gz_physics_vendor:/opt/ros/jazzy/opt/gz_gui_vendor:/opt/ros/jazzy/opt/gz_transport_vendor:/opt/ros/jazzy/opt/gz_rendering_vendor:/opt/ros/jazzy/opt/gz_plugin_vendor:/opt/ros/jazzy/opt/gz_fuel_tools_vendor:/opt/ros/jazzy/opt/gz_msgs_vendor:/opt/ros/jazzy/opt/gz_common_vendor:/opt/ros/jazzy/opt/gz_ogre_next_vendor:/opt/ros/jazzy/opt/gz_dartsim_vendor:/opt/ros/jazzy/opt/sdformat_vendor:/opt/ros/jazzy/opt/gz_math_vendor:/opt/ros/jazzy/opt/gz_utils_vendor:/opt/ros/jazzy/opt/gz_tools_vendor:/opt/ros/jazzy/opt/gz_cmake_vendor:/opt/ros/jazzy /usr/bin/cmake --install /root/ws/tutorial/ros2_ws6/build/ros2_control_demo_example_12
[22.569s] -- Install configuration: ""
[22.569s] -- Installing: /root/ws/tutorial/ros2_ws6/install/share/ros2_control_demo_example_12/ros2_control_demo_example_12.xml
[22.569s] -- Installing: /root/ws/tutorial/ros2_ws6/install/include/ros2_control_demo_example_12
[22.569s] -- Installing: /root/ws/tutorial/ros2_ws6/install/include/ros2_control_demo_example_12/passthrough_controller_parameters.hpp
[22.569s] -- Installing: /root/ws/tutorial/ros2_ws6/install/share/ros2_control_demo_example_12/passthrough_controller.xml
[22.569s] -- Up-to-date: /root/ws/tutorial/ros2_ws6/install/include/ros2_control_demo_example_12
[22.569s] -- Installing: /root/ws/tutorial/ros2_ws6/install/include/ros2_control_demo_example_12/ros2_control_demo_example_12
[22.569s] -- Installing: /root/ws/tutorial/ros2_ws6/install/include/ros2_control_demo_example_12/ros2_control_demo_example_12/rrbot.hpp
[22.569s] -- Installing: /root/ws/tutorial/ros2_ws6/install/share/ros2_control_demo_example_12/launch
[22.569s] -- Installing: /root/ws/tutorial/ros2_ws6/install/share/ros2_control_demo_example_12/launch/view_robot.launch.py
[22.570s] -- Installing: /root/ws/tutorial/ros2_ws6/install/share/ros2_control_demo_example_12/ros2_control
[22.570s] -- Installing: /root/ws/tutorial/ros2_ws6/install/share/ros2_control_demo_example_12/ros2_control/rrbot.ros2_control.xacro
[22.570s] -- Installing: /root/ws/tutorial/ros2_ws6/install/share/ros2_control_demo_example_12/urdf
[22.570s] -- Installing: /root/ws/tutorial/ros2_ws6/install/share/ros2_control_demo_example_12/urdf/rrbot.urdf.xacro
[22.570s] -- Up-to-date: /root/ws/tutorial/ros2_ws6/install/share/ros2_control_demo_example_12/launch
[22.570s] -- Installing: /root/ws/tutorial/ros2_ws6/install/share/ros2_control_demo_example_12/launch/rrbot.launch.py
[22.570s] -- Installing: /root/ws/tutorial/ros2_ws6/install/share/ros2_control_demo_example_12/launch/launch_chained_controllers.launch.py
[22.570s] -- Installing: /root/ws/tutorial/ros2_ws6/install/share/ros2_control_demo_example_12/config
[22.570s] -- Installing: /root/ws/tutorial/ros2_ws6/install/share/ros2_control_demo_example_12/config/rrbot_chained_controllers.yaml
[22.570s] -- Installing: /root/ws/tutorial/ros2_ws6/install/lib/libros2_control_demo_example_12.so
[22.570s] -- Set non-toolchain portion of runtime path of "/root/ws/tutorial/ros2_ws6/install/lib/libros2_control_demo_example_12.so" to ""
[22.570s] -- Installing: /root/ws/tutorial/ros2_ws6/install/include/passthrough_controller
[22.571s] -- Installing: /root/ws/tutorial/ros2_ws6/install/include/passthrough_controller/passthrough_controller
[22.571s] -- Installing: /root/ws/tutorial/ros2_ws6/install/include/passthrough_controller/passthrough_controller/passthrough_controller.hpp
[22.571s] -- Installing: /root/ws/tutorial/ros2_ws6/install/lib/libpassthrough_controller.so
[22.571s] -- Set non-toolchain portion of runtime path of "/root/ws/tutorial/ros2_ws6/install/lib/libpassthrough_controller.so" to ""
[22.571s] -- Installing: /root/ws/tutorial/ros2_ws6/install/share/ros2_control_demo_example_12/environment/library_path.sh
[22.571s] -- Installing: /root/ws/tutorial/ros2_ws6/install/share/ros2_control_demo_example_12/environment/library_path.dsv
[22.571s] -- Installing: /root/ws/tutorial/ros2_ws6/install/share/ament_index/resource_index/package_run_dependencies/ros2_control_demo_example_12
[22.571s] -- Installing: /root/ws/tutorial/ros2_ws6/install/share/ament_index/resource_index/parent_prefix_path/ros2_control_demo_example_12
[22.571s] -- Installing: /root/ws/tutorial/ros2_ws6/install/share/ros2_control_demo_example_12/environment/ament_prefix_path.sh
[22.571s] -- Installing: /root/ws/tutorial/ros2_ws6/install/share/ros2_control_demo_example_12/environment/ament_prefix_path.dsv
[22.575s] -- Installing: /root/ws/tutorial/ros2_ws6/install/share/ros2_control_demo_example_12/environment/path.sh
[22.575s] -- Installing: /root/ws/tutorial/ros2_ws6/install/share/ros2_control_demo_example_12/environment/path.dsv
[22.575s] -- Installing: /root/ws/tutorial/ros2_ws6/install/share/ros2_control_demo_example_12/local_setup.bash
[22.575s] -- Installing: /root/ws/tutorial/ros2_ws6/install/share/ros2_control_demo_example_12/local_setup.sh
[22.575s] -- Installing: /root/ws/tutorial/ros2_ws6/install/share/ros2_control_demo_example_12/local_setup.zsh
[22.575s] -- Installing: /root/ws/tutorial/ros2_ws6/install/share/ros2_control_demo_example_12/local_setup.dsv
[22.575s] -- Installing: /root/ws/tutorial/ros2_ws6/install/share/ros2_control_demo_example_12/package.dsv
[22.575s] -- Installing: /root/ws/tutorial/ros2_ws6/install/share/ament_index/resource_index/packages/ros2_control_demo_example_12
[22.575s] -- Installing: /root/ws/tutorial/ros2_ws6/install/share/ament_index/resource_index/hardware_interface__pluginlib__plugin/ros2_control_demo_example_12
[22.575s] -- Installing: /root/ws/tutorial/ros2_ws6/install/share/ament_index/resource_index/controller_interface__pluginlib__plugin/ros2_control_demo_example_12
[22.575s] -- Installing: /root/ws/tutorial/ros2_ws6/install/share/ros2_control_demo_example_12/cmake/export_passthrough_controllerExport.cmake
[22.575s] -- Installing: /root/ws/tutorial/ros2_ws6/install/share/ros2_control_demo_example_12/cmake/export_passthrough_controllerExport-noconfig.cmake
[22.576s] -- Installing: /root/ws/tutorial/ros2_ws6/install/share/ros2_control_demo_example_12/cmake/export_ros2_control_demo_example_12Export.cmake
[22.576s] -- Installing: /root/ws/tutorial/ros2_ws6/install/share/ros2_control_demo_example_12/cmake/export_ros2_control_demo_example_12Export-noconfig.cmake
[22.576s] -- Installing: /root/ws/tutorial/ros2_ws6/install/share/ros2_control_demo_example_12/cmake/ament_cmake_export_dependencies-extras.cmake
[22.576s] -- Installing: /root/ws/tutorial/ros2_ws6/install/share/ros2_control_demo_example_12/cmake/ament_cmake_export_targets-extras.cmake
[22.576s] -- Installing: /root/ws/tutorial/ros2_ws6/install/share/ros2_control_demo_example_12/cmake/ros2_control_demo_example_12Config.cmake
[22.576s] -- Installing: /root/ws/tutorial/ros2_ws6/install/share/ros2_control_demo_example_12/cmake/ros2_control_demo_example_12Config-version.cmake
[22.576s] -- Installing: /root/ws/tutorial/ros2_ws6/install/share/ros2_control_demo_example_12/package.xml
[22.576s] Invoked command in '/root/ws/tutorial/ros2_ws6/build/ros2_control_demo_example_12' returned '0': AMENT_PREFIX_PATH=/root/ws/tutorial/ros2_ws6/install:${AMENT_PREFIX_PATH} CMAKE_PREFIX_PATH=/root/ws/tutorial/ros2_ws6/install:/opt/ros/jazzy/opt/gz_sim_vendor:/opt/ros/jazzy/opt/gz_sensors_vendor:/opt/ros/jazzy/opt/gz_physics_vendor:/opt/ros/jazzy/opt/gz_gui_vendor:/opt/ros/jazzy/opt/gz_transport_vendor:/opt/ros/jazzy/opt/gz_rendering_vendor:/opt/ros/jazzy/opt/gz_plugin_vendor:/opt/ros/jazzy/opt/gz_fuel_tools_vendor:/opt/ros/jazzy/opt/gz_msgs_vendor:/opt/ros/jazzy/opt/gz_common_vendor:/opt/ros/jazzy/opt/gz_ogre_next_vendor:/opt/ros/jazzy/opt/gz_dartsim_vendor:/opt/ros/jazzy/opt/sdformat_vendor:/opt/ros/jazzy/opt/gz_math_vendor:/opt/ros/jazzy/opt/gz_utils_vendor:/opt/ros/jazzy/opt/gz_tools_vendor:/opt/ros/jazzy/opt/gz_cmake_vendor:/opt/ros/jazzy /usr/bin/cmake --install /root/ws/tutorial/ros2_ws6/build/ros2_control_demo_example_12
