running egg_info
creating ../../build/py_srvcli/py_srvcli.egg-info
writing ../../build/py_srvcli/py_srvcli.egg-info/PKG-INFO
writing dependency_links to ../../build/py_srvcli/py_srvcli.egg-info/dependency_links.txt
writing requirements to ../../build/py_srvcli/py_srvcli.egg-info/requires.txt
writing top-level names to ../../build/py_srvcli/py_srvcli.egg-info/top_level.txt
writing manifest file '../../build/py_srvcli/py_srvcli.egg-info/SOURCES.txt'
reading manifest file '../../build/py_srvcli/py_srvcli.egg-info/SOURCES.txt'
adding license file 'LICENSE'
writing manifest file '../../build/py_srvcli/py_srvcli.egg-info/SOURCES.txt'
running build
running build_py
creating /root/ws/tutorial/ws7/build/py_srvcli/build
creating /root/ws/tutorial/ws7/build/py_srvcli/build/lib
creating /root/ws/tutorial/ws7/build/py_srvcli/build/lib/py_srvcli
copying py_srvcli/__init__.py -> /root/ws/tutorial/ws7/build/py_srvcli/build/lib/py_srvcli
copying py_srvcli/cli.py -> /root/ws/tutorial/ws7/build/py_srvcli/build/lib/py_srvcli
copying py_srvcli/srv.py -> /root/ws/tutorial/ws7/build/py_srvcli/build/lib/py_srvcli
running install
running install_lib
creating /root/ws/tutorial/ws7/install/py_srvcli/lib/python3.12/site-packages/py_srvcli
copying /root/ws/tutorial/ws7/build/py_srvcli/build/lib/py_srvcli/__init__.py -> /root/ws/tutorial/ws7/install/py_srvcli/lib/python3.12/site-packages/py_srvcli
copying /root/ws/tutorial/ws7/build/py_srvcli/build/lib/py_srvcli/cli.py -> /root/ws/tutorial/ws7/install/py_srvcli/lib/python3.12/site-packages/py_srvcli
copying /root/ws/tutorial/ws7/build/py_srvcli/build/lib/py_srvcli/srv.py -> /root/ws/tutorial/ws7/install/py_srvcli/lib/python3.12/site-packages/py_srvcli
byte-compiling /root/ws/tutorial/ws7/install/py_srvcli/lib/python3.12/site-packages/py_srvcli/__init__.py to __init__.cpython-312.pyc
byte-compiling /root/ws/tutorial/ws7/install/py_srvcli/lib/python3.12/site-packages/py_srvcli/cli.py to cli.cpython-312.pyc
byte-compiling /root/ws/tutorial/ws7/install/py_srvcli/lib/python3.12/site-packages/py_srvcli/srv.py to srv.cpython-312.pyc
running install_data
creating /root/ws/tutorial/ws7/install/py_srvcli/share/ament_index
creating /root/ws/tutorial/ws7/install/py_srvcli/share/ament_index/resource_index
creating /root/ws/tutorial/ws7/install/py_srvcli/share/ament_index/resource_index/packages
copying resource/py_srvcli -> /root/ws/tutorial/ws7/install/py_srvcli/share/ament_index/resource_index/packages
copying package.xml -> /root/ws/tutorial/ws7/install/py_srvcli/share/py_srvcli
running install_egg_info
Copying ../../build/py_srvcli/py_srvcli.egg-info to /root/ws/tutorial/ws7/install/py_srvcli/lib/python3.12/site-packages/py_srvcli-0.0.0-py3.12.egg-info
running install_scripts
writing list of installed files to '/root/ws/tutorial/ws7/build/py_srvcli/install.log'
