[1.059s] Invoking command in '/root/ws/tutorial/ws7/src/py_srvcli': PYTHONPATH=/root/ws/tutorial/ws7/build/py_srvcli/prefix_override:/usr/lib/python3/dist-packages/colcon_core/task/python/colcon_distutils_commands:/root/ws/tutorial/ws7/install/py_srvcli/lib/python3.12/site-packages:${PYTHONPATH} /usr/bin/python3 -W ignore:setup.py install is deprecated -W ignore:easy_install command is deprecated setup.py egg_info --egg-base ../../build/py_srvcli build --build-base /root/ws/tutorial/ws7/build/py_srvcli/build install --record /root/ws/tutorial/ws7/build/py_srvcli/install.log --single-version-externally-managed install_data
[1.359s] running egg_info
[1.359s] creating ../../build/py_srvcli/py_srvcli.egg-info
[1.380s] writing ../../build/py_srvcli/py_srvcli.egg-info/PKG-INFO
[1.380s] writing dependency_links to ../../build/py_srvcli/py_srvcli.egg-info/dependency_links.txt
[1.380s] writing requirements to ../../build/py_srvcli/py_srvcli.egg-info/requires.txt
[1.380s] writing top-level names to ../../build/py_srvcli/py_srvcli.egg-info/top_level.txt
[1.380s] writing manifest file '../../build/py_srvcli/py_srvcli.egg-info/SOURCES.txt'
[1.422s] reading manifest file '../../build/py_srvcli/py_srvcli.egg-info/SOURCES.txt'
[1.423s] adding license file 'LICENSE'
[1.423s] writing manifest file '../../build/py_srvcli/py_srvcli.egg-info/SOURCES.txt'
[1.423s] running build
[1.423s] running build_py
[1.424s] creating /root/ws/tutorial/ws7/build/py_srvcli/build
[1.424s] creating /root/ws/tutorial/ws7/build/py_srvcli/build/lib
[1.424s] creating /root/ws/tutorial/ws7/build/py_srvcli/build/lib/py_srvcli
[1.424s] copying py_srvcli/__init__.py -> /root/ws/tutorial/ws7/build/py_srvcli/build/lib/py_srvcli
[1.424s] copying py_srvcli/cli.py -> /root/ws/tutorial/ws7/build/py_srvcli/build/lib/py_srvcli
[1.424s] copying py_srvcli/srv.py -> /root/ws/tutorial/ws7/build/py_srvcli/build/lib/py_srvcli
[1.424s] running install
[1.431s] running install_lib
[1.453s] creating /root/ws/tutorial/ws7/install/py_srvcli/lib/python3.12/site-packages/py_srvcli
[1.453s] copying /root/ws/tutorial/ws7/build/py_srvcli/build/lib/py_srvcli/__init__.py -> /root/ws/tutorial/ws7/install/py_srvcli/lib/python3.12/site-packages/py_srvcli
[1.453s] copying /root/ws/tutorial/ws7/build/py_srvcli/build/lib/py_srvcli/cli.py -> /root/ws/tutorial/ws7/install/py_srvcli/lib/python3.12/site-packages/py_srvcli
[1.454s] copying /root/ws/tutorial/ws7/build/py_srvcli/build/lib/py_srvcli/srv.py -> /root/ws/tutorial/ws7/install/py_srvcli/lib/python3.12/site-packages/py_srvcli
[1.454s] byte-compiling /root/ws/tutorial/ws7/install/py_srvcli/lib/python3.12/site-packages/py_srvcli/__init__.py to __init__.cpython-312.pyc
[1.454s] byte-compiling /root/ws/tutorial/ws7/install/py_srvcli/lib/python3.12/site-packages/py_srvcli/cli.py to cli.cpython-312.pyc
[1.455s] byte-compiling /root/ws/tutorial/ws7/install/py_srvcli/lib/python3.12/site-packages/py_srvcli/srv.py to srv.cpython-312.pyc
[1.455s] running install_data
[1.456s] creating /root/ws/tutorial/ws7/install/py_srvcli/share/ament_index
[1.456s] creating /root/ws/tutorial/ws7/install/py_srvcli/share/ament_index/resource_index
[1.456s] creating /root/ws/tutorial/ws7/install/py_srvcli/share/ament_index/resource_index/packages
[1.456s] copying resource/py_srvcli -> /root/ws/tutorial/ws7/install/py_srvcli/share/ament_index/resource_index/packages
[1.456s] copying package.xml -> /root/ws/tutorial/ws7/install/py_srvcli/share/py_srvcli
[1.456s] running install_egg_info
[1.478s] Copying ../../build/py_srvcli/py_srvcli.egg-info to /root/ws/tutorial/ws7/install/py_srvcli/lib/python3.12/site-packages/py_srvcli-0.0.0-py3.12.egg-info
[1.479s] running install_scripts
[1.626s] writing list of installed files to '/root/ws/tutorial/ws7/build/py_srvcli/install.log'
[1.661s] Invoked command in '/root/ws/tutorial/ws7/src/py_srvcli' returned '0': PYTHONPATH=/root/ws/tutorial/ws7/build/py_srvcli/prefix_override:/usr/lib/python3/dist-packages/colcon_core/task/python/colcon_distutils_commands:/root/ws/tutorial/ws7/install/py_srvcli/lib/python3.12/site-packages:${PYTHONPATH} /usr/bin/python3 -W ignore:setup.py install is deprecated -W ignore:easy_install command is deprecated setup.py egg_info --egg-base ../../build/py_srvcli build --build-base /root/ws/tutorial/ws7/build/py_srvcli/build install --record /root/ws/tutorial/ws7/build/py_srvcli/install.log --single-version-externally-managed install_data
