[0.012s] Invoking command in '/root/ws/tutorial/ros2_ws/build/examples_rclcpp_minimal_timer': CMAKE_PREFIX_PATH=${CMAKE_PREFIX_PATH}:/opt/ros/jazzy /usr/bin/cmake /root/ws/tutorial/ros2_ws/src/examples/rclcpp/timers/minimal_timer -DAMENT_CMAKE_SYMLINK_INSTALL=1 -DCMAKE_INSTALL_PREFIX=/root/ws/tutorial/ros2_ws/install/examples_rclcpp_minimal_timer
[2.919s] -- The C compiler identification is GNU 13.3.0
[2.919s] -- The CXX compiler identification is GNU 13.3.0
[2.919s] -- Detecting C compiler ABI info
[2.919s] -- Detecting C compiler ABI info - done
[2.919s] -- Check for working C compiler: /usr/bin/cc - skipped
[2.919s] -- Detecting C compile features
[2.919s] -- Detecting C compile features - done
[2.919s] -- Detecting CXX compiler ABI info
[2.919s] -- Detecting CXX compiler ABI info - done
[2.920s] -- Check for working CXX compiler: /usr/bin/c++ - skipped
[2.920s] -- Detecting CXX compile features
[2.920s] -- Detecting CXX compile features - done
[2.920s] -- Found ament_cmake: 2.5.4 (/opt/ros/jazzy/share/ament_cmake/cmake)
[2.920s] -- Found Python3: /usr/bin/python3 (found version "3.12.3") found components: Interpreter 
[2.920s] -- Override CMake install command with custom implementation using symlinks instead of copying resources
[2.920s] -- Found rclcpp: 28.1.12 (/opt/ros/jazzy/share/rclcpp/cmake)
[2.920s] -- Found rosidl_generator_c: 4.6.6 (/opt/ros/jazzy/share/rosidl_generator_c/cmake)
[2.920s] -- Found rosidl_generator_cpp: 4.6.6 (/opt/ros/jazzy/share/rosidl_generator_cpp/cmake)
[2.920s] -- Using all available rosidl_typesupport_c: rosidl_typesupport_fastrtps_c;rosidl_typesupport_introspection_c
[2.920s] -- Using all available rosidl_typesupport_cpp: rosidl_typesupport_fastrtps_cpp;rosidl_typesupport_introspection_cpp
[2.920s] -- Found rmw_implementation_cmake: 7.3.2 (/opt/ros/jazzy/share/rmw_implementation_cmake/cmake)
[2.920s] -- Found rmw_fastrtps_cpp: 8.4.3 (/opt/ros/jazzy/share/rmw_fastrtps_cpp/cmake)
[2.921s] -- Found OpenSSL: /usr/lib/x86_64-linux-gnu/libcrypto.so (found version "3.0.13")  
[2.921s] -- Found FastRTPS: /opt/ros/jazzy/include (Required is at least version "2.13") 
[2.921s] -- Using RMW implementation 'rmw_fastrtps_cpp' as default
[2.921s] -- Found ament_lint_auto: 0.17.3 (/opt/ros/jazzy/share/ament_lint_auto/cmake)
[3.349s] -- Added test 'copyright' to check source files copyright and LICENSE
[3.355s] -- Added test 'cppcheck' to perform static code analysis on C / C++ code
[3.360s] -- Configured cppcheck include dirs: 
[3.360s] -- Configured cppcheck exclude dirs and/or files: 
[3.360s] -- Added test 'cpplint' to check C / C++ code against the Google style
[3.361s] -- Configured cpplint exclude dirs and/or files: 
[3.366s] -- Added test 'lint_cmake' to check CMake code style
[3.371s] -- Added test 'uncrustify' to check C / C++ code style
[3.371s] -- Configured uncrustify additional arguments: 
[3.374s] -- Added test 'xmllint' to check XML markup files
[3.385s] -- Configuring done (3.4s)
[3.458s] -- Generating done (0.0s)
[3.490s] -- Build files have been written to: /root/ws/tutorial/ros2_ws/build/examples_rclcpp_minimal_timer
[3.523s] Invoked command in '/root/ws/tutorial/ros2_ws/build/examples_rclcpp_minimal_timer' returned '0': CMAKE_PREFIX_PATH=${CMAKE_PREFIX_PATH}:/opt/ros/jazzy /usr/bin/cmake /root/ws/tutorial/ros2_ws/src/examples/rclcpp/timers/minimal_timer -DAMENT_CMAKE_SYMLINK_INSTALL=1 -DCMAKE_INSTALL_PREFIX=/root/ws/tutorial/ros2_ws/install/examples_rclcpp_minimal_timer
[3.523s] Invoking command in '/root/ws/tutorial/ros2_ws/build/examples_rclcpp_minimal_timer': CMAKE_PREFIX_PATH=${CMAKE_PREFIX_PATH}:/opt/ros/jazzy /usr/bin/cmake --build /root/ws/tutorial/ros2_ws/build/examples_rclcpp_minimal_timer -- -j6 -l6
[14.212s] [ 25%] [32mBuilding CXX object CMakeFiles/timer_lambda.dir/lambda.cpp.o[0m
[14.212s] [ 50%] [32mBuilding CXX object CMakeFiles/timer_member_function.dir/member_function.cpp.o[0m
[15.457s] [ 75%] [32m[1mLinking CXX executable timer_member_function[0m
[15.571s] [100%] [32m[1mLinking CXX executable timer_lambda[0m
[15.988s] [100%] Built target timer_member_function
[16.000s] [100%] Built target timer_lambda
[16.026s] Invoked command in '/root/ws/tutorial/ros2_ws/build/examples_rclcpp_minimal_timer' returned '0': CMAKE_PREFIX_PATH=${CMAKE_PREFIX_PATH}:/opt/ros/jazzy /usr/bin/cmake --build /root/ws/tutorial/ros2_ws/build/examples_rclcpp_minimal_timer -- -j6 -l6
[16.027s] Invoking command in '/root/ws/tutorial/ros2_ws/build/examples_rclcpp_minimal_timer': CMAKE_PREFIX_PATH=${CMAKE_PREFIX_PATH}:/opt/ros/jazzy /usr/bin/cmake --install /root/ws/tutorial/ros2_ws/build/examples_rclcpp_minimal_timer
[16.308s] -- Install configuration: ""
[16.308s] -- Execute custom install script
[16.308s] -- Symlinking: /root/ws/tutorial/ros2_ws/install/examples_rclcpp_minimal_timer/lib/examples_rclcpp_minimal_timer/timer_lambda
[16.308s] -- Symlinking: /root/ws/tutorial/ros2_ws/install/examples_rclcpp_minimal_timer/lib/examples_rclcpp_minimal_timer/timer_member_function
[16.308s] -- Symlinking: /root/ws/tutorial/ros2_ws/install/examples_rclcpp_minimal_timer/share/ament_index/resource_index/package_run_dependencies/examples_rclcpp_minimal_timer
[16.308s] -- Symlinking: /root/ws/tutorial/ros2_ws/install/examples_rclcpp_minimal_timer/share/ament_index/resource_index/parent_prefix_path/examples_rclcpp_minimal_timer
[16.308s] -- Symlinking: /root/ws/tutorial/ros2_ws/install/examples_rclcpp_minimal_timer/share/examples_rclcpp_minimal_timer/environment/ament_prefix_path.sh
[16.308s] -- Symlinking: /root/ws/tutorial/ros2_ws/install/examples_rclcpp_minimal_timer/share/examples_rclcpp_minimal_timer/environment/ament_prefix_path.dsv
[16.308s] -- Symlinking: /root/ws/tutorial/ros2_ws/install/examples_rclcpp_minimal_timer/share/examples_rclcpp_minimal_timer/environment/path.sh
[16.309s] -- Symlinking: /root/ws/tutorial/ros2_ws/install/examples_rclcpp_minimal_timer/share/examples_rclcpp_minimal_timer/environment/path.dsv
[16.309s] -- Symlinking: /root/ws/tutorial/ros2_ws/install/examples_rclcpp_minimal_timer/share/examples_rclcpp_minimal_timer/local_setup.bash
[16.309s] -- Symlinking: /root/ws/tutorial/ros2_ws/install/examples_rclcpp_minimal_timer/share/examples_rclcpp_minimal_timer/local_setup.sh
[16.309s] -- Symlinking: /root/ws/tutorial/ros2_ws/install/examples_rclcpp_minimal_timer/share/examples_rclcpp_minimal_timer/local_setup.zsh
[16.319s] -- Symlinking: /root/ws/tutorial/ros2_ws/install/examples_rclcpp_minimal_timer/share/examples_rclcpp_minimal_timer/local_setup.dsv
[16.352s] -- Symlinking: /root/ws/tutorial/ros2_ws/install/examples_rclcpp_minimal_timer/share/examples_rclcpp_minimal_timer/package.dsv
[16.373s] -- Symlinking: /root/ws/tutorial/ros2_ws/install/examples_rclcpp_minimal_timer/share/ament_index/resource_index/packages/examples_rclcpp_minimal_timer
[16.397s] -- Symlinking: /root/ws/tutorial/ros2_ws/install/examples_rclcpp_minimal_timer/share/examples_rclcpp_minimal_timer/cmake/examples_rclcpp_minimal_timerConfig.cmake
[16.426s] -- Symlinking: /root/ws/tutorial/ros2_ws/install/examples_rclcpp_minimal_timer/share/examples_rclcpp_minimal_timer/cmake/examples_rclcpp_minimal_timerConfig-version.cmake
[16.442s] -- Symlinking: /root/ws/tutorial/ros2_ws/install/examples_rclcpp_minimal_timer/share/examples_rclcpp_minimal_timer/package.xml
[16.472s] Invoked command in '/root/ws/tutorial/ros2_ws/build/examples_rclcpp_minimal_timer' returned '0': CMAKE_PREFIX_PATH=${CMAKE_PREFIX_PATH}:/opt/ros/jazzy /usr/bin/cmake --install /root/ws/tutorial/ros2_ws/build/examples_rclcpp_minimal_timer
