[0.027s] Invoking command in '/root/ws/tutorial/ros2_ws6/build/ros2_control_demo_example_5': AMENT_PREFIX_PATH=/root/ws/tutorial/ros2_ws6/install:${AMENT_PREFIX_PATH} CMAKE_PREFIX_PATH=/root/ws/tutorial/ros2_ws6/install:/opt/ros/jazzy/opt/gz_sim_vendor:/opt/ros/jazzy/opt/gz_sensors_vendor:/opt/ros/jazzy/opt/gz_physics_vendor:/opt/ros/jazzy/opt/gz_gui_vendor:/opt/ros/jazzy/opt/gz_transport_vendor:/opt/ros/jazzy/opt/gz_rendering_vendor:/opt/ros/jazzy/opt/gz_plugin_vendor:/opt/ros/jazzy/opt/gz_fuel_tools_vendor:/opt/ros/jazzy/opt/gz_msgs_vendor:/opt/ros/jazzy/opt/gz_common_vendor:/opt/ros/jazzy/opt/gz_ogre_next_vendor:/opt/ros/jazzy/opt/gz_dartsim_vendor:/opt/ros/jazzy/opt/sdformat_vendor:/opt/ros/jazzy/opt/gz_math_vendor:/opt/ros/jazzy/opt/gz_utils_vendor:/opt/ros/jazzy/opt/gz_tools_vendor:/opt/ros/jazzy/opt/gz_cmake_vendor:/opt/ros/jazzy /usr/bin/cmake /root/ws/tutorial/ros2_ws6/src/ros2_control_demos/example_5 -DCMAKE_INSTALL_PREFIX=/root/ws/tutorial/ros2_ws6/install
[0.118s] -- The CXX compiler identification is GNU 13.3.0
[0.136s] -- Detecting CXX compiler ABI info
[0.270s] -- Detecting CXX compiler ABI info - done
[0.283s] -- Check for working CXX compiler: /usr/bin/c++ - skipped
[0.283s] -- Detecting CXX compile features
[0.284s] -- Detecting CXX compile features - done
[0.290s] -- Found ros2_control_cmake: 0.3.0 (/opt/ros/jazzy/share/ros2_control_cmake/cmake)
[0.290s] -- Compiler warnings enabled for GNU
[0.290s] -- Detected GCC Version: 13.3.0 (Major: 13, Minor: 3)
[0.295s] -- Found controller_manager: 4.39.2 (/opt/ros/jazzy/share/controller_manager/cmake)
[0.495s] -- Found Python3: /usr/bin/python3 (found version "3.12.3") found components: Interpreter 
[0.793s] -- Found rosidl_generator_c: 4.6.6 (/opt/ros/jazzy/share/rosidl_generator_c/cmake)
[0.827s] -- Found rosidl_generator_cpp: 4.6.6 (/opt/ros/jazzy/share/rosidl_generator_cpp/cmake)
[0.868s] -- Using all available rosidl_typesupport_c: rosidl_typesupport_fastrtps_c;rosidl_typesupport_introspection_c
[0.909s] -- Using all available rosidl_typesupport_cpp: rosidl_typesupport_fastrtps_cpp;rosidl_typesupport_introspection_cpp
[1.071s] -- Found rmw_implementation_cmake: 7.3.2 (/opt/ros/jazzy/share/rmw_implementation_cmake/cmake)
[1.080s] -- Found rmw_fastrtps_cpp: 8.4.3 (/opt/ros/jazzy/share/rmw_fastrtps_cpp/cmake)
[1.221s] -- Found OpenSSL: /usr/lib/x86_64-linux-gnu/libcrypto.so (found version "3.0.13")  
[1.246s] -- Found FastRTPS: /opt/ros/jazzy/include (Required is at least version "2.13") 
[1.275s] -- Using RMW implementation 'rmw_fastrtps_cpp' as default
[2.322s] -- Found ament_cmake_pytest: 2.5.4 (/opt/ros/jazzy/share/ament_cmake_pytest/cmake)
[2.829s] -- Found ament_cmake_ros: 0.12.0 (/opt/ros/jazzy/share/ament_cmake_ros/cmake)
[2.852s] -- Found launch_testing_ament_cmake: 3.4.7 (/opt/ros/jazzy/share/launch_testing_ament_cmake/cmake)
[2.858s] -- Found python_cmake_module: 0.11.1 (/opt/ros/jazzy/share/python_cmake_module/cmake)
[3.026s] -- Found PythonExtra: /usr/bin/python3  
[3.158s] -- Configuring done (3.1s)
[3.197s] -- Generating done (0.0s)
[3.204s] -- Build files have been written to: /root/ws/tutorial/ros2_ws6/build/ros2_control_demo_example_5
[3.227s] Invoked command in '/root/ws/tutorial/ros2_ws6/build/ros2_control_demo_example_5' returned '0': AMENT_PREFIX_PATH=/root/ws/tutorial/ros2_ws6/install:${AMENT_PREFIX_PATH} CMAKE_PREFIX_PATH=/root/ws/tutorial/ros2_ws6/install:/opt/ros/jazzy/opt/gz_sim_vendor:/opt/ros/jazzy/opt/gz_sensors_vendor:/opt/ros/jazzy/opt/gz_physics_vendor:/opt/ros/jazzy/opt/gz_gui_vendor:/opt/ros/jazzy/opt/gz_transport_vendor:/opt/ros/jazzy/opt/gz_rendering_vendor:/opt/ros/jazzy/opt/gz_plugin_vendor:/opt/ros/jazzy/opt/gz_fuel_tools_vendor:/opt/ros/jazzy/opt/gz_msgs_vendor:/opt/ros/jazzy/opt/gz_common_vendor:/opt/ros/jazzy/opt/gz_ogre_next_vendor:/opt/ros/jazzy/opt/gz_dartsim_vendor:/opt/ros/jazzy/opt/sdformat_vendor:/opt/ros/jazzy/opt/gz_math_vendor:/opt/ros/jazzy/opt/gz_utils_vendor:/opt/ros/jazzy/opt/gz_tools_vendor:/opt/ros/jazzy/opt/gz_cmake_vendor:/opt/ros/jazzy /usr/bin/cmake /root/ws/tutorial/ros2_ws6/src/ros2_control_demos/example_5 -DCMAKE_INSTALL_PREFIX=/root/ws/tutorial/ros2_ws6/install
[3.228s] Invoking command in '/root/ws/tutorial/ros2_ws6/build/ros2_control_demo_example_5': AMENT_PREFIX_PATH=/root/ws/tutorial/ros2_ws6/install:${AMENT_PREFIX_PATH} CMAKE_PREFIX_PATH=/root/ws/tutorial/ros2_ws6/install:/opt/ros/jazzy/opt/gz_sim_vendor:/opt/ros/jazzy/opt/gz_sensors_vendor:/opt/ros/jazzy/opt/gz_physics_vendor:/opt/ros/jazzy/opt/gz_gui_vendor:/opt/ros/jazzy/opt/gz_transport_vendor:/opt/ros/jazzy/opt/gz_rendering_vendor:/opt/ros/jazzy/opt/gz_plugin_vendor:/opt/ros/jazzy/opt/gz_fuel_tools_vendor:/opt/ros/jazzy/opt/gz_msgs_vendor:/opt/ros/jazzy/opt/gz_common_vendor:/opt/ros/jazzy/opt/gz_ogre_next_vendor:/opt/ros/jazzy/opt/gz_dartsim_vendor:/opt/ros/jazzy/opt/sdformat_vendor:/opt/ros/jazzy/opt/gz_math_vendor:/opt/ros/jazzy/opt/gz_utils_vendor:/opt/ros/jazzy/opt/gz_tools_vendor:/opt/ros/jazzy/opt/gz_cmake_vendor:/opt/ros/jazzy /usr/bin/cmake --build /root/ws/tutorial/ros2_ws6/build/ros2_control_demo_example_5 -- -j6 -l6
[3.303s] [ 33%] [32mBuilding CXX object CMakeFiles/ros2_control_demo_example_5.dir/hardware/rrbot.cpp.o[0m
[3.305s] [ 66%] [32mBuilding CXX object CMakeFiles/ros2_control_demo_example_5.dir/hardware/external_rrbot_force_torque_sensor.cpp.o[0m
[11.803s] [100%] [32m[1mLinking CXX shared library libros2_control_demo_example_5.so[0m
[12.237s] [100%] Built target ros2_control_demo_example_5
[12.267s] Invoked command in '/root/ws/tutorial/ros2_ws6/build/ros2_control_demo_example_5' returned '0': AMENT_PREFIX_PATH=/root/ws/tutorial/ros2_ws6/install:${AMENT_PREFIX_PATH} CMAKE_PREFIX_PATH=/root/ws/tutorial/ros2_ws6/install:/opt/ros/jazzy/opt/gz_sim_vendor:/opt/ros/jazzy/opt/gz_sensors_vendor:/opt/ros/jazzy/opt/gz_physics_vendor:/opt/ros/jazzy/opt/gz_gui_vendor:/opt/ros/jazzy/opt/gz_transport_vendor:/opt/ros/jazzy/opt/gz_rendering_vendor:/opt/ros/jazzy/opt/gz_plugin_vendor:/opt/ros/jazzy/opt/gz_fuel_tools_vendor:/opt/ros/jazzy/opt/gz_msgs_vendor:/opt/ros/jazzy/opt/gz_common_vendor:/opt/ros/jazzy/opt/gz_ogre_next_vendor:/opt/ros/jazzy/opt/gz_dartsim_vendor:/opt/ros/jazzy/opt/sdformat_vendor:/opt/ros/jazzy/opt/gz_math_vendor:/opt/ros/jazzy/opt/gz_utils_vendor:/opt/ros/jazzy/opt/gz_tools_vendor:/opt/ros/jazzy/opt/gz_cmake_vendor:/opt/ros/jazzy /usr/bin/cmake --build /root/ws/tutorial/ros2_ws6/build/ros2_control_demo_example_5 -- -j6 -l6
[12.268s] Invoking command in '/root/ws/tutorial/ros2_ws6/build/ros2_control_demo_example_5': AMENT_PREFIX_PATH=/root/ws/tutorial/ros2_ws6/install:${AMENT_PREFIX_PATH} CMAKE_PREFIX_PATH=/root/ws/tutorial/ros2_ws6/install:/opt/ros/jazzy/opt/gz_sim_vendor:/opt/ros/jazzy/opt/gz_sensors_vendor:/opt/ros/jazzy/opt/gz_physics_vendor:/opt/ros/jazzy/opt/gz_gui_vendor:/opt/ros/jazzy/opt/gz_transport_vendor:/opt/ros/jazzy/opt/gz_rendering_vendor:/opt/ros/jazzy/opt/gz_plugin_vendor:/opt/ros/jazzy/opt/gz_fuel_tools_vendor:/opt/ros/jazzy/opt/gz_msgs_vendor:/opt/ros/jazzy/opt/gz_common_vendor:/opt/ros/jazzy/opt/gz_ogre_next_vendor:/opt/ros/jazzy/opt/gz_dartsim_vendor:/opt/ros/jazzy/opt/sdformat_vendor:/opt/ros/jazzy/opt/gz_math_vendor:/opt/ros/jazzy/opt/gz_utils_vendor:/opt/ros/jazzy/opt/gz_tools_vendor:/opt/ros/jazzy/opt/gz_cmake_vendor:/opt/ros/jazzy /usr/bin/cmake --install /root/ws/tutorial/ros2_ws6/build/ros2_control_demo_example_5
[12.276s] -- Install configuration: ""
[12.276s] -- Installing: /root/ws/tutorial/ros2_ws6/install/share/ros2_control_demo_example_5/ros2_control_demo_example_5.xml
[12.276s] -- Installing: /root/ws/tutorial/ros2_ws6/install/include/ros2_control_demo_example_5
[12.277s] -- Installing: /root/ws/tutorial/ros2_ws6/install/include/ros2_control_demo_example_5/ros2_control_demo_example_5
[12.277s] -- Installing: /root/ws/tutorial/ros2_ws6/install/include/ros2_control_demo_example_5/ros2_control_demo_example_5/external_rrbot_force_torque_sensor.hpp
[12.277s] -- Installing: /root/ws/tutorial/ros2_ws6/install/include/ros2_control_demo_example_5/ros2_control_demo_example_5/rrbot.hpp
[12.279s] -- Installing: /root/ws/tutorial/ros2_ws6/install/share/ros2_control_demo_example_5/launch
[12.279s] -- Installing: /root/ws/tutorial/ros2_ws6/install/share/ros2_control_demo_example_5/launch/view_robot.launch.py
[12.282s] -- Installing: /root/ws/tutorial/ros2_ws6/install/share/ros2_control_demo_example_5/ros2_control
[12.282s] -- Installing: /root/ws/tutorial/ros2_ws6/install/share/ros2_control_demo_example_5/ros2_control/external_rrbot_force_torque_sensor.ros2_control.xacro
[12.282s] -- Installing: /root/ws/tutorial/ros2_ws6/install/share/ros2_control_demo_example_5/ros2_control/rrbot_system_position_only.ros2_control.xacro
[12.282s] -- Installing: /root/ws/tutorial/ros2_ws6/install/share/ros2_control_demo_example_5/urdf
[12.282s] -- Installing: /root/ws/tutorial/ros2_ws6/install/share/ros2_control_demo_example_5/urdf/rrbot_system_with_external_sensor.urdf.xacro
[12.282s] -- Installing: /root/ws/tutorial/ros2_ws6/install/share/ros2_control_demo_example_5/rviz
[12.282s] -- Installing: /root/ws/tutorial/ros2_ws6/install/share/ros2_control_demo_example_5/rviz/rrbot.rviz
[12.282s] -- Up-to-date: /root/ws/tutorial/ros2_ws6/install/share/ros2_control_demo_example_5/launch
[12.283s] -- Installing: /root/ws/tutorial/ros2_ws6/install/share/ros2_control_demo_example_5/launch/test_forward_position_controller.launch.py
[12.283s] -- Installing: /root/ws/tutorial/ros2_ws6/install/share/ros2_control_demo_example_5/launch/rrbot_system_with_external_sensor.launch.py
[12.283s] -- Installing: /root/ws/tutorial/ros2_ws6/install/share/ros2_control_demo_example_5/config
[12.283s] -- Installing: /root/ws/tutorial/ros2_ws6/install/share/ros2_control_demo_example_5/config/wrench_transformer_params.yaml
[12.283s] -- Installing: /root/ws/tutorial/ros2_ws6/install/share/ros2_control_demo_example_5/config/rrbot_with_external_sensor_controllers.yaml
[12.283s] -- Installing: /root/ws/tutorial/ros2_ws6/install/share/ros2_control_demo_example_5/config/rrbot_forward_position_publisher.yaml
[12.283s] -- Installing: /root/ws/tutorial/ros2_ws6/install/lib/libros2_control_demo_example_5.so
[12.288s] -- Set non-toolchain portion of runtime path of "/root/ws/tutorial/ros2_ws6/install/lib/libros2_control_demo_example_5.so" to ""
[12.288s] -- Installing: /root/ws/tutorial/ros2_ws6/install/share/ros2_control_demo_example_5/environment/library_path.sh
[12.288s] -- Installing: /root/ws/tutorial/ros2_ws6/install/share/ros2_control_demo_example_5/environment/library_path.dsv
[12.288s] -- Installing: /root/ws/tutorial/ros2_ws6/install/share/ament_index/resource_index/package_run_dependencies/ros2_control_demo_example_5
[12.288s] -- Installing: /root/ws/tutorial/ros2_ws6/install/share/ament_index/resource_index/parent_prefix_path/ros2_control_demo_example_5
[12.288s] -- Installing: /root/ws/tutorial/ros2_ws6/install/share/ros2_control_demo_example_5/environment/ament_prefix_path.sh
[12.289s] -- Installing: /root/ws/tutorial/ros2_ws6/install/share/ros2_control_demo_example_5/environment/ament_prefix_path.dsv
[12.289s] -- Installing: /root/ws/tutorial/ros2_ws6/install/share/ros2_control_demo_example_5/environment/path.sh
[12.289s] -- Installing: /root/ws/tutorial/ros2_ws6/install/share/ros2_control_demo_example_5/environment/path.dsv
[12.289s] -- Installing: /root/ws/tutorial/ros2_ws6/install/share/ros2_control_demo_example_5/local_setup.bash
[12.289s] -- Installing: /root/ws/tutorial/ros2_ws6/install/share/ros2_control_demo_example_5/local_setup.sh
[12.289s] -- Installing: /root/ws/tutorial/ros2_ws6/install/share/ros2_control_demo_example_5/local_setup.zsh
[12.289s] -- Installing: /root/ws/tutorial/ros2_ws6/install/share/ros2_control_demo_example_5/local_setup.dsv
[12.289s] -- Installing: /root/ws/tutorial/ros2_ws6/install/share/ros2_control_demo_example_5/package.dsv
[12.289s] -- Installing: /root/ws/tutorial/ros2_ws6/install/share/ament_index/resource_index/packages/ros2_control_demo_example_5
[12.290s] -- Installing: /root/ws/tutorial/ros2_ws6/install/share/ament_index/resource_index/hardware_interface__pluginlib__plugin/ros2_control_demo_example_5
[12.290s] -- Installing: /root/ws/tutorial/ros2_ws6/install/share/ros2_control_demo_example_5/cmake/export_ros2_control_demo_example_5Export.cmake
[12.290s] -- Installing: /root/ws/tutorial/ros2_ws6/install/share/ros2_control_demo_example_5/cmake/export_ros2_control_demo_example_5Export-noconfig.cmake
[12.290s] -- Installing: /root/ws/tutorial/ros2_ws6/install/share/ros2_control_demo_example_5/cmake/ament_cmake_export_targets-extras.cmake
[12.290s] -- Installing: /root/ws/tutorial/ros2_ws6/install/share/ros2_control_demo_example_5/cmake/ament_cmake_export_dependencies-extras.cmake
[12.290s] -- Installing: /root/ws/tutorial/ros2_ws6/install/share/ros2_control_demo_example_5/cmake/ros2_control_demo_example_5Config.cmake
[12.290s] -- Installing: /root/ws/tutorial/ros2_ws6/install/share/ros2_control_demo_example_5/cmake/ros2_control_demo_example_5Config-version.cmake
[12.290s] -- Installing: /root/ws/tutorial/ros2_ws6/install/share/ros2_control_demo_example_5/package.xml
[12.304s] Invoked command in '/root/ws/tutorial/ros2_ws6/build/ros2_control_demo_example_5' returned '0': AMENT_PREFIX_PATH=/root/ws/tutorial/ros2_ws6/install:${AMENT_PREFIX_PATH} CMAKE_PREFIX_PATH=/root/ws/tutorial/ros2_ws6/install:/opt/ros/jazzy/opt/gz_sim_vendor:/opt/ros/jazzy/opt/gz_sensors_vendor:/opt/ros/jazzy/opt/gz_physics_vendor:/opt/ros/jazzy/opt/gz_gui_vendor:/opt/ros/jazzy/opt/gz_transport_vendor:/opt/ros/jazzy/opt/gz_rendering_vendor:/opt/ros/jazzy/opt/gz_plugin_vendor:/opt/ros/jazzy/opt/gz_fuel_tools_vendor:/opt/ros/jazzy/opt/gz_msgs_vendor:/opt/ros/jazzy/opt/gz_common_vendor:/opt/ros/jazzy/opt/gz_ogre_next_vendor:/opt/ros/jazzy/opt/gz_dartsim_vendor:/opt/ros/jazzy/opt/sdformat_vendor:/opt/ros/jazzy/opt/gz_math_vendor:/opt/ros/jazzy/opt/gz_utils_vendor:/opt/ros/jazzy/opt/gz_tools_vendor:/opt/ros/jazzy/opt/gz_cmake_vendor:/opt/ros/jazzy /usr/bin/cmake --install /root/ws/tutorial/ros2_ws6/build/ros2_control_demo_example_5
