[ 50%] Built target master
[ 75%] [32mBuilding CXX object CMakeFiles/slave.dir/src/slave.cpp.o[0m
[100%] [32m[1mLinking CXX executable slave[0m
[100%] Built target slave
-- Install configuration: ""
-- Up-to-date: /root/ws/install/motorctl_cpp/lib/motorctl_cpp/master
-- Installing: /root/ws/install/motorctl_cpp/lib/motorctl_cpp/slave
-- Set non-toolchain portion of runtime path of "/root/ws/install/motorctl_cpp/lib/motorctl_cpp/slave" to ""
-- Up-to-date: /root/ws/install/motorctl_cpp/share/ament_index/resource_index/package_run_dependencies/motorctl_cpp
-- Up-to-date: /root/ws/install/motorctl_cpp/share/ament_index/resource_index/parent_prefix_path/motorctl_cpp
-- Up-to-date: /root/ws/install/motorctl_cpp/share/motorctl_cpp/environment/ament_prefix_path.sh
-- Up-to-date: /root/ws/install/motorctl_cpp/share/motorctl_cpp/environment/ament_prefix_path.dsv
-- Up-to-date: /root/ws/install/motorctl_cpp/share/motorctl_cpp/environment/path.sh
-- Up-to-date: /root/ws/install/motorctl_cpp/share/motorctl_cpp/environment/path.dsv
-- Up-to-date: /root/ws/install/motorctl_cpp/share/motorctl_cpp/local_setup.bash
-- Up-to-date: /root/ws/install/motorctl_cpp/share/motorctl_cpp/local_setup.sh
-- Up-to-date: /root/ws/install/motorctl_cpp/share/motorctl_cpp/local_setup.zsh
-- Up-to-date: /root/ws/install/motorctl_cpp/share/motorctl_cpp/local_setup.dsv
-- Installing: /root/ws/install/motorctl_cpp/share/motorctl_cpp/package.dsv
-- Up-to-date: /root/ws/install/motorctl_cpp/share/ament_index/resource_index/packages/motorctl_cpp
-- Up-to-date: /root/ws/install/motorctl_cpp/share/motorctl_cpp/cmake/motorctl_cppConfig.cmake
-- Up-to-date: /root/ws/install/motorctl_cpp/share/motorctl_cpp/cmake/motorctl_cppConfig-version.cmake
-- Up-to-date: /root/ws/install/motorctl_cpp/share/motorctl_cpp/package.xml
